#
# A fatal error has been detected by the Java Runtime Environment:
#
#  EXCEPTION_STACK_OVERFLOW (0xc00000fd) at pc=0x000000005dd518b7, pid=12136, tid=12180
#
# JRE version: Java(TM) SE Runtime Environment (8.0_65-b17) (build 1.8.0_65-b17)
# Java VM: Java HotSpot(TM) 64-Bit Server VM (25.65-b01 mixed mode windows-amd64 compressed oops)
# Problematic frame:
# V  [jvm.dll+0x2118b7]
#
# Failed to write core dump. Minidumps are not enabled by default on client versions of Windows
#
# If you would like to submit a bug report, please visit:
#   http://bugreport.java.com/bugreport/crash.jsp
#

---------------  T H R E A D  ---------------

Current thread (0x000000005730e000):  JavaThread "AWT-EventQueue-0" [_thread_in_vm, id=12180, stack(0x0000000057d00000,0x0000000057e00000)]

siginfo: ExceptionCode=0xc00000fd, ExceptionInformation=0x0000000000000001 0x0000000057dfc780 

Registers:
RAX=0x0000000057dfc780, RBX=0x0000000000000004, RCX=0x0000000000003000, RDX=0x0000000000000006
RSP=0x0000000057dff780, RBP=0x0000000000000000, RSI=0x0000000057dff780, RDI=0x0000000000000004
R8 =0x0000000000000006, R9 =0x0000000056c3fe70, R10=0x0000000058bcd2a0, R11=0x0000000057d0a168
R12=0x0000000056c3fe70, R13=0x000000005730e000, R14=0x0000000057dff848, R15=0x0000000058bcd2a0
RIP=0x000000005dd518b7, EFLAGS=0x0000000000010202

Top of Stack: (sp=0x0000000057dff780)
0x0000000057dff780:   0000000056996a60 000000005e424e7e
0x0000000057dff790:   000000005730e000 0000000056c3fe70
0x0000000057dff7a0:   00000000ffffffff 000000005dd527e7
0x0000000057dff7b0:   0000000057dff8b0 0000000058bcd2a0
0x0000000057dff7c0:   000000005730e000 000000005dbff333
0x0000000057dff7d0:   0000000057dff810 000000005730e000
0x0000000057dff7e0:   0000000057dff8a0 000000005730e000
0x0000000057dff7f0:   0000000058bcd2a0 000000005730e000
0x0000000057dff800:   0000000002916e60 000000005730e000
0x0000000057dff810:   0000000058bcd2a0 000000005730e000
0x0000000057dff820:   000000005469b958 000000005730e000
0x0000000057dff830:   0000000000000001 0000000058bcd2a0
0x0000000057dff840:   000000005730e000 00000000573fc220
0x0000000057dff850:   000000005730e000 000000005dc0081d
0x0000000057dff860:   0000000057dffb68 00000000146769a0
0x0000000057dff870:   00000000147d09b0 00000000778dc74a 

Instructions: (pc=0x000000005dd518b7)
0x000000005dd51897:   48 89 6c 24 30 33 ed 66 90 e8 ab 36 08 00 ff c3
0x000000005dd518a7:   48 63 c8 48 8b c6 48 0f af cf 48 ff c7 48 2b c1
0x000000005dd518b7:   89 28 48 63 c3 48 3b 05 cd 9d 58 00 7e db 48 8b
0x000000005dd518c7:   6c 24 30 48 8b 5c 24 38 48 8b 74 24 40 48 83 c4 


Register to memory mapping:

RAX=0x0000000057dfc780 is pointing into the stack for thread: 0x000000005730e000
RBX=0x0000000000000004 is an unknown value
RCX=0x0000000000003000 is an unknown value
RDX=0x0000000000000006 is an unknown value
RSP=0x0000000057dff780 is pointing into the stack for thread: 0x000000005730e000
RBP=0x0000000000000000 is an unknown value
RSI=0x0000000057dff780 is pointing into the stack for thread: 0x000000005730e000
RDI=0x0000000000000004 is an unknown value
R8 =0x0000000000000006 is an unknown value
R9 =0x0000000056c3fe70 is an unknown value
R10={method} {0x0000000058bcd2a8} 'run' '()V' in 'java/awt/EventDispatchThread'
R11=0x0000000057d0a168 is pointing into the stack for thread: 0x000000005730e000
R12=0x0000000056c3fe70 is an unknown value
R13=0x000000005730e000 is a thread
R14=0x0000000057dff848 is pointing into the stack for thread: 0x000000005730e000
R15={method} {0x0000000058bcd2a8} 'run' '()V' in 'java/awt/EventDispatchThread'


Stack: [0x0000000057d00000,0x0000000057e00000],  sp=0x0000000057dff780,  free space=1021k
Native frames: (J=compiled Java code, j=interpreted, Vv=VM code, C=native code)


---------------  P R O C E S S  ---------------

Java Threads: ( => current thread )
=>0x000000005730e000 JavaThread "AWT-EventQueue-0" [_thread_in_vm, id=12180, stack(0x0000000057d00000,0x0000000057e00000)]
  0x0000000057310800 JavaThread "AWT-Shutdown" [_thread_blocked, id=14428, stack(0x00000000582c0000,0x00000000583c0000)]
  0x0000000057423000 JavaThread "TimerQueue" daemon [_thread_blocked, id=11032, stack(0x000000005a290000,0x000000005a390000)]
  0x00000000022ee000 JavaThread "DestroyJavaVM" [_thread_blocked, id=11876, stack(0x0000000002500000,0x0000000002600000)]
  0x000000005739d000 JavaThread "Thread-1" [_thread_blocked, id=11208, stack(0x00000000588e0000,0x00000000589e0000)]
  0x00000000572a4800 JavaThread "AWT-Windows" daemon [_thread_in_native, id=11724, stack(0x0000000056d30000,0x0000000056e30000)]
  0x0000000056c99800 JavaThread "Java2D Disposer" daemon [_thread_blocked, id=11220, stack(0x0000000057b30000,0x0000000057c30000)]
  0x000000005698c000 JavaThread "Service Thread" daemon [_thread_blocked, id=2820, stack(0x0000000056fb0000,0x00000000570b0000)]
  0x0000000056900800 JavaThread "C1 CompilerThread2" daemon [_thread_blocked, id=2452, stack(0x0000000056e90000,0x0000000056f90000)]
  0x000000005506e800 JavaThread "C2 CompilerThread1" daemon [_thread_in_vm, id=9956, stack(0x00000000564e0000,0x00000000565e0000)]
  0x0000000055065800 JavaThread "C2 CompilerThread0" daemon [_thread_in_vm, id=11292, stack(0x0000000056800000,0x0000000056900000)]
  0x0000000055063000 JavaThread "Attach Listener" daemon [_thread_blocked, id=6056, stack(0x0000000056610000,0x0000000056710000)]
  0x000000005505f800 JavaThread "Signal Dispatcher" daemon [_thread_blocked, id=10964, stack(0x0000000056250000,0x0000000056350000)]
  0x0000000055006800 JavaThread "Finalizer" daemon [_thread_blocked, id=6388, stack(0x0000000056390000,0x0000000056490000)]
  0x0000000054fff800 JavaThread "Reference Handler" daemon [_thread_blocked, id=7080, stack(0x0000000056110000,0x0000000056210000)]

Other Threads:
  0x0000000054ffa000 VMThread [stack: 0x0000000055f60000,0x0000000056060000] [id=8216]
  0x0000000056995800 WatcherThread [stack: 0x00000000571a0000,0x00000000572a0000] [id=11404]

VM state:not at safepoint (normal execution)

VM Mutex/Monitor currently owned by a thread: None

Heap:
 PSYoungGen      total 16384K, used 11920K [0x00000000eb980000, 0x00000000eca80000, 0x0000000100000000)
  eden space 15872K, 74% used [0x00000000eb980000,0x00000000ec504068,0x00000000ec900000)
  from space 512K, 25% used [0x00000000ec980000,0x00000000ec9a0000,0x00000000eca00000)
  to   space 512K, 0% used [0x00000000eca00000,0x00000000eca00000,0x00000000eca80000)
 ParOldGen       total 42496K, used 4559K [0x00000000c2c00000, 0x00000000c5580000, 0x00000000eb980000)
  object space 42496K, 10% used [0x00000000c2c00000,0x00000000c3073d78,0x00000000c5580000)
 Metaspace       used 12640K, capacity 12880K, committed 13184K, reserved 1060864K
  class space    used 1552K, capacity 1623K, committed 1664K, reserved 1048576K

Card table byte_map: [0x0000000011c90000,0x0000000011e80000] byte_map_base: 0x000000001167a000

Marking Bits: (ParMarkBitMap*) 0x000000005e34a5b0
 Begin Bits: [0x00000000125e0000, 0x0000000013530000)
 End Bits:   [0x0000000013530000, 0x0000000014480000)

Polling page: 0x00000000001b0000

CodeCache: size=245760Kb used=7050Kb max_used=7062Kb free=238710Kb
 bounds [0x00000000028d0000, 0x0000000003000000, 0x00000000118d0000]
 total_blobs=2300 nmethods=1804 adapters=408
 compilation: enabled

Compilation events (10 events):
Event: 2769.629 Thread 0x0000000055065800 2068       4       javax.swing.text.html.ParagraphView::setPropertiesFromAttributes (211 bytes)
Event: 2769.629 Thread 0x000000005506e800 2069       4       javax.swing.text.ParagraphView::setPropertiesFromAttributes (107 bytes)
Event: 2769.827 Thread 0x000000005506e800 nmethod 2069 0x0000000002c1a590 code [0x0000000002c1a7c0, 0x0000000002c1b250]
Event: 2769.827 Thread 0x000000005506e800 2070       4       javax.swing.text.CompositeView::setParagraphInsets (41 bytes)
Event: 2769.832 Thread 0x000000005506e800 nmethod 2070 0x0000000002a3aa50 code [0x0000000002a3abe0, 0x0000000002a3ae10]
Event: 2770.677 Thread 0x000000005506e800 2071       4       javax.swing.text.html.ParagraphView::setParent (14 bytes)
Event: 2771.511 Thread 0x0000000055065800 nmethod 2068 0x0000000002a66990 code [0x0000000002a66bc0, 0x0000000002a67430]
Event: 2772.663 Thread 0x000000005506e800 nmethod 2071 0x0000000002c09e10 code [0x0000000002c0a0e0, 0x0000000002c0b5a0]
Event: 2801.194 Thread 0x0000000055065800 2072       4       javax.swing.text.AbstractDocument$AbstractElement::checkForIllegalCast (30 bytes)
Event: 2801.196 Thread 0x0000000055065800 nmethod 2072 0x0000000002ba3e10 code [0x0000000002ba3f60, 0x0000000002ba41b8]

GC Heap History (10 events):
Event: 2561.463 GC heap before
{Heap before GC invocations=47 (full 0):
 PSYoungGen      total 16896K, used 15936K [0x00000000eb980000, 0x00000000ecb00000, 0x0000000100000000)
  eden space 15872K, 100% used [0x00000000eb980000,0x00000000ec900000,0x00000000ec900000)
  from space 1024K, 6% used [0x00000000eca00000,0x00000000eca10000,0x00000000ecb00000)
  to   space 1024K, 0% used [0x00000000ec900000,0x00000000ec900000,0x00000000eca00000)
 ParOldGen       total 42496K, used 4543K [0x00000000c2c00000, 0x00000000c5580000, 0x00000000eb980000)
  object space 42496K, 10% used [0x00000000c2c00000,0x00000000c306fd78,0x00000000c5580000)
 Metaspace       used 12639K, capacity 12880K, committed 13184K, reserved 1060864K
  class space    used 1551K, capacity 1623K, committed 1664K, reserved 1048576K
Event: 2561.505 GC heap after
Heap after GC invocations=47 (full 0):
 PSYoungGen      total 16896K, used 128K [0x00000000eb980000, 0x00000000ecb00000, 0x0000000100000000)
  eden space 15872K, 0% used [0x00000000eb980000,0x00000000eb980000,0x00000000ec900000)
  from space 1024K, 12% used [0x00000000ec900000,0x00000000ec920000,0x00000000eca00000)
  to   space 1024K, 0% used [0x00000000eca00000,0x00000000eca00000,0x00000000ecb00000)
 ParOldGen       total 42496K, used 4543K [0x00000000c2c00000, 0x00000000c5580000, 0x00000000eb980000)
  object space 42496K, 10% used [0x00000000c2c00000,0x00000000c306fd78,0x00000000c5580000)
 Metaspace       used 12639K, capacity 12880K, committed 13184K, reserved 1060864K
  class space    used 1551K, capacity 1623K, committed 1664K, reserved 1048576K
}
Event: 2612.142 GC heap before
{Heap before GC invocations=48 (full 0):
 PSYoungGen      total 16896K, used 16000K [0x00000000eb980000, 0x00000000ecb00000, 0x0000000100000000)
  eden space 15872K, 100% used [0x00000000eb980000,0x00000000ec900000,0x00000000ec900000)
  from space 1024K, 12% used [0x00000000ec900000,0x00000000ec920000,0x00000000eca00000)
  to   space 1024K, 0% used [0x00000000eca00000,0x00000000eca00000,0x00000000ecb00000)
 ParOldGen       total 42496K, used 4543K [0x00000000c2c00000, 0x00000000c5580000, 0x00000000eb980000)
  object space 42496K, 10% used [0x00000000c2c00000,0x00000000c306fd78,0x00000000c5580000)
 Metaspace       used 12639K, capacity 12880K, committed 13184K, reserved 1060864K
  class space    used 1551K, capacity 1623K, committed 1664K, reserved 1048576K
Event: 2612.160 GC heap after
Heap after GC invocations=48 (full 0):
 PSYoungGen      total 16384K, used 128K [0x00000000eb980000, 0x00000000eca80000, 0x0000000100000000)
  eden space 15872K, 0% used [0x00000000eb980000,0x00000000eb980000,0x00000000ec900000)
  from space 512K, 25% used [0x00000000eca00000,0x00000000eca20000,0x00000000eca80000)
  to   space 512K, 0% used [0x00000000ec980000,0x00000000ec980000,0x00000000eca00000)
 ParOldGen       total 42496K, used 4543K [0x00000000c2c00000, 0x00000000c5580000, 0x00000000eb980000)
  object space 42496K, 10% used [0x00000000c2c00000,0x00000000c306fd78,0x00000000c5580000)
 Metaspace       used 12639K, capacity 12880K, committed 13184K, reserved 1060864K
  class space    used 1551K, capacity 1623K, committed 1664K, reserved 1048576K
}
Event: 2669.111 GC heap before
{Heap before GC invocations=49 (full 0):
 PSYoungGen      total 16384K, used 16000K [0x00000000eb980000, 0x00000000eca80000, 0x0000000100000000)
  eden space 15872K, 100% used [0x00000000eb980000,0x00000000ec900000,0x00000000ec900000)
  from space 512K, 25% used [0x00000000eca00000,0x00000000eca20000,0x00000000eca80000)
  to   space 512K, 0% used [0x00000000ec980000,0x00000000ec980000,0x00000000eca00000)
 ParOldGen       total 42496K, used 4543K [0x00000000c2c00000, 0x00000000c5580000, 0x00000000eb980000)
  object space 42496K, 10% used [0x00000000c2c00000,0x00000000c306fd78,0x00000000c5580000)
 Metaspace       used 12639K, capacity 12880K, committed 13184K, reserved 1060864K
  class space    used 1551K, capacity 1623K, committed 1664K, reserved 1048576K
Event: 2669.312 GC heap after
Heap after GC invocations=49 (full 0):
 PSYoungGen      total 16384K, used 160K [0x00000000eb980000, 0x00000000eca80000, 0x0000000100000000)
  eden space 15872K, 0% used [0x00000000eb980000,0x00000000eb980000,0x00000000ec900000)
  from space 512K, 31% used [0x00000000ec980000,0x00000000ec9a8000,0x00000000eca00000)
  to   space 512K, 0% used [0x00000000eca00000,0x00000000eca00000,0x00000000eca80000)
 ParOldGen       total 42496K, used 4543K [0x00000000c2c00000, 0x00000000c5580000, 0x00000000eb980000)
  object space 42496K, 10% used [0x00000000c2c00000,0x00000000c306fd78,0x00000000c5580000)
 Metaspace       used 12639K, capacity 12880K, committed 13184K, reserved 1060864K
  class space    used 1551K, capacity 1623K, committed 1664K, reserved 1048576K
}
Event: 2727.421 GC heap before
{Heap before GC invocations=50 (full 0):
 PSYoungGen      total 16384K, used 16032K [0x00000000eb980000, 0x00000000eca80000, 0x0000000100000000)
  eden space 15872K, 100% used [0x00000000eb980000,0x00000000ec900000,0x00000000ec900000)
  from space 512K, 31% used [0x00000000ec980000,0x00000000ec9a8000,0x00000000eca00000)
  to   space 512K, 0% used [0x00000000eca00000,0x00000000eca00000,0x00000000eca80000)
 ParOldGen       total 42496K, used 4543K [0x00000000c2c00000, 0x00000000c5580000, 0x00000000eb980000)
  object space 42496K, 10% used [0x00000000c2c00000,0x00000000c306fd78,0x00000000c5580000)
 Metaspace       used 12639K, capacity 12880K, committed 13184K, reserved 1060864K
  class space    used 1551K, capacity 1623K, committed 1664K, reserved 1048576K
Event: 2727.447 GC heap after
Heap after GC invocations=50 (full 0):
 PSYoungGen      total 16384K, used 96K [0x00000000eb980000, 0x00000000eca80000, 0x0000000100000000)
  eden space 15872K, 0% used [0x00000000eb980000,0x00000000eb980000,0x00000000ec900000)
  from space 512K, 18% used [0x00000000eca00000,0x00000000eca18000,0x00000000eca80000)
  to   space 512K, 0% used [0x00000000ec980000,0x00000000ec980000,0x00000000eca00000)
 ParOldGen       total 42496K, used 4551K [0x00000000c2c00000, 0x00000000c5580000, 0x00000000eb980000)
  object space 42496K, 10% used [0x00000000c2c00000,0x00000000c3071d78,0x00000000c5580000)
 Metaspace       used 12639K, capacity 12880K, committed 13184K, reserved 1060864K
  class space    used 1551K, capacity 1623K, committed 1664K, reserved 1048576K
}
Event: 2779.796 GC heap before
{Heap before GC invocations=51 (full 0):
 PSYoungGen      total 16384K, used 15968K [0x00000000eb980000, 0x00000000eca80000, 0x0000000100000000)
  eden space 15872K, 100% used [0x00000000eb980000,0x00000000ec900000,0x00000000ec900000)
  from space 512K, 18% used [0x00000000eca00000,0x00000000eca18000,0x00000000eca80000)
  to   space 512K, 0% used [0x00000000ec980000,0x00000000ec980000,0x00000000eca00000)
 ParOldGen       total 42496K, used 4551K [0x00000000c2c00000, 0x00000000c5580000, 0x00000000eb980000)
  object space 42496K, 10% used [0x00000000c2c00000,0x00000000c3071d78,0x00000000c5580000)
 Metaspace       used 12640K, capacity 12880K, committed 13184K, reserved 1060864K
  class space    used 1552K, capacity 1623K, committed 1664K, reserved 1048576K
Event: 2780.162 GC heap after
Heap after GC invocations=51 (full 0):
 PSYoungGen      total 16384K, used 128K [0x00000000eb980000, 0x00000000eca80000, 0x0000000100000000)
  eden space 15872K, 0% used [0x00000000eb980000,0x00000000eb980000,0x00000000ec900000)
  from space 512K, 25% used [0x00000000ec980000,0x00000000ec9a0000,0x00000000eca00000)
  to   space 512K, 0% used [0x00000000eca00000,0x00000000eca00000,0x00000000eca80000)
 ParOldGen       total 42496K, used 4559K [0x00000000c2c00000, 0x00000000c5580000, 0x00000000eb980000)
  object space 42496K, 10% used [0x00000000c2c00000,0x00000000c3073d78,0x00000000c5580000)
 Metaspace       used 12640K, capacity 12880K, committed 13184K, reserved 1060864K
  class space    used 1552K, capacity 1623K, committed 1664K, reserved 1048576K
}

Deoptimization events (10 events):
Event: 0.669 Thread 0x00000000572a4800 Uncommon trap: reason=bimorphic action=maybe_recompile pc=0x0000000002abfdac method=java.util.HashMap.getNode(ILjava/lang/Object;)Ljava/util/HashMap$Node; @ 126
Event: 0.679 Thread 0x000000005739d000 Uncommon trap: reason=class_check action=maybe_recompile pc=0x0000000002ad7b94 method=java.util.HashMap.putVal(ILjava/lang/Object;Ljava/lang/Object;ZZ)Ljava/lang/Object; @ 253
Event: 0.680 Thread 0x000000005739d000 Uncommon trap: reason=class_check action=maybe_recompile pc=0x0000000002a58a98 method=java.lang.String.equals(Ljava/lang/Object;)Z @ 8
Event: 0.681 Thread 0x000000005739d000 Uncommon trap: reason=class_check action=maybe_recompile pc=0x0000000002a58a98 method=java.lang.String.equals(Ljava/lang/Object;)Z @ 8
Event: 0.681 Thread 0x000000005739d000 Uncommon trap: reason=class_check action=maybe_recompile pc=0x0000000002a58a98 method=java.lang.String.equals(Ljava/lang/Object;)Z @ 8
Event: 0.683 Thread 0x000000005739d000 Uncommon trap: reason=class_check action=maybe_recompile pc=0x0000000002a58a98 method=java.lang.String.equals(Ljava/lang/Object;)Z @ 8
Event: 1.700 Thread 0x000000005739d000 Uncommon trap: reason=class_check action=maybe_recompile pc=0x0000000002ad7b94 method=java.util.HashMap.putVal(ILjava/lang/Object;Ljava/lang/Object;ZZ)Ljava/lang/Object; @ 253
Event: 914.469 Thread 0x000000005739d000 Uncommon trap: reason=null_check action=make_not_entrant pc=0x0000000002d27300 method=javax.swing.text.StyleContext$SmallAttributeSet.equals(Ljava/lang/Object;)Z @ 1
Event: 1067.916 Thread 0x000000005739d000 Uncommon trap: reason=null_check action=make_not_entrant pc=0x0000000002d77b0c method=javax.swing.text.StyleContext$SmallAttributeSet.equals(Ljava/lang/Object;)Z @ 1
Event: 2440.702 Thread 0x000000005730e000 Uncommon trap: reason=unstable_if action=reinterpret pc=0x0000000002f72370 method=java.awt.EventQueue.dispatchEventImpl(Ljava/awt/AWTEvent;Ljava/lang/Object;)V @ 98

Internal exceptions (10 events):
Event: 0.155 Thread 0x00000000022ee000 Exception <a 'java/security/PrivilegedActionException'> (0x00000000eba5f730) thrown at [C:\workspace\8-2-build-windows-amd64-cygwin\jdk8u65\4987\hotspot\src\share\vm\prims\jvm.cpp, line 1386]
Event: 0.157 Thread 0x00000000022ee000 Exception <a 'java/security/PrivilegedActionException'> (0x00000000eba632d8) thrown at [C:\workspace\8-2-build-windows-amd64-cygwin\jdk8u65\4987\hotspot\src\share\vm\prims\jvm.cpp, line 1386]
Event: 0.157 Thread 0x00000000022ee000 Exception <a 'java/security/PrivilegedActionException'> (0x00000000eba634e8) thrown at [C:\workspace\8-2-build-windows-amd64-cygwin\jdk8u65\4987\hotspot\src\share\vm\prims\jvm.cpp, line 1386]
Event: 0.162 Thread 0x00000000022ee000 Exception <a 'java/io/FileNotFoundException'> (0x00000000eba66958) thrown at [C:\workspace\8-2-build-windows-amd64-cygwin\jdk8u65\4987\hotspot\src\share\vm\prims\jni.cpp, line 709]
Event: 0.220 Thread 0x00000000022ee000 Exception <a 'java/lang/NoSuchFieldError': method resolution failed> (0x00000000ebb842e0) thrown at [C:\workspace\8-2-build-windows-amd64-cygwin\jdk8u65\4987\hotspot\src\share\vm\prims\methodHandles.cpp, line 1146]
Event: 0.222 Thread 0x00000000022ee000 Exception <a 'java/lang/NoSuchFieldError': method resolution failed> (0x00000000ebb91988) thrown at [C:\workspace\8-2-build-windows-amd64-cygwin\jdk8u65\4987\hotspot\src\share\vm\prims\methodHandles.cpp, line 1146]
Event: 0.280 Thread 0x00000000022ee000 Exception <a 'java/io/FileNotFoundException'> (0x00000000ebc270b0) thrown at [C:\workspace\8-2-build-windows-amd64-cygwin\jdk8u65\4987\hotspot\src\share\vm\prims\jni.cpp, line 709]
Event: 0.321 Thread 0x00000000022ee000 Implicit null exception at 0x0000000002a3e0cb to 0x0000000002a3e27d
Event: 914.469 Thread 0x000000005739d000 Implicit null exception at 0x0000000002d262ff to 0x0000000002d272d9
Event: 1067.916 Thread 0x000000005739d000 Implicit null exception at 0x0000000002d77526 to 0x0000000002d77b01

Events (10 events):
Event: 2805.320 Thread 0x000000005730e000 Thread added: 0x000000005730e000
Event: 2805.321 Thread 0x0000000057310800 Thread added: 0x0000000057310800
Event: 2807.815 Thread 0x000000005730e000 Thread exited: 0x000000005730e000
Event: 2807.815 Thread 0x0000000057310800 Thread exited: 0x0000000057310800
Event: 2807.816 Thread 0x0000000057310800 Thread added: 0x0000000057310800
Event: 2807.817 Thread 0x000000005730e000 Thread added: 0x000000005730e000
Event: 2808.818 Thread 0x000000005730e000 Thread exited: 0x000000005730e000
Event: 2808.819 Thread 0x0000000057310800 Thread exited: 0x0000000057310800
Event: 2809.337 Thread 0x0000000057310800 Thread added: 0x0000000057310800
Event: 2809.338 Thread 0x000000005730e000 Thread added: 0x000000005730e000


Dynamic libraries:
0x000000013fae0000 - 0x000000013fb17000 	C:\Program Files\Java\jre1.8.0_65\bin\javaw.exe
0x00000000778b0000 - 0x0000000077a59000 	C:\Windows\SYSTEM32\ntdll.dll
0x0000000077790000 - 0x00000000778af000 	C:\Windows\system32\kernel32.dll
0x000007fefd830000 - 0x000007fefd89b000 	C:\Windows\system32\KERNELBASE.dll
0x000007feffae0000 - 0x000007feffbbb000 	C:\Windows\system32\ADVAPI32.dll
0x000007feff240000 - 0x000007feff2df000 	C:\Windows\system32\msvcrt.dll
0x000007feffac0000 - 0x000007feffadf000 	C:\Windows\SYSTEM32\sechost.dll
0x000007feff450000 - 0x000007feff57d000 	C:\Windows\system32\RPCRT4.dll
0x0000000077690000 - 0x000000007778a000 	C:\Windows\system32\USER32.dll
0x000007feff580000 - 0x000007feff5e7000 	C:\Windows\system32\GDI32.dll
0x000007feff730000 - 0x000007feff73e000 	C:\Windows\system32\LPK.dll
0x000007feff9f0000 - 0x000007feffab9000 	C:\Windows\system32\USP10.dll
0x000007fefc110000 - 0x000007fefc304000 	C:\Windows\WinSxS\amd64_microsoft.windows.common-controls_6595b64144ccf1df_6.0.7601.17514_none_fa396087175ac9ac\COMCTL32.dll
0x000007fefe400000 - 0x000007fefe471000 	C:\Windows\system32\SHLWAPI.dll
0x000007fefe480000 - 0x000007fefe4ae000 	C:\Windows\system32\IMM32.DLL
0x000007feff2e0000 - 0x000007feff3e9000 	C:\Windows\system32\MSCTF.dll
0x000000005e3d0000 - 0x000000005e4a2000 	C:\Program Files\Java\jre1.8.0_65\bin\msvcr100.dll
0x000000005db40000 - 0x000000005e3c9000 	C:\Program Files\Java\jre1.8.0_65\bin\server\jvm.dll
0x000007fef9730000 - 0x000007fef9739000 	C:\Windows\system32\WSOCK32.dll
0x000007feff400000 - 0x000007feff44d000 	C:\Windows\system32\WS2_32.dll
0x000007feff3f0000 - 0x000007feff3f8000 	C:\Windows\system32\NSI.dll
0x000007fef9c80000 - 0x000007fef9cbb000 	C:\Windows\system32\WINMM.dll
0x000007fefc7a0000 - 0x000007fefc7ac000 	C:\Windows\system32\VERSION.dll
0x0000000077a80000 - 0x0000000077a87000 	C:\Windows\system32\PSAPI.DLL
0x000000006f6a0000 - 0x000000006f6af000 	C:\Program Files\Java\jre1.8.0_65\bin\verify.dll
0x000000006f670000 - 0x000000006f699000 	C:\Program Files\Java\jre1.8.0_65\bin\java.dll
0x000000006f650000 - 0x000000006f666000 	C:\Program Files\Java\jre1.8.0_65\bin\zip.dll
0x000007fefe4b0000 - 0x000007feff238000 	C:\Windows\system32\SHELL32.dll
0x000007fefdac0000 - 0x000007fefdcc3000 	C:\Windows\system32\ole32.dll
0x000007fefd690000 - 0x000007fefd69f000 	C:\Windows\system32\profapi.dll
0x000000005d790000 - 0x000000005d928000 	C:\Program Files\Java\jre1.8.0_65\bin\awt.dll
0x000007fefdf60000 - 0x000007fefe037000 	C:\Windows\system32\OLEAUT32.dll
0x000007fefbce0000 - 0x000007fefbcf8000 	C:\Windows\system32\DWMAPI.DLL
0x000007fefbf30000 - 0x000007fefbf86000 	C:\Windows\system32\uxtheme.dll
0x000007fefd5c0000 - 0x000007fefd5cf000 	C:\Windows\system32\CRYPTBASE.dll
0x0000000180000000 - 0x000000018004a000 	C:\Program Files\Acer\Acer ePower Management\SysHook.dll
0x000007fef8d50000 - 0x000007fef8dc1000 	C:\Windows\system32\WINSPOOL.DRV
0x000000006f5c0000 - 0x000000006f607000 	C:\Program Files\Java\jre1.8.0_65\bin\fontmanager.dll
0x000000006f630000 - 0x000000006f64a000 	C:\Program Files\Java\jre1.8.0_65\bin\net.dll
0x000007fefcee0000 - 0x000007fefcf35000 	C:\Windows\system32\mswsock.dll
0x000007fefced0000 - 0x000007fefced7000 	C:\Windows\System32\wship6.dll
0x000000006f610000 - 0x000000006f621000 	C:\Program Files\Java\jre1.8.0_65\bin\nio.dll
0x000000006f570000 - 0x000000006f5b2000 	C:\Program Files\Java\jre1.8.0_65\bin\t2k.dll
0x000007feff690000 - 0x000007feff729000 	C:\Windows\system32\CLBCatQ.DLL
0x000007fefb710000 - 0x000007fefb871000 	C:\Windows\system32\WindowsCodecs.dll
0x000007fefd560000 - 0x000007fefd5b7000 	C:\Windows\system32\apphelp.dll
0x000007fef6f00000 - 0x000007fef6f3b000 	C:\Program Files (x86)\Dropbox\Client\DropboxExt64.28.dll
0x000007fef6ec0000 - 0x000007fef6ef5000 	C:\Windows\system32\EhStorShell.dll
0x000007fefe220000 - 0x000007fefe3f7000 	C:\Windows\system32\SETUPAPI.dll
0x000007fefd8a0000 - 0x000007fefd8d6000 	C:\Windows\system32\CFGMGR32.dll
0x000007fefda90000 - 0x000007fefdaaa000 	C:\Windows\system32\DEVOBJ.dll
0x000007fefbf90000 - 0x000007fefc0bc000 	C:\Windows\system32\PROPSYS.dll
0x000007fef6850000 - 0x000007fef6ebf000 	C:\PROGRA~1\MICROS~1\Office14\GROOVEEX.DLL
0x0000000070620000 - 0x00000000706c3000 	C:\Windows\WinSxS\amd64_microsoft.vc90.crt_1fc8b3b9a1e18e3b_9.0.30729.6161_none_08e61857a83bc251\MSVCR90.dll
0x0000000070540000 - 0x0000000070613000 	C:\Windows\WinSxS\amd64_microsoft.vc90.crt_1fc8b3b9a1e18e3b_9.0.30729.6161_none_08e61857a83bc251\MSVCP90.dll
0x0000000070510000 - 0x000000007053f000 	C:\Windows\WinSxS\amd64_microsoft.vc90.atl_1fc8b3b9a1e18e3b_9.0.30729.6161_none_0a1fd3a3a768b895\ATL90.DLL
0x000007fef55c0000 - 0x000007fef59da000 	C:\PROGRA~1\COMMON~1\MICROS~1\OFFICE14\Cultures\office.odf
0x000007fef4d40000 - 0x000007fef55c0000 	C:\PROGRA~1\MICROS~1\Office14\3082\GrooveIntlResource.dll

VM Arguments:
jvm_args: -Dfile.encoding=Cp1252 
java_command: frmPrincipal
java_class_path (initial): C:\Users\Alumno\workspace\Kenshi_Tienda\bin
Launcher Type: SUN_STANDARD

Environment Variables:
CLASSPATH=.;C:\Program Files (x86)\Java\jre7\lib\ext\QTJava.zip
PATH=C:\ProgramData\Oracle\Java\javapath;C:\Program Files (x86)\Intel\iCLS Client\;C:\Program Files\Intel\iCLS Client\;C:\Program Files\Common Files\Microsoft Shared\Windows Live;C:\Program Files (x86)\Common Files\Microsoft Shared\Windows Live;C:\Windows\system32;C:\Windows;C:\Windows\System32\Wbem;C:\Windows\System32\WindowsPowerShell\v1.0\;C:\Program Files (x86)\Windows Live\Shared;C:\Program Files\Intel\Intel(R) Management Engine Components\DAL;C:\Program Files\Intel\Intel(R) Management Engine Components\IPT;C:\Program Files (x86)\Intel\Intel(R) Management Engine Components\DAL;C:\Program Files (x86)\Intel\Intel(R) Management Engine Components\IPT; C:\Program Files\Java\jdk1.7.0_05bin;C:\Program Files (x86)\Intel\OpenCL SDK\2.0\bin\x86;C:\Program Files (x86)\Intel\OpenCL SDK\2.0\bin\x64;C:\Program Files (x86)\QuickTime\QTSystem\;C:\Program Files (x86)\Java\jdk1.7.0_25;C:\Program Files\Java\jdk1.7.0_25;C:\Program Files\Java\jdk1.7.0_05
USERNAME=Alumno
OS=Windows_NT
PROCESSOR_IDENTIFIER=Intel64 Family 6 Model 58 Stepping 9, GenuineIntel



---------------  S Y S T E M  ---------------

OS: Windows 7 , 64 bit Build 7601 (6.1.7601.18015)

CPU:total 4 (2 cores per cpu, 2 threads per core) family 6 model 58 stepping 9, cmov, cx8, fxsr, mmx, sse, sse2, sse3, ssse3, sse4.1, sse4.2, popcnt, avx, clmul, erms, ht, tsc, tscinvbit, tscinv

Memory: 4k page, physical 4008300k(107520k free), swap 16031340k(2488k free)

vm_info: Java HotSpot(TM) 64-Bit Server VM (25.65-b01) for windows-amd64 JRE (1.8.0_65-b17), built on Oct  6 2015 16:39:20 by "java_re" with MS VC++ 10.0 (VS2010)

time: Wed Nov 04 12:39:47 2015
elapsed time: 2846 seconds (0d 0h 47m 26s)

