#
# A fatal error has been detected by the Java Runtime Environment:
#
#  EXCEPTION_ACCESS_VIOLATION (0xc0000005) at pc=0x000000005dd518b7, pid=2216, tid=12936
#
# JRE version: Java(TM) SE Runtime Environment (8.0_65-b17) (build 1.8.0_65-b17)
# Java VM: Java HotSpot(TM) 64-Bit Server VM (25.65-b01 mixed mode windows-amd64 compressed oops)
# Problematic frame:
# V  [jvm.dll+0x2118b7]
#
# Failed to write core dump. Minidumps are not enabled by default on client versions of Windows
#
# If you would like to submit a bug report, please visit:
#   http://bugreport.java.com/bugreport/crash.jsp
#

---------------  T H R E A D  ---------------

Current thread (0x000000005705d800):  JavaThread "AWT-EventQueue-0" [_thread_in_vm, id=12936, stack(0x0000000058020000,0x0000000058120000)]

siginfo: ExceptionCode=0xc0000005, writing address 0x00000000581178a0

Registers:
RAX=0x00000000581178a0, RBX=0x0000000000000007, RCX=0x0000000000006000, RDX=0x000000000000000c
RSP=0x000000005811d8a0, RBP=0x0000000000000000, RSI=0x000000005811d8a0, RDI=0x0000000000000007
R8 =0x000000000000000c, R9 =0x0000000057227160, R10=0x00000000588a9568, R11=0x000000005802a148
R12=0x0000000057227160, R13=0x000000005705d800, R14=0x000000005811d968, R15=0x00000000588a9568
RIP=0x000000005dd518b7, EFLAGS=0x0000000000010206

Top of Stack: (sp=0x000000005811d8a0)
0x000000005811d8a0:   0000000000000000 0000000000000000
0x000000005811d8b0:   000000005705d800 0000000057227160
0x000000005811d8c0:   00000000ffffffff 000000005dd527e7
0x000000005811d8d0:   000000005811d9d0 00000000588a9568
0x000000005811d8e0:   000000005705d800 0000000000000000
0x000000005811d8f0:   0000000000000000 0000000000000000
0x000000005811d900:   0000000000000000 0000000000000000
0x000000005811d910:   00000000588a9568 000000005705d800
0x000000005811d920:   00000000029c6e60 0000000000000000
0x000000005811d930:   0000000000000000 0000000000000000
0x000000005811d940:   0000000000000000 0000000000000000
0x000000005811d950:   0000000000000000 00000000588a9568
0x000000005811d960:   000000005705d800 0000000054ff56c0
0x000000005811d970:   0000000000000000 0000000000000000
0x000000005811d980:   000000005811db28 0000000000000000
0x000000005811d990:   0000000000000000 0000000000000000 

Instructions: (pc=0x000000005dd518b7)
0x000000005dd51897:   48 89 6c 24 30 33 ed 66 90 e8 ab 36 08 00 ff c3
0x000000005dd518a7:   48 63 c8 48 8b c6 48 0f af cf 48 ff c7 48 2b c1
0x000000005dd518b7:   89 28 48 63 c3 48 3b 05 cd 9d 58 00 7e db 48 8b
0x000000005dd518c7:   6c 24 30 48 8b 5c 24 38 48 8b 74 24 40 48 83 c4 


Register to memory mapping:

RAX=0x00000000581178a0 is pointing into the stack for thread: 0x000000005705d800
RBX=0x0000000000000007 is an unknown value
RCX=0x0000000000006000 is an unknown value
RDX=0x000000000000000c is an unknown value
RSP=0x000000005811d8a0 is pointing into the stack for thread: 0x000000005705d800
RBP=0x0000000000000000 is an unknown value
RSI=0x000000005811d8a0 is pointing into the stack for thread: 0x000000005705d800
RDI=0x0000000000000007 is an unknown value
R8 =0x000000000000000c is an unknown value
R9 =0x0000000057227160 is an unknown value
R10={method} {0x00000000588a9570} 'run' '()Ljava/lang/Object;' in 'java/awt/EventQueue$3'
R11=0x000000005802a148 is pointing into the stack for thread: 0x000000005705d800
R12=0x0000000057227160 is an unknown value
R13=0x000000005705d800 is a thread
R14=0x000000005811d968 is pointing into the stack for thread: 0x000000005705d800
R15={method} {0x00000000588a9570} 'run' '()Ljava/lang/Object;' in 'java/awt/EventQueue$3'


Stack: [0x0000000058020000,0x0000000058120000],  sp=0x000000005811d8a0,  free space=1014k
Native frames: (J=compiled Java code, j=interpreted, Vv=VM code, C=native code)

Java frames: (J=compiled Java code, j=interpreted, Vv=VM code)
J 1032  java.security.AccessController.doPrivileged(Ljava/security/PrivilegedAction;Ljava/security/AccessControlContext;)Ljava/lang/Object; (0 bytes) @ 0x0000000002cc2d26 [0x0000000002cc2cc0+0x66]
J 1998 C2 java.awt.EventQueue$4.run()Ljava/lang/Object; (5 bytes) @ 0x0000000003021ff0 [0x0000000003021d00+0x2f0]
v  ~StubRoutines::call_stub
J 1032  java.security.AccessController.doPrivileged(Ljava/security/PrivilegedAction;Ljava/security/AccessControlContext;)Ljava/lang/Object; (0 bytes) @ 0x0000000002cc2d26 [0x0000000002cc2cc0+0x66]
J 1963 C2 java.awt.EventQueue.dispatchEvent(Ljava/awt/AWTEvent;)V (80 bytes) @ 0x000000000305d274 [0x000000000305cd40+0x534]
J 2148 C2 java.awt.EventDispatchThread.pumpOneEventForFilters(I)V (295 bytes) @ 0x0000000002fae1c0 [0x0000000002fad780+0xa40]
J 2051 C2 java.awt.EventDispatchThread.pumpEventsForFilter(ILjava/awt/Conditional;Ljava/awt/EventFilter;)V (47 bytes) @ 0x0000000002cadeec [0x0000000002cadae0+0x40c]
J 2134 C2 java.awt.EventDispatchThread.run()V (35 bytes) @ 0x00000000030c6444 [0x00000000030c6380+0xc4]
v  ~StubRoutines::call_stub

---------------  P R O C E S S  ---------------

Java Threads: ( => current thread )
=>0x000000005705d800 JavaThread "AWT-EventQueue-0" [_thread_in_vm, id=12936, stack(0x0000000058020000,0x0000000058120000)]
  0x000000005705d000 JavaThread "AWT-Shutdown" [_thread_blocked, id=13356, stack(0x0000000057f00000,0x0000000058000000)]
  0x000000000228e000 JavaThread "DestroyJavaVM" [_thread_blocked, id=7824, stack(0x00000000025b0000,0x00000000026b0000)]
  0x0000000057136000 JavaThread "Thread-1" [_thread_blocked, id=8008, stack(0x00000000585c0000,0x00000000586c0000)]
  0x0000000056ff9000 JavaThread "AWT-Windows" daemon [_thread_in_native, id=8176, stack(0x0000000057ce0000,0x0000000057de0000)]
  0x0000000056ff7800 JavaThread "Java2D Disposer" daemon [_thread_blocked, id=6152, stack(0x00000000578d0000,0x00000000579d0000)]
  0x0000000056728000 JavaThread "Service Thread" daemon [_thread_blocked, id=1056, stack(0x0000000056470000,0x0000000056570000)]
  0x00000000566a6000 JavaThread "C1 CompilerThread2" daemon [_thread_blocked, id=7700, stack(0x0000000056de0000,0x0000000056ee0000)]
  0x0000000054ff7000 JavaThread "C2 CompilerThread1" daemon [_thread_blocked, id=6160, stack(0x0000000056c70000,0x0000000056d70000)]
  0x0000000054ffe000 JavaThread "C2 CompilerThread0" daemon [_thread_blocked, id=6584, stack(0x0000000056b00000,0x0000000056c00000)]
  0x0000000054ff3000 JavaThread "Attach Listener" daemon [_thread_blocked, id=5912, stack(0x0000000056590000,0x0000000056690000)]
  0x0000000054ff0000 JavaThread "Signal Dispatcher" daemon [_thread_blocked, id=1168, stack(0x0000000056360000,0x0000000056460000)]
  0x0000000054f96800 JavaThread "Finalizer" daemon [_thread_blocked, id=208, stack(0x00000000561b0000,0x00000000562b0000)]
  0x0000000054f8f800 JavaThread "Reference Handler" daemon [_thread_blocked, id=8180, stack(0x0000000055f10000,0x0000000056010000)]

Other Threads:
  0x0000000054f8a000 VMThread [stack: 0x0000000055e10000,0x0000000055f10000] [id=3504]
  0x0000000056730000 WatcherThread [stack: 0x0000000056ef0000,0x0000000056ff0000] [id=6864]

VM state:not at safepoint (normal execution)

VM Mutex/Monitor currently owned by a thread: None

Heap:
 PSYoungGen      total 15360K, used 13913K [0x00000000eb980000, 0x00000000ec980000, 0x0000000100000000)
  eden space 14848K, 93% used [0x00000000eb980000,0x00000000ec6fe638,0x00000000ec800000)
  from space 512K, 18% used [0x00000000ec880000,0x00000000ec898000,0x00000000ec900000)
  to   space 512K, 0% used [0x00000000ec900000,0x00000000ec900000,0x00000000ec980000)
 ParOldGen       total 42496K, used 4627K [0x00000000c2c00000, 0x00000000c5580000, 0x00000000eb980000)
  object space 42496K, 10% used [0x00000000c2c00000,0x00000000c3084d68,0x00000000c5580000)
 Metaspace       used 12512K, capacity 12752K, committed 12928K, reserved 1060864K
  class space    used 1535K, capacity 1623K, committed 1664K, reserved 1048576K

Card table byte_map: [0x0000000011d40000,0x0000000011f30000] byte_map_base: 0x000000001172a000

Marking Bits: (ParMarkBitMap*) 0x000000005e34a5b0
 Begin Bits: [0x0000000012570000, 0x00000000134c0000)
 End Bits:   [0x00000000134c0000, 0x0000000014410000)

Polling page: 0x0000000000220000

CodeCache: size=245760Kb used=7295Kb max_used=7412Kb free=238464Kb
 bounds [0x0000000002980000, 0x0000000003110000, 0x0000000011980000]
 total_blobs=2235 nmethods=1741 adapters=406
 compilation: enabled

Compilation events (10 events):
Event: 50123.147 Thread 0x0000000054ff7000 2149       4       java.util.concurrent.locks.AbstractQueuedSynchronizer::addWaiter (50 bytes)
Event: 50123.425 Thread 0x0000000054ff7000 nmethod 2149 0x0000000002cdf710 code [0x0000000002cdf860, 0x0000000002cdf9e8]
Event: 61773.493 Thread 0x00000000566a6000 2150       3       sun.awt.AWTAutoShutdown::notifyToolkitThreadBusy (8 bytes)
Event: 61790.276 Thread 0x00000000566a6000 nmethod 2150 0x0000000002d2a0d0 code [0x0000000002d2a240, 0x0000000002d2a408]
Event: 61797.741 Thread 0x00000000566a6000 2151       3       sun.awt.AWTAutoShutdown::notifyToolkitThreadFree (8 bytes)
Event: 61797.742 Thread 0x00000000566a6000 nmethod 2151 0x0000000002aa2e90 code [0x0000000002aa3000, 0x0000000002aa31c8]
Event: 127577.476 Thread 0x0000000054ffe000 2152       4       java.util.concurrent.locks.AbstractQueuedSynchronizer::enq (58 bytes)
Event: 127578.436 Thread 0x0000000054ffe000 nmethod 2152 0x0000000002b5da50 code [0x0000000002b5db80, 0x0000000002b5dc78]
Event: 128999.467 Thread 0x0000000054ff7000 2153   !   4       java.lang.ref.ReferenceQueue::enqueue (119 bytes)
Event: 128999.740 Thread 0x0000000054ff7000 nmethod 2153 0x0000000002b13450 code [0x0000000002b135a0, 0x0000000002b13a28]

GC Heap History (10 events):
Event: 134116.967 GC heap before
{Heap before GC invocations=1055 (full 0):
 PSYoungGen      total 15360K, used 14976K [0x00000000eb980000, 0x00000000ec980000, 0x0000000100000000)
  eden space 14848K, 100% used [0x00000000eb980000,0x00000000ec800000,0x00000000ec800000)
  from space 512K, 25% used [0x00000000ec900000,0x00000000ec920000,0x00000000ec980000)
  to   space 512K, 0% used [0x00000000ec880000,0x00000000ec880000,0x00000000ec900000)
 ParOldGen       total 42496K, used 4627K [0x00000000c2c00000, 0x00000000c5580000, 0x00000000eb980000)
  object space 42496K, 10% used [0x00000000c2c00000,0x00000000c3084d68,0x00000000c5580000)
 Metaspace       used 12512K, capacity 12752K, committed 12928K, reserved 1060864K
  class space    used 1535K, capacity 1623K, committed 1664K, reserved 1048576K
Event: 134116.968 GC heap after
Heap after GC invocations=1055 (full 0):
 PSYoungGen      total 15360K, used 96K [0x00000000eb980000, 0x00000000ec980000, 0x0000000100000000)
  eden space 14848K, 0% used [0x00000000eb980000,0x00000000eb980000,0x00000000ec800000)
  from space 512K, 18% used [0x00000000ec880000,0x00000000ec898000,0x00000000ec900000)
  to   space 512K, 0% used [0x00000000ec900000,0x00000000ec900000,0x00000000ec980000)
 ParOldGen       total 42496K, used 4627K [0x00000000c2c00000, 0x00000000c5580000, 0x00000000eb980000)
  object space 42496K, 10% used [0x00000000c2c00000,0x00000000c3084d68,0x00000000c5580000)
 Metaspace       used 12512K, capacity 12752K, committed 12928K, reserved 1060864K
  class space    used 1535K, capacity 1623K, committed 1664K, reserved 1048576K
}
Event: 134169.232 GC heap before
{Heap before GC invocations=1056 (full 0):
 PSYoungGen      total 15360K, used 14936K [0x00000000eb980000, 0x00000000ec980000, 0x0000000100000000)
  eden space 14848K, 99% used [0x00000000eb980000,0x00000000ec7fe050,0x00000000ec800000)
  from space 512K, 18% used [0x00000000ec880000,0x00000000ec898000,0x00000000ec900000)
  to   space 512K, 0% used [0x00000000ec900000,0x00000000ec900000,0x00000000ec980000)
 ParOldGen       total 42496K, used 4627K [0x00000000c2c00000, 0x00000000c5580000, 0x00000000eb980000)
  object space 42496K, 10% used [0x00000000c2c00000,0x00000000c3084d68,0x00000000c5580000)
 Metaspace       used 12512K, capacity 12752K, committed 12928K, reserved 1060864K
  class space    used 1535K, capacity 1623K, committed 1664K, reserved 1048576K
Event: 134169.233 GC heap after
Heap after GC invocations=1056 (full 0):
 PSYoungGen      total 15360K, used 32K [0x00000000eb980000, 0x00000000ec980000, 0x0000000100000000)
  eden space 14848K, 0% used [0x00000000eb980000,0x00000000eb980000,0x00000000ec800000)
  from space 512K, 6% used [0x00000000ec900000,0x00000000ec908000,0x00000000ec980000)
  to   space 512K, 0% used [0x00000000ec880000,0x00000000ec880000,0x00000000ec900000)
 ParOldGen       total 42496K, used 4627K [0x00000000c2c00000, 0x00000000c5580000, 0x00000000eb980000)
  object space 42496K, 10% used [0x00000000c2c00000,0x00000000c3084d68,0x00000000c5580000)
 Metaspace       used 12512K, capacity 12752K, committed 12928K, reserved 1060864K
  class space    used 1535K, capacity 1623K, committed 1664K, reserved 1048576K
}
Event: 134227.958 GC heap before
{Heap before GC invocations=1057 (full 0):
 PSYoungGen      total 15360K, used 14880K [0x00000000eb980000, 0x00000000ec980000, 0x0000000100000000)
  eden space 14848K, 100% used [0x00000000eb980000,0x00000000ec800000,0x00000000ec800000)
  from space 512K, 6% used [0x00000000ec900000,0x00000000ec908000,0x00000000ec980000)
  to   space 512K, 0% used [0x00000000ec880000,0x00000000ec880000,0x00000000ec900000)
 ParOldGen       total 42496K, used 4627K [0x00000000c2c00000, 0x00000000c5580000, 0x00000000eb980000)
  object space 42496K, 10% used [0x00000000c2c00000,0x00000000c3084d68,0x00000000c5580000)
 Metaspace       used 12512K, capacity 12752K, committed 12928K, reserved 1060864K
  class space    used 1535K, capacity 1623K, committed 1664K, reserved 1048576K
Event: 134227.977 GC heap after
Heap after GC invocations=1057 (full 0):
 PSYoungGen      total 15360K, used 64K [0x00000000eb980000, 0x00000000ec980000, 0x0000000100000000)
  eden space 14848K, 0% used [0x00000000eb980000,0x00000000eb980000,0x00000000ec800000)
  from space 512K, 12% used [0x00000000ec880000,0x00000000ec890000,0x00000000ec900000)
  to   space 512K, 0% used [0x00000000ec900000,0x00000000ec900000,0x00000000ec980000)
 ParOldGen       total 42496K, used 4627K [0x00000000c2c00000, 0x00000000c5580000, 0x00000000eb980000)
  object space 42496K, 10% used [0x00000000c2c00000,0x00000000c3084d68,0x00000000c5580000)
 Metaspace       used 12512K, capacity 12752K, committed 12928K, reserved 1060864K
  class space    used 1535K, capacity 1623K, committed 1664K, reserved 1048576K
}
Event: 134280.487 GC heap before
{Heap before GC invocations=1058 (full 0):
 PSYoungGen      total 15360K, used 14912K [0x00000000eb980000, 0x00000000ec980000, 0x0000000100000000)
  eden space 14848K, 100% used [0x00000000eb980000,0x00000000ec800000,0x00000000ec800000)
  from space 512K, 12% used [0x00000000ec880000,0x00000000ec890000,0x00000000ec900000)
  to   space 512K, 0% used [0x00000000ec900000,0x00000000ec900000,0x00000000ec980000)
 ParOldGen       total 42496K, used 4627K [0x00000000c2c00000, 0x00000000c5580000, 0x00000000eb980000)
  object space 42496K, 10% used [0x00000000c2c00000,0x00000000c3084d68,0x00000000c5580000)
 Metaspace       used 12512K, capacity 12752K, committed 12928K, reserved 1060864K
  class space    used 1535K, capacity 1623K, committed 1664K, reserved 1048576K
Event: 134280.554 GC heap after
Heap after GC invocations=1058 (full 0):
 PSYoungGen      total 15360K, used 128K [0x00000000eb980000, 0x00000000ec980000, 0x0000000100000000)
  eden space 14848K, 0% used [0x00000000eb980000,0x00000000eb980000,0x00000000ec800000)
  from space 512K, 25% used [0x00000000ec900000,0x00000000ec920000,0x00000000ec980000)
  to   space 512K, 0% used [0x00000000ec880000,0x00000000ec880000,0x00000000ec900000)
 ParOldGen       total 42496K, used 4627K [0x00000000c2c00000, 0x00000000c5580000, 0x00000000eb980000)
  object space 42496K, 10% used [0x00000000c2c00000,0x00000000c3084d68,0x00000000c5580000)
 Metaspace       used 12512K, capacity 12752K, committed 12928K, reserved 1060864K
  class space    used 1535K, capacity 1623K, committed 1664K, reserved 1048576K
}
Event: 134336.116 GC heap before
{Heap before GC invocations=1059 (full 0):
 PSYoungGen      total 15360K, used 14976K [0x00000000eb980000, 0x00000000ec980000, 0x0000000100000000)
  eden space 14848K, 100% used [0x00000000eb980000,0x00000000ec800000,0x00000000ec800000)
  from space 512K, 25% used [0x00000000ec900000,0x00000000ec920000,0x00000000ec980000)
  to   space 512K, 0% used [0x00000000ec880000,0x00000000ec880000,0x00000000ec900000)
 ParOldGen       total 42496K, used 4627K [0x00000000c2c00000, 0x00000000c5580000, 0x00000000eb980000)
  object space 42496K, 10% used [0x00000000c2c00000,0x00000000c3084d68,0x00000000c5580000)
 Metaspace       used 12512K, capacity 12752K, committed 12928K, reserved 1060864K
  class space    used 1535K, capacity 1623K, committed 1664K, reserved 1048576K
Event: 134336.127 GC heap after
Heap after GC invocations=1059 (full 0):
 PSYoungGen      total 15360K, used 96K [0x00000000eb980000, 0x00000000ec980000, 0x0000000100000000)
  eden space 14848K, 0% used [0x00000000eb980000,0x00000000eb980000,0x00000000ec800000)
  from space 512K, 18% used [0x00000000ec880000,0x00000000ec898000,0x00000000ec900000)
  to   space 512K, 0% used [0x00000000ec900000,0x00000000ec900000,0x00000000ec980000)
 ParOldGen       total 42496K, used 4627K [0x00000000c2c00000, 0x00000000c5580000, 0x00000000eb980000)
  object space 42496K, 10% used [0x00000000c2c00000,0x00000000c3084d68,0x00000000c5580000)
 Metaspace       used 12512K, capacity 12752K, committed 12928K, reserved 1060864K
  class space    used 1535K, capacity 1623K, committed 1664K, reserved 1048576K
}

Deoptimization events (10 events):
Event: 0.598 Thread 0x0000000056ff9000 Uncommon trap: reason=bimorphic action=maybe_recompile pc=0x0000000002b6cb20 method=java.util.HashMap.getNode(ILjava/lang/Object;)Ljava/util/HashMap$Node; @ 126
Event: 0.607 Thread 0x0000000057136000 Uncommon trap: reason=class_check action=maybe_recompile pc=0x0000000002afddcc method=java.lang.String.equals(Ljava/lang/Object;)Z @ 8
Event: 0.607 Thread 0x0000000057136000 Uncommon trap: reason=class_check action=maybe_recompile pc=0x0000000002afddcc method=java.lang.String.equals(Ljava/lang/Object;)Z @ 8
Event: 0.608 Thread 0x0000000057136000 Uncommon trap: reason=class_check action=maybe_recompile pc=0x0000000002afddcc method=java.lang.String.equals(Ljava/lang/Object;)Z @ 8
Event: 0.609 Thread 0x0000000057136000 Uncommon trap: reason=class_check action=maybe_recompile pc=0x0000000002afddcc method=java.lang.String.equals(Ljava/lang/Object;)Z @ 8
Event: 1291.620 Thread 0x0000000057136000 Uncommon trap: reason=unstable_if action=reinterpret pc=0x0000000002fae014 method=java.util.concurrent.atomic.AtomicBoolean.getAndSet(Z)Z @ 11
Event: 38695.471 Thread 0x0000000057437000 Uncommon trap: reason=unstable_if action=reinterpret pc=0x000000000306b988 method=sun.awt.AWTAutoShutdown.notifyThreadFree(Ljava/lang/Thread;)V @ 34
Event: 38695.471 Thread 0x0000000057437000 Uncommon trap: reason=unstable_if action=reinterpret pc=0x0000000003060b74 method=sun.awt.AWTAutoShutdown.notifyThreadFree(Ljava/lang/Thread;)V @ 34
Event: 38989.496 Thread 0x0000000057437000 Uncommon trap: reason=unstable_if action=reinterpret pc=0x0000000002c72cd4 method=sun.awt.AWTAutoShutdown.notifyThreadFree(Ljava/lang/Thread;)V @ 34
Event: 39215.037 Thread 0x0000000057437000 Uncommon trap: reason=unstable_if action=reinterpret pc=0x0000000002f60f98 method=java.util.concurrent.locks.AbstractQueuedSynchronizer.unparkSuccessor(Ljava/util/concurrent/locks/AbstractQueuedSynchronizer$Node;)V @ 22

Internal exceptions (10 events):
Event: 0.153 Thread 0x000000000228e000 Exception <a 'java/security/PrivilegedActionException'> (0x00000000eba5d8f8) thrown at [C:\workspace\8-2-build-windows-amd64-cygwin\jdk8u65\4987\hotspot\src\share\vm\prims\jvm.cpp, line 1386]
Event: 0.153 Thread 0x000000000228e000 Exception <a 'java/security/PrivilegedActionException'> (0x00000000eba5db08) thrown at [C:\workspace\8-2-build-windows-amd64-cygwin\jdk8u65\4987\hotspot\src\share\vm\prims\jvm.cpp, line 1386]
Event: 0.155 Thread 0x000000000228e000 Exception <a 'java/security/PrivilegedActionException'> (0x00000000eba616b0) thrown at [C:\workspace\8-2-build-windows-amd64-cygwin\jdk8u65\4987\hotspot\src\share\vm\prims\jvm.cpp, line 1386]
Event: 0.155 Thread 0x000000000228e000 Exception <a 'java/security/PrivilegedActionException'> (0x00000000eba618c0) thrown at [C:\workspace\8-2-build-windows-amd64-cygwin\jdk8u65\4987\hotspot\src\share\vm\prims\jvm.cpp, line 1386]
Event: 0.160 Thread 0x000000000228e000 Exception <a 'java/io/FileNotFoundException'> (0x00000000eba64d30) thrown at [C:\workspace\8-2-build-windows-amd64-cygwin\jdk8u65\4987\hotspot\src\share\vm\prims\jni.cpp, line 709]
Event: 0.212 Thread 0x000000000228e000 Exception <a 'java/lang/NoSuchFieldError': method resolution failed> (0x00000000ebb82a50) thrown at [C:\workspace\8-2-build-windows-amd64-cygwin\jdk8u65\4987\hotspot\src\share\vm\prims\methodHandles.cpp, line 1146]
Event: 0.214 Thread 0x000000000228e000 Exception <a 'java/lang/NoSuchFieldError': method resolution failed> (0x00000000ebb8fe20) thrown at [C:\workspace\8-2-build-windows-amd64-cygwin\jdk8u65\4987\hotspot\src\share\vm\prims\methodHandles.cpp, line 1146]
Event: 0.265 Thread 0x000000000228e000 Exception <a 'java/io/FileNotFoundException'> (0x00000000ebc255e8) thrown at [C:\workspace\8-2-build-windows-amd64-cygwin\jdk8u65\4987\hotspot\src\share\vm\prims\jni.cpp, line 709]
Event: 0.304 Thread 0x000000000228e000 Implicit null exception at 0x0000000002ae618b to 0x0000000002ae633d
Event: 39214.997 Thread 0x0000000057437000 Implicit null exception at 0x0000000002f5dc85 to 0x0000000002f60f75

Events (10 events):
Event: 134382.613 Thread 0x000000005705d000 Thread added: 0x000000005705d000
Event: 134382.614 Thread 0x000000005705d800 Thread added: 0x000000005705d800
Event: 134384.615 Thread 0x000000005705d000 Thread exited: 0x000000005705d000
Event: 134384.615 Thread 0x000000005705d800 Thread exited: 0x000000005705d800
Event: 134384.616 Thread 0x000000005705d800 Thread added: 0x000000005705d800
Event: 134384.617 Thread 0x000000005705d000 Thread added: 0x000000005705d000
Event: 134385.617 Thread 0x000000005705d800 Thread exited: 0x000000005705d800
Event: 134385.617 Thread 0x000000005705d000 Thread exited: 0x000000005705d000
Event: 134385.618 Thread 0x000000005705d000 Thread added: 0x000000005705d000
Event: 134385.618 Thread 0x000000005705d800 Thread added: 0x000000005705d800


Dynamic libraries:
0x000000013fae0000 - 0x000000013fb17000 	C:\Program Files\Java\jre1.8.0_65\bin\javaw.exe
0x00000000778b0000 - 0x0000000077a59000 	C:\Windows\SYSTEM32\ntdll.dll
0x0000000077790000 - 0x00000000778af000 	C:\Windows\system32\kernel32.dll
0x000007fefd830000 - 0x000007fefd89b000 	C:\Windows\system32\KERNELBASE.dll
0x000007feffae0000 - 0x000007feffbbb000 	C:\Windows\system32\ADVAPI32.dll
0x000007feff240000 - 0x000007feff2df000 	C:\Windows\system32\msvcrt.dll
0x000007feffac0000 - 0x000007feffadf000 	C:\Windows\SYSTEM32\sechost.dll
0x000007feff450000 - 0x000007feff57d000 	C:\Windows\system32\RPCRT4.dll
0x0000000077690000 - 0x000000007778a000 	C:\Windows\system32\USER32.dll
0x000007feff580000 - 0x000007feff5e7000 	C:\Windows\system32\GDI32.dll
0x000007feff730000 - 0x000007feff73e000 	C:\Windows\system32\LPK.dll
0x000007feff9f0000 - 0x000007feffab9000 	C:\Windows\system32\USP10.dll
0x000007fefc110000 - 0x000007fefc304000 	C:\Windows\WinSxS\amd64_microsoft.windows.common-controls_6595b64144ccf1df_6.0.7601.17514_none_fa396087175ac9ac\COMCTL32.dll
0x000007fefe400000 - 0x000007fefe471000 	C:\Windows\system32\SHLWAPI.dll
0x000007fefe480000 - 0x000007fefe4ae000 	C:\Windows\system32\IMM32.DLL
0x000007feff2e0000 - 0x000007feff3e9000 	C:\Windows\system32\MSCTF.dll
0x000000005e3d0000 - 0x000000005e4a2000 	C:\Program Files\Java\jre1.8.0_65\bin\msvcr100.dll
0x000000005db40000 - 0x000000005e3c9000 	C:\Program Files\Java\jre1.8.0_65\bin\server\jvm.dll
0x000007fef9730000 - 0x000007fef9739000 	C:\Windows\system32\WSOCK32.dll
0x000007feff400000 - 0x000007feff44d000 	C:\Windows\system32\WS2_32.dll
0x000007feff3f0000 - 0x000007feff3f8000 	C:\Windows\system32\NSI.dll
0x000007fef9c80000 - 0x000007fef9cbb000 	C:\Windows\system32\WINMM.dll
0x000007fefc7a0000 - 0x000007fefc7ac000 	C:\Windows\system32\VERSION.dll
0x0000000077a80000 - 0x0000000077a87000 	C:\Windows\system32\PSAPI.DLL
0x000000006f6a0000 - 0x000000006f6af000 	C:\Program Files\Java\jre1.8.0_65\bin\verify.dll
0x000000006f670000 - 0x000000006f699000 	C:\Program Files\Java\jre1.8.0_65\bin\java.dll
0x000000006f650000 - 0x000000006f666000 	C:\Program Files\Java\jre1.8.0_65\bin\zip.dll
0x000007fefe4b0000 - 0x000007feff238000 	C:\Windows\system32\SHELL32.dll
0x000007fefdac0000 - 0x000007fefdcc3000 	C:\Windows\system32\ole32.dll
0x000007fefd690000 - 0x000007fefd69f000 	C:\Windows\system32\profapi.dll
0x000000005d790000 - 0x000000005d928000 	C:\Program Files\Java\jre1.8.0_65\bin\awt.dll
0x000007fefdf60000 - 0x000007fefe037000 	C:\Windows\system32\OLEAUT32.dll
0x000007fefbce0000 - 0x000007fefbcf8000 	C:\Windows\system32\DWMAPI.DLL
0x000007fefbf30000 - 0x000007fefbf86000 	C:\Windows\system32\uxtheme.dll
0x000007fefd5c0000 - 0x000007fefd5cf000 	C:\Windows\system32\CRYPTBASE.dll
0x0000000180000000 - 0x000000018004a000 	C:\Program Files\Acer\Acer ePower Management\SysHook.dll
0x000007fef8d50000 - 0x000007fef8dc1000 	C:\Windows\system32\WINSPOOL.DRV
0x000000006f5c0000 - 0x000000006f607000 	C:\Program Files\Java\jre1.8.0_65\bin\fontmanager.dll
0x000000006f630000 - 0x000000006f64a000 	C:\Program Files\Java\jre1.8.0_65\bin\net.dll
0x000007fefcee0000 - 0x000007fefcf35000 	C:\Windows\system32\mswsock.dll
0x000007fefced0000 - 0x000007fefced7000 	C:\Windows\System32\wship6.dll
0x000000006f610000 - 0x000000006f621000 	C:\Program Files\Java\jre1.8.0_65\bin\nio.dll
0x000000006f570000 - 0x000000006f5b2000 	C:\Program Files\Java\jre1.8.0_65\bin\t2k.dll
0x000007feff690000 - 0x000007feff729000 	C:\Windows\system32\CLBCatQ.DLL
0x000007fefb710000 - 0x000007fefb871000 	C:\Windows\system32\WindowsCodecs.dll
0x000007fefd560000 - 0x000007fefd5b7000 	C:\Windows\system32\apphelp.dll
0x000007fef6f00000 - 0x000007fef6f3b000 	C:\Program Files (x86)\Dropbox\Client\DropboxExt64.28.dll
0x000007fef6ec0000 - 0x000007fef6ef5000 	C:\Windows\system32\EhStorShell.dll
0x000007fefe220000 - 0x000007fefe3f7000 	C:\Windows\system32\SETUPAPI.dll
0x000007fefd8a0000 - 0x000007fefd8d6000 	C:\Windows\system32\CFGMGR32.dll
0x000007fefda90000 - 0x000007fefdaaa000 	C:\Windows\system32\DEVOBJ.dll
0x000007fefbf90000 - 0x000007fefc0bc000 	C:\Windows\system32\PROPSYS.dll
0x000007fef6850000 - 0x000007fef6ebf000 	C:\PROGRA~1\MICROS~1\Office14\GROOVEEX.DLL
0x0000000070620000 - 0x00000000706c3000 	C:\Windows\WinSxS\amd64_microsoft.vc90.crt_1fc8b3b9a1e18e3b_9.0.30729.6161_none_08e61857a83bc251\MSVCR90.dll
0x0000000070540000 - 0x0000000070613000 	C:\Windows\WinSxS\amd64_microsoft.vc90.crt_1fc8b3b9a1e18e3b_9.0.30729.6161_none_08e61857a83bc251\MSVCP90.dll
0x0000000070510000 - 0x000000007053f000 	C:\Windows\WinSxS\amd64_microsoft.vc90.atl_1fc8b3b9a1e18e3b_9.0.30729.6161_none_0a1fd3a3a768b895\ATL90.DLL
0x000007fef55c0000 - 0x000007fef59da000 	C:\PROGRA~1\COMMON~1\MICROS~1\OFFICE14\Cultures\office.odf
0x000007fef4d40000 - 0x000007fef55c0000 	C:\PROGRA~1\MICROS~1\Office14\3082\GrooveIntlResource.dll

VM Arguments:
jvm_args: -Dfile.encoding=Cp1252 
java_command: frmPrincipal
java_class_path (initial): C:\Users\Alumno\workspace\Kenshi_Tienda\bin
Launcher Type: SUN_STANDARD

Environment Variables:
CLASSPATH=.;C:\Program Files (x86)\Java\jre7\lib\ext\QTJava.zip
PATH=C:\ProgramData\Oracle\Java\javapath;C:\Program Files (x86)\Intel\iCLS Client\;C:\Program Files\Intel\iCLS Client\;C:\Program Files\Common Files\Microsoft Shared\Windows Live;C:\Program Files (x86)\Common Files\Microsoft Shared\Windows Live;C:\Windows\system32;C:\Windows;C:\Windows\System32\Wbem;C:\Windows\System32\WindowsPowerShell\v1.0\;C:\Program Files (x86)\Windows Live\Shared;C:\Program Files\Intel\Intel(R) Management Engine Components\DAL;C:\Program Files\Intel\Intel(R) Management Engine Components\IPT;C:\Program Files (x86)\Intel\Intel(R) Management Engine Components\DAL;C:\Program Files (x86)\Intel\Intel(R) Management Engine Components\IPT; C:\Program Files\Java\jdk1.7.0_05bin;C:\Program Files (x86)\Intel\OpenCL SDK\2.0\bin\x86;C:\Program Files (x86)\Intel\OpenCL SDK\2.0\bin\x64;C:\Program Files (x86)\QuickTime\QTSystem\;C:\Program Files (x86)\Java\jdk1.7.0_25;C:\Program Files\Java\jdk1.7.0_25;C:\Program Files\Java\jdk1.7.0_05
USERNAME=Alumno
OS=Windows_NT
PROCESSOR_IDENTIFIER=Intel64 Family 6 Model 58 Stepping 9, GenuineIntel



---------------  S Y S T E M  ---------------

OS: Windows 7 , 64 bit Build 7601 (6.1.7601.18015)

CPU:total 4 (2 cores per cpu, 2 threads per core) family 6 model 58 stepping 9, cmov, cx8, fxsr, mmx, sse, sse2, sse3, ssse3, sse4.1, sse4.2, popcnt, avx, clmul, erms, ht, tsc, tscinvbit, tscinv

Memory: 4k page, physical 4008300k(93732k free), swap 16031340k(4432k free)

vm_info: Java HotSpot(TM) 64-Bit Server VM (25.65-b01) for windows-amd64 JRE (1.8.0_65-b17), built on Oct  6 2015 16:39:20 by "java_re" with MS VC++ 10.0 (VS2010)

time: Wed Nov 04 12:40:10 2015
elapsed time: 134423 seconds (1d 13h 20m 23s)

