#
# There is insufficient memory for the Java Runtime Environment to continue.
# Native memory allocation (malloc) failed to allocate 32744 bytes for ChunkPool::allocate
# Possible reasons:
#   The system is out of physical RAM or swap space
#   In 32 bit mode, the process size limit was hit
# Possible solutions:
#   Reduce memory load on the system
#   Increase physical memory or swap space
#   Check if swap backing store is full
#   Use 64 bit Java on a 64 bit OS
#   Decrease Java heap size (-Xmx/-Xms)
#   Decrease number of Java threads
#   Decrease Java thread stack sizes (-Xss)
#   Set larger code cache with -XX:ReservedCodeCacheSize=
# This output file may be truncated or incomplete.
#
#  Out of Memory Error (allocation.cpp:273), pid=12552, tid=10276
#
# JRE version: Java(TM) SE Runtime Environment (8.0_65-b17) (build 1.8.0_65-b17)
# Java VM: Java HotSpot(TM) 64-Bit Server VM (25.65-b01 mixed mode windows-amd64 compressed oops)
# Failed to write core dump. Minidumps are not enabled by default on client versions of Windows
#

---------------  T H R E A D  ---------------

Current thread (0x0000000056671000):  JavaThread "C2 CompilerThread1" daemon [_thread_in_native, id=10276, stack(0x0000000056ad0000,0x0000000056bd0000)]

Stack: [0x0000000056ad0000,0x0000000056bd0000]
[error occurred during error reporting (printing stack bounds), id 0xc0000005]

Native frames: (J=compiled Java code, j=interpreted, Vv=VM code, C=native code)


Current CompileTask:
C2: 692555 2153       4       javax.swing.text.html.parser.Parser::legalElementContext (806 bytes)


---------------  P R O C E S S  ---------------

Java Threads: ( => current thread )
  0x000000005682c800 JavaThread "AWT-Shutdown" [_thread_blocked, id=14456, stack(0x0000000058560000,0x0000000058660000)]
  0x00000000572ed000 JavaThread "TimerQueue" daemon [_thread_blocked, id=11564, stack(0x000000005a170000,0x000000005a270000)]
  0x00000000021ee000 JavaThread "DestroyJavaVM" [_thread_blocked, id=13148, stack(0x00000000024e0000,0x00000000025e0000)]
  0x00000000570cc000 JavaThread "Thread-1" [_thread_blocked, id=12848, stack(0x0000000058da0000,0x0000000058ea0000)]
  0x000000005708a800 JavaThread "AWT-Windows" daemon [_thread_in_native, id=12604, stack(0x0000000057c90000,0x0000000057d90000)]
  0x0000000057089000 JavaThread "Java2D Disposer" daemon [_thread_blocked, id=10992, stack(0x0000000057940000,0x0000000057a40000)]
  0x00000000566ed800 JavaThread "Service Thread" daemon [_thread_blocked, id=12788, stack(0x0000000056ea0000,0x0000000056fa0000)]
  0x0000000056682000 JavaThread "C1 CompilerThread2" daemon [_thread_blocked, id=13032, stack(0x0000000056cf0000,0x0000000056df0000)]
=>0x0000000056671000 JavaThread "C2 CompilerThread1" daemon [_thread_in_native, id=10276, stack(0x0000000056ad0000,0x0000000056bd0000)]
  0x0000000054e57000 JavaThread "C2 CompilerThread0" daemon [_thread_in_native, id=12988, stack(0x00000000563f0000,0x00000000564f0000)]
  0x0000000054e53000 JavaThread "Attach Listener" daemon [_thread_blocked, id=13072, stack(0x0000000056570000,0x0000000056670000)]
  0x0000000054e50000 JavaThread "Signal Dispatcher" daemon [_thread_blocked, id=8708, stack(0x00000000562a0000,0x00000000563a0000)]
  0x0000000054df1000 JavaThread "Finalizer" daemon [_thread_blocked, id=13152, stack(0x0000000055fa0000,0x00000000560a0000)]
  0x0000000054def800 JavaThread "Reference Handler" daemon [_thread_blocked, id=11280, stack(0x00000000560d0000,0x00000000561d0000)]

Other Threads:
  0x0000000054dea000 VMThread [stack: 0x0000000055ea0000,0x0000000055fa0000] [id=12520]
  0x00000000566f6000 WatcherThread [stack: 0x0000000056bf0000,0x0000000056cf0000] [id=12580]

VM state:not at safepoint (normal execution)

VM Mutex/Monitor currently owned by a thread: None

Heap:
 PSYoungGen      total 23552K, used 3471K [0x00000000eb980000, 0x00000000ed800000, 0x0000000100000000)
  eden space 15872K, 21% used [0x00000000eb980000,0x00000000ebcd3db0,0x00000000ec900000)
  from space 7680K, 0% used [0x00000000ec900000,0x00000000ec910000,0x00000000ed080000)
  to   space 7680K, 0% used [0x00000000ed080000,0x00000000ed080000,0x00000000ed800000)
 ParOldGen       total 42496K, used 8863K [0x00000000c2c00000, 0x00000000c5580000, 0x00000000eb980000)
  object space 42496K, 20% used [0x00000000c2c00000,0x00000000c34a7c80,0x00000000c5580000)
 Metaspace       used 12931K, capacity 13168K, committed 13440K, reserved 1060864K
  class space    used 1558K, capacity 1655K, committed 1664K, reserved 1048576K

Card table byte_map: [0x0000000011c70000,0x0000000011e60000] byte_map_base: 0x000000001165a000

Marking Bits: (ParMarkBitMap*) 0x000000005e34a5b0
 Begin Bits: [0x00000000123d0000, 0x0000000013320000)
 End Bits:   [0x0000000013320000, 0x0000000014270000)

Polling page: 0x0000000000120000

CodeCache: size=245760Kb used=7118Kb max_used=7136Kb free=238641Kb
 bounds [0x00000000028b0000, 0x0000000002fc0000, 0x00000000118b0000]
 total_blobs=2460 nmethods=1963 adapters=408
 compilation: enabled

Compilation events (10 events):
Event: 666.054 Thread 0x0000000054e57000 nmethod 2149 0x0000000002c0d3d0 code [0x0000000002c0d520, 0x0000000002c0d6f8]
Event: 676.662 Thread 0x0000000054e57000 2150  s    4       java.util.Vector::copyInto (15 bytes)
Event: 676.666 Thread 0x0000000054e57000 nmethod 2150 0x0000000002f78610 code [0x0000000002f78760, 0x0000000002f78b58]
Event: 679.993 Thread 0x0000000056671000 2151       4       java.lang.String::substring (79 bytes)
Event: 680.008 Thread 0x0000000056671000 nmethod 2151 0x0000000002ab8fd0 code [0x0000000002ab9140, 0x0000000002ab9518]
Event: 686.338 Thread 0x0000000054e57000 2152       4       javax.swing.JComponent::revalidate (53 bytes)
Event: 688.326 Thread 0x0000000054e57000 nmethod 2152 0x0000000002fb7bd0 code [0x0000000002fb7fc0, 0x0000000002fba010]
Event: 689.342 Thread 0x0000000056671000 2153       4       javax.swing.text.html.parser.Parser::legalElementContext (806 bytes)
Event: 689.342 Thread 0x0000000054e57000 2154       4       javax.swing.text.html.parser.Parser::markFirstTime (83 bytes)
Event: 689.345 Thread 0x0000000054e57000 nmethod 2154 0x00000000029c1050 code [0x00000000029c11a0, 0x00000000029c1598]

GC Heap History (10 events):
Event: 338.030 GC heap before
{Heap before GC invocations=5 (full 0):
 PSYoungGen      total 18432K, used 18431K [0x00000000eb980000, 0x00000000ece00000, 0x0000000100000000)
  eden space 15872K, 100% used [0x00000000eb980000,0x00000000ec900000,0x00000000ec900000)
  from space 2560K, 99% used [0x00000000ecb80000,0x00000000ecdffe60,0x00000000ece00000)
  to   space 2560K, 0% used [0x00000000ec900000,0x00000000ec900000,0x00000000ecb80000)
 ParOldGen       total 42496K, used 6318K [0x00000000c2c00000, 0x00000000c5580000, 0x00000000eb980000)
  object space 42496K, 14% used [0x00000000c2c00000,0x00000000c322b860,0x00000000c5580000)
 Metaspace       used 12822K, capacity 13040K, committed 13184K, reserved 1060864K
  class space    used 1558K, capacity 1655K, committed 1664K, reserved 1048576K
Event: 338.042 GC heap after
Heap after GC invocations=5 (full 0):
 PSYoungGen      total 18432K, used 2559K [0x00000000eb980000, 0x00000000ed800000, 0x0000000100000000)
  eden space 15872K, 0% used [0x00000000eb980000,0x00000000eb980000,0x00000000ec900000)
  from space 2560K, 99% used [0x00000000ec900000,0x00000000ecb7fe60,0x00000000ecb80000)
  to   space 7680K, 0% used [0x00000000ed080000,0x00000000ed080000,0x00000000ed800000)
 ParOldGen       total 42496K, used 6326K [0x00000000c2c00000, 0x00000000c5580000, 0x00000000eb980000)
  object space 42496K, 14% used [0x00000000c2c00000,0x00000000c322d860,0x00000000c5580000)
 Metaspace       used 12822K, capacity 13040K, committed 13184K, reserved 1060864K
  class space    used 1558K, capacity 1655K, committed 1664K, reserved 1048576K
}
Event: 422.392 GC heap before
{Heap before GC invocations=6 (full 0):
 PSYoungGen      total 18432K, used 18431K [0x00000000eb980000, 0x00000000ed800000, 0x0000000100000000)
  eden space 15872K, 100% used [0x00000000eb980000,0x00000000ec900000,0x00000000ec900000)
  from space 2560K, 99% used [0x00000000ec900000,0x00000000ecb7fe60,0x00000000ecb80000)
  to   space 7680K, 0% used [0x00000000ed080000,0x00000000ed080000,0x00000000ed800000)
 ParOldGen       total 42496K, used 6326K [0x00000000c2c00000, 0x00000000c5580000, 0x00000000eb980000)
  object space 42496K, 14% used [0x00000000c2c00000,0x00000000c322d860,0x00000000c5580000)
 Metaspace       used 12881K, capacity 13104K, committed 13184K, reserved 1060864K
  class space    used 1558K, capacity 1655K, committed 1664K, reserved 1048576K
Event: 422.406 GC heap after
Heap after GC invocations=6 (full 0):
 PSYoungGen      total 22528K, used 2575K [0x00000000eb980000, 0x00000000ed700000, 0x0000000100000000)
  eden space 15872K, 0% used [0x00000000eb980000,0x00000000eb980000,0x00000000ec900000)
  from space 6656K, 38% used [0x00000000ed080000,0x00000000ed303e70,0x00000000ed700000)
  to   space 7168K, 0% used [0x00000000ec900000,0x00000000ec900000,0x00000000ed000000)
 ParOldGen       total 42496K, used 6334K [0x00000000c2c00000, 0x00000000c5580000, 0x00000000eb980000)
  object space 42496K, 14% used [0x00000000c2c00000,0x00000000c322f860,0x00000000c5580000)
 Metaspace       used 12881K, capacity 13104K, committed 13184K, reserved 1060864K
  class space    used 1558K, capacity 1655K, committed 1664K, reserved 1048576K
}
Event: 504.657 GC heap before
{Heap before GC invocations=7 (full 0):
 PSYoungGen      total 22528K, used 18447K [0x00000000eb980000, 0x00000000ed700000, 0x0000000100000000)
  eden space 15872K, 100% used [0x00000000eb980000,0x00000000ec900000,0x00000000ec900000)
  from space 6656K, 38% used [0x00000000ed080000,0x00000000ed303e70,0x00000000ed700000)
  to   space 7168K, 0% used [0x00000000ec900000,0x00000000ec900000,0x00000000ed000000)
 ParOldGen       total 42496K, used 6334K [0x00000000c2c00000, 0x00000000c5580000, 0x00000000eb980000)
  object space 42496K, 14% used [0x00000000c2c00000,0x00000000c322f860,0x00000000c5580000)
 Metaspace       used 12883K, capacity 13104K, committed 13184K, reserved 1060864K
  class space    used 1558K, capacity 1655K, committed 1664K, reserved 1048576K
Event: 504.752 GC heap after
Heap after GC invocations=7 (full 0):
 PSYoungGen      total 23040K, used 128K [0x00000000eb980000, 0x00000000ed800000, 0x0000000100000000)
  eden space 15872K, 0% used [0x00000000eb980000,0x00000000eb980000,0x00000000ec900000)
  from space 7168K, 1% used [0x00000000ec900000,0x00000000ec920000,0x00000000ed000000)
  to   space 7680K, 0% used [0x00000000ed080000,0x00000000ed080000,0x00000000ed800000)
 ParOldGen       total 42496K, used 8847K [0x00000000c2c00000, 0x00000000c5580000, 0x00000000eb980000)
  object space 42496K, 20% used [0x00000000c2c00000,0x00000000c34a3c80,0x00000000c5580000)
 Metaspace       used 12883K, capacity 13104K, committed 13184K, reserved 1060864K
  class space    used 1558K, capacity 1655K, committed 1664K, reserved 1048576K
}
Event: 585.555 GC heap before
{Heap before GC invocations=8 (full 0):
 PSYoungGen      total 23040K, used 16000K [0x00000000eb980000, 0x00000000ed800000, 0x0000000100000000)
  eden space 15872K, 100% used [0x00000000eb980000,0x00000000ec900000,0x00000000ec900000)
  from space 7168K, 1% used [0x00000000ec900000,0x00000000ec920000,0x00000000ed000000)
  to   space 7680K, 0% used [0x00000000ed080000,0x00000000ed080000,0x00000000ed800000)
 ParOldGen       total 42496K, used 8847K [0x00000000c2c00000, 0x00000000c5580000, 0x00000000eb980000)
  object space 42496K, 20% used [0x00000000c2c00000,0x00000000c34a3c80,0x00000000c5580000)
 Metaspace       used 12928K, capacity 13168K, committed 13440K, reserved 1060864K
  class space    used 1558K, capacity 1655K, committed 1664K, reserved 1048576K
Event: 585.557 GC heap after
Heap after GC invocations=8 (full 0):
 PSYoungGen      total 23552K, used 64K [0x00000000eb980000, 0x00000000ed800000, 0x0000000100000000)
  eden space 15872K, 0% used [0x00000000eb980000,0x00000000eb980000,0x00000000ec900000)
  from space 7680K, 0% used [0x00000000ed080000,0x00000000ed090000,0x00000000ed800000)
  to   space 7680K, 0% used [0x00000000ec900000,0x00000000ec900000,0x00000000ed080000)
 ParOldGen       total 42496K, used 8855K [0x00000000c2c00000, 0x00000000c5580000, 0x00000000eb980000)
  object space 42496K, 20% used [0x00000000c2c00000,0x00000000c34a5c80,0x00000000c5580000)
 Metaspace       used 12928K, capacity 13168K, committed 13440K, reserved 1060864K
  class space    used 1558K, capacity 1655K, committed 1664K, reserved 1048576K
}
Event: 676.660 GC heap before
{Heap before GC invocations=9 (full 0):
 PSYoungGen      total 23552K, used 15936K [0x00000000eb980000, 0x00000000ed800000, 0x0000000100000000)
  eden space 15872K, 100% used [0x00000000eb980000,0x00000000ec900000,0x00000000ec900000)
  from space 7680K, 0% used [0x00000000ed080000,0x00000000ed090000,0x00000000ed800000)
  to   space 7680K, 0% used [0x00000000ec900000,0x00000000ec900000,0x00000000ed080000)
 ParOldGen       total 42496K, used 8855K [0x00000000c2c00000, 0x00000000c5580000, 0x00000000eb980000)
  object space 42496K, 20% used [0x00000000c2c00000,0x00000000c34a5c80,0x00000000c5580000)
 Metaspace       used 12931K, capacity 13168K, committed 13440K, reserved 1060864K
  class space    used 1558K, capacity 1655K, committed 1664K, reserved 1048576K
Event: 676.662 GC heap after
Heap after GC invocations=9 (full 0):
 PSYoungGen      total 23552K, used 64K [0x00000000eb980000, 0x00000000ed800000, 0x0000000100000000)
  eden space 15872K, 0% used [0x00000000eb980000,0x00000000eb980000,0x00000000ec900000)
  from space 7680K, 0% used [0x00000000ec900000,0x00000000ec910000,0x00000000ed080000)
  to   space 7680K, 0% used [0x00000000ed080000,0x00000000ed080000,0x00000000ed800000)
 ParOldGen       total 42496K, used 8863K [0x00000000c2c00000, 0x00000000c5580000, 0x00000000eb980000)
  object space 42496K, 20% used [0x00000000c2c00000,0x00000000c34a7c80,0x00000000c5580000)
 Metaspace       used 12931K, capacity 13168K, committed 13440K, reserved 1060864K
  class space    used 1558K, capacity 1655K, committed 1664K, reserved 1048576K
}

Deoptimization events (10 events):
Event: 5.127 Thread 0x00000000570cc000 Uncommon trap: reason=class_check action=maybe_recompile pc=0x0000000002b393b8 method=java.util.HashMap.putVal(ILjava/lang/Object;Ljava/lang/Object;ZZ)Ljava/lang/Object; @ 253
Event: 5.129 Thread 0x00000000570cc000 Uncommon trap: reason=class_check action=maybe_recompile pc=0x0000000002a37798 method=java.lang.String.equals(Ljava/lang/Object;)Z @ 8
Event: 5.130 Thread 0x00000000570cc000 Uncommon trap: reason=class_check action=maybe_recompile pc=0x0000000002a37798 method=java.lang.String.equals(Ljava/lang/Object;)Z @ 8
Event: 5.131 Thread 0x00000000570cc000 Uncommon trap: reason=class_check action=maybe_recompile pc=0x0000000002a37798 method=java.lang.String.equals(Ljava/lang/Object;)Z @ 8
Event: 5.132 Thread 0x00000000570cc000 Uncommon trap: reason=class_check action=maybe_recompile pc=0x0000000002a37798 method=java.lang.String.equals(Ljava/lang/Object;)Z @ 8
Event: 6.156 Thread 0x00000000570cc000 Uncommon trap: reason=class_check action=maybe_recompile pc=0x0000000002b393b8 method=java.util.HashMap.putVal(ILjava/lang/Object;Ljava/lang/Object;ZZ)Ljava/lang/Object; @ 253
Event: 7.169 Thread 0x00000000570cc000 Uncommon trap: reason=class_check action=maybe_recompile pc=0x0000000002b393b8 method=java.util.HashMap.putVal(ILjava/lang/Object;Ljava/lang/Object;ZZ)Ljava/lang/Object; @ 253
Event: 8.175 Thread 0x00000000570cc000 Uncommon trap: reason=class_check action=maybe_recompile pc=0x0000000002b393b8 method=java.util.HashMap.putVal(ILjava/lang/Object;Ljava/lang/Object;ZZ)Ljava/lang/Object; @ 253
Event: 22.315 Thread 0x00000000573e5000 Uncommon trap: reason=unstable_if action=reinterpret pc=0x0000000002cb04a0 method=sun.font.CMap$CMapFormat4.getGlyph(I)C @ 181
Event: 422.407 Thread 0x00000000570cc000 Uncommon trap: reason=unstable_if action=reinterpret pc=0x0000000002ddb970 method=java.lang.ref.ReferenceQueue.poll()Ljava/lang/ref/Reference; @ 4

Internal exceptions (10 events):
Event: 0.060 Thread 0x00000000021ee000 Exception <a 'java/lang/NoSuchMethodError': Method sun.misc.Unsafe.prefetchRead(Ljava/lang/Object;J)V name or signature does not match> (0x00000000eb98dab8) thrown at [C:\workspace\8-2-build-windows-amd64-cygwin\jdk8u65\4987\hotspot\src\share\vm\prims\jni.
ü3…œ∑@
Event: 4.430 Thread 0x00000000021ee000 Exception <a 'java/security/PrivilegedActionException'> (0x00000000eba100d8) thrown at [C:\workspace\8-2-build-windows-amd64-cygwin\jdk8u65\4987\hotspot\src\share\vm\prims\jvm.cpp, line 1386]
Event: 4.430 Thread 0x00000000021ee000 Exception <a 'java/security/PrivilegedActionException'> (0x00000000eba102e8) thrown at [C:\workspace\8-2-build-windows-amd64-cygwin\jdk8u65\4987\hotspot\src\share\vm\prims\jvm.cpp, line 1386]
Event: 4.431 Thread 0x00000000021ee000 Exception <a 'java/security/PrivilegedActionException'> (0x00000000eba13e90) thrown at [C:\workspace\8-2-build-windows-amd64-cygwin\jdk8u65\4987\hotspot\src\share\vm\prims\jvm.cpp, line 1386]
Event: 4.431 Thread 0x00000000021ee000 Exception <a 'java/security/PrivilegedActionException'> (0x00000000eba140a0) thrown at [C:\workspace\8-2-build-windows-amd64-cygwin\jdk8u65\4987\hotspot\src\share\vm\prims\jvm.cpp, line 1386]
Event: 4.436 Thread 0x00000000021ee000 Exception <a 'java/io/FileNotFoundException'> (0x00000000eba17510) thrown at [C:\workspace\8-2-build-windows-amd64-cygwin\jdk8u65\4987\hotspot\src\share\vm\prims\jni.cpp, line 709]
Event: 4.490 Thread 0x00000000021ee000 Exception <a 'java/lang/NoSuchFieldError': method resolution failed> (0x00000000ebb34ea0) thrown at [C:\workspace\8-2-build-windows-amd64-cygwin\jdk8u65\4987\hotspot\src\share\vm\prims\methodHandles.cpp, line 1146]
Event: 4.493 Thread 0x00000000021ee000 Exception <a 'java/lang/NoSuchFieldError': method resolution failed> (0x00000000ebb42548) thrown at [C:\workspace\8-2-build-windows-amd64-cygwin\jdk8u65\4987\hotspot\src\share\vm\prims\methodHandles.cpp, line 1146]
Event: 4.555 Thread 0x00000000021ee000 Exception <a 'java/io/FileNotFoundException'> (0x00000000ebbd7c80) thrown at [C:\workspace\8-2-build-windows-amd64-cygwin\jdk8u65\4987\hotspot\src\share\vm\prims\jni.cpp, line 709]
Event: 4.622 Thread 0x00000000021ee000 Implicit null exception at 0x0000000002a1ca0b to 0x0000000002a1cbbd

Events (10 events):
Event: 686.337 Thread 0x000000005682a000 Thread added: 0x000000005682a000
Event: 687.338 Thread 0x000000005682a000 Thread exited: 0x000000005682a000
Event: 687.338 Thread 0x0000000056829800 Thread exited: 0x0000000056829800
Event: 687.339 Thread 0x0000000056829800 Thread added: 0x0000000056829800
Event: 687.340 Thread 0x000000005682a000 Thread added: 0x000000005682a000
Event: 688.594 Thread 0x0000000054e57000 flushing nmethod 0x0000000002d2c850
Event: 689.341 Thread 0x000000005682a000 Thread exited: 0x000000005682a000
Event: 689.341 Thread 0x0000000056829800 Thread exited: 0x0000000056829800
Event: 689.342 Thread 0x0000000056829800 Thread added: 0x0000000056829800
Event: 689.346 Thread 0x000000005682a000 Thread added: 0x000000005682a000


Dynamic libraries:
0x000000013fae0000 - 0x000000013fb17000 	C:\Program Files\Java\jre1.8.0_65\bin\javaw.exe
0x00000000778b0000 - 0x0000000077a59000 	C:\Windows\SYSTEM32\ntdll.dll
0x0000000077790000 - 0x00000000778af000 	C:\Windows\system32\kernel32.dll
0x000007fefd830000 - 0x000007fefd89b000 	C:\Windows\system32\KERNELBASE.dll
0x000007feffae0000 - 0x000007feffbbb000 	C:\Windows\system32\ADVAPI32.dll
0x000007feff240000 - 0x000007feff2df000 	C:\Windows\system32\msvcrt.dll
0x000007feffac0000 - 0x000007feffadf000 	C:\Windows\SYSTEM32\sechost.dll
0x000007feff450000 - 0x000007feff57d000 	C:\Windows\system32\RPCRT4.dll
0x0000000077690000 - 0x000000007778a000 	C:\Windows\system32\USER32.dll
0x000007feff580000 - 0x000007feff5e7000 	C:\Windows\system32\GDI32.dll
0x000007feff730000 - 0x000007feff73e000 	C:\Windows\system32\LPK.dll
0x000007feff9f0000 - 0x000007feffab9000 	C:\Windows\system32\USP10.dll
0x000007fefc110000 - 0x000007fefc304000 	C:\Windows\WinSxS\amd64_microsoft.windows.common-controls_6595b64144ccf1df_6.0.7601.17514_none_fa396087175ac9ac\COMCTL32.dll
0x000007fefe400000 - 0x000007fefe471000 	C:\Windows\system32\SHLWAPI.dll
0x000007fefe480000 - 0x000007fefe4ae000 	C:\Windows\system32\IMM32.DLL
0x000007feff2e0000 - 0x000007feff3e9000 	C:\Windows\system32\MSCTF.dll
0x000000005e3d0000 - 0x000000005e4a2000 	C:\Program Files\Java\jre1.8.0_65\bin\msvcr100.dll
0x000000005db40000 - 0x000000005e3c9000 	C:\Program Files\Java\jre1.8.0_65\bin\server\jvm.dll
0x000007fef9730000 - 0x000007fef9739000 	C:\Windows\system32\WSOCK32.dll
0x000007feff400000 - 0x000007feff44d000 	C:\Windows\system32\WS2_32.dll
0x000007feff3f0000 - 0x000007feff3f8000 	C:\Windows\system32\NSI.dll
0x000007fef9c80000 - 0x000007fef9cbb000 	C:\Windows\system32\WINMM.dll
0x000007fefc7a0000 - 0x000007fefc7ac000 	C:\Windows\system32\VERSION.dll
0x0000000077a80000 - 0x0000000077a87000 	C:\Windows\system32\PSAPI.DLL
0x000000006f6a0000 - 0x000000006f6af000 	C:\Program Files\Java\jre1.8.0_65\bin\verify.dll
0x000000006f670000 - 0x000000006f699000 	C:\Program Files\Java\jre1.8.0_65\bin\java.dll
0x000000006f650000 - 0x000000006f666000 	C:\Program Files\Java\jre1.8.0_65\bin\zip.dll
0x000007fefe4b0000 - 0x000007feff238000 	C:\Windows\system32\SHELL32.dll
0x000007fefdac0000 - 0x000007fefdcc3000 	C:\Windows\system32\ole32.dll
0x000007fefd690000 - 0x000007fefd69f000 	C:\Windows\system32\profapi.dll
0x000000005d790000 - 0x000000005d928000 	C:\Program Files\Java\jre1.8.0_65\bin\awt.dll
0x000007fefdf60000 - 0x000007fefe037000 	C:\Windows\system32\OLEAUT32.dll
0x000007fefbce0000 - 0x000007fefbcf8000 	C:\Windows\system32\DWMAPI.DLL
0x000007fefbf30000 - 0x000007fefbf86000 	C:\Windows\system32\uxtheme.dll
0x000007fefd5c0000 - 0x000007fefd5cf000 	C:\Windows\system32\CRYPTBASE.dll
0x0000000180000000 - 0x000000018004a000 	C:\Program Files\Acer\Acer ePower Management\SysHook.dll
0x000007fef8d50000 - 0x000007fef8dc1000 	C:\Windows\system32\WINSPOOL.DRV
0x000000006f5c0000 - 0x000000006f607000 	C:\Program Files\Java\jre1.8.0_65\bin\fontmanager.dll
0x000000006f630000 - 0x000000006f64a000 	C:\Program Files\Java\jre1.8.0_65\bin\net.dll
0x000007fefcee0000 - 0x000007fefcf35000 	C:\Windows\system32\mswsock.dll
0x000007fefced0000 - 0x000007fefced7000 	C:\Windows\System32\wship6.dll
0x000000006f610000 - 0x000000006f621000 	C:\Program Files\Java\jre1.8.0_65\bin\nio.dll
0x000000006f570000 - 0x000000006f5b2000 	C:\Program Files\Java\jre1.8.0_65\bin\t2k.dll
0x000007feff690000 - 0x000007feff729000 	C:\Windows\system32\CLBCatQ.DLL
0x000007fefb710000 - 0x000007fefb871000 	C:\Windows\system32\WindowsCodecs.dll
0x000007fefd560000 - 0x000007fefd5b7000 	C:\Windows\system32\apphelp.dll
0x000007fef6f00000 - 0x000007fef6f3b000 	C:\Program Files (x86)\Dropbox\Client\DropboxExt64.28.dll
0x000007fef6ec0000 - 0x000007fef6ef5000 	C:\Windows\system32\EhStorShell.dll
0x000007fefe220000 - 0x000007fefe3f7000 	C:\Windows\system32\SETUPAPI.dll
0x000007fefd8a0000 - 0x000007fefd8d6000 	C:\Windows\system32\CFGMGR32.dll
0x000007fefda90000 - 0x000007fefdaaa000 	C:\Windows\system32\DEVOBJ.dll
0x000007fefbf90000 - 0x000007fefc0bc000 	C:\Windows\system32\PROPSYS.dll
0x000007fef6850000 - 0x000007fef6ebf000 	C:\PROGRA~1\MICROS~1\Office14\GROOVEEX.DLL
0x0000000070620000 - 0x00000000706c3000 	C:\Windows\WinSxS\amd64_microsoft.vc90.crt_1fc8b3b9a1e18e3b_9.0.30729.6161_none_08e61857a83bc251\MSVCR90.dll
0x0000000070540000 - 0x0000000070613000 	C:\Windows\WinSxS\amd64_microsoft.vc90.crt_1fc8b3b9a1e18e3b_9.0.30729.6161_none_08e61857a83bc251\MSVCP90.dll
0x0000000070510000 - 0x000000007053f000 	C:\Windows\WinSxS\amd64_microsoft.vc90.atl_1fc8b3b9a1e18e3b_9.0.30729.6161_none_0a1fd3a3a768b895\ATL90.DLL
0x000007fef55c0000 - 0x000007fef59da000 	C:\PROGRA~1\COMMON~1\MICROS~1\OFFICE14\Cultures\office.odf
0x000007fef4d40000 - 0x000007fef55c0000 	C:\PROGRA~1\MICROS~1\Office14\3082\GrooveIntlResource.dll

VM Arguments:
jvm_args: -Dfile.encoding=Cp1252 
java_command: frmPrincipal
java_class_path (initial): C:\Users\Alumno\workspace\Kenshi_Tienda\bin
Launcher Type: SUN_STANDARD

Environment Variables:
CLASSPATH=.;C:\Program Files (x86)\Java\jre7\lib\ext\QTJava.zip
PATH=C:\ProgramData\Oracle\Java\javapath;C:\Program Files (x86)\Intel\iCLS Client\;C:\Program Files\Intel\iCLS Client\;C:\Program Files\Common Files\Microsoft Shared\Windows Live;C:\Program Files (x86)\Common Files\Microsoft Shared\Windows Live;C:\Windows\system32;C:\Windows;C:\Windows\System32\Wbem;C:\Windows\System32\WindowsPowerShell\v1.0\;C:\Program Files (x86)\Windows Live\Shared;C:\Program Files\Intel\Intel(R) Management Engine Components\DAL;C:\Program Files\Intel\Intel(R) Management Engine Components\IPT;C:\Program Files (x86)\Intel\Intel(R) Management Engine Components\DAL;C:\Program Files (x86)\Intel\Intel(R) Management Engine Components\IPT; C:\Program Files\Java\jdk1.7.0_05bin;C:\Program Files (x86)\Intel\OpenCL SDK\2.0\bin\x86;C:\Program Files (x86)\Intel\OpenCL SDK\2.0\bin\x64;C:\Program Files (x86)\QuickTime\QTSystem\;C:\Program Files (x86)\Java\jdk1.7.0_25;C:\Program Files\Java\jdk1.7.0_25;C:\Program Files\Java\jdk1.7.0_05
USERNAME=Alumno
OS=Windows_NT
PROCESSOR_IDENTIFIER=Intel64 Family 6 Model 58 Stepping 9, GenuineIntel



---------------  S Y S T E M  ---------------

OS: Windows 7 , 64 bit Build 7601 (6.1.7601.18015)

CPU:total 4 (2 cores per cpu, 2 threads per core) family 6 model 58 stepping 9, cmov, cx8, fxsr, mmx, sse, sse2, sse3, ssse3, sse4.1, sse4.2, popcnt, avx, clmul, erms, ht, tsc, tscinvbit, tscinv

Memory: 4k page, physical 4008300k(136212k free), swap 16031340k(3392k free)

vm_info: Java HotSpot(TM) 64-Bit Server VM (25.65-b01) for windows-amd64 JRE (1.8.0_65-b17), built on Oct  6 2015 16:39:20 by "java_re" with MS VC++ 10.0 (VS2010)

time: Wed Nov 04 12:39:13 2015
elapsed time: 699 seconds (0d 0h 11m 39s)

