#
# There is insufficient memory for the Java Runtime Environment to continue.
# Native memory allocation (malloc) failed to allocate 32744 bytes for ChunkPool::allocate
# Possible reasons:
#   The system is out of physical RAM or swap space
#   In 32 bit mode, the process size limit was hit
# Possible solutions:
#   Reduce memory load on the system
#   Increase physical memory or swap space
#   Check if swap backing store is full
#   Use 64 bit Java on a 64 bit OS
#   Decrease Java heap size (-Xmx/-Xms)
#   Decrease number of Java threads
#   Decrease Java thread stack sizes (-Xss)
#   Set larger code cache with -XX:ReservedCodeCacheSize=
# This output file may be truncated or incomplete.
#
#  Out of Memory Error (allocation.cpp:273), pid=14236, tid=13868
#
# JRE version: Java(TM) SE Runtime Environment (8.0_65-b17) (build 1.8.0_65-b17)
# Java VM: Java HotSpot(TM) 64-Bit Server VM (25.65-b01 mixed mode windows-amd64 compressed oops)
# Failed to write core dump. Minidumps are not enabled by default on client versions of Windows
#

---------------  T H R E A D  ---------------

Current thread (0x0000000056911000):  JavaThread "C2 CompilerThread1" daemon [_thread_in_native, id=13868, stack(0x0000000056e40000,0x0000000056f40000)]

Stack: [0x0000000056e40000,0x0000000056f40000]
[error occurred during error reporting (printing stack bounds), id 0xc0000005]

Native frames: (J=compiled Java code, j=interpreted, Vv=VM code, C=native code)


Current CompileTask:
C2: 179288 1736       4       javax.swing.text.GlyphView::getPreferredSpan (138 bytes)


---------------  P R O C E S S  ---------------

Java Threads: ( => current thread )
  0x0000000056b97000 JavaThread "AWT-EventQueue-0" [_thread_blocked, id=9996, stack(0x00000000580a0000,0x00000000581a0000)]
  0x0000000057712000 JavaThread "AWT-Shutdown" [_thread_blocked, id=12832, stack(0x00000000582a0000,0x00000000583a0000)]
  0x0000000057709800 JavaThread "TimerQueue" daemon [_thread_blocked, id=12708, stack(0x000000005ac90000,0x000000005ad90000)]
  0x000000000218e000 JavaThread "DestroyJavaVM" [_thread_blocked, id=11740, stack(0x0000000002460000,0x0000000002560000)]
  0x0000000057aa7800 JavaThread "Thread-1" [_thread_blocked, id=13548, stack(0x0000000059a60000,0x0000000059b60000)]
  0x000000005751a800 JavaThread "AWT-Windows" daemon [_thread_in_native, id=8356, stack(0x0000000057f60000,0x0000000058060000)]
  0x0000000057515000 JavaThread "Java2D Disposer" daemon [_thread_blocked, id=13748, stack(0x0000000056480000,0x0000000056580000)]
  0x00000000569b1800 JavaThread "Service Thread" daemon [_thread_blocked, id=12420, stack(0x0000000057230000,0x0000000057330000)]
  0x0000000056912000 JavaThread "C1 CompilerThread2" daemon [_thread_in_native, id=14280, stack(0x0000000057000000,0x0000000057100000)]
=>0x0000000056911000 JavaThread "C2 CompilerThread1" daemon [_thread_in_native, id=13868, stack(0x0000000056e40000,0x0000000056f40000)]
  0x0000000054f09000 JavaThread "C2 CompilerThread0" daemon [_thread_in_native, id=8488, stack(0x00000000566b0000,0x00000000567b0000)]
  0x0000000054f05000 JavaThread "Attach Listener" daemon [_thread_blocked, id=14056, stack(0x0000000056810000,0x0000000056910000)]
  0x0000000054f02000 JavaThread "Signal Dispatcher" daemon [_thread_blocked, id=13904, stack(0x0000000056580000,0x0000000056680000)]
  0x0000000054ea6800 JavaThread "Finalizer" daemon [_thread_blocked, id=13624, stack(0x0000000056360000,0x0000000056460000)]
  0x0000000054e9f800 JavaThread "Reference Handler" daemon [_thread_blocked, id=13640, stack(0x00000000561d0000,0x00000000562d0000)]

Other Threads:
  0x0000000054e9a000 VMThread [stack: 0x0000000055fc0000,0x00000000560c0000] [id=13144]
  0x00000000569ba000 WatcherThread [stack: 0x00000000573e0000,0x00000000574e0000] [id=13728]

VM state:not at safepoint (normal execution)

VM Mutex/Monitor currently owned by a thread: None

Heap:
 PSYoungGen      total 18432K, used 8126K [0x00000000eb980000, 0x00000000ece00000, 0x0000000100000000)
  eden space 15872K, 35% used [0x00000000eb980000,0x00000000ebeefa80,0x00000000ec900000)
  from space 2560K, 99% used [0x00000000ecb80000,0x00000000ecdffe80,0x00000000ece00000)
  to   space 2560K, 0% used [0x00000000ec900000,0x00000000ec900000,0x00000000ecb80000)
 ParOldGen       total 42496K, used 4228K [0x00000000c2c00000, 0x00000000c5580000, 0x00000000eb980000)
  object space 42496K, 9% used [0x00000000c2c00000,0x00000000c30210e0,0x00000000c5580000)
 Metaspace       used 12645K, capacity 12912K, committed 13184K, reserved 1060864K
  class space    used 1560K, capacity 1655K, committed 1664K, reserved 1048576K

Card table byte_map: [0x0000000011bf0000,0x0000000011de0000] byte_map_base: 0x00000000115da000

Marking Bits: (ParMarkBitMap*) 0x000000005e34a5b0
 Begin Bits: [0x0000000012480000, 0x00000000133d0000)
 End Bits:   [0x00000000133d0000, 0x0000000014320000)

Polling page: 0x00000000000b0000

CodeCache: size=245760Kb used=5276Kb max_used=5279Kb free=240483Kb
 bounds [0x0000000002830000, 0x0000000002d70000, 0x0000000011830000]
 total_blobs=2132 nmethods=1635 adapters=408
 compilation: enabled

Compilation events (10 events):
Event: 172.875 Thread 0x0000000056912000 1732       3       java.lang.Thread::setPriority (56 bytes)
Event: 172.876 Thread 0x0000000056912000 nmethod 1732 0x0000000002d5c650 code [0x0000000002d5c800, 0x0000000002d5cf28]
Event: 172.876 Thread 0x0000000056912000 1733       3       java.lang.Object::wait (6 bytes)
Event: 172.876 Thread 0x0000000056912000 nmethod 1733 0x0000000002d53f10 code [0x0000000002d54080, 0x0000000002d54288]
Event: 172.877 Thread 0x0000000054f09000 nmethod 1731 0x0000000002d48350 code [0x0000000002d484a0, 0x0000000002d485a8]
Event: 173.882 Thread 0x0000000056912000 1734       3       javax.swing.text.GlyphView::getBreaker (60 bytes)
Event: 173.885 Thread 0x0000000056912000 nmethod 1734 0x0000000002d5e910 code [0x0000000002d5eb80, 0x0000000002d5fe08]
Event: 175.888 Thread 0x0000000056912000 1735       3       sun.font.TrueTypeFont::getFamilyName (55 bytes)
Event: 175.889 Thread 0x0000000056912000 nmethod 1735 0x0000000002d5bfd0 code [0x0000000002d5c160, 0x0000000002d5c528]
Event: 176.897 Thread 0x0000000056911000 1736       4       javax.swing.text.GlyphView::getPreferredSpan (138 bytes)

GC Heap History (4 events):
Event: 63.036 GC heap before
{Heap before GC invocations=1 (full 0):
 PSYoungGen      total 18432K, used 15872K [0x00000000eb980000, 0x00000000ece00000, 0x0000000100000000)
  eden space 15872K, 100% used [0x00000000eb980000,0x00000000ec900000,0x00000000ec900000)
  from space 2560K, 0% used [0x00000000ecb80000,0x00000000ecb80000,0x00000000ece00000)
  to   space 2560K, 0% used [0x00000000ec900000,0x00000000ec900000,0x00000000ecb80000)
 ParOldGen       total 42496K, used 0K [0x00000000c2c00000, 0x00000000c5580000, 0x00000000eb980000)
  object space 42496K, 0% used [0x00000000c2c00000,0x00000000c2c00000,0x00000000c5580000)
 Metaspace       used 12453K, capacity 12712K, committed 12928K, reserved 1060864K
  class space    used 1560K, capacity 1655K, committed 1664K, reserved 1048576K
Event: 63.046 GC heap after
Heap after GC invocations=1 (full 0):
 PSYoungGen      total 18432K, used 2559K [0x00000000eb980000, 0x00000000ece00000, 0x0000000100000000)
  eden space 15872K, 0% used [0x00000000eb980000,0x00000000eb980000,0x00000000ec900000)
  from space 2560K, 99% used [0x00000000ec900000,0x00000000ecb7fe60,0x00000000ecb80000)
  to   space 2560K, 0% used [0x00000000ecb80000,0x00000000ecb80000,0x00000000ece00000)
 ParOldGen       total 42496K, used 4220K [0x00000000c2c00000, 0x00000000c5580000, 0x00000000eb980000)
  object space 42496K, 9% used [0x00000000c2c00000,0x00000000c301f0e0,0x00000000c5580000)
 Metaspace       used 12453K, capacity 12712K, committed 12928K, reserved 1060864K
  class space    used 1560K, capacity 1655K, committed 1664K, reserved 1048576K
}
Event: 149.693 GC heap before
{Heap before GC invocations=2 (full 0):
 PSYoungGen      total 18432K, used 18431K [0x00000000eb980000, 0x00000000ece00000, 0x0000000100000000)
  eden space 15872K, 100% used [0x00000000eb980000,0x00000000ec900000,0x00000000ec900000)
  from space 2560K, 99% used [0x00000000ec900000,0x00000000ecb7fe60,0x00000000ecb80000)
  to   space 2560K, 0% used [0x00000000ecb80000,0x00000000ecb80000,0x00000000ece00000)
 ParOldGen       total 42496K, used 4220K [0x00000000c2c00000, 0x00000000c5580000, 0x00000000eb980000)
  object space 42496K, 9% used [0x00000000c2c00000,0x00000000c301f0e0,0x00000000c5580000)
 Metaspace       used 12606K, capacity 12848K, committed 12928K, reserved 1060864K
  class space    used 1560K, capacity 1655K, committed 1664K, reserved 1048576K
Event: 149.759 GC heap after
Heap after GC invocations=2 (full 0):
 PSYoungGen      total 18432K, used 2559K [0x00000000eb980000, 0x00000000ece00000, 0x0000000100000000)
  eden space 15872K, 0% used [0x00000000eb980000,0x00000000eb980000,0x00000000ec900000)
  from space 2560K, 99% used [0x00000000ecb80000,0x00000000ecdffe80,0x00000000ece00000)
  to   space 2560K, 0% used [0x00000000ec900000,0x00000000ec900000,0x00000000ecb80000)
 ParOldGen       total 42496K, used 4228K [0x00000000c2c00000, 0x00000000c5580000, 0x00000000eb980000)
  object space 42496K, 9% used [0x00000000c2c00000,0x00000000c30210e0,0x00000000c5580000)
 Metaspace       used 12606K, capacity 12848K, committed 12928K, reserved 1060864K
  class space    used 1560K, capacity 1655K, committed 1664K, reserved 1048576K
}

Deoptimization events (10 events):
Event: 26.519 Thread 0x0000000057aa7800 Uncommon trap: reason=bimorphic action=maybe_recompile pc=0x0000000002ab0c54 method=java.util.HashMap.putVal(ILjava/lang/Object;Ljava/lang/Object;ZZ)Ljava/lang/Object; @ 152
Event: 28.773 Thread 0x0000000057aa7800 Uncommon trap: reason=class_check action=maybe_recompile pc=0x0000000002ac1930 method=java.util.HashMap.putVal(ILjava/lang/Object;Ljava/lang/Object;ZZ)Ljava/lang/Object; @ 253
Event: 28.786 Thread 0x0000000057aa7800 Uncommon trap: reason=class_check action=maybe_recompile pc=0x00000000029b6d18 method=java.lang.String.equals(Ljava/lang/Object;)Z @ 8
Event: 28.797 Thread 0x0000000057aa7800 Uncommon trap: reason=class_check action=maybe_recompile pc=0x00000000029b6d18 method=java.lang.String.equals(Ljava/lang/Object;)Z @ 8
Event: 28.803 Thread 0x0000000057aa7800 Uncommon trap: reason=class_check action=maybe_recompile pc=0x00000000029b6d18 method=java.lang.String.equals(Ljava/lang/Object;)Z @ 8
Event: 28.916 Thread 0x0000000057aa7800 Uncommon trap: reason=class_check action=maybe_recompile pc=0x00000000029b6d18 method=java.lang.String.equals(Ljava/lang/Object;)Z @ 8
Event: 30.659 Thread 0x0000000057aa7800 Uncommon trap: reason=class_check action=maybe_recompile pc=0x0000000002ac1930 method=java.util.HashMap.putVal(ILjava/lang/Object;Ljava/lang/Object;ZZ)Ljava/lang/Object; @ 253
Event: 31.668 Thread 0x0000000057aa7800 Uncommon trap: reason=class_check action=maybe_recompile pc=0x0000000002ac0858 method=java.util.HashMap.putVal(ILjava/lang/Object;Ljava/lang/Object;ZZ)Ljava/lang/Object; @ 253
Event: 32.680 Thread 0x0000000057aa7800 Uncommon trap: reason=class_check action=maybe_recompile pc=0x0000000002ac0858 method=java.util.HashMap.putVal(ILjava/lang/Object;Ljava/lang/Object;ZZ)Ljava/lang/Object; @ 253
Event: 106.379 Thread 0x0000000057aa7800 Uncommon trap: reason=class_check action=maybe_recompile pc=0x0000000002ac1930 method=java.util.HashMap.putVal(ILjava/lang/Object;Ljava/lang/Object;ZZ)Ljava/lang/Object; @ 253

Internal exceptions (10 events):
Event: 0.104 Thread 0x000000000218e000 Exception <a 'java/lang/NoSuchMethodError': Method sun.misc.Unsafe.prefetchRead(Ljava/lang/Object;J)V name or signature does not match> (0x00000000eb98d5b8) thrown at [C:\workspace\8-2-build-windows-amd64-cygwin\jdk8u65\4987\hotspot\src\share\vm\prims\jni.¢mdT@eà?
Event: 0.512 Thread 0x000000000218e000 Exception <a 'java/security/PrivilegedActionException'> (0x00000000eba5f2b8) thrown at [C:\workspace\8-2-build-windows-amd64-cygwin\jdk8u65\4987\hotspot\src\share\vm\prims\jvm.cpp, line 1386]
Event: 0.512 Thread 0x000000000218e000 Exception <a 'java/security/PrivilegedActionException'> (0x00000000eba5f4c8) thrown at [C:\workspace\8-2-build-windows-amd64-cygwin\jdk8u65\4987\hotspot\src\share\vm\prims\jvm.cpp, line 1386]
Event: 0.514 Thread 0x000000000218e000 Exception <a 'java/security/PrivilegedActionException'> (0x00000000eba63070) thrown at [C:\workspace\8-2-build-windows-amd64-cygwin\jdk8u65\4987\hotspot\src\share\vm\prims\jvm.cpp, line 1386]
Event: 0.514 Thread 0x000000000218e000 Exception <a 'java/security/PrivilegedActionException'> (0x00000000eba63280) thrown at [C:\workspace\8-2-build-windows-amd64-cygwin\jdk8u65\4987\hotspot\src\share\vm\prims\jvm.cpp, line 1386]
Event: 0.577 Thread 0x000000000218e000 Exception <a 'java/io/FileNotFoundException'> (0x00000000eba666f0) thrown at [C:\workspace\8-2-build-windows-amd64-cygwin\jdk8u65\4987\hotspot\src\share\vm\prims\jni.cpp, line 709]
Event: 0.946 Thread 0x000000000218e000 Exception <a 'java/lang/NoSuchFieldError': method resolution failed> (0x00000000ebb84080) thrown at [C:\workspace\8-2-build-windows-amd64-cygwin\jdk8u65\4987\hotspot\src\share\vm\prims\methodHandles.cpp, line 1146]
Event: 0.949 Thread 0x000000000218e000 Exception <a 'java/lang/NoSuchFieldError': method resolution failed> (0x00000000ebb91728) thrown at [C:\workspace\8-2-build-windows-amd64-cygwin\jdk8u65\4987\hotspot\src\share\vm\prims\methodHandles.cpp, line 1146]
Event: 2.296 Thread 0x000000000218e000 Exception <a 'java/io/FileNotFoundException'> (0x00000000ebc26e60) thrown at [C:\workspace\8-2-build-windows-amd64-cygwin\jdk8u65\4987\hotspot\src\share\vm\prims\jni.cpp, line 709]
Event: 2.741 Thread 0x000000000218e000 Implicit null exception at 0x000000000299e94b to 0x000000000299eafd

Events (10 events):
Event: 174.885 Thread 0x0000000056b97000 Thread added: 0x0000000056b97000
Event: 174.886 Thread 0x0000000057712000 Thread added: 0x0000000057712000
Event: 175.888 Thread 0x0000000057712000 Thread exited: 0x0000000057712000
Event: 175.888 Thread 0x0000000056b97000 Thread exited: 0x0000000056b97000
Event: 175.890 Thread 0x0000000056b97000 Thread added: 0x0000000056b97000
Event: 175.891 Thread 0x0000000057712000 Thread added: 0x0000000057712000
Event: 176.893 Thread 0x0000000056b97000 Thread exited: 0x0000000056b97000
Event: 176.893 Thread 0x0000000057712000 Thread exited: 0x0000000057712000
Event: 176.895 Thread 0x0000000057712000 Thread added: 0x0000000057712000
Event: 176.896 Thread 0x0000000056b97000 Thread added: 0x0000000056b97000


Dynamic libraries:
0x000000013fae0000 - 0x000000013fb17000 	C:\Program Files\Java\jre1.8.0_65\bin\javaw.exe
0x00000000778b0000 - 0x0000000077a59000 	C:\Windows\SYSTEM32\ntdll.dll
0x0000000077790000 - 0x00000000778af000 	C:\Windows\system32\kernel32.dll
0x000007fefd830000 - 0x000007fefd89b000 	C:\Windows\system32\KERNELBASE.dll
0x000007feffae0000 - 0x000007feffbbb000 	C:\Windows\system32\ADVAPI32.dll
0x000007feff240000 - 0x000007feff2df000 	C:\Windows\system32\msvcrt.dll
0x000007feffac0000 - 0x000007feffadf000 	C:\Windows\SYSTEM32\sechost.dll
0x000007feff450000 - 0x000007feff57d000 	C:\Windows\system32\RPCRT4.dll
0x0000000077690000 - 0x000000007778a000 	C:\Windows\system32\USER32.dll
0x000007feff580000 - 0x000007feff5e7000 	C:\Windows\system32\GDI32.dll
0x000007feff730000 - 0x000007feff73e000 	C:\Windows\system32\LPK.dll
0x000007feff9f0000 - 0x000007feffab9000 	C:\Windows\system32\USP10.dll
0x000007fefc110000 - 0x000007fefc304000 	C:\Windows\WinSxS\amd64_microsoft.windows.common-controls_6595b64144ccf1df_6.0.7601.17514_none_fa396087175ac9ac\COMCTL32.dll
0x000007fefe400000 - 0x000007fefe471000 	C:\Windows\system32\SHLWAPI.dll
0x000007fefe480000 - 0x000007fefe4ae000 	C:\Windows\system32\IMM32.DLL
0x000007feff2e0000 - 0x000007feff3e9000 	C:\Windows\system32\MSCTF.dll
0x000000005e3d0000 - 0x000000005e4a2000 	C:\Program Files\Java\jre1.8.0_65\bin\msvcr100.dll
0x000000005db40000 - 0x000000005e3c9000 	C:\Program Files\Java\jre1.8.0_65\bin\server\jvm.dll
0x000007fef9730000 - 0x000007fef9739000 	C:\Windows\system32\WSOCK32.dll
0x000007feff400000 - 0x000007feff44d000 	C:\Windows\system32\WS2_32.dll
0x000007feff3f0000 - 0x000007feff3f8000 	C:\Windows\system32\NSI.dll
0x000007fef9c80000 - 0x000007fef9cbb000 	C:\Windows\system32\WINMM.dll
0x000007fefc7a0000 - 0x000007fefc7ac000 	C:\Windows\system32\VERSION.dll
0x0000000077a80000 - 0x0000000077a87000 	C:\Windows\system32\PSAPI.DLL
0x000000006f6a0000 - 0x000000006f6af000 	C:\Program Files\Java\jre1.8.0_65\bin\verify.dll
0x000000006f670000 - 0x000000006f699000 	C:\Program Files\Java\jre1.8.0_65\bin\java.dll
0x000000006f650000 - 0x000000006f666000 	C:\Program Files\Java\jre1.8.0_65\bin\zip.dll
0x000007fefe4b0000 - 0x000007feff238000 	C:\Windows\system32\SHELL32.dll
0x000007fefdac0000 - 0x000007fefdcc3000 	C:\Windows\system32\ole32.dll
0x000007fefd690000 - 0x000007fefd69f000 	C:\Windows\system32\profapi.dll
0x000000005d790000 - 0x000000005d928000 	C:\Program Files\Java\jre1.8.0_65\bin\awt.dll
0x000007fefdf60000 - 0x000007fefe037000 	C:\Windows\system32\OLEAUT32.dll
0x000007fefbce0000 - 0x000007fefbcf8000 	C:\Windows\system32\DWMAPI.DLL
0x000007fefbf30000 - 0x000007fefbf86000 	C:\Windows\system32\uxtheme.dll
0x000007fefd5c0000 - 0x000007fefd5cf000 	C:\Windows\system32\CRYPTBASE.dll
0x0000000180000000 - 0x000000018004a000 	C:\Program Files\Acer\Acer ePower Management\SysHook.dll
0x000007fef8d50000 - 0x000007fef8dc1000 	C:\Windows\system32\WINSPOOL.DRV
0x000000006f5c0000 - 0x000000006f607000 	C:\Program Files\Java\jre1.8.0_65\bin\fontmanager.dll
0x000000006f630000 - 0x000000006f64a000 	C:\Program Files\Java\jre1.8.0_65\bin\net.dll
0x000007fefcee0000 - 0x000007fefcf35000 	C:\Windows\system32\mswsock.dll
0x000007fefced0000 - 0x000007fefced7000 	C:\Windows\System32\wship6.dll
0x000000006f610000 - 0x000000006f621000 	C:\Program Files\Java\jre1.8.0_65\bin\nio.dll
0x000000006f570000 - 0x000000006f5b2000 	C:\Program Files\Java\jre1.8.0_65\bin\t2k.dll
0x000007feff690000 - 0x000007feff729000 	C:\Windows\system32\CLBCatQ.DLL
0x000007fefb710000 - 0x000007fefb871000 	C:\Windows\system32\WindowsCodecs.dll
0x000007fefd560000 - 0x000007fefd5b7000 	C:\Windows\system32\apphelp.dll
0x000007fef6f00000 - 0x000007fef6f3b000 	C:\Program Files (x86)\Dropbox\Client\DropboxExt64.28.dll
0x000007fef6ec0000 - 0x000007fef6ef5000 	C:\Windows\system32\EhStorShell.dll
0x000007fefe220000 - 0x000007fefe3f7000 	C:\Windows\system32\SETUPAPI.dll
0x000007fefd8a0000 - 0x000007fefd8d6000 	C:\Windows\system32\CFGMGR32.dll
0x000007fefda90000 - 0x000007fefdaaa000 	C:\Windows\system32\DEVOBJ.dll
0x000007fefbf90000 - 0x000007fefc0bc000 	C:\Windows\system32\PROPSYS.dll
0x000007fef6850000 - 0x000007fef6ebf000 	C:\PROGRA~1\MICROS~1\Office14\GROOVEEX.DLL
0x0000000070620000 - 0x00000000706c3000 	C:\Windows\WinSxS\amd64_microsoft.vc90.crt_1fc8b3b9a1e18e3b_9.0.30729.6161_none_08e61857a83bc251\MSVCR90.dll
0x0000000070540000 - 0x0000000070613000 	C:\Windows\WinSxS\amd64_microsoft.vc90.crt_1fc8b3b9a1e18e3b_9.0.30729.6161_none_08e61857a83bc251\MSVCP90.dll
0x0000000070510000 - 0x000000007053f000 	C:\Windows\WinSxS\amd64_microsoft.vc90.atl_1fc8b3b9a1e18e3b_9.0.30729.6161_none_0a1fd3a3a768b895\ATL90.DLL
0x000007fef55c0000 - 0x000007fef59da000 	C:\PROGRA~1\COMMON~1\MICROS~1\OFFICE14\Cultures\office.odf
0x000007fef4d40000 - 0x000007fef55c0000 	C:\PROGRA~1\MICROS~1\Office14\3082\GrooveIntlResource.dll

VM Arguments:
jvm_args: -Dfile.encoding=Cp1252 
java_command: frmPrincipal
java_class_path (initial): C:\Users\Alumno\workspace\Kenshi_Tienda\bin
Launcher Type: SUN_STANDARD

Environment Variables:
CLASSPATH=.;C:\Program Files (x86)\Java\jre7\lib\ext\QTJava.zip
PATH=C:\ProgramData\Oracle\Java\javapath;C:\Program Files (x86)\Intel\iCLS Client\;C:\Program Files\Intel\iCLS Client\;C:\Program Files\Common Files\Microsoft Shared\Windows Live;C:\Program Files (x86)\Common Files\Microsoft Shared\Windows Live;C:\Windows\system32;C:\Windows;C:\Windows\System32\Wbem;C:\Windows\System32\WindowsPowerShell\v1.0\;C:\Program Files (x86)\Windows Live\Shared;C:\Program Files\Intel\Intel(R) Management Engine Components\DAL;C:\Program Files\Intel\Intel(R) Management Engine Components\IPT;C:\Program Files (x86)\Intel\Intel(R) Management Engine Components\DAL;C:\Program Files (x86)\Intel\Intel(R) Management Engine Components\IPT; C:\Program Files\Java\jdk1.7.0_05bin;C:\Program Files (x86)\Intel\OpenCL SDK\2.0\bin\x86;C:\Program Files (x86)\Intel\OpenCL SDK\2.0\bin\x64;C:\Program Files (x86)\QuickTime\QTSystem\;C:\Program Files (x86)\Java\jdk1.7.0_25;C:\Program Files\Java\jdk1.7.0_25;C:\Program Files\Java\jdk1.7.0_05
USERNAME=Alumno
OS=Windows_NT
PROCESSOR_IDENTIFIER=Intel64 Family 6 Model 58 Stepping 9, GenuineIntel



---------------  S Y S T E M  ---------------

OS: Windows 7 , 64 bit Build 7601 (6.1.7601.18015)

CPU:total 4 (2 cores per cpu, 2 threads per core) family 6 model 58 stepping 9, cmov, cx8, fxsr, mmx, sse, sse2, sse3, ssse3, sse4.1, sse4.2, popcnt, avx, clmul, erms, ht, tsc, tscinvbit, tscinv

Memory: 4k page, physical 4008300k(134900k free), swap 16031340k(3572k free)

vm_info: Java HotSpot(TM) 64-Bit Server VM (25.65-b01) for windows-amd64 JRE (1.8.0_65-b17), built on Oct  6 2015 16:39:20 by "java_re" with MS VC++ 10.0 (VS2010)

time: Wed Nov 04 12:39:15 2015
elapsed time: 179 seconds (0d 0h 2m 59s)

