#
# There is insufficient memory for the Java Runtime Environment to continue.
# Native memory allocation (malloc) failed to allocate 32744 bytes for ChunkPool::allocate
# Possible reasons:
#   The system is out of physical RAM or swap space
#   In 32 bit mode, the process size limit was hit
# Possible solutions:
#   Reduce memory load on the system
#   Increase physical memory or swap space
#   Check if swap backing store is full
#   Use 64 bit Java on a 64 bit OS
#   Decrease Java heap size (-Xmx/-Xms)
#   Decrease number of Java threads
#   Decrease Java thread stack sizes (-Xss)
#   Set larger code cache with -XX:ReservedCodeCacheSize=
# This output file may be truncated or incomplete.
#
#  Out of Memory Error (allocation.cpp:273), pid=9480, tid=10324
#
# JRE version: Java(TM) SE Runtime Environment (8.0_65-b17) (build 1.8.0_65-b17)
# Java VM: Java HotSpot(TM) 64-Bit Server VM (25.65-b01 mixed mode windows-amd64 compressed oops)
# Failed to write core dump. Minidumps are not enabled by default on client versions of Windows
#

---------------  T H R E A D  ---------------

Current thread (0x0000000054cb9800):  JavaThread "C2 CompilerThread0" daemon [_thread_in_vm, id=10324, stack(0x00000000569c0000,0x0000000056ac0000)]

Stack: [0x00000000569c0000,0x0000000056ac0000]
[error occurred during error reporting (printing stack bounds), id 0xc0000005]

Native frames: (J=compiled Java code, j=interpreted, Vv=VM code, C=native code)


Current CompileTask:
C2:1394480 2109       4       javax.swing.text.CompositeView::loadChildren (70 bytes)


---------------  P R O C E S S  ---------------

Java Threads: ( => current thread )
  0x000000000217e000 JavaThread "DestroyJavaVM" [_thread_blocked, id=11244, stack(0x00000000024b0000,0x00000000025b0000)]
  0x000000005706c800 JavaThread "Thread-1" [_thread_blocked, id=7508, stack(0x0000000058c40000,0x0000000058d40000)]
  0x0000000056905800 JavaThread "AWT-Windows" daemon [_thread_in_native, id=9888, stack(0x0000000057d50000,0x0000000057e50000)]
  0x000000005683e000 JavaThread "Java2D Disposer" daemon [_thread_blocked, id=9172, stack(0x0000000057a20000,0x0000000057b20000)]
  0x00000000565b2800 JavaThread "Service Thread" daemon [_thread_blocked, id=10928, stack(0x0000000056e30000,0x0000000056f30000)]
  0x000000005652f800 JavaThread "C1 CompilerThread2" daemon [_thread_blocked, id=3128, stack(0x0000000056c90000,0x0000000056d90000)]
  0x0000000054cba800 JavaThread "C2 CompilerThread1" daemon [_thread_in_native, id=10892, stack(0x0000000056b70000,0x0000000056c70000)]
=>0x0000000054cb9800 JavaThread "C2 CompilerThread0" daemon [_thread_in_vm, id=10324, stack(0x00000000569c0000,0x0000000056ac0000)]
  0x0000000054cb3800 JavaThread "Attach Listener" daemon [_thread_blocked, id=9196, stack(0x0000000056420000,0x0000000056520000)]
  0x0000000054cbf800 JavaThread "Signal Dispatcher" daemon [_thread_blocked, id=4596, stack(0x00000000562b0000,0x00000000563b0000)]
  0x0000000054c59800 JavaThread "Finalizer" daemon [_thread_blocked, id=10004, stack(0x00000000560a0000,0x00000000561a0000)]
  0x0000000054c50800 JavaThread "Reference Handler" daemon [_thread_blocked, id=10640, stack(0x0000000055f10000,0x0000000056010000)]

Other Threads:
  0x0000000054c4b000 VMThread [stack: 0x0000000055d80000,0x0000000055e80000] [id=11112]
  0x00000000565bb800 WatcherThread [stack: 0x0000000056f60000,0x0000000057060000] [id=11572]

VM state:not at safepoint (normal execution)

VM Mutex/Monitor currently owned by a thread: None

Heap:
 PSYoungGen      total 20992K, used 10467K [0x00000000eb980000, 0x00000000ed300000, 0x0000000100000000)
  eden space 15872K, 50% used [0x00000000eb980000,0x00000000ec158ea8,0x00000000ec900000)
  from space 5120K, 47% used [0x00000000ece00000,0x00000000ed05fe60,0x00000000ed300000)
  to   space 5120K, 0% used [0x00000000ec900000,0x00000000ec900000,0x00000000ece00000)
 ParOldGen       total 42496K, used 2694K [0x00000000c2c00000, 0x00000000c5580000, 0x00000000eb980000)
  object space 42496K, 6% used [0x00000000c2c00000,0x00000000c2ea1ba0,0x00000000c5580000)
 Metaspace       used 12806K, capacity 13008K, committed 13184K, reserved 1060864K
  class space    used 1548K, capacity 1623K, committed 1664K, reserved 1048576K

Card table byte_map: [0x0000000011c40000,0x0000000011e30000] byte_map_base: 0x000000001162a000

Marking Bits: (ParMarkBitMap*) 0x000000005e34a5b0
 Begin Bits: [0x0000000012230000, 0x0000000013180000)
 End Bits:   [0x0000000013180000, 0x00000000140d0000)

Polling page: 0x00000000005c0000

CodeCache: size=245760Kb used=7387Kb max_used=7414Kb free=238372Kb
 bounds [0x0000000002880000, 0x0000000002fd0000, 0x0000000011880000]
 total_blobs=2428 nmethods=1932 adapters=407
 compilation: enabled

Compilation events (10 events):
Event: 1318.506 Thread 0x0000000054cb9800 2104   !   4       java.util.Vector$Itr::next (63 bytes)
Event: 1318.507 Thread 0x0000000054cba800 2105       4       javax.swing.text.html.parser.Parser::endTag (118 bytes)
Event: 1318.509 Thread 0x0000000054cb9800 nmethod 2104 0x00000000029e6390 code [0x00000000029e64e0, 0x00000000029e67f8]
Event: 1318.922 Thread 0x0000000054cba800 nmethod 2105 0x0000000002fc9810 code [0x0000000002fc9b60, 0x0000000002fcba28]
Event: 1336.521 Thread 0x0000000054cb9800 2106   !   4       javax.swing.JComponent::getClientProperty (56 bytes)
Event: 1336.541 Thread 0x0000000054cb9800 nmethod 2106 0x0000000002fa6f10 code [0x0000000002fa7080, 0x0000000002fa7708]
Event: 1337.523 Thread 0x0000000054cba800 2107       4       javax.swing.text.html.BlockView::calculateMinorAxisRequirements (183 bytes)
Event: 1337.542 Thread 0x0000000054cba800 nmethod 2107 0x0000000002fa4290 code [0x0000000002fa4420, 0x0000000002fa48d8]
Event: 1382.571 Thread 0x0000000054cba800 2108       4       javax.swing.text.DefaultStyledDocument$ElementBuffer::removeElements (460 bytes)
Event: 1382.572 Thread 0x0000000054cb9800 2109       4       javax.swing.text.CompositeView::loadChildren (70 bytes)

GC Heap History (10 events):
Event: 282.488 GC heap before
{Heap before GC invocations=2 (full 0):
 PSYoungGen      total 18432K, used 18431K [0x00000000eb980000, 0x00000000ece00000, 0x0000000100000000)
  eden space 15872K, 100% used [0x00000000eb980000,0x00000000ec900000,0x00000000ec900000)
  from space 2560K, 99% used [0x00000000ec900000,0x00000000ecb7fe60,0x00000000ecb80000)
  to   space 2560K, 0% used [0x00000000ecb80000,0x00000000ecb80000,0x00000000ece00000)
 ParOldGen       total 42496K, used 2598K [0x00000000c2c00000, 0x00000000c5580000, 0x00000000eb980000)
  object space 42496K, 6% used [0x00000000c2c00000,0x00000000c2e89ba0,0x00000000c5580000)
 Metaspace       used 12698K, capacity 12944K, committed 13184K, reserved 1060864K
  class space    used 1548K, capacity 1623K, committed 1664K, reserved 1048576K
Event: 282.507 GC heap after
Heap after GC invocations=2 (full 0):
 PSYoungGen      total 18432K, used 2559K [0x00000000eb980000, 0x00000000ece00000, 0x0000000100000000)
  eden space 15872K, 0% used [0x00000000eb980000,0x00000000eb980000,0x00000000ec900000)
  from space 2560K, 99% used [0x00000000ecb80000,0x00000000ecdffe60,0x00000000ece00000)
  to   space 2560K, 0% used [0x00000000ec900000,0x00000000ec900000,0x00000000ecb80000)
 ParOldGen       total 42496K, used 2646K [0x00000000c2c00000, 0x00000000c5580000, 0x00000000eb980000)
  object space 42496K, 6% used [0x00000000c2c00000,0x00000000c2e95ba0,0x00000000c5580000)
 Metaspace       used 12698K, capacity 12944K, committed 13184K, reserved 1060864K
  class space    used 1548K, capacity 1623K, committed 1664K, reserved 1048576K
}
Event: 528.154 GC heap before
{Heap before GC invocations=3 (full 0):
 PSYoungGen      total 18432K, used 18431K [0x00000000eb980000, 0x00000000ece00000, 0x0000000100000000)
  eden space 15872K, 100% used [0x00000000eb980000,0x00000000ec900000,0x00000000ec900000)
  from space 2560K, 99% used [0x00000000ecb80000,0x00000000ecdffe60,0x00000000ece00000)
  to   space 2560K, 0% used [0x00000000ec900000,0x00000000ec900000,0x00000000ecb80000)
 ParOldGen       total 42496K, used 2646K [0x00000000c2c00000, 0x00000000c5580000, 0x00000000eb980000)
  object space 42496K, 6% used [0x00000000c2c00000,0x00000000c2e95ba0,0x00000000c5580000)
 Metaspace       used 12797K, capacity 13008K, committed 13184K, reserved 1060864K
  class space    used 1548K, capacity 1623K, committed 1664K, reserved 1048576K
Event: 528.162 GC heap after
Heap after GC invocations=3 (full 0):
 PSYoungGen      total 18432K, used 2559K [0x00000000eb980000, 0x00000000ece00000, 0x0000000100000000)
  eden space 15872K, 0% used [0x00000000eb980000,0x00000000eb980000,0x00000000ec900000)
  from space 2560K, 99% used [0x00000000ec900000,0x00000000ecb7fe60,0x00000000ecb80000)
  to   space 2560K, 0% used [0x00000000ecb80000,0x00000000ecb80000,0x00000000ece00000)
 ParOldGen       total 42496K, used 2654K [0x00000000c2c00000, 0x00000000c5580000, 0x00000000eb980000)
  object space 42496K, 6% used [0x00000000c2c00000,0x00000000c2e97ba0,0x00000000c5580000)
 Metaspace       used 12797K, capacity 13008K, committed 13184K, reserved 1060864K
  class space    used 1548K, capacity 1623K, committed 1664K, reserved 1048576K
}
Event: 775.605 GC heap before
{Heap before GC invocations=4 (full 0):
 PSYoungGen      total 18432K, used 18431K [0x00000000eb980000, 0x00000000ece00000, 0x0000000100000000)
  eden space 15872K, 100% used [0x00000000eb980000,0x00000000ec900000,0x00000000ec900000)
  from space 2560K, 99% used [0x00000000ec900000,0x00000000ecb7fe60,0x00000000ecb80000)
  to   space 2560K, 0% used [0x00000000ecb80000,0x00000000ecb80000,0x00000000ece00000)
 ParOldGen       total 42496K, used 2654K [0x00000000c2c00000, 0x00000000c5580000, 0x00000000eb980000)
  object space 42496K, 6% used [0x00000000c2c00000,0x00000000c2e97ba0,0x00000000c5580000)
 Metaspace       used 12802K, capacity 13008K, committed 13184K, reserved 1060864K
  class space    used 1548K, capacity 1623K, committed 1664K, reserved 1048576K
Event: 775.619 GC heap after
Heap after GC invocations=4 (full 0):
 PSYoungGen      total 18432K, used 2559K [0x00000000eb980000, 0x00000000ece00000, 0x0000000100000000)
  eden space 15872K, 0% used [0x00000000eb980000,0x00000000eb980000,0x00000000ec900000)
  from space 2560K, 99% used [0x00000000ecb80000,0x00000000ecdffe60,0x00000000ece00000)
  to   space 2560K, 0% used [0x00000000ec900000,0x00000000ec900000,0x00000000ecb80000)
 ParOldGen       total 42496K, used 2662K [0x00000000c2c00000, 0x00000000c5580000, 0x00000000eb980000)
  object space 42496K, 6% used [0x00000000c2c00000,0x00000000c2e99ba0,0x00000000c5580000)
 Metaspace       used 12802K, capacity 13008K, committed 13184K, reserved 1060864K
  class space    used 1548K, capacity 1623K, committed 1664K, reserved 1048576K
}
Event: 1023.392 GC heap before
{Heap before GC invocations=5 (full 0):
 PSYoungGen      total 18432K, used 18431K [0x00000000eb980000, 0x00000000ece00000, 0x0000000100000000)
  eden space 15872K, 100% used [0x00000000eb980000,0x00000000ec900000,0x00000000ec900000)
  from space 2560K, 99% used [0x00000000ecb80000,0x00000000ecdffe60,0x00000000ece00000)
  to   space 2560K, 0% used [0x00000000ec900000,0x00000000ec900000,0x00000000ecb80000)
 ParOldGen       total 42496K, used 2662K [0x00000000c2c00000, 0x00000000c5580000, 0x00000000eb980000)
  object space 42496K, 6% used [0x00000000c2c00000,0x00000000c2e99ba0,0x00000000c5580000)
 Metaspace       used 12805K, capacity 13008K, committed 13184K, reserved 1060864K
  class space    used 1548K, capacity 1623K, committed 1664K, reserved 1048576K
Event: 1023.425 GC heap after
Heap after GC invocations=5 (full 0):
 PSYoungGen      total 18432K, used 2559K [0x00000000eb980000, 0x00000000ed300000, 0x0000000100000000)
  eden space 15872K, 0% used [0x00000000eb980000,0x00000000eb980000,0x00000000ec900000)
  from space 2560K, 99% used [0x00000000ec900000,0x00000000ecb7fe60,0x00000000ecb80000)
  to   space 5120K, 0% used [0x00000000ece00000,0x00000000ece00000,0x00000000ed300000)
 ParOldGen       total 42496K, used 2694K [0x00000000c2c00000, 0x00000000c5580000, 0x00000000eb980000)
  object space 42496K, 6% used [0x00000000c2c00000,0x00000000c2ea1ba0,0x00000000c5580000)
 Metaspace       used 12805K, capacity 13008K, committed 13184K, reserved 1060864K
  class space    used 1548K, capacity 1623K, committed 1664K, reserved 1048576K
}
Event: 1273.907 GC heap before
{Heap before GC invocations=6 (full 0):
 PSYoungGen      total 18432K, used 18431K [0x00000000eb980000, 0x00000000ed300000, 0x0000000100000000)
  eden space 15872K, 100% used [0x00000000eb980000,0x00000000ec900000,0x00000000ec900000)
  from space 2560K, 99% used [0x00000000ec900000,0x00000000ecb7fe60,0x00000000ecb80000)
  to   space 5120K, 0% used [0x00000000ece00000,0x00000000ece00000,0x00000000ed300000)
 ParOldGen       total 42496K, used 2694K [0x00000000c2c00000, 0x00000000c5580000, 0x00000000eb980000)
  object space 42496K, 6% used [0x00000000c2c00000,0x00000000c2ea1ba0,0x00000000c5580000)
 Metaspace       used 12805K, capacity 13008K, committed 13184K, reserved 1060864K
  class space    used 1548K, capacity 1623K, committed 1664K, reserved 1048576K
Event: 1274.363 GC heap after
Heap after GC invocations=6 (full 0):
 PSYoungGen      total 20992K, used 2431K [0x00000000eb980000, 0x00000000ed300000, 0x0000000100000000)
  eden space 15872K, 0% used [0x00000000eb980000,0x00000000eb980000,0x00000000ec900000)
  from space 5120K, 47% used [0x00000000ece00000,0x00000000ed05fe60,0x00000000ed300000)
  to   space 5120K, 0% used [0x00000000ec900000,0x00000000ec900000,0x00000000ece00000)
 ParOldGen       total 42496K, used 2694K [0x00000000c2c00000, 0x00000000c5580000, 0x00000000eb980000)
  object space 42496K, 6% used [0x00000000c2c00000,0x00000000c2ea1ba0,0x00000000c5580000)
 Metaspace       used 12805K, capacity 13008K, committed 13184K, reserved 1060864K
  class space    used 1548K, capacity 1623K, committed 1664K, reserved 1048576K
}

Deoptimization events (10 events):
Event: 1.104 Thread 0x000000005706c800 Uncommon trap: reason=bimorphic action=maybe_recompile pc=0x0000000002ae3b94 method=java.util.HashMap.putVal(ILjava/lang/Object;Ljava/lang/Object;ZZ)Ljava/lang/Object; @ 152
Event: 1.191 Thread 0x000000005706c800 Uncommon trap: reason=class_check action=maybe_recompile pc=0x0000000002affe0c method=java.util.HashMap.putVal(ILjava/lang/Object;Ljava/lang/Object;ZZ)Ljava/lang/Object; @ 253
Event: 1.193 Thread 0x000000005706c800 Uncommon trap: reason=class_check action=maybe_recompile pc=0x0000000002a04118 method=java.lang.String.equals(Ljava/lang/Object;)Z @ 8
Event: 1.205 Thread 0x000000005706c800 Uncommon trap: reason=class_check action=maybe_recompile pc=0x0000000002a04118 method=java.lang.String.equals(Ljava/lang/Object;)Z @ 8
Event: 1.207 Thread 0x000000005706c800 Uncommon trap: reason=class_check action=maybe_recompile pc=0x0000000002a04118 method=java.lang.String.equals(Ljava/lang/Object;)Z @ 8
Event: 1.211 Thread 0x000000005706c800 Uncommon trap: reason=class_check action=maybe_recompile pc=0x0000000002a04118 method=java.lang.String.equals(Ljava/lang/Object;)Z @ 8
Event: 2.244 Thread 0x000000005706c800 Uncommon trap: reason=class_check action=maybe_recompile pc=0x0000000002affe0c method=java.util.HashMap.putVal(ILjava/lang/Object;Ljava/lang/Object;ZZ)Ljava/lang/Object; @ 253
Event: 3.258 Thread 0x000000005706c800 Uncommon trap: reason=class_check action=maybe_recompile pc=0x0000000002af82fc method=java.util.HashMap.putVal(ILjava/lang/Object;Ljava/lang/Object;ZZ)Ljava/lang/Object; @ 253
Event: 4.270 Thread 0x000000005706c800 Uncommon trap: reason=class_check action=maybe_recompile pc=0x0000000002af82fc method=java.util.HashMap.putVal(ILjava/lang/Object;Ljava/lang/Object;ZZ)Ljava/lang/Object; @ 253
Event: 282.508 Thread 0x000000005706c800 Uncommon trap: reason=unstable_if action=reinterpret pc=0x0000000002daeaec method=java.lang.ref.ReferenceQueue.poll()Ljava/lang/ref/Reference; @ 4

Internal exceptions (10 events):
Event: 0.046 Thread 0x000000000217e000 Exception <a 'java/lang/NoSuchMethodError': Method sun.misc.Unsafe.prefetchRead(Ljava/lang/Object;J)V name or signature does not match> (0x00000000eb98d640) thrown at [C:\workspace\8-2-build-windows-amd64-cygwin\jdk8u65\4987\hotspot\src\share\vm\prims\jni.4øŽ*–Â?
Event: 0.145 Thread 0x000000000217e000 Exception <a 'java/security/PrivilegedActionException'> (0x00000000eba5f308) thrown at [C:\workspace\8-2-build-windows-amd64-cygwin\jdk8u65\4987\hotspot\src\share\vm\prims\jvm.cpp, line 1386]
Event: 0.145 Thread 0x000000000217e000 Exception <a 'java/security/PrivilegedActionException'> (0x00000000eba5f518) thrown at [C:\workspace\8-2-build-windows-amd64-cygwin\jdk8u65\4987\hotspot\src\share\vm\prims\jvm.cpp, line 1386]
Event: 0.147 Thread 0x000000000217e000 Exception <a 'java/security/PrivilegedActionException'> (0x00000000eba630c0) thrown at [C:\workspace\8-2-build-windows-amd64-cygwin\jdk8u65\4987\hotspot\src\share\vm\prims\jvm.cpp, line 1386]
Event: 0.147 Thread 0x000000000217e000 Exception <a 'java/security/PrivilegedActionException'> (0x00000000eba632d0) thrown at [C:\workspace\8-2-build-windows-amd64-cygwin\jdk8u65\4987\hotspot\src\share\vm\prims\jvm.cpp, line 1386]
Event: 0.152 Thread 0x000000000217e000 Exception <a 'java/io/FileNotFoundException'> (0x00000000eba66740) thrown at [C:\workspace\8-2-build-windows-amd64-cygwin\jdk8u65\4987\hotspot\src\share\vm\prims\jni.cpp, line 709]
Event: 0.215 Thread 0x000000000217e000 Exception <a 'java/lang/NoSuchFieldError': method resolution failed> (0x00000000ebb840c8) thrown at [C:\workspace\8-2-build-windows-amd64-cygwin\jdk8u65\4987\hotspot\src\share\vm\prims\methodHandles.cpp, line 1146]
Event: 0.217 Thread 0x000000000217e000 Exception <a 'java/lang/NoSuchFieldError': method resolution failed> (0x00000000ebb91498) thrown at [C:\workspace\8-2-build-windows-amd64-cygwin\jdk8u65\4987\hotspot\src\share\vm\prims\methodHandles.cpp, line 1146]
Event: 0.277 Thread 0x000000000217e000 Exception <a 'java/io/FileNotFoundException'> (0x00000000ebc26bd8) thrown at [C:\workspace\8-2-build-windows-amd64-cygwin\jdk8u65\4987\hotspot\src\share\vm\prims\jni.cpp, line 709]
Event: 0.480 Thread 0x000000000217e000 Implicit null exception at 0x00000000029e744b to 0x00000000029e75fd

Events (10 events):
Event: 1023.289 Executing VM operation: ParallelGCFailedAllocation
Event: 1023.425 Executing VM operation: ParallelGCFailedAllocation done
Event: 1273.907 Executing VM operation: ParallelGCFailedAllocation
Event: 1274.363 Executing VM operation: ParallelGCFailedAllocation done
Event: 1292.006 Thread 0x0000000054cba800 flushing nmethod 0x00000000029b4ad0
Event: 1305.037 Thread 0x0000000054cb9800 flushing nmethod 0x00000000029e6250
Event: 1305.037 Thread 0x0000000054cb9800 flushing nmethod 0x00000000029f55d0
Event: 1319.164 Thread 0x0000000054cba800 flushing nmethod 0x0000000002aa2c50
Event: 1319.165 Thread 0x0000000054cba800 flushing nmethod 0x0000000002aa34d0
Event: 1338.214 Thread 0x0000000054cba800 flushing nmethod 0x0000000002b32290


Dynamic libraries:
0x000000013fae0000 - 0x000000013fb17000 	C:\Program Files\Java\jre1.8.0_65\bin\javaw.exe
0x00000000778b0000 - 0x0000000077a59000 	C:\Windows\SYSTEM32\ntdll.dll
0x0000000077790000 - 0x00000000778af000 	C:\Windows\system32\kernel32.dll
0x000007fefd830000 - 0x000007fefd89b000 	C:\Windows\system32\KERNELBASE.dll
0x000007feffae0000 - 0x000007feffbbb000 	C:\Windows\system32\ADVAPI32.dll
0x000007feff240000 - 0x000007feff2df000 	C:\Windows\system32\msvcrt.dll
0x000007feffac0000 - 0x000007feffadf000 	C:\Windows\SYSTEM32\sechost.dll
0x000007feff450000 - 0x000007feff57d000 	C:\Windows\system32\RPCRT4.dll
0x0000000077690000 - 0x000000007778a000 	C:\Windows\system32\USER32.dll
0x000007feff580000 - 0x000007feff5e7000 	C:\Windows\system32\GDI32.dll
0x000007feff730000 - 0x000007feff73e000 	C:\Windows\system32\LPK.dll
0x000007feff9f0000 - 0x000007feffab9000 	C:\Windows\system32\USP10.dll
0x000007fefc110000 - 0x000007fefc304000 	C:\Windows\WinSxS\amd64_microsoft.windows.common-controls_6595b64144ccf1df_6.0.7601.17514_none_fa396087175ac9ac\COMCTL32.dll
0x000007fefe400000 - 0x000007fefe471000 	C:\Windows\system32\SHLWAPI.dll
0x000007fefe480000 - 0x000007fefe4ae000 	C:\Windows\system32\IMM32.DLL
0x000007feff2e0000 - 0x000007feff3e9000 	C:\Windows\system32\MSCTF.dll
0x000000005e3d0000 - 0x000000005e4a2000 	C:\Program Files\Java\jre1.8.0_65\bin\msvcr100.dll
0x000000005db40000 - 0x000000005e3c9000 	C:\Program Files\Java\jre1.8.0_65\bin\server\jvm.dll
0x000007fef9730000 - 0x000007fef9739000 	C:\Windows\system32\WSOCK32.dll
0x000007feff400000 - 0x000007feff44d000 	C:\Windows\system32\WS2_32.dll
0x000007feff3f0000 - 0x000007feff3f8000 	C:\Windows\system32\NSI.dll
0x000007fef9c80000 - 0x000007fef9cbb000 	C:\Windows\system32\WINMM.dll
0x000007fefc7a0000 - 0x000007fefc7ac000 	C:\Windows\system32\VERSION.dll
0x0000000077a80000 - 0x0000000077a87000 	C:\Windows\system32\PSAPI.DLL
0x000000006f6a0000 - 0x000000006f6af000 	C:\Program Files\Java\jre1.8.0_65\bin\verify.dll
0x000000006f670000 - 0x000000006f699000 	C:\Program Files\Java\jre1.8.0_65\bin\java.dll
0x000000006f650000 - 0x000000006f666000 	C:\Program Files\Java\jre1.8.0_65\bin\zip.dll
0x000007fefe4b0000 - 0x000007feff238000 	C:\Windows\system32\SHELL32.dll
0x000007fefdac0000 - 0x000007fefdcc3000 	C:\Windows\system32\ole32.dll
0x000007fefd690000 - 0x000007fefd69f000 	C:\Windows\system32\profapi.dll
0x000000005d790000 - 0x000000005d928000 	C:\Program Files\Java\jre1.8.0_65\bin\awt.dll
0x000007fefdf60000 - 0x000007fefe037000 	C:\Windows\system32\OLEAUT32.dll
0x000007fefbce0000 - 0x000007fefbcf8000 	C:\Windows\system32\DWMAPI.DLL
0x000007fefbf30000 - 0x000007fefbf86000 	C:\Windows\system32\uxtheme.dll
0x000007fefd5c0000 - 0x000007fefd5cf000 	C:\Windows\system32\CRYPTBASE.dll
0x0000000180000000 - 0x000000018004a000 	C:\Program Files\Acer\Acer ePower Management\SysHook.dll
0x000007fef8d50000 - 0x000007fef8dc1000 	C:\Windows\system32\WINSPOOL.DRV
0x000000006f5c0000 - 0x000000006f607000 	C:\Program Files\Java\jre1.8.0_65\bin\fontmanager.dll
0x000000006f630000 - 0x000000006f64a000 	C:\Program Files\Java\jre1.8.0_65\bin\net.dll
0x000007fefcee0000 - 0x000007fefcf35000 	C:\Windows\system32\mswsock.dll
0x000007fefced0000 - 0x000007fefced7000 	C:\Windows\System32\wship6.dll
0x000000006f610000 - 0x000000006f621000 	C:\Program Files\Java\jre1.8.0_65\bin\nio.dll
0x000000006f570000 - 0x000000006f5b2000 	C:\Program Files\Java\jre1.8.0_65\bin\t2k.dll
0x000007feff690000 - 0x000007feff729000 	C:\Windows\system32\CLBCatQ.DLL
0x000007fefb710000 - 0x000007fefb871000 	C:\Windows\system32\WindowsCodecs.dll
0x000007fefd560000 - 0x000007fefd5b7000 	C:\Windows\system32\apphelp.dll
0x000007fef6f00000 - 0x000007fef6f3b000 	C:\Program Files (x86)\Dropbox\Client\DropboxExt64.28.dll
0x000007fef6ec0000 - 0x000007fef6ef5000 	C:\Windows\system32\EhStorShell.dll
0x000007fefe220000 - 0x000007fefe3f7000 	C:\Windows\system32\SETUPAPI.dll
0x000007fefd8a0000 - 0x000007fefd8d6000 	C:\Windows\system32\CFGMGR32.dll
0x000007fefda90000 - 0x000007fefdaaa000 	C:\Windows\system32\DEVOBJ.dll
0x000007fefbf90000 - 0x000007fefc0bc000 	C:\Windows\system32\PROPSYS.dll
0x000007fef6850000 - 0x000007fef6ebf000 	C:\PROGRA~1\MICROS~1\Office14\GROOVEEX.DLL
0x0000000070620000 - 0x00000000706c3000 	C:\Windows\WinSxS\amd64_microsoft.vc90.crt_1fc8b3b9a1e18e3b_9.0.30729.6161_none_08e61857a83bc251\MSVCR90.dll
0x0000000070540000 - 0x0000000070613000 	C:\Windows\WinSxS\amd64_microsoft.vc90.crt_1fc8b3b9a1e18e3b_9.0.30729.6161_none_08e61857a83bc251\MSVCP90.dll
0x0000000070510000 - 0x000000007053f000 	C:\Windows\WinSxS\amd64_microsoft.vc90.atl_1fc8b3b9a1e18e3b_9.0.30729.6161_none_0a1fd3a3a768b895\ATL90.DLL
0x000007fef55c0000 - 0x000007fef59da000 	C:\PROGRA~1\COMMON~1\MICROS~1\OFFICE14\Cultures\office.odf
0x000007fef4d40000 - 0x000007fef55c0000 	C:\PROGRA~1\MICROS~1\Office14\3082\GrooveIntlResource.dll

VM Arguments:
jvm_args: -Dfile.encoding=Cp1252 
java_command: frmPrincipal
java_class_path (initial): C:\Users\Alumno\workspace\Kenshi_Tienda\bin
Launcher Type: SUN_STANDARD

Environment Variables:
CLASSPATH=.;C:\Program Files (x86)\Java\jre7\lib\ext\QTJava.zip
PATH=C:\ProgramData\Oracle\Java\javapath;C:\Program Files (x86)\Intel\iCLS Client\;C:\Program Files\Intel\iCLS Client\;C:\Program Files\Common Files\Microsoft Shared\Windows Live;C:\Program Files (x86)\Common Files\Microsoft Shared\Windows Live;C:\Windows\system32;C:\Windows;C:\Windows\System32\Wbem;C:\Windows\System32\WindowsPowerShell\v1.0\;C:\Program Files (x86)\Windows Live\Shared;C:\Program Files\Intel\Intel(R) Management Engine Components\DAL;C:\Program Files\Intel\Intel(R) Management Engine Components\IPT;C:\Program Files (x86)\Intel\Intel(R) Management Engine Components\DAL;C:\Program Files (x86)\Intel\Intel(R) Management Engine Components\IPT; C:\Program Files\Java\jdk1.7.0_05bin;C:\Program Files (x86)\Intel\OpenCL SDK\2.0\bin\x86;C:\Program Files (x86)\Intel\OpenCL SDK\2.0\bin\x64;C:\Program Files (x86)\QuickTime\QTSystem\;C:\Program Files (x86)\Java\jdk1.7.0_25;C:\Program Files\Java\jdk1.7.0_25;C:\Program Files\Java\jdk1.7.0_05
USERNAME=Alumno
OS=Windows_NT
PROCESSOR_IDENTIFIER=Intel64 Family 6 Model 58 Stepping 9, GenuineIntel



---------------  S Y S T E M  ---------------

OS: Windows 7 , 64 bit Build 7601 (6.1.7601.18015)

CPU:total 4 (2 cores per cpu, 2 threads per core) family 6 model 58 stepping 9, cmov, cx8, fxsr, mmx, sse, sse2, sse3, ssse3, sse4.1, sse4.2, popcnt, avx, clmul, erms, ht, tsc, tscinvbit, tscinv

Memory: 4k page, physical 4008300k(113872k free), swap 16031340k(3144k free)

vm_info: Java HotSpot(TM) 64-Bit Server VM (25.65-b01) for windows-amd64 JRE (1.8.0_65-b17), built on Oct  6 2015 16:39:20 by "java_re" with MS VC++ 10.0 (VS2010)

time: Wed Nov 04 12:39:41 2015
elapsed time: 1405 seconds (0d 0h 23m 25s)

