#
# There is insufficient memory for the Java Runtime Environment to continue.
# Native memory allocation (malloc) failed to allocate 32744 bytes for ChunkPool::allocate
# Possible reasons:
#   The system is out of physical RAM or swap space
#   In 32 bit mode, the process size limit was hit
# Possible solutions:
#   Reduce memory load on the system
#   Increase physical memory or swap space
#   Check if swap backing store is full
#   Use 64 bit Java on a 64 bit OS
#   Decrease Java heap size (-Xmx/-Xms)
#   Decrease number of Java threads
#   Decrease Java thread stack sizes (-Xss)
#   Set larger code cache with -XX:ReservedCodeCacheSize=
# This output file may be truncated or incomplete.
#
#  Out of Memory Error (allocation.cpp:273), pid=14116, tid=14224
#
# JRE version: Java(TM) SE Runtime Environment (8.0_65-b17) (build 1.8.0_65-b17)
# Java VM: Java HotSpot(TM) 64-Bit Server VM (25.65-b01 mixed mode windows-amd64 compressed oops)
# Failed to write core dump. Minidumps are not enabled by default on client versions of Windows
#

---------------  T H R E A D  ---------------

Current thread (0x000000005501e000):  JavaThread "C2 CompilerThread1" daemon [_thread_in_native, id=14224, stack(0x0000000056920000,0x0000000056a20000)]

Stack: [0x0000000056920000,0x0000000056a20000]
[error occurred during error reporting (printing stack bounds), id 0xc0000005]

Native frames: (J=compiled Java code, j=interpreted, Vv=VM code, C=native code)


Current CompileTask:
C2: 386456 2307   !   4       javax.swing.text.html.StyleSheet::getRule (388 bytes)


---------------  P R O C E S S  ---------------

Java Threads: ( => current thread )
  0x0000000056cc8000 JavaThread "AWT-Shutdown" [_thread_blocked, id=14792, stack(0x0000000059200000,0x0000000059300000)]
  0x0000000057ec3800 JavaThread "TimerQueue" daemon [_thread_blocked, id=8704, stack(0x0000000059ca0000,0x0000000059da0000)]
  0x000000000038e000 JavaThread "DestroyJavaVM" [_thread_blocked, id=13504, stack(0x0000000002440000,0x0000000002540000)]
  0x0000000056d9b000 JavaThread "Thread-1" [_thread_blocked, id=14200, stack(0x0000000058560000,0x0000000058660000)]
  0x0000000056d80000 JavaThread "AWT-Windows" daemon [_thread_in_native, id=13888, stack(0x0000000057320000,0x0000000057420000)]
  0x0000000056d8a000 JavaThread "Java2D Disposer" daemon [_thread_blocked, id=13712, stack(0x00000000571d0000,0x00000000572d0000)]
  0x0000000056aa2000 JavaThread "Service Thread" daemon [_thread_blocked, id=9876, stack(0x00000000570b0000,0x00000000571b0000)]
  0x000000005501e800 JavaThread "C1 CompilerThread2" daemon [_thread_blocked, id=12476, stack(0x0000000056f80000,0x0000000057080000)]
=>0x000000005501e000 JavaThread "C2 CompilerThread1" daemon [_thread_in_native, id=14224, stack(0x0000000056920000,0x0000000056a20000)]
  0x0000000055017000 JavaThread "C2 CompilerThread0" daemon [_thread_blocked, id=11592, stack(0x0000000056030000,0x0000000056130000)]
  0x0000000055015000 JavaThread "Attach Listener" daemon [_thread_blocked, id=13796, stack(0x0000000056740000,0x0000000056840000)]
  0x0000000055011800 JavaThread "Signal Dispatcher" daemon [_thread_blocked, id=13788, stack(0x00000000562b0000,0x00000000563b0000)]
  0x0000000054fb8800 JavaThread "Finalizer" daemon [_thread_blocked, id=13756, stack(0x00000000565e0000,0x00000000566e0000)]
  0x0000000054faf800 JavaThread "Reference Handler" daemon [_thread_blocked, id=14196, stack(0x00000000563b0000,0x00000000564b0000)]

Other Threads:
  0x0000000054faa000 VMThread [stack: 0x0000000056180000,0x0000000056280000] [id=13512]
  0x0000000056aa8000 WatcherThread [stack: 0x0000000056e50000,0x0000000056f50000] [id=13528]

VM state:not at safepoint (normal execution)

VM Mutex/Monitor currently owned by a thread: None

Heap:
 PSYoungGen      total 18432K, used 6276K [0x00000000eb980000, 0x00000000ece00000, 0x0000000100000000)
  eden space 15872K, 23% used [0x00000000eb980000,0x00000000ebd25558,0x00000000ec900000)
  from space 2560K, 99% used [0x00000000ecb80000,0x00000000ecdfbe70,0x00000000ece00000)
  to   space 2560K, 0% used [0x00000000ec900000,0x00000000ec900000,0x00000000ecb80000)
 ParOldGen       total 42496K, used 2781K [0x00000000c2c00000, 0x00000000c5580000, 0x00000000eb980000)
  object space 42496K, 6% used [0x00000000c2c00000,0x00000000c2eb7750,0x00000000c5580000)
 Metaspace       used 13131K, capacity 13360K, committed 13440K, reserved 1060864K
  class space    used 1575K, capacity 1655K, committed 1664K, reserved 1048576K

Card table byte_map: [0x0000000011bd0000,0x0000000011dc0000] byte_map_base: 0x00000000115ba000

Marking Bits: (ParMarkBitMap*) 0x000000005e34a5b0
 Begin Bits: [0x0000000012590000, 0x00000000134e0000)
 End Bits:   [0x00000000134e0000, 0x0000000014430000)

Polling page: 0x0000000000320000

CodeCache: size=245760Kb used=7231Kb max_used=7284Kb free=238528Kb
 bounds [0x0000000002810000, 0x0000000002f50000, 0x0000000011810000]
 total_blobs=2588 nmethods=2091 adapters=408
 compilation: enabled

Compilation events (10 events):
Event: 369.367 Thread 0x000000005501e800 nmethod 2302 0x0000000002d03c90 code [0x0000000002d03e20, 0x0000000002d042f0]
Event: 374.373 Thread 0x000000005501e800 2303       3       sun.util.calendar.Gregorian$Date::getNormalizedYear (5 bytes)
Event: 374.373 Thread 0x000000005501e800 nmethod 2303 0x0000000002aab110 code [0x0000000002aab260, 0x0000000002aab450]
Event: 376.375 Thread 0x0000000055017000 2304       4       javax.swing.text.DefaultStyledDocument$ElementSpec::<init> (38 bytes)
Event: 376.377 Thread 0x0000000055017000 nmethod 2304 0x0000000002a5e390 code [0x0000000002a5e4c0, 0x0000000002a5e538]
Event: 378.379 Thread 0x000000005501e000 2305       4       java.lang.AbstractStringBuilder::append (40 bytes)
Event: 378.391 Thread 0x000000005501e000 nmethod 2305 0x0000000002dd6fd0 code [0x0000000002dd7120, 0x0000000002dd74b8]
Event: 381.386 Thread 0x0000000055017000 2306       4       javax.swing.text.BoxView::preferenceChanged (66 bytes)
Event: 381.389 Thread 0x0000000055017000 nmethod 2306 0x0000000002be5910 code [0x0000000002be5a60, 0x0000000002be5b38]
Event: 383.389 Thread 0x000000005501e000 2307   !   4       javax.swing.text.html.StyleSheet::getRule (388 bytes)

GC Heap History (8 events):
Event: 44.934 GC heap before
{Heap before GC invocations=1 (full 0):
 PSYoungGen      total 18432K, used 15872K [0x00000000eb980000, 0x00000000ece00000, 0x0000000100000000)
  eden space 15872K, 100% used [0x00000000eb980000,0x00000000ec900000,0x00000000ec900000)
  from space 2560K, 0% used [0x00000000ecb80000,0x00000000ecb80000,0x00000000ece00000)
  to   space 2560K, 0% used [0x00000000ec900000,0x00000000ec900000,0x00000000ecb80000)
 ParOldGen       total 42496K, used 0K [0x00000000c2c00000, 0x00000000c5580000, 0x00000000eb980000)
  object space 42496K, 0% used [0x00000000c2c00000,0x00000000c2c00000,0x00000000c5580000)
 Metaspace       used 12423K, capacity 12616K, committed 12928K, reserved 1060864K
  class space    used 1551K, capacity 1623K, committed 1664K, reserved 1048576K
Event: 44.953 GC heap after
Heap after GC invocations=1 (full 0):
 PSYoungGen      total 18432K, used 2559K [0x00000000eb980000, 0x00000000ece00000, 0x0000000100000000)
  eden space 15872K, 0% used [0x00000000eb980000,0x00000000eb980000,0x00000000ec900000)
  from space 2560K, 99% used [0x00000000ec900000,0x00000000ecb7fe80,0x00000000ecb80000)
  to   space 2560K, 0% used [0x00000000ecb80000,0x00000000ecb80000,0x00000000ece00000)
 ParOldGen       total 42496K, used 2709K [0x00000000c2c00000, 0x00000000c5580000, 0x00000000eb980000)
  object space 42496K, 6% used [0x00000000c2c00000,0x00000000c2ea5750,0x00000000c5580000)
 Metaspace       used 12423K, capacity 12616K, committed 12928K, reserved 1060864K
  class space    used 1551K, capacity 1623K, committed 1664K, reserved 1048576K
}
Event: 159.809 GC heap before
{Heap before GC invocations=2 (full 0):
 PSYoungGen      total 18432K, used 18431K [0x00000000eb980000, 0x00000000ece00000, 0x0000000100000000)
  eden space 15872K, 100% used [0x00000000eb980000,0x00000000ec900000,0x00000000ec900000)
  from space 2560K, 99% used [0x00000000ec900000,0x00000000ecb7fe80,0x00000000ecb80000)
  to   space 2560K, 0% used [0x00000000ecb80000,0x00000000ecb80000,0x00000000ece00000)
 ParOldGen       total 42496K, used 2709K [0x00000000c2c00000, 0x00000000c5580000, 0x00000000eb980000)
  object space 42496K, 6% used [0x00000000c2c00000,0x00000000c2ea5750,0x00000000c5580000)
 Metaspace       used 12967K, capacity 13168K, committed 13440K, reserved 1060864K
  class space    used 1574K, capacity 1655K, committed 1664K, reserved 1048576K
Event: 159.816 GC heap after
Heap after GC invocations=2 (full 0):
 PSYoungGen      total 18432K, used 2543K [0x00000000eb980000, 0x00000000ece00000, 0x0000000100000000)
  eden space 15872K, 0% used [0x00000000eb980000,0x00000000eb980000,0x00000000ec900000)
  from space 2560K, 99% used [0x00000000ecb80000,0x00000000ecdfbe70,0x00000000ece00000)
  to   space 2560K, 0% used [0x00000000ec900000,0x00000000ec900000,0x00000000ecb80000)
 ParOldGen       total 42496K, used 2749K [0x00000000c2c00000, 0x00000000c5580000, 0x00000000eb980000)
  object space 42496K, 6% used [0x00000000c2c00000,0x00000000c2eaf750,0x00000000c5580000)
 Metaspace       used 12967K, capacity 13168K, committed 13440K, reserved 1060864K
  class space    used 1574K, capacity 1655K, committed 1664K, reserved 1048576K
}
Event: 254.237 GC heap before
{Heap before GC invocations=3 (full 0):
 PSYoungGen      total 18432K, used 18415K [0x00000000eb980000, 0x00000000ece00000, 0x0000000100000000)
  eden space 15872K, 100% used [0x00000000eb980000,0x00000000ec900000,0x00000000ec900000)
  from space 2560K, 99% used [0x00000000ecb80000,0x00000000ecdfbe70,0x00000000ece00000)
  to   space 2560K, 0% used [0x00000000ec900000,0x00000000ec900000,0x00000000ecb80000)
 ParOldGen       total 42496K, used 2749K [0x00000000c2c00000, 0x00000000c5580000, 0x00000000eb980000)
  object space 42496K, 6% used [0x00000000c2c00000,0x00000000c2eaf750,0x00000000c5580000)
 Metaspace       used 13042K, capacity 13296K, committed 13440K, reserved 1060864K
  class space    used 1574K, capacity 1655K, committed 1664K, reserved 1048576K
Event: 254.244 GC heap after
Heap after GC invocations=3 (full 0):
 PSYoungGen      total 18432K, used 2559K [0x00000000eb980000, 0x00000000ece00000, 0x0000000100000000)
  eden space 15872K, 0% used [0x00000000eb980000,0x00000000eb980000,0x00000000ec900000)
  from space 2560K, 99% used [0x00000000ec900000,0x00000000ecb7fe60,0x00000000ecb80000)
  to   space 2560K, 0% used [0x00000000ecb80000,0x00000000ecb80000,0x00000000ece00000)
 ParOldGen       total 42496K, used 2765K [0x00000000c2c00000, 0x00000000c5580000, 0x00000000eb980000)
  object space 42496K, 6% used [0x00000000c2c00000,0x00000000c2eb3750,0x00000000c5580000)
 Metaspace       used 13042K, capacity 13296K, committed 13440K, reserved 1060864K
  class space    used 1574K, capacity 1655K, committed 1664K, reserved 1048576K
}
Event: 351.304 GC heap before
{Heap before GC invocations=4 (full 0):
 PSYoungGen      total 18432K, used 18431K [0x00000000eb980000, 0x00000000ece00000, 0x0000000100000000)
  eden space 15872K, 100% used [0x00000000eb980000,0x00000000ec900000,0x00000000ec900000)
  from space 2560K, 99% used [0x00000000ec900000,0x00000000ecb7fe60,0x00000000ecb80000)
  to   space 2560K, 0% used [0x00000000ecb80000,0x00000000ecb80000,0x00000000ece00000)
 ParOldGen       total 42496K, used 2765K [0x00000000c2c00000, 0x00000000c5580000, 0x00000000eb980000)
  object space 42496K, 6% used [0x00000000c2c00000,0x00000000c2eb3750,0x00000000c5580000)
 Metaspace       used 13114K, capacity 13360K, committed 13440K, reserved 1060864K
  class space    used 1574K, capacity 1655K, committed 1664K, reserved 1048576K
Event: 351.318 GC heap after
Heap after GC invocations=4 (full 0):
 PSYoungGen      total 18432K, used 2543K [0x00000000eb980000, 0x00000000ece00000, 0x0000000100000000)
  eden space 15872K, 0% used [0x00000000eb980000,0x00000000eb980000,0x00000000ec900000)
  from space 2560K, 99% used [0x00000000ecb80000,0x00000000ecdfbe70,0x00000000ece00000)
  to   space 2560K, 0% used [0x00000000ec900000,0x00000000ec900000,0x00000000ecb80000)
 ParOldGen       total 42496K, used 2781K [0x00000000c2c00000, 0x00000000c5580000, 0x00000000eb980000)
  object space 42496K, 6% used [0x00000000c2c00000,0x00000000c2eb7750,0x00000000c5580000)
 Metaspace       used 13114K, capacity 13360K, committed 13440K, reserved 1060864K
  class space    used 1574K, capacity 1655K, committed 1664K, reserved 1048576K
}

Deoptimization events (10 events):
Event: 13.489 Thread 0x0000000056d9b000 Uncommon trap: reason=class_check action=maybe_recompile pc=0x0000000002a9f6b4 method=java.util.HashMap.putVal(ILjava/lang/Object;Ljava/lang/Object;ZZ)Ljava/lang/Object; @ 253
Event: 14.496 Thread 0x0000000056d9b000 Uncommon trap: reason=class_check action=maybe_recompile pc=0x0000000002a9f6b4 method=java.util.HashMap.putVal(ILjava/lang/Object;Ljava/lang/Object;ZZ)Ljava/lang/Object; @ 253
Event: 46.275 Thread 0x0000000057eae000 Uncommon trap: reason=unstable_if action=reinterpret pc=0x0000000002ca81c4 method=java.util.concurrent.locks.ReentrantLock$Sync.tryRelease(I)Z @ 28
Event: 46.276 Thread 0x0000000057eae000 Uncommon trap: reason=unstable_if action=reinterpret pc=0x0000000002c928f0 method=java.util.concurrent.locks.ReentrantLock$Sync.tryRelease(I)Z @ 28
Event: 80.176 Thread 0x0000000057eae000 Uncommon trap: reason=unstable_if action=reinterpret pc=0x0000000002d8d288 method=java.awt.EventQueue.postEvent(Ljava/awt/AWTEvent;I)V @ 6
Event: 127.511 Thread 0x0000000057eae000 Uncommon trap: reason=unstable_if action=reinterpret pc=0x0000000002ddd6e0 method=java.awt.EventQueue.getPriority(Ljava/awt/AWTEvent;)I @ 22
Event: 127.519 Thread 0x0000000057eae000 Uncommon trap: reason=unstable_if action=reinterpret pc=0x0000000002cc0aa0 method=sun.awt.AWTAutoShutdown.isReadyToShutdown()Z @ 16
Event: 127.519 Thread 0x0000000056d80000 Uncommon trap: reason=unstable_if action=reinterpret pc=0x0000000002dd5bd8 method=sun.awt.AWTAutoShutdown.isReadyToShutdown()Z @ 16
Event: 127.520 Thread 0x0000000056d80000 Uncommon trap: reason=unstable_if action=reinterpret pc=0x0000000002dd7434 method=sun.awt.AWTAutoShutdown.isReadyToShutdown()Z @ 16
Event: 127.520 Thread 0x0000000056d80000 Uncommon trap: reason=unstable_if action=reinterpret pc=0x0000000002d04258 method=sun.awt.AWTAutoShutdown.isReadyToShutdown()Z @ 16

Internal exceptions (10 events):
Event: 0.176 Thread 0x000000000038e000 Exception <a 'java/security/PrivilegedActionException'> (0x00000000eba5f5e8) thrown at [C:\workspace\8-2-build-windows-amd64-cygwin\jdk8u65\4987\hotspot\src\share\vm\prims\jvm.cpp, line 1386]
Event: 0.176 Thread 0x000000000038e000 Exception <a 'java/security/PrivilegedActionException'> (0x00000000eba5f7f8) thrown at [C:\workspace\8-2-build-windows-amd64-cygwin\jdk8u65\4987\hotspot\src\share\vm\prims\jvm.cpp, line 1386]
Event: 0.177 Thread 0x000000000038e000 Exception <a 'java/security/PrivilegedActionException'> (0x00000000eba633a0) thrown at [C:\workspace\8-2-build-windows-amd64-cygwin\jdk8u65\4987\hotspot\src\share\vm\prims\jvm.cpp, line 1386]
Event: 0.177 Thread 0x000000000038e000 Exception <a 'java/security/PrivilegedActionException'> (0x00000000eba635b0) thrown at [C:\workspace\8-2-build-windows-amd64-cygwin\jdk8u65\4987\hotspot\src\share\vm\prims\jvm.cpp, line 1386]
Event: 0.185 Thread 0x000000000038e000 Exception <a 'java/io/FileNotFoundException'> (0x00000000eba66a20) thrown at [C:\workspace\8-2-build-windows-amd64-cygwin\jdk8u65\4987\hotspot\src\share\vm\prims\jni.cpp, line 709]
Event: 0.263 Thread 0x000000000038e000 Exception <a 'java/lang/NoSuchFieldError': method resolution failed> (0x00000000ebb843b0) thrown at [C:\workspace\8-2-build-windows-amd64-cygwin\jdk8u65\4987\hotspot\src\share\vm\prims\methodHandles.cpp, line 1146]
Event: 0.267 Thread 0x000000000038e000 Exception <a 'java/lang/NoSuchFieldError': method resolution failed> (0x00000000ebb91780) thrown at [C:\workspace\8-2-build-windows-amd64-cygwin\jdk8u65\4987\hotspot\src\share\vm\prims\methodHandles.cpp, line 1146]
Event: 1.109 Thread 0x000000000038e000 Exception <a 'java/io/FileNotFoundException'> (0x00000000ebc27188) thrown at [C:\workspace\8-2-build-windows-amd64-cygwin\jdk8u65\4987\hotspot\src\share\vm\prims\jni.cpp, line 709]
Event: 1.791 Thread 0x000000000038e000 Implicit null exception at 0x000000000296b88b to 0x000000000296ba3d
Event: 361.819 Thread 0x0000000056cc9800 Exception <a 'java/lang/StackOverflowError'> (0x00000000ebb96598) thrown at [C:\workspace\8-2-build-windows-amd64-cygwin\jdk8u65\4987\hotspot\src\share\vm\interpreter\interpreterRuntime.cpp, line 323]

Events (10 events):
Event: 365.269 loading class java/lang/Throwable$PrintStreamOrWriter done
Event: 365.269 loading class java/lang/Throwable$WrappedPrintStream done
Event: 365.361 Thread 0x000000005501e800 flushing nmethod 0x0000000002be5910
Event: 365.362 Thread 0x000000005501e800 flushing nmethod 0x0000000002c7fd90
Event: 365.363 Thread 0x000000005501e000 flushing nmethod 0x0000000002cc08d0
Event: 366.071 Thread 0x000000005501e800 flushing nmethod 0x0000000002d03b90
Event: 366.082 Thread 0x0000000056cc9800 Thread exited: 0x0000000056cc9800
Event: 374.373 Thread 0x000000005501e800 flushing nmethod 0x0000000002dd5610
Event: 374.373 Thread 0x000000005501e800 flushing nmethod 0x0000000002dd6e90
Event: 374.373 Thread 0x000000005501e800 flushing nmethod 0x0000000002dda590


Dynamic libraries:
0x000000013fae0000 - 0x000000013fb17000 	C:\Program Files\Java\jre1.8.0_65\bin\javaw.exe
0x00000000778b0000 - 0x0000000077a59000 	C:\Windows\SYSTEM32\ntdll.dll
0x0000000077790000 - 0x00000000778af000 	C:\Windows\system32\kernel32.dll
0x000007fefd830000 - 0x000007fefd89b000 	C:\Windows\system32\KERNELBASE.dll
0x000007feffae0000 - 0x000007feffbbb000 	C:\Windows\system32\ADVAPI32.dll
0x000007feff240000 - 0x000007feff2df000 	C:\Windows\system32\msvcrt.dll
0x000007feffac0000 - 0x000007feffadf000 	C:\Windows\SYSTEM32\sechost.dll
0x000007feff450000 - 0x000007feff57d000 	C:\Windows\system32\RPCRT4.dll
0x0000000077690000 - 0x000000007778a000 	C:\Windows\system32\USER32.dll
0x000007feff580000 - 0x000007feff5e7000 	C:\Windows\system32\GDI32.dll
0x000007feff730000 - 0x000007feff73e000 	C:\Windows\system32\LPK.dll
0x000007feff9f0000 - 0x000007feffab9000 	C:\Windows\system32\USP10.dll
0x000007fefc110000 - 0x000007fefc304000 	C:\Windows\WinSxS\amd64_microsoft.windows.common-controls_6595b64144ccf1df_6.0.7601.17514_none_fa396087175ac9ac\COMCTL32.dll
0x000007fefe400000 - 0x000007fefe471000 	C:\Windows\system32\SHLWAPI.dll
0x000007fefe480000 - 0x000007fefe4ae000 	C:\Windows\system32\IMM32.DLL
0x000007feff2e0000 - 0x000007feff3e9000 	C:\Windows\system32\MSCTF.dll
0x000000005e3d0000 - 0x000000005e4a2000 	C:\Program Files\Java\jre1.8.0_65\bin\msvcr100.dll
0x000000005db40000 - 0x000000005e3c9000 	C:\Program Files\Java\jre1.8.0_65\bin\server\jvm.dll
0x000007fef9730000 - 0x000007fef9739000 	C:\Windows\system32\WSOCK32.dll
0x000007feff400000 - 0x000007feff44d000 	C:\Windows\system32\WS2_32.dll
0x000007feff3f0000 - 0x000007feff3f8000 	C:\Windows\system32\NSI.dll
0x000007fef9c80000 - 0x000007fef9cbb000 	C:\Windows\system32\WINMM.dll
0x000007fefc7a0000 - 0x000007fefc7ac000 	C:\Windows\system32\VERSION.dll
0x0000000077a80000 - 0x0000000077a87000 	C:\Windows\system32\PSAPI.DLL
0x000000006f6a0000 - 0x000000006f6af000 	C:\Program Files\Java\jre1.8.0_65\bin\verify.dll
0x000000006f670000 - 0x000000006f699000 	C:\Program Files\Java\jre1.8.0_65\bin\java.dll
0x000000006f650000 - 0x000000006f666000 	C:\Program Files\Java\jre1.8.0_65\bin\zip.dll
0x000007fefe4b0000 - 0x000007feff238000 	C:\Windows\system32\SHELL32.dll
0x000007fefdac0000 - 0x000007fefdcc3000 	C:\Windows\system32\ole32.dll
0x000007fefd690000 - 0x000007fefd69f000 	C:\Windows\system32\profapi.dll
0x000000005d790000 - 0x000000005d928000 	C:\Program Files\Java\jre1.8.0_65\bin\awt.dll
0x000007fefdf60000 - 0x000007fefe037000 	C:\Windows\system32\OLEAUT32.dll
0x000007fefbce0000 - 0x000007fefbcf8000 	C:\Windows\system32\DWMAPI.DLL
0x000007fefbf30000 - 0x000007fefbf86000 	C:\Windows\system32\uxtheme.dll
0x000007fefd5c0000 - 0x000007fefd5cf000 	C:\Windows\system32\CRYPTBASE.dll
0x0000000180000000 - 0x000000018004a000 	C:\Program Files\Acer\Acer ePower Management\SysHook.dll
0x000007fef8d50000 - 0x000007fef8dc1000 	C:\Windows\system32\WINSPOOL.DRV
0x000000006f5c0000 - 0x000000006f607000 	C:\Program Files\Java\jre1.8.0_65\bin\fontmanager.dll
0x000000006f630000 - 0x000000006f64a000 	C:\Program Files\Java\jre1.8.0_65\bin\net.dll
0x000007fefcee0000 - 0x000007fefcf35000 	C:\Windows\system32\mswsock.dll
0x000007fefced0000 - 0x000007fefced7000 	C:\Windows\System32\wship6.dll
0x000000006f610000 - 0x000000006f621000 	C:\Program Files\Java\jre1.8.0_65\bin\nio.dll
0x000000006f570000 - 0x000000006f5b2000 	C:\Program Files\Java\jre1.8.0_65\bin\t2k.dll
0x000007feff690000 - 0x000007feff729000 	C:\Windows\system32\CLBCatQ.DLL
0x000007fefb710000 - 0x000007fefb871000 	C:\Windows\system32\WindowsCodecs.dll
0x000007fefd560000 - 0x000007fefd5b7000 	C:\Windows\system32\apphelp.dll
0x000007fef6f00000 - 0x000007fef6f3b000 	C:\Program Files (x86)\Dropbox\Client\DropboxExt64.28.dll
0x000007fef6ec0000 - 0x000007fef6ef5000 	C:\Windows\system32\EhStorShell.dll
0x000007fefe220000 - 0x000007fefe3f7000 	C:\Windows\system32\SETUPAPI.dll
0x000007fefd8a0000 - 0x000007fefd8d6000 	C:\Windows\system32\CFGMGR32.dll
0x000007fefda90000 - 0x000007fefdaaa000 	C:\Windows\system32\DEVOBJ.dll
0x000007fefbf90000 - 0x000007fefc0bc000 	C:\Windows\system32\PROPSYS.dll
0x000007fef6850000 - 0x000007fef6ebf000 	C:\PROGRA~1\MICROS~1\Office14\GROOVEEX.DLL
0x0000000070620000 - 0x00000000706c3000 	C:\Windows\WinSxS\amd64_microsoft.vc90.crt_1fc8b3b9a1e18e3b_9.0.30729.6161_none_08e61857a83bc251\MSVCR90.dll
0x0000000070540000 - 0x0000000070613000 	C:\Windows\WinSxS\amd64_microsoft.vc90.crt_1fc8b3b9a1e18e3b_9.0.30729.6161_none_08e61857a83bc251\MSVCP90.dll
0x0000000070510000 - 0x000000007053f000 	C:\Windows\WinSxS\amd64_microsoft.vc90.atl_1fc8b3b9a1e18e3b_9.0.30729.6161_none_0a1fd3a3a768b895\ATL90.DLL
0x000007fef55c0000 - 0x000007fef59da000 	C:\PROGRA~1\COMMON~1\MICROS~1\OFFICE14\Cultures\office.odf
0x000007fef4d40000 - 0x000007fef55c0000 	C:\PROGRA~1\MICROS~1\Office14\3082\GrooveIntlResource.dll

VM Arguments:
jvm_args: -Dfile.encoding=Cp1252 
java_command: frmPrincipal
java_class_path (initial): C:\Users\Alumno\workspace\Kenshi_Tienda\bin
Launcher Type: SUN_STANDARD

Environment Variables:
CLASSPATH=.;C:\Program Files (x86)\Java\jre7\lib\ext\QTJava.zip
PATH=C:\ProgramData\Oracle\Java\javapath;C:\Program Files (x86)\Intel\iCLS Client\;C:\Program Files\Intel\iCLS Client\;C:\Program Files\Common Files\Microsoft Shared\Windows Live;C:\Program Files (x86)\Common Files\Microsoft Shared\Windows Live;C:\Windows\system32;C:\Windows;C:\Windows\System32\Wbem;C:\Windows\System32\WindowsPowerShell\v1.0\;C:\Program Files (x86)\Windows Live\Shared;C:\Program Files\Intel\Intel(R) Management Engine Components\DAL;C:\Program Files\Intel\Intel(R) Management Engine Components\IPT;C:\Program Files (x86)\Intel\Intel(R) Management Engine Components\DAL;C:\Program Files (x86)\Intel\Intel(R) Management Engine Components\IPT; C:\Program Files\Java\jdk1.7.0_05bin;C:\Program Files (x86)\Intel\OpenCL SDK\2.0\bin\x86;C:\Program Files (x86)\Intel\OpenCL SDK\2.0\bin\x64;C:\Program Files (x86)\QuickTime\QTSystem\;C:\Program Files (x86)\Java\jdk1.7.0_25;C:\Program Files\Java\jdk1.7.0_25;C:\Program Files\Java\jdk1.7.0_05
USERNAME=Alumno
OS=Windows_NT
PROCESSOR_IDENTIFIER=Intel64 Family 6 Model 58 Stepping 9, GenuineIntel



---------------  S Y S T E M  ---------------

OS: Windows 7 , 64 bit Build 7601 (6.1.7601.18015)

CPU:total 4 (2 cores per cpu, 2 threads per core) family 6 model 58 stepping 9, cmov, cx8, fxsr, mmx, sse, sse2, sse3, ssse3, sse4.1, sse4.2, popcnt, avx, clmul, erms, ht, tsc, tscinvbit, tscinv

Memory: 4k page, physical 4008300k(116748k free), swap 16031340k(3276k free)

vm_info: Java HotSpot(TM) 64-Bit Server VM (25.65-b01) for windows-amd64 JRE (1.8.0_65-b17), built on Oct  6 2015 16:39:20 by "java_re" with MS VC++ 10.0 (VS2010)

time: Wed Nov 04 12:39:38 2015
elapsed time: 388 seconds (0d 0h 6m 28s)

