#
# A fatal error has been detected by the Java Runtime Environment:
#
#  EXCEPTION_ACCESS_VIOLATION (0xc0000005) at pc=0x000000005dd518b7, pid=3676, tid=14992
#
# JRE version: Java(TM) SE Runtime Environment (8.0_65-b17) (build 1.8.0_65-b17)
# Java VM: Java HotSpot(TM) 64-Bit Server VM (25.65-b01 mixed mode windows-amd64 compressed oops)
# Problematic frame:
# V  [jvm.dll+0x2118b7]
#
# Failed to write core dump. Minidumps are not enabled by default on client versions of Windows
#
# If you would like to submit a bug report, please visit:
#   http://bugreport.java.com/bugreport/crash.jsp
#

---------------  T H R E A D  ---------------

Current thread (0x0000000056b86000):  JavaThread "AWT-EventQueue-0" [_thread_in_vm, id=14992, stack(0x00000000580f0000,0x00000000581f0000)]

siginfo: ExceptionCode=0xc0000005, writing address 0x00000000581e96d0

Registers:
RAX=0x00000000581e96d0, RBX=0x0000000000000007, RCX=0x0000000000006000, RDX=0x0000000000000006
RSP=0x00000000581ef6d0, RBP=0x0000000000000000, RSI=0x00000000581ef6d0, RDI=0x0000000000000007
R8 =0x0000000000000006, R9 =0x0000000056b9f3d0, R10=0x0000000058804008, R11=0x00000000580fa168
R12=0x0000000056b9f3d0, R13=0x0000000056b86000, R14=0x00000000581ef798, R15=0x0000000058804008
RIP=0x000000005dd518b7, EFLAGS=0x0000000000010202

Top of Stack: (sp=0x00000000581ef6d0)
0x00000000581ef6d0:   00000000778dc77b 0000000000000000
0x00000000581ef6e0:   0000000056b86000 0000000056b9f3d0
0x00000000581ef6f0:   00000000ffffffff 000000005dd527e7
0x00000000581ef700:   00000000581ef800 0000000058804008
0x00000000581ef710:   0000000056b86000 000000005dbff333
0x00000000581ef720:   00000000581ef760 0000000056b86000
0x00000000581ef730:   00000000581ef7f0 0000000056b86000
0x00000000581ef740:   0000000058804008 0000000056b86000
0x00000000581ef750:   0000000002886e60 0000000056b86000
0x00000000581ef760:   0000000058804008 0000000056b86000
0x00000000581ef770:   00000000546db958 0000000056b86000
0x00000000581ef780:   0000000000000001 0000000058804008
0x00000000581ef790:   0000000056b86000 0000000056950630
0x00000000581ef7a0:   0000000056b86000 000000005dc0081d
0x00000000581ef7b0:   00000000581efab8 00000000146b69a0
0x00000000581ef7c0:   000000001481dd70 0000000000000000 

Instructions: (pc=0x000000005dd518b7)
0x000000005dd51897:   48 89 6c 24 30 33 ed 66 90 e8 ab 36 08 00 ff c3
0x000000005dd518a7:   48 63 c8 48 8b c6 48 0f af cf 48 ff c7 48 2b c1
0x000000005dd518b7:   89 28 48 63 c3 48 3b 05 cd 9d 58 00 7e db 48 8b
0x000000005dd518c7:   6c 24 30 48 8b 5c 24 38 48 8b 74 24 40 48 83 c4 


Register to memory mapping:

RAX=0x00000000581e96d0 is pointing into the stack for thread: 0x0000000056b86000
RBX=0x0000000000000007 is an unknown value
RCX=0x0000000000006000 is an unknown value
RDX=0x0000000000000006 is an unknown value
RSP=0x00000000581ef6d0 is pointing into the stack for thread: 0x0000000056b86000
RBP=0x0000000000000000 is an unknown value
RSI=0x00000000581ef6d0 is pointing into the stack for thread: 0x0000000056b86000
RDI=0x0000000000000007 is an unknown value
R8 =0x0000000000000006 is an unknown value
R9 =0x0000000056b9f3d0 is an unknown value
R10={method} {0x0000000058804010} 'run' '()V' in 'java/awt/EventDispatchThread'
R11=0x00000000580fa168 is pointing into the stack for thread: 0x0000000056b86000
R12=0x0000000056b9f3d0 is an unknown value
R13=0x0000000056b86000 is a thread
R14=0x00000000581ef798 is pointing into the stack for thread: 0x0000000056b86000
R15={method} {0x0000000058804010} 'run' '()V' in 'java/awt/EventDispatchThread'


Stack: [0x00000000580f0000,0x00000000581f0000],  sp=0x00000000581ef6d0,  free space=1021k
Native frames: (J=compiled Java code, j=interpreted, Vv=VM code, C=native code)


---------------  P R O C E S S  ---------------

Java Threads: ( => current thread )
=>0x0000000056b86000 JavaThread "AWT-EventQueue-0" [_thread_in_vm, id=14992, stack(0x00000000580f0000,0x00000000581f0000)]
  0x0000000056b83800 JavaThread "AWT-Shutdown" [_thread_blocked, id=15300, stack(0x0000000057ff0000,0x00000000580f0000)]
  0x00000000573a0800 JavaThread "TimerQueue" daemon [_thread_blocked, id=11104, stack(0x0000000059e90000,0x0000000059f90000)]
  0x000000000237e000 JavaThread "DestroyJavaVM" [_thread_blocked, id=9188, stack(0x0000000002470000,0x0000000002570000)]
  0x0000000057372800 JavaThread "Thread-1" [_thread_blocked, id=10920, stack(0x00000000589f0000,0x0000000058af0000)]
  0x0000000057257000 JavaThread "AWT-Windows" daemon [_thread_in_native, id=9228, stack(0x0000000057cd0000,0x0000000057dd0000)]
  0x0000000057255800 JavaThread "Java2D Disposer" daemon [_thread_blocked, id=6104, stack(0x0000000057040000,0x0000000057140000)]
  0x000000005690e800 JavaThread "Service Thread" daemon [_thread_blocked, id=11588, stack(0x0000000056670000,0x0000000056770000)]
  0x00000000568aa000 JavaThread "C1 CompilerThread2" daemon [_thread_blocked, id=11908, stack(0x0000000056ef0000,0x0000000056ff0000)]
  0x00000000568a1000 JavaThread "C2 CompilerThread1" daemon [_thread_blocked, id=10768, stack(0x0000000056dc0000,0x0000000056ec0000)]
  0x00000000550a7800 JavaThread "C2 CompilerThread0" daemon [_thread_in_native, id=9064, stack(0x0000000056410000,0x0000000056510000)]
  0x00000000550a5000 JavaThread "Attach Listener" daemon [_thread_blocked, id=9632, stack(0x00000000567a0000,0x00000000568a0000)]
  0x00000000550a1800 JavaThread "Signal Dispatcher" daemon [_thread_blocked, id=10360, stack(0x0000000056530000,0x0000000056630000)]
  0x0000000055046800 JavaThread "Finalizer" daemon [_thread_blocked, id=9348, stack(0x00000000562f0000,0x00000000563f0000)]
  0x000000005503f800 JavaThread "Reference Handler" daemon [_thread_blocked, id=12156, stack(0x00000000561c0000,0x00000000562c0000)]

Other Threads:
  0x000000005503a000 VMThread [stack: 0x0000000055fa0000,0x00000000560a0000] [id=8660]
  0x0000000056930000 WatcherThread [stack: 0x0000000057150000,0x0000000057250000] [id=8588]

VM state:synchronizing (normal execution)

VM Mutex/Monitor currently owned by a thread:  ([mutex/lock_event])
[0x000000000237c3c0] Threads_lock - owner thread: 0x000000005503a000
[0x000000000237c8c0] Heap_lock - owner thread: 0x0000000057372800

Heap:
 PSYoungGen      total 15872K, used 15488K [0x00000000eb980000, 0x00000000eca00000, 0x0000000100000000)
  eden space 15360K, 100% used [0x00000000eb980000,0x00000000ec880000,0x00000000ec880000)
  from space 512K, 25% used [0x00000000ec900000,0x00000000ec920000,0x00000000ec980000)
  to   space 512K, 0% used [0x00000000ec980000,0x00000000ec980000,0x00000000eca00000)
 ParOldGen       total 42496K, used 4558K [0x00000000c2c00000, 0x00000000c5580000, 0x00000000eb980000)
  object space 42496K, 10% used [0x00000000c2c00000,0x00000000c3073a60,0x00000000c5580000)
 Metaspace       used 12615K, capacity 12816K, committed 12928K, reserved 1060864K
  class space    used 1550K, capacity 1623K, committed 1664K, reserved 1048576K

Card table byte_map: [0x0000000011c00000,0x0000000011df0000] byte_map_base: 0x00000000115ea000

Marking Bits: (ParMarkBitMap*) 0x000000005e34a5b0
 Begin Bits: [0x0000000012620000, 0x0000000013570000)
 End Bits:   [0x0000000013570000, 0x00000000144c0000)

Polling page: 0x0000000000220000

CodeCache: size=245760Kb used=7367Kb max_used=7529Kb free=238392Kb
 bounds [0x0000000002840000, 0x0000000002fc0000, 0x0000000011840000]
 total_blobs=2324 nmethods=1829 adapters=407
 compilation: enabled

Compilation events (10 events):
Event: 3343.470 Thread 0x00000000550a7800 2122       4       javax.swing.text.html.HTMLEditorKit$HTMLFactory$BodyBlockView::calculateMajorAxisRequirements (15 bytes)
Event: 3343.665 Thread 0x00000000550a7800 nmethod 2122 0x0000000002b02450 code [0x0000000002b025a0, 0x0000000002b02878]
Event: 3403.701 Thread 0x00000000568a1000 2123   !   4       sun.awt.AWTAutoShutdown::notifyThreadBusy (88 bytes)
Event: 3403.856 Thread 0x00000000568a1000 nmethod 2123 0x0000000002c0b750 code [0x0000000002c0b980, 0x0000000002c0cee0]
Event: 3453.527 Thread 0x00000000550a7800 2124       4       sun.awt.EventQueueDelegate::getDelegate (13 bytes)
Event: 3454.657 Thread 0x00000000550a7800 nmethod 2124 0x0000000002c3d6d0 code [0x0000000002c3d820, 0x0000000002c3d968]
Event: 3544.223 Thread 0x00000000550a7800 2125   !   4       javax.swing.text.html.HTMLDocument$HTMLReader::addContent (176 bytes)
Event: 3547.922 Thread 0x00000000550a7800 nmethod 2125 0x0000000002acdfd0 code [0x0000000002ace1a0, 0x0000000002aced00]
Event: 3551.796 Thread 0x00000000568a1000 2126       4       javax.swing.text.StyleContext$SmallAttributeSet::getAttribute (29 bytes)
Event: 3551.864 Thread 0x00000000568a1000 nmethod 2126 0x0000000002b3df90 code [0x0000000002b3e0e0, 0x0000000002b3e2b8]

GC Heap History (10 events):
Event: 3399.672 GC heap before
{Heap before GC invocations=63 (full 0):
 PSYoungGen      total 15872K, used 15424K [0x00000000eb980000, 0x00000000eca00000, 0x0000000100000000)
  eden space 15360K, 100% used [0x00000000eb980000,0x00000000ec880000,0x00000000ec880000)
  from space 512K, 12% used [0x00000000ec980000,0x00000000ec990000,0x00000000eca00000)
  to   space 512K, 0% used [0x00000000ec900000,0x00000000ec900000,0x00000000ec980000)
 ParOldGen       total 42496K, used 4550K [0x00000000c2c00000, 0x00000000c5580000, 0x00000000eb980000)
  object space 42496K, 10% used [0x00000000c2c00000,0x00000000c3071a60,0x00000000c5580000)
 Metaspace       used 12614K, capacity 12816K, committed 12928K, reserved 1060864K
  class space    used 1549K, capacity 1623K, committed 1664K, reserved 1048576K
Event: 3399.696 GC heap after
Heap after GC invocations=63 (full 0):
 PSYoungGen      total 15872K, used 32K [0x00000000eb980000, 0x00000000eca00000, 0x0000000100000000)
  eden space 15360K, 0% used [0x00000000eb980000,0x00000000eb980000,0x00000000ec880000)
  from space 512K, 6% used [0x00000000ec900000,0x00000000ec908000,0x00000000ec980000)
  to   space 512K, 0% used [0x00000000ec980000,0x00000000ec980000,0x00000000eca00000)
 ParOldGen       total 42496K, used 4550K [0x00000000c2c00000, 0x00000000c5580000, 0x00000000eb980000)
  object space 42496K, 10% used [0x00000000c2c00000,0x00000000c3071a60,0x00000000c5580000)
 Metaspace       used 12614K, capacity 12816K, committed 12928K, reserved 1060864K
  class space    used 1549K, capacity 1623K, committed 1664K, reserved 1048576K
}
Event: 3433.354 GC heap before
{Heap before GC invocations=64 (full 0):
 PSYoungGen      total 15872K, used 15392K [0x00000000eb980000, 0x00000000eca00000, 0x0000000100000000)
  eden space 15360K, 100% used [0x00000000eb980000,0x00000000ec880000,0x00000000ec880000)
  from space 512K, 6% used [0x00000000ec900000,0x00000000ec908000,0x00000000ec980000)
  to   space 512K, 0% used [0x00000000ec980000,0x00000000ec980000,0x00000000eca00000)
 ParOldGen       total 42496K, used 4550K [0x00000000c2c00000, 0x00000000c5580000, 0x00000000eb980000)
  object space 42496K, 10% used [0x00000000c2c00000,0x00000000c3071a60,0x00000000c5580000)
 Metaspace       used 12614K, capacity 12816K, committed 12928K, reserved 1060864K
  class space    used 1549K, capacity 1623K, committed 1664K, reserved 1048576K
Event: 3433.718 GC heap after
Heap after GC invocations=64 (full 0):
 PSYoungGen      total 15872K, used 128K [0x00000000eb980000, 0x00000000eca00000, 0x0000000100000000)
  eden space 15360K, 0% used [0x00000000eb980000,0x00000000eb980000,0x00000000ec880000)
  from space 512K, 25% used [0x00000000ec980000,0x00000000ec9a0000,0x00000000eca00000)
  to   space 512K, 0% used [0x00000000ec900000,0x00000000ec900000,0x00000000ec980000)
 ParOldGen       total 42496K, used 4550K [0x00000000c2c00000, 0x00000000c5580000, 0x00000000eb980000)
  object space 42496K, 10% used [0x00000000c2c00000,0x00000000c3071a60,0x00000000c5580000)
 Metaspace       used 12614K, capacity 12816K, committed 12928K, reserved 1060864K
  class space    used 1549K, capacity 1623K, committed 1664K, reserved 1048576K
}
Event: 3468.576 GC heap before
{Heap before GC invocations=65 (full 0):
 PSYoungGen      total 15872K, used 15488K [0x00000000eb980000, 0x00000000eca00000, 0x0000000100000000)
  eden space 15360K, 100% used [0x00000000eb980000,0x00000000ec880000,0x00000000ec880000)
  from space 512K, 25% used [0x00000000ec980000,0x00000000ec9a0000,0x00000000eca00000)
  to   space 512K, 0% used [0x00000000ec900000,0x00000000ec900000,0x00000000ec980000)
 ParOldGen       total 42496K, used 4550K [0x00000000c2c00000, 0x00000000c5580000, 0x00000000eb980000)
  object space 42496K, 10% used [0x00000000c2c00000,0x00000000c3071a60,0x00000000c5580000)
 Metaspace       used 12615K, capacity 12816K, committed 12928K, reserved 1060864K
  class space    used 1550K, capacity 1623K, committed 1664K, reserved 1048576K
Event: 3468.580 GC heap after
Heap after GC invocations=65 (full 0):
 PSYoungGen      total 15872K, used 64K [0x00000000eb980000, 0x00000000eca00000, 0x0000000100000000)
  eden space 15360K, 0% used [0x00000000eb980000,0x00000000eb980000,0x00000000ec880000)
  from space 512K, 12% used [0x00000000ec900000,0x00000000ec910000,0x00000000ec980000)
  to   space 512K, 0% used [0x00000000ec980000,0x00000000ec980000,0x00000000eca00000)
 ParOldGen       total 42496K, used 4550K [0x00000000c2c00000, 0x00000000c5580000, 0x00000000eb980000)
  object space 42496K, 10% used [0x00000000c2c00000,0x00000000c3071a60,0x00000000c5580000)
 Metaspace       used 12615K, capacity 12816K, committed 12928K, reserved 1060864K
  class space    used 1550K, capacity 1623K, committed 1664K, reserved 1048576K
}
Event: 3496.771 GC heap before
{Heap before GC invocations=66 (full 0):
 PSYoungGen      total 15872K, used 15424K [0x00000000eb980000, 0x00000000eca00000, 0x0000000100000000)
  eden space 15360K, 100% used [0x00000000eb980000,0x00000000ec880000,0x00000000ec880000)
  from space 512K, 12% used [0x00000000ec900000,0x00000000ec910000,0x00000000ec980000)
  to   space 512K, 0% used [0x00000000ec980000,0x00000000ec980000,0x00000000eca00000)
 ParOldGen       total 42496K, used 4550K [0x00000000c2c00000, 0x00000000c5580000, 0x00000000eb980000)
  object space 42496K, 10% used [0x00000000c2c00000,0x00000000c3071a60,0x00000000c5580000)
 Metaspace       used 12615K, capacity 12816K, committed 12928K, reserved 1060864K
  class space    used 1550K, capacity 1623K, committed 1664K, reserved 1048576K
Event: 3497.073 GC heap after
Heap after GC invocations=66 (full 0):
 PSYoungGen      total 15872K, used 96K [0x00000000eb980000, 0x00000000eca00000, 0x0000000100000000)
  eden space 15360K, 0% used [0x00000000eb980000,0x00000000eb980000,0x00000000ec880000)
  from space 512K, 18% used [0x00000000ec980000,0x00000000ec998000,0x00000000eca00000)
  to   space 512K, 0% used [0x00000000ec900000,0x00000000ec900000,0x00000000ec980000)
 ParOldGen       total 42496K, used 4558K [0x00000000c2c00000, 0x00000000c5580000, 0x00000000eb980000)
  object space 42496K, 10% used [0x00000000c2c00000,0x00000000c3073a60,0x00000000c5580000)
 Metaspace       used 12615K, capacity 12816K, committed 12928K, reserved 1060864K
  class space    used 1550K, capacity 1623K, committed 1664K, reserved 1048576K
}
Event: 3551.283 GC heap before
{Heap before GC invocations=67 (full 0):
 PSYoungGen      total 15872K, used 15456K [0x00000000eb980000, 0x00000000eca00000, 0x0000000100000000)
  eden space 15360K, 100% used [0x00000000eb980000,0x00000000ec880000,0x00000000ec880000)
  from space 512K, 18% used [0x00000000ec980000,0x00000000ec998000,0x00000000eca00000)
  to   space 512K, 0% used [0x00000000ec900000,0x00000000ec900000,0x00000000ec980000)
 ParOldGen       total 42496K, used 4558K [0x00000000c2c00000, 0x00000000c5580000, 0x00000000eb980000)
  object space 42496K, 10% used [0x00000000c2c00000,0x00000000c3073a60,0x00000000c5580000)
 Metaspace       used 12615K, capacity 12816K, committed 12928K, reserved 1060864K
  class space    used 1550K, capacity 1623K, committed 1664K, reserved 1048576K
Event: 3551.677 GC heap after
Heap after GC invocations=67 (full 0):
 PSYoungGen      total 15872K, used 128K [0x00000000eb980000, 0x00000000eca00000, 0x0000000100000000)
  eden space 15360K, 0% used [0x00000000eb980000,0x00000000eb980000,0x00000000ec880000)
  from space 512K, 25% used [0x00000000ec900000,0x00000000ec920000,0x00000000ec980000)
  to   space 512K, 0% used [0x00000000ec980000,0x00000000ec980000,0x00000000eca00000)
 ParOldGen       total 42496K, used 4558K [0x00000000c2c00000, 0x00000000c5580000, 0x00000000eb980000)
  object space 42496K, 10% used [0x00000000c2c00000,0x00000000c3073a60,0x00000000c5580000)
 Metaspace       used 12615K, capacity 12816K, committed 12928K, reserved 1060864K
  class space    used 1550K, capacity 1623K, committed 1664K, reserved 1048576K
}

Deoptimization events (10 events):
Event: 0.721 Thread 0x0000000057372800 Uncommon trap: reason=class_check action=maybe_recompile pc=0x00000000029d4098 method=java.lang.String.equals(Ljava/lang/Object;)Z @ 8
Event: 0.721 Thread 0x0000000057372800 Uncommon trap: reason=class_check action=maybe_recompile pc=0x00000000029d4098 method=java.lang.String.equals(Ljava/lang/Object;)Z @ 8
Event: 0.722 Thread 0x0000000057372800 Uncommon trap: reason=class_check action=maybe_recompile pc=0x00000000029d4098 method=java.lang.String.equals(Ljava/lang/Object;)Z @ 8
Event: 0.726 Thread 0x0000000057257000 Uncommon trap: reason=bimorphic action=maybe_recompile pc=0x0000000002a3b6e0 method=java.util.HashMap.getNode(ILjava/lang/Object;)Ljava/util/HashMap$Node; @ 126
Event: 0.726 Thread 0x0000000057257000 Uncommon trap: reason=bimorphic action=maybe_recompile pc=0x0000000002a3b6e0 method=java.util.HashMap.getNode(ILjava/lang/Object;)Ljava/util/HashMap$Node; @ 126
Event: 0.727 Thread 0x0000000057257000 Uncommon trap: reason=bimorphic action=maybe_recompile pc=0x0000000002a3b6e0 method=java.util.HashMap.getNode(ILjava/lang/Object;)Ljava/util/HashMap$Node; @ 126
Event: 1663.771 Thread 0x0000000056b85000 Uncommon trap: reason=unstable_if action=reinterpret pc=0x0000000002f1f004 method=java.util.concurrent.locks.AbstractQueuedSynchronizer.findNodeFromTail(Ljava/util/concurrent/locks/AbstractQueuedSynchronizer$Node;)Z @ 7
Event: 1951.576 Thread 0x0000000056b84800 Uncommon trap: reason=unstable_if action=reinterpret pc=0x0000000002a35214 method=sun.awt.AWTAutoShutdown.notifyThreadFree(Ljava/lang/Thread;)V @ 34
Event: 2181.281 Thread 0x0000000056b84800 Uncommon trap: reason=unstable_if action=reinterpret pc=0x0000000002e37974 method=java.util.concurrent.locks.AbstractQueuedSynchronizer.unparkSuccessor(Ljava/util/concurrent/locks/AbstractQueuedSynchronizer$Node;)V @ 22
Event: 3239.073 Thread 0x0000000057372800 Uncommon trap: reason=unstable_if action=reinterpret pc=0x0000000002b08974 method=java.util.WeakHashMap.transfer([Ljava/util/WeakHashMap$Entry;[Ljava/util/WeakHashMap$Entry;)V @ 38

Internal exceptions (10 events):
Event: 0.142 Thread 0x000000000237e000 Exception <a 'java/security/PrivilegedActionException'> (0x00000000eba5f4c0) thrown at [C:\workspace\8-2-build-windows-amd64-cygwin\jdk8u65\4987\hotspot\src\share\vm\prims\jvm.cpp, line 1386]
Event: 0.142 Thread 0x000000000237e000 Exception <a 'java/security/PrivilegedActionException'> (0x00000000eba5f6d0) thrown at [C:\workspace\8-2-build-windows-amd64-cygwin\jdk8u65\4987\hotspot\src\share\vm\prims\jvm.cpp, line 1386]
Event: 0.144 Thread 0x000000000237e000 Exception <a 'java/security/PrivilegedActionException'> (0x00000000eba63278) thrown at [C:\workspace\8-2-build-windows-amd64-cygwin\jdk8u65\4987\hotspot\src\share\vm\prims\jvm.cpp, line 1386]
Event: 0.144 Thread 0x000000000237e000 Exception <a 'java/security/PrivilegedActionException'> (0x00000000eba63488) thrown at [C:\workspace\8-2-build-windows-amd64-cygwin\jdk8u65\4987\hotspot\src\share\vm\prims\jvm.cpp, line 1386]
Event: 0.149 Thread 0x000000000237e000 Exception <a 'java/io/FileNotFoundException'> (0x00000000eba668f8) thrown at [C:\workspace\8-2-build-windows-amd64-cygwin\jdk8u65\4987\hotspot\src\share\vm\prims\jni.cpp, line 709]
Event: 0.206 Thread 0x000000000237e000 Exception <a 'java/lang/NoSuchFieldError': method resolution failed> (0x00000000ebb84280) thrown at [C:\workspace\8-2-build-windows-amd64-cygwin\jdk8u65\4987\hotspot\src\share\vm\prims\methodHandles.cpp, line 1146]
Event: 0.223 Thread 0x000000000237e000 Exception <a 'java/lang/NoSuchFieldError': method resolution failed> (0x00000000ebb91650) thrown at [C:\workspace\8-2-build-windows-amd64-cygwin\jdk8u65\4987\hotspot\src\share\vm\prims\methodHandles.cpp, line 1146]
Event: 0.287 Thread 0x000000000237e000 Exception <a 'java/io/FileNotFoundException'> (0x00000000ebc26d80) thrown at [C:\workspace\8-2-build-windows-amd64-cygwin\jdk8u65\4987\hotspot\src\share\vm\prims\jni.cpp, line 709]
Event: 0.378 Thread 0x000000000237e000 Implicit null exception at 0x00000000029ba0cb to 0x00000000029ba27d
Event: 2181.281 Thread 0x0000000056b84800 Implicit null exception at 0x0000000002e34719 to 0x0000000002e37951

Events (10 events):
Event: 3601.643 Thread 0x0000000056b86000 Thread exited: 0x0000000056b86000
Event: 3601.643 Thread 0x0000000056b85000 Thread exited: 0x0000000056b85000
Event: 3601.895 Thread 0x0000000056b85000 Thread added: 0x0000000056b85000
Event: 3601.896 Thread 0x0000000056b86000 Thread added: 0x0000000056b86000
Event: 3602.897 Thread 0x0000000056b83800 Thread added: 0x0000000056b83800
Event: 3602.974 Thread 0x0000000056b85000 Thread exited: 0x0000000056b85000
Event: 3602.974 Thread 0x0000000056b86000 Thread exited: 0x0000000056b86000
Event: 3604.011 Thread 0x0000000056b83800 Thread exited: 0x0000000056b83800
Event: 3604.012 Thread 0x0000000056b83800 Thread added: 0x0000000056b83800
Event: 3604.013 Thread 0x0000000056b86000 Thread added: 0x0000000056b86000


Dynamic libraries:
0x000000013fae0000 - 0x000000013fb17000 	C:\Program Files\Java\jre1.8.0_65\bin\javaw.exe
0x00000000778b0000 - 0x0000000077a59000 	C:\Windows\SYSTEM32\ntdll.dll
0x0000000077790000 - 0x00000000778af000 	C:\Windows\system32\kernel32.dll
0x000007fefd830000 - 0x000007fefd89b000 	C:\Windows\system32\KERNELBASE.dll
0x000007feffae0000 - 0x000007feffbbb000 	C:\Windows\system32\ADVAPI32.dll
0x000007feff240000 - 0x000007feff2df000 	C:\Windows\system32\msvcrt.dll
0x000007feffac0000 - 0x000007feffadf000 	C:\Windows\SYSTEM32\sechost.dll
0x000007feff450000 - 0x000007feff57d000 	C:\Windows\system32\RPCRT4.dll
0x0000000077690000 - 0x000000007778a000 	C:\Windows\system32\USER32.dll
0x000007feff580000 - 0x000007feff5e7000 	C:\Windows\system32\GDI32.dll
0x000007feff730000 - 0x000007feff73e000 	C:\Windows\system32\LPK.dll
0x000007feff9f0000 - 0x000007feffab9000 	C:\Windows\system32\USP10.dll
0x000007fefc110000 - 0x000007fefc304000 	C:\Windows\WinSxS\amd64_microsoft.windows.common-controls_6595b64144ccf1df_6.0.7601.17514_none_fa396087175ac9ac\COMCTL32.dll
0x000007fefe400000 - 0x000007fefe471000 	C:\Windows\system32\SHLWAPI.dll
0x000007fefe480000 - 0x000007fefe4ae000 	C:\Windows\system32\IMM32.DLL
0x000007feff2e0000 - 0x000007feff3e9000 	C:\Windows\system32\MSCTF.dll
0x000000005e3d0000 - 0x000000005e4a2000 	C:\Program Files\Java\jre1.8.0_65\bin\msvcr100.dll
0x000000005db40000 - 0x000000005e3c9000 	C:\Program Files\Java\jre1.8.0_65\bin\server\jvm.dll
0x000007fef9730000 - 0x000007fef9739000 	C:\Windows\system32\WSOCK32.dll
0x000007feff400000 - 0x000007feff44d000 	C:\Windows\system32\WS2_32.dll
0x000007feff3f0000 - 0x000007feff3f8000 	C:\Windows\system32\NSI.dll
0x000007fef9c80000 - 0x000007fef9cbb000 	C:\Windows\system32\WINMM.dll
0x000007fefc7a0000 - 0x000007fefc7ac000 	C:\Windows\system32\VERSION.dll
0x0000000077a80000 - 0x0000000077a87000 	C:\Windows\system32\PSAPI.DLL
0x000000006f6a0000 - 0x000000006f6af000 	C:\Program Files\Java\jre1.8.0_65\bin\verify.dll
0x000000006f670000 - 0x000000006f699000 	C:\Program Files\Java\jre1.8.0_65\bin\java.dll
0x000000006f650000 - 0x000000006f666000 	C:\Program Files\Java\jre1.8.0_65\bin\zip.dll
0x000007fefe4b0000 - 0x000007feff238000 	C:\Windows\system32\SHELL32.dll
0x000007fefdac0000 - 0x000007fefdcc3000 	C:\Windows\system32\ole32.dll
0x000007fefd690000 - 0x000007fefd69f000 	C:\Windows\system32\profapi.dll
0x000000005d790000 - 0x000000005d928000 	C:\Program Files\Java\jre1.8.0_65\bin\awt.dll
0x000007fefdf60000 - 0x000007fefe037000 	C:\Windows\system32\OLEAUT32.dll
0x000007fefbce0000 - 0x000007fefbcf8000 	C:\Windows\system32\DWMAPI.DLL
0x000007fefbf30000 - 0x000007fefbf86000 	C:\Windows\system32\uxtheme.dll
0x000007fefd5c0000 - 0x000007fefd5cf000 	C:\Windows\system32\CRYPTBASE.dll
0x0000000180000000 - 0x000000018004a000 	C:\Program Files\Acer\Acer ePower Management\SysHook.dll
0x000007fef8d50000 - 0x000007fef8dc1000 	C:\Windows\system32\WINSPOOL.DRV
0x000000006f5c0000 - 0x000000006f607000 	C:\Program Files\Java\jre1.8.0_65\bin\fontmanager.dll
0x000000006f630000 - 0x000000006f64a000 	C:\Program Files\Java\jre1.8.0_65\bin\net.dll
0x000007fefcee0000 - 0x000007fefcf35000 	C:\Windows\system32\mswsock.dll
0x000007fefced0000 - 0x000007fefced7000 	C:\Windows\System32\wship6.dll
0x000000006f610000 - 0x000000006f621000 	C:\Program Files\Java\jre1.8.0_65\bin\nio.dll
0x000000006f570000 - 0x000000006f5b2000 	C:\Program Files\Java\jre1.8.0_65\bin\t2k.dll
0x000007feff690000 - 0x000007feff729000 	C:\Windows\system32\CLBCatQ.DLL
0x000007fefb710000 - 0x000007fefb871000 	C:\Windows\system32\WindowsCodecs.dll
0x000007fefd560000 - 0x000007fefd5b7000 	C:\Windows\system32\apphelp.dll
0x000007fef6f00000 - 0x000007fef6f3b000 	C:\Program Files (x86)\Dropbox\Client\DropboxExt64.28.dll
0x000007fef6ec0000 - 0x000007fef6ef5000 	C:\Windows\system32\EhStorShell.dll
0x000007fefe220000 - 0x000007fefe3f7000 	C:\Windows\system32\SETUPAPI.dll
0x000007fefd8a0000 - 0x000007fefd8d6000 	C:\Windows\system32\CFGMGR32.dll
0x000007fefda90000 - 0x000007fefdaaa000 	C:\Windows\system32\DEVOBJ.dll
0x000007fefbf90000 - 0x000007fefc0bc000 	C:\Windows\system32\PROPSYS.dll
0x000007fef6850000 - 0x000007fef6ebf000 	C:\PROGRA~1\MICROS~1\Office14\GROOVEEX.DLL
0x0000000070620000 - 0x00000000706c3000 	C:\Windows\WinSxS\amd64_microsoft.vc90.crt_1fc8b3b9a1e18e3b_9.0.30729.6161_none_08e61857a83bc251\MSVCR90.dll
0x0000000070540000 - 0x0000000070613000 	C:\Windows\WinSxS\amd64_microsoft.vc90.crt_1fc8b3b9a1e18e3b_9.0.30729.6161_none_08e61857a83bc251\MSVCP90.dll
0x0000000070510000 - 0x000000007053f000 	C:\Windows\WinSxS\amd64_microsoft.vc90.atl_1fc8b3b9a1e18e3b_9.0.30729.6161_none_0a1fd3a3a768b895\ATL90.DLL
0x000007fef55c0000 - 0x000007fef59da000 	C:\PROGRA~1\COMMON~1\MICROS~1\OFFICE14\Cultures\office.odf
0x000007fef4d40000 - 0x000007fef55c0000 	C:\PROGRA~1\MICROS~1\Office14\3082\GrooveIntlResource.dll

VM Arguments:
jvm_args: -Dfile.encoding=Cp1252 
java_command: frmPrincipal
java_class_path (initial): C:\Users\Alumno\workspace\Kenshi_Tienda\bin
Launcher Type: SUN_STANDARD

Environment Variables:
CLASSPATH=.;C:\Program Files (x86)\Java\jre7\lib\ext\QTJava.zip
PATH=C:\ProgramData\Oracle\Java\javapath;C:\Program Files (x86)\Intel\iCLS Client\;C:\Program Files\Intel\iCLS Client\;C:\Program Files\Common Files\Microsoft Shared\Windows Live;C:\Program Files (x86)\Common Files\Microsoft Shared\Windows Live;C:\Windows\system32;C:\Windows;C:\Windows\System32\Wbem;C:\Windows\System32\WindowsPowerShell\v1.0\;C:\Program Files (x86)\Windows Live\Shared;C:\Program Files\Intel\Intel(R) Management Engine Components\DAL;C:\Program Files\Intel\Intel(R) Management Engine Components\IPT;C:\Program Files (x86)\Intel\Intel(R) Management Engine Components\DAL;C:\Program Files (x86)\Intel\Intel(R) Management Engine Components\IPT; C:\Program Files\Java\jdk1.7.0_05bin;C:\Program Files (x86)\Intel\OpenCL SDK\2.0\bin\x86;C:\Program Files (x86)\Intel\OpenCL SDK\2.0\bin\x64;C:\Program Files (x86)\QuickTime\QTSystem\;C:\Program Files (x86)\Java\jdk1.7.0_25;C:\Program Files\Java\jdk1.7.0_25;C:\Program Files\Java\jdk1.7.0_05
USERNAME=Alumno
OS=Windows_NT
PROCESSOR_IDENTIFIER=Intel64 Family 6 Model 58 Stepping 9, GenuineIntel



---------------  S Y S T E M  ---------------

OS: Windows 7 , 64 bit Build 7601 (6.1.7601.18015)

CPU:total 4 (2 cores per cpu, 2 threads per core) family 6 model 58 stepping 9, cmov, cx8, fxsr, mmx, sse, sse2, sse3, ssse3, sse4.1, sse4.2, popcnt, avx, clmul, erms, ht, tsc, tscinvbit, tscinv

Memory: 4k page, physical 4008300k(109040k free), swap 16031340k(2760k free)

vm_info: Java HotSpot(TM) 64-Bit Server VM (25.65-b01) for windows-amd64 JRE (1.8.0_65-b17), built on Oct  6 2015 16:39:20 by "java_re" with MS VC++ 10.0 (VS2010)

time: Wed Nov 04 12:39:46 2015
elapsed time: 3642 seconds (0d 1h 0m 42s)

