#
# There is insufficient memory for the Java Runtime Environment to continue.
# Native memory allocation (malloc) failed to allocate 32744 bytes for ChunkPool::allocate
# Possible reasons:
#   The system is out of physical RAM or swap space
#   In 32 bit mode, the process size limit was hit
# Possible solutions:
#   Reduce memory load on the system
#   Increase physical memory or swap space
#   Check if swap backing store is full
#   Use 64 bit Java on a 64 bit OS
#   Decrease Java heap size (-Xmx/-Xms)
#   Decrease number of Java threads
#   Decrease Java thread stack sizes (-Xss)
#   Set larger code cache with -XX:ReservedCodeCacheSize=
# This output file may be truncated or incomplete.
#
#  Out of Memory Error (allocation.cpp:273), pid=12468, tid=10860
#
# JRE version: Java(TM) SE Runtime Environment (8.0_65-b17) (build 1.8.0_65-b17)
# Java VM: Java HotSpot(TM) 64-Bit Server VM (25.65-b01 mixed mode windows-amd64 compressed oops)
# Failed to write core dump. Minidumps are not enabled by default on client versions of Windows
#

---------------  T H R E A D  ---------------

Current thread (0x0000000054eaa800):  JavaThread "C2 CompilerThread1" daemon [_thread_in_native, id=10860, stack(0x0000000056e50000,0x0000000056f50000)]

Stack: [0x0000000056e50000,0x0000000056f50000]
[error occurred during error reporting (printing stack bounds), id 0xc0000005]

Native frames: (J=compiled Java code, j=interpreted, Vv=VM code, C=native code)


Current CompileTask:
C2:1108749 2016       4       java.security.ProtectionDomain$JavaSecurityAccessImpl::getCombinedACC (30 bytes)


---------------  P R O C E S S  ---------------

Java Threads: ( => current thread )
  0x0000000056abe000 JavaThread "AWT-EventQueue-0" [_thread_blocked, id=14804, stack(0x00000000588f0000,0x00000000589f0000)]
  0x0000000056abe800 JavaThread "AWT-Shutdown" [_thread_blocked, id=14892, stack(0x00000000583f0000,0x00000000584f0000)]
  0x0000000057d1a800 JavaThread "TimerQueue" daemon [_thread_blocked, id=12512, stack(0x000000005a210000,0x000000005a310000)]
  0x000000000214e000 JavaThread "DestroyJavaVM" [_thread_blocked, id=13176, stack(0x0000000002390000,0x0000000002490000)]
  0x0000000057be7000 JavaThread "Thread-1" [_thread_blocked, id=11380, stack(0x0000000058700000,0x0000000058800000)]
  0x0000000056c8f000 JavaThread "AWT-Windows" daemon [_thread_in_native, id=12328, stack(0x00000000573c0000,0x00000000574c0000)]
  0x0000000056c85000 JavaThread "Java2D Disposer" daemon [_thread_blocked, id=12828, stack(0x00000000574d0000,0x00000000575d0000)]
  0x000000005699f000 JavaThread "Service Thread" daemon [_thread_blocked, id=9688, stack(0x0000000057060000,0x0000000057160000)]
  0x0000000056923000 JavaThread "C1 CompilerThread2" daemon [_thread_blocked, id=12380, stack(0x0000000056530000,0x0000000056630000)]
=>0x0000000054eaa800 JavaThread "C2 CompilerThread1" daemon [_thread_in_native, id=10860, stack(0x0000000056e50000,0x0000000056f50000)]
  0x0000000054ea6000 JavaThread "C2 CompilerThread0" daemon [_thread_blocked, id=9000, stack(0x0000000056820000,0x0000000056920000)]
  0x0000000054ea3800 JavaThread "Attach Listener" daemon [_thread_blocked, id=9560, stack(0x0000000056630000,0x0000000056730000)]
  0x0000000054eaf800 JavaThread "Signal Dispatcher" daemon [_thread_blocked, id=11248, stack(0x00000000563c0000,0x00000000564c0000)]
  0x0000000054e46800 JavaThread "Finalizer" daemon [_thread_blocked, id=13252, stack(0x0000000056220000,0x0000000056320000)]
  0x0000000054e3f800 JavaThread "Reference Handler" daemon [_thread_blocked, id=12544, stack(0x0000000056060000,0x0000000056160000)]

Other Threads:
  0x0000000054e3a000 VMThread [stack: 0x0000000055f00000,0x0000000056000000] [id=12044]
  0x00000000569d0000 WatcherThread [stack: 0x0000000057290000,0x0000000057390000] [id=12752]

VM state:not at safepoint (normal execution)

VM Mutex/Monitor currently owned by a thread: None

Heap:
 PSYoungGen      total 20480K, used 7425K [0x00000000eb980000, 0x00000000ed200000, 0x0000000100000000)
  eden space 15872K, 45% used [0x00000000eb980000,0x00000000ec0a0578,0x00000000ec900000)
  from space 4608K, 2% used [0x00000000ecd80000,0x00000000ecda0000,0x00000000ed200000)
  to   space 4608K, 0% used [0x00000000ec900000,0x00000000ec900000,0x00000000ecd80000)
 ParOldGen       total 42496K, used 5150K [0x00000000c2c00000, 0x00000000c5580000, 0x00000000eb980000)
  object space 42496K, 12% used [0x00000000c2c00000,0x00000000c3107bd8,0x00000000c5580000)
 Metaspace       used 12674K, capacity 12912K, committed 13184K, reserved 1060864K
  class space    used 1558K, capacity 1655K, committed 1664K, reserved 1048576K

Card table byte_map: [0x0000000011b20000,0x0000000011d10000] byte_map_base: 0x000000001150a000

Marking Bits: (ParMarkBitMap*) 0x000000005e34a5b0
 Begin Bits: [0x0000000012420000, 0x0000000013370000)
 End Bits:   [0x0000000013370000, 0x00000000142c0000)

Polling page: 0x0000000000320000

CodeCache: size=245760Kb used=6953Kb max_used=6966Kb free=238806Kb
 bounds [0x0000000002760000, 0x0000000002e50000, 0x0000000011760000]
 total_blobs=2323 nmethods=1827 adapters=408
 compilation: enabled

Compilation events (10 events):
Event: 1085.118 Thread 0x0000000054eaa800 nmethod 2011 0x0000000002e10610 code [0x0000000002e10780, 0x0000000002e10a78]
Event: 1086.166 Thread 0x0000000054ea6000 2012       4       javax.swing.text.View::getEndOffset (10 bytes)
Event: 1086.175 Thread 0x0000000054ea6000 nmethod 2012 0x0000000002a94710 code [0x0000000002a948a0, 0x0000000002a94b48]
Event: 1089.210 Thread 0x0000000054eaa800 2013       4       javax.swing.text.html.StyleSheet::addAttribute (113 bytes)
Event: 1090.416 Thread 0x0000000054eaa800 nmethod 2013 0x0000000002e44b50 code [0x0000000002e44ec0, 0x0000000002e46ed8]
Event: 1098.237 Thread 0x0000000054ea6000 2014       4       javax.swing.text.GlyphView::getAlignment (122 bytes)
Event: 1098.237 Thread 0x0000000054eaa800 2015       4       javax.swing.text.LabelView::isSubscript (9 bytes)
Event: 1098.252 Thread 0x0000000054eaa800 nmethod 2015 0x0000000002a34790 code [0x0000000002a34920, 0x0000000002a34fe8]
Event: 1098.318 Thread 0x0000000054ea6000 nmethod 2014 0x0000000002e49ed0 code [0x0000000002e4a260, 0x0000000002e4c730]
Event: 1106.345 Thread 0x0000000054eaa800 2016       4       java.security.ProtectionDomain$JavaSecurityAccessImpl::getCombinedACC (30 bytes)

GC Heap History (10 events):
Event: 822.219 GC heap before
{Heap before GC invocations=14 (full 0):
 PSYoungGen      total 21504K, used 15904K [0x00000000eb980000, 0x00000000ed400000, 0x0000000100000000)
  eden space 15872K, 100% used [0x00000000eb980000,0x00000000ec900000,0x00000000ec900000)
  from space 5632K, 0% used [0x00000000ec900000,0x00000000ec908000,0x00000000ece80000)
  to   space 5632K, 0% used [0x00000000ece80000,0x00000000ece80000,0x00000000ed400000)
 ParOldGen       total 42496K, used 5102K [0x00000000c2c00000, 0x00000000c5580000, 0x00000000eb980000)
  object space 42496K, 12% used [0x00000000c2c00000,0x00000000c30fbbd8,0x00000000c5580000)
 Metaspace       used 12673K, capacity 12912K, committed 13184K, reserved 1060864K
  class space    used 1557K, capacity 1655K, committed 1664K, reserved 1048576K
Event: 822.222 GC heap after
Heap after GC invocations=14 (full 0):
 PSYoungGen      total 20480K, used 96K [0x00000000eb980000, 0x00000000ed300000, 0x0000000100000000)
  eden space 15872K, 0% used [0x00000000eb980000,0x00000000eb980000,0x00000000ec900000)
  from space 4608K, 2% used [0x00000000ece80000,0x00000000ece98000,0x00000000ed300000)
  to   space 5120K, 0% used [0x00000000ec900000,0x00000000ec900000,0x00000000ece00000)
 ParOldGen       total 42496K, used 5102K [0x00000000c2c00000, 0x00000000c5580000, 0x00000000eb980000)
  object space 42496K, 12% used [0x00000000c2c00000,0x00000000c30fbbd8,0x00000000c5580000)
 Metaspace       used 12673K, capacity 12912K, committed 13184K, reserved 1060864K
  class space    used 1557K, capacity 1655K, committed 1664K, reserved 1048576K
}
Event: 875.656 GC heap before
{Heap before GC invocations=15 (full 0):
 PSYoungGen      total 20480K, used 15968K [0x00000000eb980000, 0x00000000ed300000, 0x0000000100000000)
  eden space 15872K, 100% used [0x00000000eb980000,0x00000000ec900000,0x00000000ec900000)
  from space 4608K, 2% used [0x00000000ece80000,0x00000000ece98000,0x00000000ed300000)
  to   space 5120K, 0% used [0x00000000ec900000,0x00000000ec900000,0x00000000ece00000)
 ParOldGen       total 42496K, used 5102K [0x00000000c2c00000, 0x00000000c5580000, 0x00000000eb980000)
  object space 42496K, 12% used [0x00000000c2c00000,0x00000000c30fbbd8,0x00000000c5580000)
 Metaspace       used 12674K, capacity 12912K, committed 13184K, reserved 1060864K
  class space    used 1557K, capacity 1655K, committed 1664K, reserved 1048576K
Event: 875.659 GC heap after
Heap after GC invocations=15 (full 0):
 PSYoungGen      total 20992K, used 32K [0x00000000eb980000, 0x00000000ed300000, 0x0000000100000000)
  eden space 15872K, 0% used [0x00000000eb980000,0x00000000eb980000,0x00000000ec900000)
  from space 5120K, 0% used [0x00000000ec900000,0x00000000ec908000,0x00000000ece00000)
  to   space 5120K, 0% used [0x00000000ece00000,0x00000000ece00000,0x00000000ed300000)
 ParOldGen       total 42496K, used 5102K [0x00000000c2c00000, 0x00000000c5580000, 0x00000000eb980000)
  object space 42496K, 12% used [0x00000000c2c00000,0x00000000c30fbbd8,0x00000000c5580000)
 Metaspace       used 12674K, capacity 12912K, committed 13184K, reserved 1060864K
  class space    used 1557K, capacity 1655K, committed 1664K, reserved 1048576K
}
Event: 935.088 GC heap before
{Heap before GC invocations=16 (full 0):
 PSYoungGen      total 20992K, used 15904K [0x00000000eb980000, 0x00000000ed300000, 0x0000000100000000)
  eden space 15872K, 100% used [0x00000000eb980000,0x00000000ec900000,0x00000000ec900000)
  from space 5120K, 0% used [0x00000000ec900000,0x00000000ec908000,0x00000000ece00000)
  to   space 5120K, 0% used [0x00000000ece00000,0x00000000ece00000,0x00000000ed300000)
 ParOldGen       total 42496K, used 5102K [0x00000000c2c00000, 0x00000000c5580000, 0x00000000eb980000)
  object space 42496K, 12% used [0x00000000c2c00000,0x00000000c30fbbd8,0x00000000c5580000)
 Metaspace       used 12674K, capacity 12912K, committed 13184K, reserved 1060864K
  class space    used 1558K, capacity 1655K, committed 1664K, reserved 1048576K
Event: 935.090 GC heap after
Heap after GC invocations=16 (full 0):
 PSYoungGen      total 19968K, used 64K [0x00000000eb980000, 0x00000000ed200000, 0x0000000100000000)
  eden space 15872K, 0% used [0x00000000eb980000,0x00000000eb980000,0x00000000ec900000)
  from space 4096K, 1% used [0x00000000ece00000,0x00000000ece10000,0x00000000ed200000)
  to   space 4608K, 0% used [0x00000000ec900000,0x00000000ec900000,0x00000000ecd80000)
 ParOldGen       total 42496K, used 5110K [0x00000000c2c00000, 0x00000000c5580000, 0x00000000eb980000)
  object space 42496K, 12% used [0x00000000c2c00000,0x00000000c30fdbd8,0x00000000c5580000)
 Metaspace       used 12674K, capacity 12912K, committed 13184K, reserved 1060864K
  class space    used 1558K, capacity 1655K, committed 1664K, reserved 1048576K
}
Event: 1007.035 GC heap before
{Heap before GC invocations=17 (full 0):
 PSYoungGen      total 19968K, used 15936K [0x00000000eb980000, 0x00000000ed200000, 0x0000000100000000)
  eden space 15872K, 100% used [0x00000000eb980000,0x00000000ec900000,0x00000000ec900000)
  from space 4096K, 1% used [0x00000000ece00000,0x00000000ece10000,0x00000000ed200000)
  to   space 4608K, 0% used [0x00000000ec900000,0x00000000ec900000,0x00000000ecd80000)
 ParOldGen       total 42496K, used 5110K [0x00000000c2c00000, 0x00000000c5580000, 0x00000000eb980000)
  object space 42496K, 12% used [0x00000000c2c00000,0x00000000c30fdbd8,0x00000000c5580000)
 Metaspace       used 12674K, capacity 12912K, committed 13184K, reserved 1060864K
  class space    used 1558K, capacity 1655K, committed 1664K, reserved 1048576K
Event: 1007.043 GC heap after
Heap after GC invocations=17 (full 0):
 PSYoungGen      total 20480K, used 32K [0x00000000eb980000, 0x00000000ed200000, 0x0000000100000000)
  eden space 15872K, 0% used [0x00000000eb980000,0x00000000eb980000,0x00000000ec900000)
  from space 4608K, 0% used [0x00000000ec900000,0x00000000ec908000,0x00000000ecd80000)
  to   space 4608K, 0% used [0x00000000ecd80000,0x00000000ecd80000,0x00000000ed200000)
 ParOldGen       total 42496K, used 5118K [0x00000000c2c00000, 0x00000000c5580000, 0x00000000eb980000)
  object space 42496K, 12% used [0x00000000c2c00000,0x00000000c30ffbd8,0x00000000c5580000)
 Metaspace       used 12674K, capacity 12912K, committed 13184K, reserved 1060864K
  class space    used 1558K, capacity 1655K, committed 1664K, reserved 1048576K
}
Event: 1078.688 GC heap before
{Heap before GC invocations=18 (full 0):
 PSYoungGen      total 20480K, used 15904K [0x00000000eb980000, 0x00000000ed200000, 0x0000000100000000)
  eden space 15872K, 100% used [0x00000000eb980000,0x00000000ec900000,0x00000000ec900000)
  from space 4608K, 0% used [0x00000000ec900000,0x00000000ec908000,0x00000000ecd80000)
  to   space 4608K, 0% used [0x00000000ecd80000,0x00000000ecd80000,0x00000000ed200000)
 ParOldGen       total 42496K, used 5118K [0x00000000c2c00000, 0x00000000c5580000, 0x00000000eb980000)
  object space 42496K, 12% used [0x00000000c2c00000,0x00000000c30ffbd8,0x00000000c5580000)
 Metaspace       used 12674K, capacity 12912K, committed 13184K, reserved 1060864K
  class space    used 1558K, capacity 1655K, committed 1664K, reserved 1048576K
Event: 1078.825 GC heap after
Heap after GC invocations=18 (full 0):
 PSYoungGen      total 20480K, used 128K [0x00000000eb980000, 0x00000000ed200000, 0x0000000100000000)
  eden space 15872K, 0% used [0x00000000eb980000,0x00000000eb980000,0x00000000ec900000)
  from space 4608K, 2% used [0x00000000ecd80000,0x00000000ecda0000,0x00000000ed200000)
  to   space 4608K, 0% used [0x00000000ec900000,0x00000000ec900000,0x00000000ecd80000)
 ParOldGen       total 42496K, used 5150K [0x00000000c2c00000, 0x00000000c5580000, 0x00000000eb980000)
  object space 42496K, 12% used [0x00000000c2c00000,0x00000000c3107bd8,0x00000000c5580000)
 Metaspace       used 12674K, capacity 12912K, committed 13184K, reserved 1060864K
  class space    used 1558K, capacity 1655K, committed 1664K, reserved 1048576K
}

Deoptimization events (10 events):
Event: 1.357 Thread 0x0000000057be7000 Uncommon trap: reason=bimorphic action=maybe_recompile pc=0x00000000029d5c14 method=java.util.HashMap.putVal(ILjava/lang/Object;Ljava/lang/Object;ZZ)Ljava/lang/Object; @ 152
Event: 1.422 Thread 0x0000000057be7000 Uncommon trap: reason=class_check action=maybe_recompile pc=0x00000000029de354 method=java.util.HashMap.putVal(ILjava/lang/Object;Ljava/lang/Object;ZZ)Ljava/lang/Object; @ 253
Event: 1.424 Thread 0x0000000057be7000 Uncommon trap: reason=class_check action=maybe_recompile pc=0x00000000028eb358 method=java.lang.String.equals(Ljava/lang/Object;)Z @ 8
Event: 1.424 Thread 0x0000000057be7000 Uncommon trap: reason=class_check action=maybe_recompile pc=0x00000000028eb358 method=java.lang.String.equals(Ljava/lang/Object;)Z @ 8
Event: 1.425 Thread 0x0000000057be7000 Uncommon trap: reason=class_check action=maybe_recompile pc=0x00000000028eb358 method=java.lang.String.equals(Ljava/lang/Object;)Z @ 8
Event: 1.427 Thread 0x0000000057be7000 Uncommon trap: reason=class_check action=maybe_recompile pc=0x00000000028eb358 method=java.lang.String.equals(Ljava/lang/Object;)Z @ 8
Event: 2.457 Thread 0x0000000057be7000 Uncommon trap: reason=class_check action=maybe_recompile pc=0x00000000029de354 method=java.util.HashMap.putVal(ILjava/lang/Object;Ljava/lang/Object;ZZ)Ljava/lang/Object; @ 253
Event: 3.467 Thread 0x0000000057be7000 Uncommon trap: reason=class_check action=maybe_recompile pc=0x00000000029de354 method=java.util.HashMap.putVal(ILjava/lang/Object;Ljava/lang/Object;ZZ)Ljava/lang/Object; @ 253
Event: 4.474 Thread 0x0000000057be7000 Uncommon trap: reason=class_check action=maybe_recompile pc=0x00000000029de354 method=java.util.HashMap.putVal(ILjava/lang/Object;Ljava/lang/Object;ZZ)Ljava/lang/Object; @ 253
Event: 101.202 Thread 0x0000000057be7000 Uncommon trap: reason=unstable_if action=reinterpret pc=0x0000000002b61e4c method=java.lang.ref.ReferenceQueue.poll()Ljava/lang/ref/Reference; @ 4

Internal exceptions (10 events):
Event: 0.162 Thread 0x000000000214e000 Exception <a 'java/lang/NoSuchMethodError': Method sun.misc.Unsafe.prefetchRead(Ljava/lang/Object;J)V name or signature does not match> (0x00000000eb98d608) thrown at [C:\workspace\8-2-build-windows-amd64-cygwin\jdk8u65\4987\hotspot\src\share\vm\prims\jni.·W P©º÷?
Event: 0.355 Thread 0x000000000214e000 Exception <a 'java/security/PrivilegedActionException'> (0x00000000eba5f298) thrown at [C:\workspace\8-2-build-windows-amd64-cygwin\jdk8u65\4987\hotspot\src\share\vm\prims\jvm.cpp, line 1386]
Event: 0.355 Thread 0x000000000214e000 Exception <a 'java/security/PrivilegedActionException'> (0x00000000eba5f4a8) thrown at [C:\workspace\8-2-build-windows-amd64-cygwin\jdk8u65\4987\hotspot\src\share\vm\prims\jvm.cpp, line 1386]
Event: 0.360 Thread 0x000000000214e000 Exception <a 'java/security/PrivilegedActionException'> (0x00000000eba63050) thrown at [C:\workspace\8-2-build-windows-amd64-cygwin\jdk8u65\4987\hotspot\src\share\vm\prims\jvm.cpp, line 1386]
Event: 0.360 Thread 0x000000000214e000 Exception <a 'java/security/PrivilegedActionException'> (0x00000000eba63260) thrown at [C:\workspace\8-2-build-windows-amd64-cygwin\jdk8u65\4987\hotspot\src\share\vm\prims\jvm.cpp, line 1386]
Event: 0.377 Thread 0x000000000214e000 Exception <a 'java/io/FileNotFoundException'> (0x00000000eba666d0) thrown at [C:\workspace\8-2-build-windows-amd64-cygwin\jdk8u65\4987\hotspot\src\share\vm\prims\jni.cpp, line 709]
Event: 0.450 Thread 0x000000000214e000 Exception <a 'java/lang/NoSuchFieldError': method resolution failed> (0x00000000ebb84060) thrown at [C:\workspace\8-2-build-windows-amd64-cygwin\jdk8u65\4987\hotspot\src\share\vm\prims\methodHandles.cpp, line 1146]
Event: 0.462 Thread 0x000000000214e000 Exception <a 'java/lang/NoSuchFieldError': method resolution failed> (0x00000000ebb91708) thrown at [C:\workspace\8-2-build-windows-amd64-cygwin\jdk8u65\4987\hotspot\src\share\vm\prims\methodHandles.cpp, line 1146]
Event: 0.532 Thread 0x000000000214e000 Exception <a 'java/io/FileNotFoundException'> (0x00000000ebc26e40) thrown at [C:\workspace\8-2-build-windows-amd64-cygwin\jdk8u65\4987\hotspot\src\share\vm\prims\jni.cpp, line 709]
Event: 0.575 Thread 0x000000000214e000 Implicit null exception at 0x00000000028d31d2 to 0x00000000028d3399

Events (10 events):
Event: 1103.340 Thread 0x0000000056abe800 Thread added: 0x0000000056abe800
Event: 1103.341 Thread 0x0000000056abe000 Thread added: 0x0000000056abe000
Event: 1104.341 Thread 0x0000000056abe800 Thread exited: 0x0000000056abe800
Event: 1104.341 Thread 0x0000000056abe000 Thread exited: 0x0000000056abe000
Event: 1104.342 Thread 0x0000000056abe000 Thread added: 0x0000000056abe000
Event: 1104.342 Thread 0x0000000056abe800 Thread added: 0x0000000056abe800
Event: 1105.342 Thread 0x0000000056abe800 Thread exited: 0x0000000056abe800
Event: 1105.343 Thread 0x0000000056abe000 Thread exited: 0x0000000056abe000
Event: 1105.344 Thread 0x0000000056abe000 Thread added: 0x0000000056abe000
Event: 1105.345 Thread 0x0000000056abe800 Thread added: 0x0000000056abe800


Dynamic libraries:
0x000000013fae0000 - 0x000000013fb17000 	C:\Program Files\Java\jre1.8.0_65\bin\javaw.exe
0x00000000778b0000 - 0x0000000077a59000 	C:\Windows\SYSTEM32\ntdll.dll
0x0000000077790000 - 0x00000000778af000 	C:\Windows\system32\kernel32.dll
0x000007fefd830000 - 0x000007fefd89b000 	C:\Windows\system32\KERNELBASE.dll
0x000007feffae0000 - 0x000007feffbbb000 	C:\Windows\system32\ADVAPI32.dll
0x000007feff240000 - 0x000007feff2df000 	C:\Windows\system32\msvcrt.dll
0x000007feffac0000 - 0x000007feffadf000 	C:\Windows\SYSTEM32\sechost.dll
0x000007feff450000 - 0x000007feff57d000 	C:\Windows\system32\RPCRT4.dll
0x0000000077690000 - 0x000000007778a000 	C:\Windows\system32\USER32.dll
0x000007feff580000 - 0x000007feff5e7000 	C:\Windows\system32\GDI32.dll
0x000007feff730000 - 0x000007feff73e000 	C:\Windows\system32\LPK.dll
0x000007feff9f0000 - 0x000007feffab9000 	C:\Windows\system32\USP10.dll
0x000007fefc110000 - 0x000007fefc304000 	C:\Windows\WinSxS\amd64_microsoft.windows.common-controls_6595b64144ccf1df_6.0.7601.17514_none_fa396087175ac9ac\COMCTL32.dll
0x000007fefe400000 - 0x000007fefe471000 	C:\Windows\system32\SHLWAPI.dll
0x000007fefe480000 - 0x000007fefe4ae000 	C:\Windows\system32\IMM32.DLL
0x000007feff2e0000 - 0x000007feff3e9000 	C:\Windows\system32\MSCTF.dll
0x000000005e3d0000 - 0x000000005e4a2000 	C:\Program Files\Java\jre1.8.0_65\bin\msvcr100.dll
0x000000005db40000 - 0x000000005e3c9000 	C:\Program Files\Java\jre1.8.0_65\bin\server\jvm.dll
0x000007fef9730000 - 0x000007fef9739000 	C:\Windows\system32\WSOCK32.dll
0x000007feff400000 - 0x000007feff44d000 	C:\Windows\system32\WS2_32.dll
0x000007feff3f0000 - 0x000007feff3f8000 	C:\Windows\system32\NSI.dll
0x000007fef9c80000 - 0x000007fef9cbb000 	C:\Windows\system32\WINMM.dll
0x000007fefc7a0000 - 0x000007fefc7ac000 	C:\Windows\system32\VERSION.dll
0x0000000077a80000 - 0x0000000077a87000 	C:\Windows\system32\PSAPI.DLL
0x000000006f6a0000 - 0x000000006f6af000 	C:\Program Files\Java\jre1.8.0_65\bin\verify.dll
0x000000006f670000 - 0x000000006f699000 	C:\Program Files\Java\jre1.8.0_65\bin\java.dll
0x000000006f650000 - 0x000000006f666000 	C:\Program Files\Java\jre1.8.0_65\bin\zip.dll
0x000007fefe4b0000 - 0x000007feff238000 	C:\Windows\system32\SHELL32.dll
0x000007fefdac0000 - 0x000007fefdcc3000 	C:\Windows\system32\ole32.dll
0x000007fefd690000 - 0x000007fefd69f000 	C:\Windows\system32\profapi.dll
0x000000005d790000 - 0x000000005d928000 	C:\Program Files\Java\jre1.8.0_65\bin\awt.dll
0x000007fefdf60000 - 0x000007fefe037000 	C:\Windows\system32\OLEAUT32.dll
0x000007fefbce0000 - 0x000007fefbcf8000 	C:\Windows\system32\DWMAPI.DLL
0x000007fefbf30000 - 0x000007fefbf86000 	C:\Windows\system32\uxtheme.dll
0x000007fefd5c0000 - 0x000007fefd5cf000 	C:\Windows\system32\CRYPTBASE.dll
0x0000000180000000 - 0x000000018004a000 	C:\Program Files\Acer\Acer ePower Management\SysHook.dll
0x000007fef8d50000 - 0x000007fef8dc1000 	C:\Windows\system32\WINSPOOL.DRV
0x000000006f5c0000 - 0x000000006f607000 	C:\Program Files\Java\jre1.8.0_65\bin\fontmanager.dll
0x000000006f630000 - 0x000000006f64a000 	C:\Program Files\Java\jre1.8.0_65\bin\net.dll
0x000007fefcee0000 - 0x000007fefcf35000 	C:\Windows\system32\mswsock.dll
0x000007fefced0000 - 0x000007fefced7000 	C:\Windows\System32\wship6.dll
0x000000006f610000 - 0x000000006f621000 	C:\Program Files\Java\jre1.8.0_65\bin\nio.dll
0x000000006f570000 - 0x000000006f5b2000 	C:\Program Files\Java\jre1.8.0_65\bin\t2k.dll
0x000007feff690000 - 0x000007feff729000 	C:\Windows\system32\CLBCatQ.DLL
0x000007fefb710000 - 0x000007fefb871000 	C:\Windows\system32\WindowsCodecs.dll
0x000007fefd560000 - 0x000007fefd5b7000 	C:\Windows\system32\apphelp.dll
0x000007fef6f00000 - 0x000007fef6f3b000 	C:\Program Files (x86)\Dropbox\Client\DropboxExt64.28.dll
0x000007fef6ec0000 - 0x000007fef6ef5000 	C:\Windows\system32\EhStorShell.dll
0x000007fefe220000 - 0x000007fefe3f7000 	C:\Windows\system32\SETUPAPI.dll
0x000007fefd8a0000 - 0x000007fefd8d6000 	C:\Windows\system32\CFGMGR32.dll
0x000007fefda90000 - 0x000007fefdaaa000 	C:\Windows\system32\DEVOBJ.dll
0x000007fefbf90000 - 0x000007fefc0bc000 	C:\Windows\system32\PROPSYS.dll
0x000007fef6850000 - 0x000007fef6ebf000 	C:\PROGRA~1\MICROS~1\Office14\GROOVEEX.DLL
0x0000000070620000 - 0x00000000706c3000 	C:\Windows\WinSxS\amd64_microsoft.vc90.crt_1fc8b3b9a1e18e3b_9.0.30729.6161_none_08e61857a83bc251\MSVCR90.dll
0x0000000070540000 - 0x0000000070613000 	C:\Windows\WinSxS\amd64_microsoft.vc90.crt_1fc8b3b9a1e18e3b_9.0.30729.6161_none_08e61857a83bc251\MSVCP90.dll
0x0000000070510000 - 0x000000007053f000 	C:\Windows\WinSxS\amd64_microsoft.vc90.atl_1fc8b3b9a1e18e3b_9.0.30729.6161_none_0a1fd3a3a768b895\ATL90.DLL
0x000007fef55c0000 - 0x000007fef59da000 	C:\PROGRA~1\COMMON~1\MICROS~1\OFFICE14\Cultures\office.odf
0x000007fef4d40000 - 0x000007fef55c0000 	C:\PROGRA~1\MICROS~1\Office14\3082\GrooveIntlResource.dll

VM Arguments:
jvm_args: -Dfile.encoding=Cp1252 
java_command: frmPrincipal
java_class_path (initial): C:\Users\Alumno\workspace\Kenshi_Tienda\bin
Launcher Type: SUN_STANDARD

Environment Variables:
CLASSPATH=.;C:\Program Files (x86)\Java\jre7\lib\ext\QTJava.zip
PATH=C:\ProgramData\Oracle\Java\javapath;C:\Program Files (x86)\Intel\iCLS Client\;C:\Program Files\Intel\iCLS Client\;C:\Program Files\Common Files\Microsoft Shared\Windows Live;C:\Program Files (x86)\Common Files\Microsoft Shared\Windows Live;C:\Windows\system32;C:\Windows;C:\Windows\System32\Wbem;C:\Windows\System32\WindowsPowerShell\v1.0\;C:\Program Files (x86)\Windows Live\Shared;C:\Program Files\Intel\Intel(R) Management Engine Components\DAL;C:\Program Files\Intel\Intel(R) Management Engine Components\IPT;C:\Program Files (x86)\Intel\Intel(R) Management Engine Components\DAL;C:\Program Files (x86)\Intel\Intel(R) Management Engine Components\IPT; C:\Program Files\Java\jdk1.7.0_05bin;C:\Program Files (x86)\Intel\OpenCL SDK\2.0\bin\x86;C:\Program Files (x86)\Intel\OpenCL SDK\2.0\bin\x64;C:\Program Files (x86)\QuickTime\QTSystem\;C:\Program Files (x86)\Java\jdk1.7.0_25;C:\Program Files\Java\jdk1.7.0_25;C:\Program Files\Java\jdk1.7.0_05
USERNAME=Alumno
OS=Windows_NT
PROCESSOR_IDENTIFIER=Intel64 Family 6 Model 58 Stepping 9, GenuineIntel



---------------  S Y S T E M  ---------------

OS: Windows 7 , 64 bit Build 7601 (6.1.7601.18015)

CPU:total 4 (2 cores per cpu, 2 threads per core) family 6 model 58 stepping 9, cmov, cx8, fxsr, mmx, sse, sse2, sse3, ssse3, sse4.1, sse4.2, popcnt, avx, clmul, erms, ht, tsc, tscinvbit, tscinv

Memory: 4k page, physical 4008300k(138424k free), swap 16031340k(3740k free)

vm_info: Java HotSpot(TM) 64-Bit Server VM (25.65-b01) for windows-amd64 JRE (1.8.0_65-b17), built on Oct  6 2015 16:39:20 by "java_re" with MS VC++ 10.0 (VS2010)

time: Wed Nov 04 12:39:12 2015
elapsed time: 1113 seconds (0d 0h 18m 33s)

