#
# There is insufficient memory for the Java Runtime Environment to continue.
# Native memory allocation (malloc) failed to allocate 32744 bytes for ChunkPool::allocate
# Possible reasons:
#   The system is out of physical RAM or swap space
#   In 32 bit mode, the process size limit was hit
# Possible solutions:
#   Reduce memory load on the system
#   Increase physical memory or swap space
#   Check if swap backing store is full
#   Use 64 bit Java on a 64 bit OS
#   Decrease Java heap size (-Xmx/-Xms)
#   Decrease number of Java threads
#   Decrease Java thread stack sizes (-Xss)
#   Set larger code cache with -XX:ReservedCodeCacheSize=
# This output file may be truncated or incomplete.
#
#  Out of Memory Error (allocation.cpp:273), pid=10260, tid=9648
#
# JRE version: Java(TM) SE Runtime Environment (8.0_65-b17) (build 1.8.0_65-b17)
# Java VM: Java HotSpot(TM) 64-Bit Server VM (25.65-b01 mixed mode windows-amd64 compressed oops)
# Failed to write core dump. Minidumps are not enabled by default on client versions of Windows
#

---------------  T H R E A D  ---------------

Current thread (0x00000000566a0800):  JavaThread "C2 CompilerThread1" daemon [_thread_in_native, id=9648, stack(0x0000000056b40000,0x0000000056c40000)]

Stack: [0x0000000056b40000,0x0000000056c40000]
[error occurred during error reporting (printing stack bounds), id 0xc0000005]

Native frames: (J=compiled Java code, j=interpreted, Vv=VM code, C=native code)


Current CompileTask:
C2:2181642 2113       4       javax.swing.text.html.parser.DocumentParser::handleStartTag (204 bytes)


---------------  P R O C E S S  ---------------

Java Threads: ( => current thread )
  0x00000000566a4000 JavaThread "AWT-EventQueue-0" [_thread_blocked, id=14748, stack(0x0000000058580000,0x0000000058680000)]
  0x00000000566a7000 JavaThread "AWT-Shutdown" [_thread_blocked, id=15332, stack(0x0000000058350000,0x0000000058450000)]
  0x00000000566a6800 JavaThread "AWT-Shutdown" [_thread_in_vm, id=14636, stack(0x0000000057ce0000,0x0000000057de0000)]
  0x00000000573ea800 JavaThread "TimerQueue" daemon [_thread_blocked, id=10512, stack(0x000000005a2b0000,0x000000005a3b0000)]
  0x000000000031e000 JavaThread "DestroyJavaVM" [_thread_blocked, id=10084, stack(0x0000000002420000,0x0000000002520000)]
  0x000000005733d800 JavaThread "Thread-1" [_thread_blocked, id=10388, stack(0x0000000058920000,0x0000000058a20000)]
  0x000000005724c800 JavaThread "AWT-Windows" daemon [_thread_in_native, id=11964, stack(0x0000000057a30000,0x0000000057b30000)]
  0x0000000056a99000 JavaThread "Java2D Disposer" daemon [_thread_blocked, id=9176, stack(0x0000000057bb0000,0x0000000057cb0000)]
  0x0000000054eef000 JavaThread "Service Thread" daemon [_thread_blocked, id=9036, stack(0x0000000056fb0000,0x00000000570b0000)]
  0x00000000566a1000 JavaThread "C1 CompilerThread2" daemon [_thread_blocked, id=9896, stack(0x0000000056da0000,0x0000000056ea0000)]
=>0x00000000566a0800 JavaThread "C2 CompilerThread1" daemon [_thread_in_native, id=9648, stack(0x0000000056b40000,0x0000000056c40000)]
  0x0000000054ee7000 JavaThread "C2 CompilerThread0" daemon [_thread_blocked, id=8056, stack(0x0000000056310000,0x0000000056410000)]
  0x0000000054ee3000 JavaThread "Attach Listener" daemon [_thread_blocked, id=7272, stack(0x00000000565a0000,0x00000000566a0000)]
  0x0000000054edf800 JavaThread "Signal Dispatcher" daemon [_thread_blocked, id=10316, stack(0x0000000056470000,0x0000000056570000)]
  0x0000000054e86800 JavaThread "Finalizer" daemon [_thread_blocked, id=11788, stack(0x0000000056100000,0x0000000056200000)]
  0x0000000054e7f800 JavaThread "Reference Handler" daemon [_thread_blocked, id=12232, stack(0x0000000055f90000,0x0000000056090000)]

Other Threads:
  0x0000000054e7a000 VMThread [stack: 0x0000000055e60000,0x0000000055f60000] [id=11948]
  0x0000000056749800 WatcherThread [stack: 0x0000000057130000,0x0000000057230000] [id=11440]

VM state:not at safepoint (normal execution)

VM Mutex/Monitor currently owned by a thread: None

Heap:
 PSYoungGen      total 16384K, used 9644K [0x00000000eb980000, 0x00000000ecb00000, 0x0000000100000000)
  eden space 15872K, 60% used [0x00000000eb980000,0x00000000ec2db308,0x00000000ec900000)
  from space 512K, 12% used [0x00000000ec900000,0x00000000ec910000,0x00000000ec980000)
  to   space 1024K, 0% used [0x00000000eca00000,0x00000000eca00000,0x00000000ecb00000)
 ParOldGen       total 42496K, used 4535K [0x00000000c2c00000, 0x00000000c5580000, 0x00000000eb980000)
  object space 42496K, 10% used [0x00000000c2c00000,0x00000000c306dd78,0x00000000c5580000)
 Metaspace       used 12685K, capacity 12912K, committed 13184K, reserved 1060864K
  class space    used 1556K, capacity 1655K, committed 1664K, reserved 1048576K

Card table byte_map: [0x0000000011bb0000,0x0000000011da0000] byte_map_base: 0x000000001159a000

Marking Bits: (ParMarkBitMap*) 0x000000005e34a5b0
 Begin Bits: [0x0000000012460000, 0x00000000133b0000)
 End Bits:   [0x00000000133b0000, 0x0000000014300000)

Polling page: 0x0000000000120000

CodeCache: size=245760Kb used=6983Kb max_used=7103Kb free=238776Kb
 bounds [0x00000000027f0000, 0x0000000002f00000, 0x00000000117f0000]
 total_blobs=2341 nmethods=1845 adapters=408
 compilation: enabled

Compilation events (10 events):
Event: 2092.475 Thread 0x00000000566a0800 nmethod 2108 0x000000000296bfd0 code [0x000000000296c120, 0x000000000296c398]
Event: 2100.454 Thread 0x0000000054ee7000 2109       4       java.lang.Integer::hashCode (8 bytes)
Event: 2100.455 Thread 0x0000000054ee7000 nmethod 2109 0x0000000002ea3bd0 code [0x0000000002ea3d00, 0x0000000002ea3d58]
Event: 2104.671 Thread 0x00000000566a0800 2110   !   4       java.lang.ThreadGroup::remove (94 bytes)
Event: 2104.687 Thread 0x00000000566a0800 nmethod 2110 0x00000000029859d0 code [0x0000000002985b20, 0x0000000002986078]
Event: 2138.206 Thread 0x0000000054ee7000 2111       4       javax.swing.text.StyleContext$NamedStyle::addAttribute (24 bytes)
Event: 2139.198 Thread 0x0000000054ee7000 nmethod 2111 0x0000000002b50890 code [0x0000000002b509e0, 0x0000000002b50b08]
Event: 2143.844 Thread 0x00000000566a1000 2112       1       java.util.concurrent.locks.LockSupport::setBlocker (12 bytes)
Event: 2143.845 Thread 0x00000000566a1000 nmethod 2112 0x0000000002b43ed0 code [0x0000000002b44020, 0x0000000002b44130]
Event: 2160.523 Thread 0x00000000566a0800 2113       4       javax.swing.text.html.parser.DocumentParser::handleStartTag (204 bytes)

GC Heap History (10 events):
Event: 2004.599 GC heap before
{Heap before GC invocations=35 (full 0):
 PSYoungGen      total 17408K, used 16000K [0x00000000eb980000, 0x00000000ecc00000, 0x0000000100000000)
  eden space 15872K, 100% used [0x00000000eb980000,0x00000000ec900000,0x00000000ec900000)
  from space 1536K, 8% used [0x00000000eca80000,0x00000000ecaa0000,0x00000000ecc00000)
  to   space 1536K, 0% used [0x00000000ec900000,0x00000000ec900000,0x00000000eca80000)
 ParOldGen       total 42496K, used 4535K [0x00000000c2c00000, 0x00000000c5580000, 0x00000000eb980000)
  object space 42496K, 10% used [0x00000000c2c00000,0x00000000c306dd78,0x00000000c5580000)
 Metaspace       used 12684K, capacity 12912K, committed 13184K, reserved 1060864K
  class space    used 1556K, capacity 1655K, committed 1664K, reserved 1048576K
Event: 2004.635 GC heap after
Heap after GC invocations=35 (full 0):
 PSYoungGen      total 17408K, used 32K [0x00000000eb980000, 0x00000000ecc00000, 0x0000000100000000)
  eden space 15872K, 0% used [0x00000000eb980000,0x00000000eb980000,0x00000000ec900000)
  from space 1536K, 2% used [0x00000000ec900000,0x00000000ec908000,0x00000000eca80000)
  to   space 1536K, 0% used [0x00000000eca80000,0x00000000eca80000,0x00000000ecc00000)
 ParOldGen       total 42496K, used 4535K [0x00000000c2c00000, 0x00000000c5580000, 0x00000000eb980000)
  object space 42496K, 10% used [0x00000000c2c00000,0x00000000c306dd78,0x00000000c5580000)
 Metaspace       used 12684K, capacity 12912K, committed 13184K, reserved 1060864K
  class space    used 1556K, capacity 1655K, committed 1664K, reserved 1048576K
}
Event: 2035.374 GC heap before
{Heap before GC invocations=36 (full 0):
 PSYoungGen      total 17408K, used 15904K [0x00000000eb980000, 0x00000000ecc00000, 0x0000000100000000)
  eden space 15872K, 100% used [0x00000000eb980000,0x00000000ec900000,0x00000000ec900000)
  from space 1536K, 2% used [0x00000000ec900000,0x00000000ec908000,0x00000000eca80000)
  to   space 1536K, 0% used [0x00000000eca80000,0x00000000eca80000,0x00000000ecc00000)
 ParOldGen       total 42496K, used 4535K [0x00000000c2c00000, 0x00000000c5580000, 0x00000000eb980000)
  object space 42496K, 10% used [0x00000000c2c00000,0x00000000c306dd78,0x00000000c5580000)
 Metaspace       used 12684K, capacity 12912K, committed 13184K, reserved 1060864K
  class space    used 1556K, capacity 1655K, committed 1664K, reserved 1048576K
Event: 2035.496 GC heap after
Heap after GC invocations=36 (full 0):
 PSYoungGen      total 17408K, used 96K [0x00000000eb980000, 0x00000000ecc00000, 0x0000000100000000)
  eden space 15872K, 0% used [0x00000000eb980000,0x00000000eb980000,0x00000000ec900000)
  from space 1536K, 6% used [0x00000000eca80000,0x00000000eca98000,0x00000000ecc00000)
  to   space 1536K, 0% used [0x00000000ec900000,0x00000000ec900000,0x00000000eca80000)
 ParOldGen       total 42496K, used 4535K [0x00000000c2c00000, 0x00000000c5580000, 0x00000000eb980000)
  object space 42496K, 10% used [0x00000000c2c00000,0x00000000c306dd78,0x00000000c5580000)
 Metaspace       used 12684K, capacity 12912K, committed 13184K, reserved 1060864K
  class space    used 1556K, capacity 1655K, committed 1664K, reserved 1048576K
}
Event: 2065.781 GC heap before
{Heap before GC invocations=37 (full 0):
 PSYoungGen      total 17408K, used 15968K [0x00000000eb980000, 0x00000000ecc00000, 0x0000000100000000)
  eden space 15872K, 100% used [0x00000000eb980000,0x00000000ec900000,0x00000000ec900000)
  from space 1536K, 6% used [0x00000000eca80000,0x00000000eca98000,0x00000000ecc00000)
  to   space 1536K, 0% used [0x00000000ec900000,0x00000000ec900000,0x00000000eca80000)
 ParOldGen       total 42496K, used 4535K [0x00000000c2c00000, 0x00000000c5580000, 0x00000000eb980000)
  object space 42496K, 10% used [0x00000000c2c00000,0x00000000c306dd78,0x00000000c5580000)
 Metaspace       used 12684K, capacity 12912K, committed 13184K, reserved 1060864K
  class space    used 1556K, capacity 1655K, committed 1664K, reserved 1048576K
Event: 2065.935 GC heap after
Heap after GC invocations=37 (full 0):
 PSYoungGen      total 17408K, used 128K [0x00000000eb980000, 0x00000000ecc00000, 0x0000000100000000)
  eden space 15872K, 0% used [0x00000000eb980000,0x00000000eb980000,0x00000000ec900000)
  from space 1536K, 8% used [0x00000000ec900000,0x00000000ec920000,0x00000000eca80000)
  to   space 1536K, 0% used [0x00000000eca80000,0x00000000eca80000,0x00000000ecc00000)
 ParOldGen       total 42496K, used 4535K [0x00000000c2c00000, 0x00000000c5580000, 0x00000000eb980000)
  object space 42496K, 10% used [0x00000000c2c00000,0x00000000c306dd78,0x00000000c5580000)
 Metaspace       used 12684K, capacity 12912K, committed 13184K, reserved 1060864K
  class space    used 1556K, capacity 1655K, committed 1664K, reserved 1048576K
}
Event: 2091.396 GC heap before
{Heap before GC invocations=38 (full 0):
 PSYoungGen      total 17408K, used 16000K [0x00000000eb980000, 0x00000000ecc00000, 0x0000000100000000)
  eden space 15872K, 100% used [0x00000000eb980000,0x00000000ec900000,0x00000000ec900000)
  from space 1536K, 8% used [0x00000000ec900000,0x00000000ec920000,0x00000000eca80000)
  to   space 1536K, 0% used [0x00000000eca80000,0x00000000eca80000,0x00000000ecc00000)
 ParOldGen       total 42496K, used 4535K [0x00000000c2c00000, 0x00000000c5580000, 0x00000000eb980000)
  object space 42496K, 10% used [0x00000000c2c00000,0x00000000c306dd78,0x00000000c5580000)
 Metaspace       used 12684K, capacity 12912K, committed 13184K, reserved 1060864K
  class space    used 1556K, capacity 1655K, committed 1664K, reserved 1048576K
Event: 2091.398 GC heap after
Heap after GC invocations=38 (full 0):
 PSYoungGen      total 17408K, used 64K [0x00000000eb980000, 0x00000000ecc00000, 0x0000000100000000)
  eden space 15872K, 0% used [0x00000000eb980000,0x00000000eb980000,0x00000000ec900000)
  from space 1536K, 4% used [0x00000000eca80000,0x00000000eca90000,0x00000000ecc00000)
  to   space 1536K, 0% used [0x00000000ec900000,0x00000000ec900000,0x00000000eca80000)
 ParOldGen       total 42496K, used 4535K [0x00000000c2c00000, 0x00000000c5580000, 0x00000000eb980000)
  object space 42496K, 10% used [0x00000000c2c00000,0x00000000c306dd78,0x00000000c5580000)
 Metaspace       used 12684K, capacity 12912K, committed 13184K, reserved 1060864K
  class space    used 1556K, capacity 1655K, committed 1664K, reserved 1048576K
}
Event: 2145.821 GC heap before
{Heap before GC invocations=39 (full 0):
 PSYoungGen      total 17408K, used 15936K [0x00000000eb980000, 0x00000000ecc00000, 0x0000000100000000)
  eden space 15872K, 100% used [0x00000000eb980000,0x00000000ec900000,0x00000000ec900000)
  from space 1536K, 4% used [0x00000000eca80000,0x00000000eca90000,0x00000000ecc00000)
  to   space 1536K, 0% used [0x00000000ec900000,0x00000000ec900000,0x00000000eca80000)
 ParOldGen       total 42496K, used 4535K [0x00000000c2c00000, 0x00000000c5580000, 0x00000000eb980000)
  object space 42496K, 10% used [0x00000000c2c00000,0x00000000c306dd78,0x00000000c5580000)
 Metaspace       used 12684K, capacity 12912K, committed 13184K, reserved 1060864K
  class space    used 1556K, capacity 1655K, committed 1664K, reserved 1048576K
Event: 2145.822 GC heap after
Heap after GC invocations=39 (full 0):
 PSYoungGen      total 16384K, used 64K [0x00000000eb980000, 0x00000000ecb00000, 0x0000000100000000)
  eden space 15872K, 0% used [0x00000000eb980000,0x00000000eb980000,0x00000000ec900000)
  from space 512K, 12% used [0x00000000ec900000,0x00000000ec910000,0x00000000ec980000)
  to   space 1024K, 0% used [0x00000000eca00000,0x00000000eca00000,0x00000000ecb00000)
 ParOldGen       total 42496K, used 4535K [0x00000000c2c00000, 0x00000000c5580000, 0x00000000eb980000)
  object space 42496K, 10% used [0x00000000c2c00000,0x00000000c306dd78,0x00000000c5580000)
 Metaspace       used 12684K, capacity 12912K, committed 13184K, reserved 1060864K
  class space    used 1556K, capacity 1655K, committed 1664K, reserved 1048576K
}

Deoptimization events (10 events):
Event: 0.811 Thread 0x000000005733d800 Uncommon trap: reason=class_check action=maybe_recompile pc=0x00000000029e0bd4 method=java.util.HashMap.putVal(ILjava/lang/Object;Ljava/lang/Object;ZZ)Ljava/lang/Object; @ 253
Event: 0.813 Thread 0x000000005733d800 Uncommon trap: reason=class_check action=maybe_recompile pc=0x00000000029748d8 method=java.lang.String.equals(Ljava/lang/Object;)Z @ 8
Event: 0.813 Thread 0x000000005733d800 Uncommon trap: reason=class_check action=maybe_recompile pc=0x00000000029748d8 method=java.lang.String.equals(Ljava/lang/Object;)Z @ 8
Event: 0.814 Thread 0x000000005733d800 Uncommon trap: reason=class_check action=maybe_recompile pc=0x00000000029748d8 method=java.lang.String.equals(Ljava/lang/Object;)Z @ 8
Event: 0.816 Thread 0x000000005733d800 Uncommon trap: reason=class_check action=maybe_recompile pc=0x00000000029748d8 method=java.lang.String.equals(Ljava/lang/Object;)Z @ 8
Event: 1.836 Thread 0x000000005733d800 Uncommon trap: reason=class_check action=maybe_recompile pc=0x00000000029e0bd4 method=java.util.HashMap.putVal(ILjava/lang/Object;Ljava/lang/Object;ZZ)Ljava/lang/Object; @ 253
Event: 557.603 Thread 0x000000005733d800 Uncommon trap: reason=unstable_if action=reinterpret pc=0x0000000002c74e24 method=java.lang.ref.ReferenceQueue.poll()Ljava/lang/ref/Reference; @ 4
Event: 1325.033 Thread 0x000000005733d800 Uncommon trap: reason=unstable_if action=reinterpret pc=0x0000000002c8e2fc method=java.lang.ref.ReferenceQueue.poll()Ljava/lang/ref/Reference; @ 4
Event: 1802.394 Thread 0x000000005733d800 Uncommon trap: reason=null_check action=make_not_entrant pc=0x0000000002e34b10 method=javax.swing.text.StyleContext$SmallAttributeSet.equals(Ljava/lang/Object;)Z @ 1
Event: 2035.496 Thread 0x000000005733d800 Uncommon trap: reason=null_check action=make_not_entrant pc=0x0000000002eea8bc method=javax.swing.text.StyleContext$SmallAttributeSet.equals(Ljava/lang/Object;)Z @ 1

Internal exceptions (10 events):
Event: 0.141 Thread 0x000000000031e000 Exception <a 'java/security/PrivilegedActionException'> (0x00000000eba634c0) thrown at [C:\workspace\8-2-build-windows-amd64-cygwin\jdk8u65\4987\hotspot\src\share\vm\prims\jvm.cpp, line 1386]
Event: 0.146 Thread 0x000000000031e000 Exception <a 'java/io/FileNotFoundException'> (0x00000000eba66930) thrown at [C:\workspace\8-2-build-windows-amd64-cygwin\jdk8u65\4987\hotspot\src\share\vm\prims\jni.cpp, line 709]
Event: 0.205 Thread 0x000000000031e000 Exception <a 'java/lang/NoSuchFieldError': method resolution failed> (0x00000000ebb842c0) thrown at [C:\workspace\8-2-build-windows-amd64-cygwin\jdk8u65\4987\hotspot\src\share\vm\prims\methodHandles.cpp, line 1146]
Event: 0.207 Thread 0x000000000031e000 Exception <a 'java/lang/NoSuchFieldError': method resolution failed> (0x00000000ebb91968) thrown at [C:\workspace\8-2-build-windows-amd64-cygwin\jdk8u65\4987\hotspot\src\share\vm\prims\methodHandles.cpp, line 1146]
Event: 0.266 Thread 0x000000000031e000 Exception <a 'java/io/FileNotFoundException'> (0x00000000ebc27090) thrown at [C:\workspace\8-2-build-windows-amd64-cygwin\jdk8u65\4987\hotspot\src\share\vm\prims\jni.cpp, line 709]
Event: 0.372 Thread 0x000000000031e000 Implicit null exception at 0x000000000295bbcb to 0x000000000295bd7d
Event: 1802.326 Thread 0x000000005733d800 Implicit null exception at 0x0000000002e33a53 to 0x0000000002e34af1
Event: 2035.496 Thread 0x000000005733d800 Implicit null exception at 0x0000000002ee915c to 0x0000000002eea8a1
Event: 2163.528 Thread 0x00000000566a6800 StackOverflowError at 0x0000000002d8e040
Event: 2163.528 Thread 0x00000000566a6800 Exception <a 'java/lang/StackOverflowError'> (0x00000000ebdc9f20) thrown at [C:\workspace\8-2-build-windows-amd64-cygwin\jdk8u65\4987\hotspot\src\share\vm\runtime\sharedRuntime.cpp, line 605]

Events (10 events):
Event: 2173.843 Thread 0x00000000566a5800 Thread added: 0x00000000566a5800
Event: 2173.843 Thread 0x00000000566a4000 Thread added: 0x00000000566a4000
Event: 2174.844 Thread 0x00000000566a4000 Thread exited: 0x00000000566a4000
Event: 2174.844 Thread 0x00000000566a5800 Thread exited: 0x00000000566a5800
Event: 2174.845 Thread 0x00000000566a5800 Thread added: 0x00000000566a5800
Event: 2174.846 Thread 0x00000000566a4000 Thread added: 0x00000000566a4000
Event: 2175.847 Thread 0x00000000566a4000 Thread exited: 0x00000000566a4000
Event: 2175.847 Thread 0x00000000566a5800 Thread exited: 0x00000000566a5800
Event: 2175.848 Thread 0x00000000566a5800 Thread added: 0x00000000566a5800
Event: 2175.849 Thread 0x00000000566a4000 Thread added: 0x00000000566a4000


Dynamic libraries:
0x000000013fae0000 - 0x000000013fb17000 	C:\Program Files\Java\jre1.8.0_65\bin\javaw.exe
0x00000000778b0000 - 0x0000000077a59000 	C:\Windows\SYSTEM32\ntdll.dll
0x0000000077790000 - 0x00000000778af000 	C:\Windows\system32\kernel32.dll
0x000007fefd830000 - 0x000007fefd89b000 	C:\Windows\system32\KERNELBASE.dll
0x000007feffae0000 - 0x000007feffbbb000 	C:\Windows\system32\ADVAPI32.dll
0x000007feff240000 - 0x000007feff2df000 	C:\Windows\system32\msvcrt.dll
0x000007feffac0000 - 0x000007feffadf000 	C:\Windows\SYSTEM32\sechost.dll
0x000007feff450000 - 0x000007feff57d000 	C:\Windows\system32\RPCRT4.dll
0x0000000077690000 - 0x000000007778a000 	C:\Windows\system32\USER32.dll
0x000007feff580000 - 0x000007feff5e7000 	C:\Windows\system32\GDI32.dll
0x000007feff730000 - 0x000007feff73e000 	C:\Windows\system32\LPK.dll
0x000007feff9f0000 - 0x000007feffab9000 	C:\Windows\system32\USP10.dll
0x000007fefc110000 - 0x000007fefc304000 	C:\Windows\WinSxS\amd64_microsoft.windows.common-controls_6595b64144ccf1df_6.0.7601.17514_none_fa396087175ac9ac\COMCTL32.dll
0x000007fefe400000 - 0x000007fefe471000 	C:\Windows\system32\SHLWAPI.dll
0x000007fefe480000 - 0x000007fefe4ae000 	C:\Windows\system32\IMM32.DLL
0x000007feff2e0000 - 0x000007feff3e9000 	C:\Windows\system32\MSCTF.dll
0x000000005e3d0000 - 0x000000005e4a2000 	C:\Program Files\Java\jre1.8.0_65\bin\msvcr100.dll
0x000000005db40000 - 0x000000005e3c9000 	C:\Program Files\Java\jre1.8.0_65\bin\server\jvm.dll
0x000007fef9730000 - 0x000007fef9739000 	C:\Windows\system32\WSOCK32.dll
0x000007feff400000 - 0x000007feff44d000 	C:\Windows\system32\WS2_32.dll
0x000007feff3f0000 - 0x000007feff3f8000 	C:\Windows\system32\NSI.dll
0x000007fef9c80000 - 0x000007fef9cbb000 	C:\Windows\system32\WINMM.dll
0x000007fefc7a0000 - 0x000007fefc7ac000 	C:\Windows\system32\VERSION.dll
0x0000000077a80000 - 0x0000000077a87000 	C:\Windows\system32\PSAPI.DLL
0x000000006f6a0000 - 0x000000006f6af000 	C:\Program Files\Java\jre1.8.0_65\bin\verify.dll
0x000000006f670000 - 0x000000006f699000 	C:\Program Files\Java\jre1.8.0_65\bin\java.dll
0x000000006f650000 - 0x000000006f666000 	C:\Program Files\Java\jre1.8.0_65\bin\zip.dll
0x000007fefe4b0000 - 0x000007feff238000 	C:\Windows\system32\SHELL32.dll
0x000007fefdac0000 - 0x000007fefdcc3000 	C:\Windows\system32\ole32.dll
0x000007fefd690000 - 0x000007fefd69f000 	C:\Windows\system32\profapi.dll
0x000000005d790000 - 0x000000005d928000 	C:\Program Files\Java\jre1.8.0_65\bin\awt.dll
0x000007fefdf60000 - 0x000007fefe037000 	C:\Windows\system32\OLEAUT32.dll
0x000007fefbce0000 - 0x000007fefbcf8000 	C:\Windows\system32\DWMAPI.DLL
0x000007fefbf30000 - 0x000007fefbf86000 	C:\Windows\system32\uxtheme.dll
0x000007fefd5c0000 - 0x000007fefd5cf000 	C:\Windows\system32\CRYPTBASE.dll
0x0000000180000000 - 0x000000018004a000 	C:\Program Files\Acer\Acer ePower Management\SysHook.dll
0x000007fef8d50000 - 0x000007fef8dc1000 	C:\Windows\system32\WINSPOOL.DRV
0x000000006f5c0000 - 0x000000006f607000 	C:\Program Files\Java\jre1.8.0_65\bin\fontmanager.dll
0x000000006f630000 - 0x000000006f64a000 	C:\Program Files\Java\jre1.8.0_65\bin\net.dll
0x000007fefcee0000 - 0x000007fefcf35000 	C:\Windows\system32\mswsock.dll
0x000007fefced0000 - 0x000007fefced7000 	C:\Windows\System32\wship6.dll
0x000000006f610000 - 0x000000006f621000 	C:\Program Files\Java\jre1.8.0_65\bin\nio.dll
0x000000006f570000 - 0x000000006f5b2000 	C:\Program Files\Java\jre1.8.0_65\bin\t2k.dll
0x000007feff690000 - 0x000007feff729000 	C:\Windows\system32\CLBCatQ.DLL
0x000007fefb710000 - 0x000007fefb871000 	C:\Windows\system32\WindowsCodecs.dll
0x000007fefd560000 - 0x000007fefd5b7000 	C:\Windows\system32\apphelp.dll
0x000007fef6f00000 - 0x000007fef6f3b000 	C:\Program Files (x86)\Dropbox\Client\DropboxExt64.28.dll
0x000007fef6ec0000 - 0x000007fef6ef5000 	C:\Windows\system32\EhStorShell.dll
0x000007fefe220000 - 0x000007fefe3f7000 	C:\Windows\system32\SETUPAPI.dll
0x000007fefd8a0000 - 0x000007fefd8d6000 	C:\Windows\system32\CFGMGR32.dll
0x000007fefda90000 - 0x000007fefdaaa000 	C:\Windows\system32\DEVOBJ.dll
0x000007fefbf90000 - 0x000007fefc0bc000 	C:\Windows\system32\PROPSYS.dll
0x000007fef6850000 - 0x000007fef6ebf000 	C:\PROGRA~1\MICROS~1\Office14\GROOVEEX.DLL
0x0000000070620000 - 0x00000000706c3000 	C:\Windows\WinSxS\amd64_microsoft.vc90.crt_1fc8b3b9a1e18e3b_9.0.30729.6161_none_08e61857a83bc251\MSVCR90.dll
0x0000000070540000 - 0x0000000070613000 	C:\Windows\WinSxS\amd64_microsoft.vc90.crt_1fc8b3b9a1e18e3b_9.0.30729.6161_none_08e61857a83bc251\MSVCP90.dll
0x0000000070510000 - 0x000000007053f000 	C:\Windows\WinSxS\amd64_microsoft.vc90.atl_1fc8b3b9a1e18e3b_9.0.30729.6161_none_0a1fd3a3a768b895\ATL90.DLL
0x000007fef55c0000 - 0x000007fef59da000 	C:\PROGRA~1\COMMON~1\MICROS~1\OFFICE14\Cultures\office.odf
0x000007fef4d40000 - 0x000007fef55c0000 	C:\PROGRA~1\MICROS~1\Office14\3082\GrooveIntlResource.dll

VM Arguments:
jvm_args: -Dfile.encoding=Cp1252 
java_command: frmPrincipal
java_class_path (initial): C:\Users\Alumno\workspace\Kenshi_Tienda\bin
Launcher Type: SUN_STANDARD

Environment Variables:
CLASSPATH=.;C:\Program Files (x86)\Java\jre7\lib\ext\QTJava.zip
PATH=C:\ProgramData\Oracle\Java\javapath;C:\Program Files (x86)\Intel\iCLS Client\;C:\Program Files\Intel\iCLS Client\;C:\Program Files\Common Files\Microsoft Shared\Windows Live;C:\Program Files (x86)\Common Files\Microsoft Shared\Windows Live;C:\Windows\system32;C:\Windows;C:\Windows\System32\Wbem;C:\Windows\System32\WindowsPowerShell\v1.0\;C:\Program Files (x86)\Windows Live\Shared;C:\Program Files\Intel\Intel(R) Management Engine Components\DAL;C:\Program Files\Intel\Intel(R) Management Engine Components\IPT;C:\Program Files (x86)\Intel\Intel(R) Management Engine Components\DAL;C:\Program Files (x86)\Intel\Intel(R) Management Engine Components\IPT; C:\Program Files\Java\jdk1.7.0_05bin;C:\Program Files (x86)\Intel\OpenCL SDK\2.0\bin\x86;C:\Program Files (x86)\Intel\OpenCL SDK\2.0\bin\x64;C:\Program Files (x86)\QuickTime\QTSystem\;C:\Program Files (x86)\Java\jdk1.7.0_25;C:\Program Files\Java\jdk1.7.0_25;C:\Program Files\Java\jdk1.7.0_05
USERNAME=Alumno
OS=Windows_NT
PROCESSOR_IDENTIFIER=Intel64 Family 6 Model 58 Stepping 9, GenuineIntel



---------------  S Y S T E M  ---------------

OS: Windows 7 , 64 bit Build 7601 (6.1.7601.18015)

CPU:total 4 (2 cores per cpu, 2 threads per core) family 6 model 58 stepping 9, cmov, cx8, fxsr, mmx, sse, sse2, sse3, ssse3, sse4.1, sse4.2, popcnt, avx, clmul, erms, ht, tsc, tscinvbit, tscinv

Memory: 4k page, physical 4008300k(120520k free), swap 16031340k(3860k free)

vm_info: Java HotSpot(TM) 64-Bit Server VM (25.65-b01) for windows-amd64 JRE (1.8.0_65-b17), built on Oct  6 2015 16:39:20 by "java_re" with MS VC++ 10.0 (VS2010)

time: Wed Nov 04 12:39:34 2015
elapsed time: 2183 seconds (0d 0h 36m 23s)

