#
# A fatal error has been detected by the Java Runtime Environment:
#
#  EXCEPTION_STACK_OVERFLOW (0xc00000fd) at pc=0x000000005dd518b7, pid=10376, tid=14436
#
# JRE version: Java(TM) SE Runtime Environment (8.0_65-b17) (build 1.8.0_65-b17)
# Java VM: Java HotSpot(TM) 64-Bit Server VM (25.65-b01 mixed mode windows-amd64 compressed oops)
# Problematic frame:
# V  [jvm.dll+0x2118b7]
#
# Failed to write core dump. Minidumps are not enabled by default on client versions of Windows
#
# If you would like to submit a bug report, please visit:
#   http://bugreport.java.com/bugreport/crash.jsp
#

---------------  T H R E A D  ---------------

Current thread (0x000000005672c000):  JavaThread "AWT-EventQueue-0" [_thread_in_vm, id=14436, stack(0x00000000584c0000,0x00000000585c0000)]

siginfo: ExceptionCode=0xc00000fd, ExceptionInformation=0x0000000000000001 0x00000000585bb530 

Registers:
RAX=0x00000000585bb530, RBX=0x0000000000000005, RCX=0x0000000000004000, RDX=0x0000000000000006
RSP=0x00000000585bf530, RBP=0x0000000000000000, RSI=0x00000000585bf530, RDI=0x0000000000000005
R8 =0x0000000000000006, R9 =0x00000000567b4d20, R10=0x0000000058a7c8e8, R11=0x00000000584ca168
R12=0x00000000567b4d20, R13=0x000000005672c000, R14=0x00000000585bf5f8, R15=0x0000000058a7c8e8
RIP=0x000000005dd518b7, EFLAGS=0x0000000000010206

Top of Stack: (sp=0x00000000585bf530)
0x00000000585bf530:   0000000054f59980 000000005e424e7e
0x00000000585bf540:   000000005672c000 00000000567b4d20
0x00000000585bf550:   00000000ffffffff 000000005dd527e7
0x00000000585bf560:   00000000585bf660 0000000058a7c8e8
0x00000000585bf570:   000000005672c000 000000005dbff333
0x00000000585bf580:   00000000585bf5c0 000000005672c000
0x00000000585bf590:   00000000585bf650 000000005672c000
0x00000000585bf5a0:   0000000058a7c8e8 000000005672c000
0x00000000585bf5b0:   0000000002966e60 000000005672c000
0x00000000585bf5c0:   0000000058a7c8e8 000000005672c000
0x00000000585bf5d0:   000000005458b958 000000005672c000
0x00000000585bf5e0:   0000000000000001 0000000058a7c8e8
0x00000000585bf5f0:   000000005672c000 0000000054f5ce20
0x00000000585bf600:   000000005672c000 000000005dc0081d
0x00000000585bf610:   00000000585bf918 00000000145669a0
0x00000000585bf620:   00000000146c37c0 00000000ffffffff 

Instructions: (pc=0x000000005dd518b7)
0x000000005dd51897:   48 89 6c 24 30 33 ed 66 90 e8 ab 36 08 00 ff c3
0x000000005dd518a7:   48 63 c8 48 8b c6 48 0f af cf 48 ff c7 48 2b c1
0x000000005dd518b7:   89 28 48 63 c3 48 3b 05 cd 9d 58 00 7e db 48 8b
0x000000005dd518c7:   6c 24 30 48 8b 5c 24 38 48 8b 74 24 40 48 83 c4 


Register to memory mapping:

RAX=0x00000000585bb530 is pointing into the stack for thread: 0x000000005672c000
RBX=0x0000000000000005 is an unknown value
RCX=0x0000000000004000 is an unknown value
RDX=0x0000000000000006 is an unknown value
RSP=0x00000000585bf530 is pointing into the stack for thread: 0x000000005672c000
RBP=0x0000000000000000 is an unknown value
RSI=0x00000000585bf530 is pointing into the stack for thread: 0x000000005672c000
RDI=0x0000000000000005 is an unknown value
R8 =0x0000000000000006 is an unknown value
R9 =0x00000000567b4d20 is an unknown value
R10={method} {0x0000000058a7c8f0} 'run' '()V' in 'java/awt/EventDispatchThread'
R11=0x00000000584ca168 is pointing into the stack for thread: 0x000000005672c000
R12=0x00000000567b4d20 is an unknown value
R13=0x000000005672c000 is a thread
R14=0x00000000585bf5f8 is pointing into the stack for thread: 0x000000005672c000
R15={method} {0x0000000058a7c8f0} 'run' '()V' in 'java/awt/EventDispatchThread'


Stack: [0x00000000584c0000,0x00000000585c0000],  sp=0x00000000585bf530,  free space=1021k
Native frames: (J=compiled Java code, j=interpreted, Vv=VM code, C=native code)


---------------  P R O C E S S  ---------------

Java Threads: ( => current thread )
=>0x000000005672c000 JavaThread "AWT-EventQueue-0" [_thread_in_vm, id=14436, stack(0x00000000584c0000,0x00000000585c0000)]
  0x000000005672b800 JavaThread "AWT-Shutdown" [_thread_blocked, id=14512, stack(0x00000000582e0000,0x00000000583e0000)]
  0x000000000236e000 JavaThread "DestroyJavaVM" [_thread_blocked, id=8964, stack(0x0000000002550000,0x0000000002650000)]
  0x00000000573a9000 JavaThread "Thread-1" [_thread_blocked, id=12132, stack(0x0000000058c30000,0x0000000058d30000)]
  0x00000000572a4000 JavaThread "AWT-Windows" daemon [_thread_in_native, id=7384, stack(0x0000000057da0000,0x0000000057ea0000)]
  0x0000000057278000 JavaThread "Java2D Disposer" daemon [_thread_blocked, id=10288, stack(0x0000000056c30000,0x0000000056d30000)]
  0x0000000056747000 JavaThread "Service Thread" daemon [_thread_blocked, id=11888, stack(0x0000000056fb0000,0x00000000570b0000)]
  0x00000000566c9000 JavaThread "C1 CompilerThread2" daemon [_thread_blocked, id=4708, stack(0x0000000056eb0000,0x0000000056fb0000)]
  0x0000000054f5f000 JavaThread "C2 CompilerThread1" daemon [_thread_blocked, id=10188, stack(0x0000000056d80000,0x0000000056e80000)]
  0x0000000054f5b000 JavaThread "C2 CompilerThread0" daemon [_thread_blocked, id=11448, stack(0x0000000056b10000,0x0000000056c10000)]
  0x0000000054f53000 JavaThread "Attach Listener" daemon [_thread_blocked, id=10704, stack(0x00000000565b0000,0x00000000566b0000)]
  0x0000000054f50000 JavaThread "Signal Dispatcher" daemon [_thread_blocked, id=10328, stack(0x0000000056450000,0x0000000056550000)]
  0x0000000054ef6800 JavaThread "Finalizer" daemon [_thread_blocked, id=12124, stack(0x0000000056270000,0x0000000056370000)]
  0x0000000054eef800 JavaThread "Reference Handler" daemon [_thread_blocked, id=11844, stack(0x00000000560f0000,0x00000000561f0000)]

Other Threads:
  0x0000000054eea000 VMThread [stack: 0x0000000055f80000,0x0000000056080000] [id=10408]
  0x000000005675e800 WatcherThread [stack: 0x0000000057150000,0x0000000057250000] [id=9160]

VM state:not at safepoint (normal execution)

VM Mutex/Monitor currently owned by a thread: None

Heap:
 PSYoungGen      total 15872K, used 5728K [0x00000000eb980000, 0x00000000eca00000, 0x0000000100000000)
  eden space 15360K, 36% used [0x00000000eb980000,0x00000000ebef8248,0x00000000ec880000)
  from space 512K, 25% used [0x00000000ec900000,0x00000000ec920000,0x00000000ec980000)
  to   space 512K, 0% used [0x00000000ec980000,0x00000000ec980000,0x00000000eca00000)
 ParOldGen       total 42496K, used 4583K [0x00000000c2c00000, 0x00000000c5580000, 0x00000000eb980000)
  object space 42496K, 10% used [0x00000000c2c00000,0x00000000c3079d78,0x00000000c5580000)
 Metaspace       used 12542K, capacity 12752K, committed 12928K, reserved 1060864K
  class space    used 1541K, capacity 1623K, committed 1664K, reserved 1048576K

Card table byte_map: [0x0000000011ce0000,0x0000000011ed0000] byte_map_base: 0x00000000116ca000

Marking Bits: (ParMarkBitMap*) 0x000000005e34a5b0
 Begin Bits: [0x00000000124d0000, 0x0000000013420000)
 End Bits:   [0x0000000013420000, 0x0000000014370000)

Polling page: 0x0000000000320000

CodeCache: size=245760Kb used=6968Kb max_used=7138Kb free=238791Kb
 bounds [0x0000000002920000, 0x0000000003060000, 0x0000000011920000]
 total_blobs=2254 nmethods=1759 adapters=407
 compilation: enabled

Compilation events (10 events):
Event: 3594.957 Thread 0x0000000054f5f000 2078       4       javax.swing.text.html.HTMLDocument$HTMLReader::getPathTo (66 bytes)
Event: 3595.032 Thread 0x0000000054f5f000 nmethod 2078 0x0000000002aa9250 code [0x0000000002aa9400, 0x0000000002aa99d8]
Event: 3616.754 Thread 0x00000000566c9000 2079       3       java.lang.ref.ReferenceQueue::reallyPoll (66 bytes)
Event: 3616.789 Thread 0x00000000566c9000 nmethod 2079 0x0000000002ba7c10 code [0x0000000002ba7d80, 0x0000000002ba81f0]
Event: 3624.844 Thread 0x0000000054f5b000 2080   !   4       java.awt.Component::firePropertyChange (59 bytes)
Event: 3626.496 Thread 0x0000000054f5b000 nmethod 2080 0x0000000002c80250 code [0x0000000002c80440, 0x0000000002c81638]
Event: 3854.646 Thread 0x0000000054f5f000 2081       4       javax.swing.text.html.HTMLEditorKit$HTMLFactory$BodyBlockView::calculateMajorAxisRequirements (15 bytes)
Event: 3854.647 Thread 0x0000000054f5b000 2082       4       javax.swing.text.html.HTMLEditorKit$HTMLFactory$BodyBlockView::layoutMinorAxis (218 bytes)
Event: 3855.118 Thread 0x0000000054f5f000 nmethod 2081 0x0000000002c05510 code [0x0000000002c05660, 0x0000000002c05938]
Event: 3856.159 Thread 0x0000000054f5b000 nmethod 2082 0x0000000002d19e10 code [0x0000000002d19fe0, 0x0000000002d1a7c8]

GC Heap History (10 events):
Event: 3852.488 GC heap before
{Heap before GC invocations=77 (full 0):
 PSYoungGen      total 15872K, used 15456K [0x00000000eb980000, 0x00000000eca00000, 0x0000000100000000)
  eden space 15360K, 100% used [0x00000000eb980000,0x00000000ec880000,0x00000000ec880000)
  from space 512K, 18% used [0x00000000ec980000,0x00000000ec998000,0x00000000eca00000)
  to   space 512K, 0% used [0x00000000ec900000,0x00000000ec900000,0x00000000ec980000)
 ParOldGen       total 42496K, used 4583K [0x00000000c2c00000, 0x00000000c5580000, 0x00000000eb980000)
  object space 42496K, 10% used [0x00000000c2c00000,0x00000000c3079d78,0x00000000c5580000)
 Metaspace       used 12542K, capacity 12752K, committed 12928K, reserved 1060864K
  class space    used 1541K, capacity 1623K, committed 1664K, reserved 1048576K
Event: 3852.489 GC heap after
Heap after GC invocations=77 (full 0):
 PSYoungGen      total 15872K, used 96K [0x00000000eb980000, 0x00000000eca00000, 0x0000000100000000)
  eden space 15360K, 0% used [0x00000000eb980000,0x00000000eb980000,0x00000000ec880000)
  from space 512K, 18% used [0x00000000ec900000,0x00000000ec918000,0x00000000ec980000)
  to   space 512K, 0% used [0x00000000ec980000,0x00000000ec980000,0x00000000eca00000)
 ParOldGen       total 42496K, used 4583K [0x00000000c2c00000, 0x00000000c5580000, 0x00000000eb980000)
  object space 42496K, 10% used [0x00000000c2c00000,0x00000000c3079d78,0x00000000c5580000)
 Metaspace       used 12542K, capacity 12752K, committed 12928K, reserved 1060864K
  class space    used 1541K, capacity 1623K, committed 1664K, reserved 1048576K
}
Event: 3904.392 GC heap before
{Heap before GC invocations=78 (full 0):
 PSYoungGen      total 15872K, used 15456K [0x00000000eb980000, 0x00000000eca00000, 0x0000000100000000)
  eden space 15360K, 100% used [0x00000000eb980000,0x00000000ec880000,0x00000000ec880000)
  from space 512K, 18% used [0x00000000ec900000,0x00000000ec918000,0x00000000ec980000)
  to   space 512K, 0% used [0x00000000ec980000,0x00000000ec980000,0x00000000eca00000)
 ParOldGen       total 42496K, used 4583K [0x00000000c2c00000, 0x00000000c5580000, 0x00000000eb980000)
  object space 42496K, 10% used [0x00000000c2c00000,0x00000000c3079d78,0x00000000c5580000)
 Metaspace       used 12542K, capacity 12752K, committed 12928K, reserved 1060864K
  class space    used 1541K, capacity 1623K, committed 1664K, reserved 1048576K
Event: 3904.543 GC heap after
Heap after GC invocations=78 (full 0):
 PSYoungGen      total 15872K, used 160K [0x00000000eb980000, 0x00000000eca00000, 0x0000000100000000)
  eden space 15360K, 0% used [0x00000000eb980000,0x00000000eb980000,0x00000000ec880000)
  from space 512K, 31% used [0x00000000ec980000,0x00000000ec9a8000,0x00000000eca00000)
  to   space 512K, 0% used [0x00000000ec900000,0x00000000ec900000,0x00000000ec980000)
 ParOldGen       total 42496K, used 4583K [0x00000000c2c00000, 0x00000000c5580000, 0x00000000eb980000)
  object space 42496K, 10% used [0x00000000c2c00000,0x00000000c3079d78,0x00000000c5580000)
 Metaspace       used 12542K, capacity 12752K, committed 12928K, reserved 1060864K
  class space    used 1541K, capacity 1623K, committed 1664K, reserved 1048576K
}
Event: 3935.999 GC heap before
{Heap before GC invocations=79 (full 0):
 PSYoungGen      total 15872K, used 15520K [0x00000000eb980000, 0x00000000eca00000, 0x0000000100000000)
  eden space 15360K, 100% used [0x00000000eb980000,0x00000000ec880000,0x00000000ec880000)
  from space 512K, 31% used [0x00000000ec980000,0x00000000ec9a8000,0x00000000eca00000)
  to   space 512K, 0% used [0x00000000ec900000,0x00000000ec900000,0x00000000ec980000)
 ParOldGen       total 42496K, used 4583K [0x00000000c2c00000, 0x00000000c5580000, 0x00000000eb980000)
  object space 42496K, 10% used [0x00000000c2c00000,0x00000000c3079d78,0x00000000c5580000)
 Metaspace       used 12542K, capacity 12752K, committed 12928K, reserved 1060864K
  class space    used 1541K, capacity 1623K, committed 1664K, reserved 1048576K
Event: 3936.001 GC heap after
Heap after GC invocations=79 (full 0):
 PSYoungGen      total 15872K, used 64K [0x00000000eb980000, 0x00000000eca00000, 0x0000000100000000)
  eden space 15360K, 0% used [0x00000000eb980000,0x00000000eb980000,0x00000000ec880000)
  from space 512K, 12% used [0x00000000ec900000,0x00000000ec910000,0x00000000ec980000)
  to   space 512K, 0% used [0x00000000ec980000,0x00000000ec980000,0x00000000eca00000)
 ParOldGen       total 42496K, used 4583K [0x00000000c2c00000, 0x00000000c5580000, 0x00000000eb980000)
  object space 42496K, 10% used [0x00000000c2c00000,0x00000000c3079d78,0x00000000c5580000)
 Metaspace       used 12542K, capacity 12752K, committed 12928K, reserved 1060864K
  class space    used 1541K, capacity 1623K, committed 1664K, reserved 1048576K
}
Event: 3988.442 GC heap before
{Heap before GC invocations=80 (full 0):
 PSYoungGen      total 15872K, used 15424K [0x00000000eb980000, 0x00000000eca00000, 0x0000000100000000)
  eden space 15360K, 100% used [0x00000000eb980000,0x00000000ec880000,0x00000000ec880000)
  from space 512K, 12% used [0x00000000ec900000,0x00000000ec910000,0x00000000ec980000)
  to   space 512K, 0% used [0x00000000ec980000,0x00000000ec980000,0x00000000eca00000)
 ParOldGen       total 42496K, used 4583K [0x00000000c2c00000, 0x00000000c5580000, 0x00000000eb980000)
  object space 42496K, 10% used [0x00000000c2c00000,0x00000000c3079d78,0x00000000c5580000)
 Metaspace       used 12542K, capacity 12752K, committed 12928K, reserved 1060864K
  class space    used 1541K, capacity 1623K, committed 1664K, reserved 1048576K
Event: 3988.444 GC heap after
Heap after GC invocations=80 (full 0):
 PSYoungGen      total 15872K, used 64K [0x00000000eb980000, 0x00000000eca00000, 0x0000000100000000)
  eden space 15360K, 0% used [0x00000000eb980000,0x00000000eb980000,0x00000000ec880000)
  from space 512K, 12% used [0x00000000ec980000,0x00000000ec990000,0x00000000eca00000)
  to   space 512K, 0% used [0x00000000ec900000,0x00000000ec900000,0x00000000ec980000)
 ParOldGen       total 42496K, used 4583K [0x00000000c2c00000, 0x00000000c5580000, 0x00000000eb980000)
  object space 42496K, 10% used [0x00000000c2c00000,0x00000000c3079d78,0x00000000c5580000)
 Metaspace       used 12542K, capacity 12752K, committed 12928K, reserved 1060864K
  class space    used 1541K, capacity 1623K, committed 1664K, reserved 1048576K
}
Event: 4045.425 GC heap before
{Heap before GC invocations=81 (full 0):
 PSYoungGen      total 15872K, used 15424K [0x00000000eb980000, 0x00000000eca00000, 0x0000000100000000)
  eden space 15360K, 100% used [0x00000000eb980000,0x00000000ec880000,0x00000000ec880000)
  from space 512K, 12% used [0x00000000ec980000,0x00000000ec990000,0x00000000eca00000)
  to   space 512K, 0% used [0x00000000ec900000,0x00000000ec900000,0x00000000ec980000)
 ParOldGen       total 42496K, used 4583K [0x00000000c2c00000, 0x00000000c5580000, 0x00000000eb980000)
  object space 42496K, 10% used [0x00000000c2c00000,0x00000000c3079d78,0x00000000c5580000)
 Metaspace       used 12542K, capacity 12752K, committed 12928K, reserved 1060864K
  class space    used 1541K, capacity 1623K, committed 1664K, reserved 1048576K
Event: 4046.009 GC heap after
Heap after GC invocations=81 (full 0):
 PSYoungGen      total 15872K, used 128K [0x00000000eb980000, 0x00000000eca00000, 0x0000000100000000)
  eden space 15360K, 0% used [0x00000000eb980000,0x00000000eb980000,0x00000000ec880000)
  from space 512K, 25% used [0x00000000ec900000,0x00000000ec920000,0x00000000ec980000)
  to   space 512K, 0% used [0x00000000ec980000,0x00000000ec980000,0x00000000eca00000)
 ParOldGen       total 42496K, used 4583K [0x00000000c2c00000, 0x00000000c5580000, 0x00000000eb980000)
  object space 42496K, 10% used [0x00000000c2c00000,0x00000000c3079d78,0x00000000c5580000)
 Metaspace       used 12542K, capacity 12752K, committed 12928K, reserved 1060864K
  class space    used 1541K, capacity 1623K, committed 1664K, reserved 1048576K
}

Deoptimization events (10 events):
Event: 0.653 Thread 0x00000000573a9000 Uncommon trap: reason=class_check action=maybe_recompile pc=0x0000000002b16f14 method=java.util.HashMap.putVal(ILjava/lang/Object;Ljava/lang/Object;ZZ)Ljava/lang/Object; @ 253
Event: 0.654 Thread 0x00000000573a9000 Uncommon trap: reason=class_check action=maybe_recompile pc=0x0000000002aa69d8 method=java.lang.String.equals(Ljava/lang/Object;)Z @ 8
Event: 0.655 Thread 0x00000000573a9000 Uncommon trap: reason=class_check action=maybe_recompile pc=0x0000000002aa69d8 method=java.lang.String.equals(Ljava/lang/Object;)Z @ 8
Event: 0.655 Thread 0x00000000573a9000 Uncommon trap: reason=class_check action=maybe_recompile pc=0x0000000002aa69d8 method=java.lang.String.equals(Ljava/lang/Object;)Z @ 8
Event: 0.656 Thread 0x00000000573a9000 Uncommon trap: reason=class_check action=maybe_recompile pc=0x0000000002aa69d8 method=java.lang.String.equals(Ljava/lang/Object;)Z @ 8
Event: 1.676 Thread 0x00000000573a9000 Uncommon trap: reason=class_check action=maybe_recompile pc=0x0000000002b16f14 method=java.util.HashMap.putVal(ILjava/lang/Object;Ljava/lang/Object;ZZ)Ljava/lang/Object; @ 253
Event: 288.289 Thread 0x00000000573a9000 Uncommon trap: reason=unstable_if action=reinterpret pc=0x0000000002d9921c method=java.lang.ref.ReferenceQueue.poll()Ljava/lang/ref/Reference; @ 4
Event: 404.757 Thread 0x00000000573a9000 Uncommon trap: reason=unstable_if action=reinterpret pc=0x0000000002d19d0c method=java.lang.ref.ReferenceQueue.poll()Ljava/lang/ref/Reference; @ 4
Event: 951.372 Thread 0x00000000573a9000 Uncommon trap: reason=null_check action=make_not_entrant pc=0x0000000002ed0edc method=javax.swing.text.StyleContext$SmallAttributeSet.equals(Ljava/lang/Object;)Z @ 1
Event: 1677.126 Thread 0x00000000573a9000 Uncommon trap: reason=unstable_if action=reinterpret pc=0x0000000002fbb174 method=java.util.WeakHashMap.transfer([Ljava/util/WeakHashMap$Entry;[Ljava/util/WeakHashMap$Entry;)V @ 38

Internal exceptions (10 events):
Event: 0.154 Thread 0x000000000236e000 Exception <a 'java/security/PrivilegedActionException'> (0x00000000eba0f890) thrown at [C:\workspace\8-2-build-windows-amd64-cygwin\jdk8u65\4987\hotspot\src\share\vm\prims\jvm.cpp, line 1386]
Event: 0.154 Thread 0x000000000236e000 Exception <a 'java/security/PrivilegedActionException'> (0x00000000eba0faa0) thrown at [C:\workspace\8-2-build-windows-amd64-cygwin\jdk8u65\4987\hotspot\src\share\vm\prims\jvm.cpp, line 1386]
Event: 0.155 Thread 0x000000000236e000 Exception <a 'java/security/PrivilegedActionException'> (0x00000000eba13648) thrown at [C:\workspace\8-2-build-windows-amd64-cygwin\jdk8u65\4987\hotspot\src\share\vm\prims\jvm.cpp, line 1386]
Event: 0.155 Thread 0x000000000236e000 Exception <a 'java/security/PrivilegedActionException'> (0x00000000eba13858) thrown at [C:\workspace\8-2-build-windows-amd64-cygwin\jdk8u65\4987\hotspot\src\share\vm\prims\jvm.cpp, line 1386]
Event: 0.161 Thread 0x000000000236e000 Exception <a 'java/io/FileNotFoundException'> (0x00000000eba16cc8) thrown at [C:\workspace\8-2-build-windows-amd64-cygwin\jdk8u65\4987\hotspot\src\share\vm\prims\jni.cpp, line 709]
Event: 0.214 Thread 0x000000000236e000 Exception <a 'java/lang/NoSuchFieldError': method resolution failed> (0x00000000ebb34650) thrown at [C:\workspace\8-2-build-windows-amd64-cygwin\jdk8u65\4987\hotspot\src\share\vm\prims\methodHandles.cpp, line 1146]
Event: 0.217 Thread 0x000000000236e000 Exception <a 'java/lang/NoSuchFieldError': method resolution failed> (0x00000000ebb41cf8) thrown at [C:\workspace\8-2-build-windows-amd64-cygwin\jdk8u65\4987\hotspot\src\share\vm\prims\methodHandles.cpp, line 1146]
Event: 0.276 Thread 0x000000000236e000 Exception <a 'java/io/FileNotFoundException'> (0x00000000ebbd7420) thrown at [C:\workspace\8-2-build-windows-amd64-cygwin\jdk8u65\4987\hotspot\src\share\vm\prims\jni.cpp, line 709]
Event: 0.317 Thread 0x000000000236e000 Implicit null exception at 0x0000000002a88f4b to 0x0000000002a890fd
Event: 951.372 Thread 0x00000000573a9000 Implicit null exception at 0x0000000002ecfe22 to 0x0000000002ed0ecd

Events (10 events):
Event: 4055.403 Thread 0x000000005672c000 Thread added: 0x000000005672c000
Event: 4055.404 Thread 0x000000005672b800 Thread added: 0x000000005672b800
Event: 4056.404 Thread 0x000000005672b800 Thread exited: 0x000000005672b800
Event: 4056.405 Thread 0x000000005672c000 Thread exited: 0x000000005672c000
Event: 4056.406 Thread 0x000000005672c000 Thread added: 0x000000005672c000
Event: 4056.407 Thread 0x000000005672b800 Thread added: 0x000000005672b800
Event: 4057.407 Thread 0x000000005672c000 Thread exited: 0x000000005672c000
Event: 4057.407 Thread 0x000000005672b800 Thread exited: 0x000000005672b800
Event: 4057.408 Thread 0x000000005672b800 Thread added: 0x000000005672b800
Event: 4057.408 Thread 0x000000005672c000 Thread added: 0x000000005672c000


Dynamic libraries:
0x000000013fae0000 - 0x000000013fb17000 	C:\Program Files\Java\jre1.8.0_65\bin\javaw.exe
0x00000000778b0000 - 0x0000000077a59000 	C:\Windows\SYSTEM32\ntdll.dll
0x0000000077790000 - 0x00000000778af000 	C:\Windows\system32\kernel32.dll
0x000007fefd830000 - 0x000007fefd89b000 	C:\Windows\system32\KERNELBASE.dll
0x000007feffae0000 - 0x000007feffbbb000 	C:\Windows\system32\ADVAPI32.dll
0x000007feff240000 - 0x000007feff2df000 	C:\Windows\system32\msvcrt.dll
0x000007feffac0000 - 0x000007feffadf000 	C:\Windows\SYSTEM32\sechost.dll
0x000007feff450000 - 0x000007feff57d000 	C:\Windows\system32\RPCRT4.dll
0x0000000077690000 - 0x000000007778a000 	C:\Windows\system32\USER32.dll
0x000007feff580000 - 0x000007feff5e7000 	C:\Windows\system32\GDI32.dll
0x000007feff730000 - 0x000007feff73e000 	C:\Windows\system32\LPK.dll
0x000007feff9f0000 - 0x000007feffab9000 	C:\Windows\system32\USP10.dll
0x000007fefc110000 - 0x000007fefc304000 	C:\Windows\WinSxS\amd64_microsoft.windows.common-controls_6595b64144ccf1df_6.0.7601.17514_none_fa396087175ac9ac\COMCTL32.dll
0x000007fefe400000 - 0x000007fefe471000 	C:\Windows\system32\SHLWAPI.dll
0x000007fefe480000 - 0x000007fefe4ae000 	C:\Windows\system32\IMM32.DLL
0x000007feff2e0000 - 0x000007feff3e9000 	C:\Windows\system32\MSCTF.dll
0x000000005e3d0000 - 0x000000005e4a2000 	C:\Program Files\Java\jre1.8.0_65\bin\msvcr100.dll
0x000000005db40000 - 0x000000005e3c9000 	C:\Program Files\Java\jre1.8.0_65\bin\server\jvm.dll
0x000007fef9730000 - 0x000007fef9739000 	C:\Windows\system32\WSOCK32.dll
0x000007feff400000 - 0x000007feff44d000 	C:\Windows\system32\WS2_32.dll
0x000007feff3f0000 - 0x000007feff3f8000 	C:\Windows\system32\NSI.dll
0x000007fef9c80000 - 0x000007fef9cbb000 	C:\Windows\system32\WINMM.dll
0x000007fefc7a0000 - 0x000007fefc7ac000 	C:\Windows\system32\VERSION.dll
0x0000000077a80000 - 0x0000000077a87000 	C:\Windows\system32\PSAPI.DLL
0x000000006f6a0000 - 0x000000006f6af000 	C:\Program Files\Java\jre1.8.0_65\bin\verify.dll
0x000000006f670000 - 0x000000006f699000 	C:\Program Files\Java\jre1.8.0_65\bin\java.dll
0x000000006f650000 - 0x000000006f666000 	C:\Program Files\Java\jre1.8.0_65\bin\zip.dll
0x000007fefe4b0000 - 0x000007feff238000 	C:\Windows\system32\SHELL32.dll
0x000007fefdac0000 - 0x000007fefdcc3000 	C:\Windows\system32\ole32.dll
0x000007fefd690000 - 0x000007fefd69f000 	C:\Windows\system32\profapi.dll
0x000000005d790000 - 0x000000005d928000 	C:\Program Files\Java\jre1.8.0_65\bin\awt.dll
0x000007fefdf60000 - 0x000007fefe037000 	C:\Windows\system32\OLEAUT32.dll
0x000007fefbce0000 - 0x000007fefbcf8000 	C:\Windows\system32\DWMAPI.DLL
0x000007fefbf30000 - 0x000007fefbf86000 	C:\Windows\system32\uxtheme.dll
0x000007fefd5c0000 - 0x000007fefd5cf000 	C:\Windows\system32\CRYPTBASE.dll
0x0000000180000000 - 0x000000018004a000 	C:\Program Files\Acer\Acer ePower Management\SysHook.dll
0x000007fef8d50000 - 0x000007fef8dc1000 	C:\Windows\system32\WINSPOOL.DRV
0x000000006f5c0000 - 0x000000006f607000 	C:\Program Files\Java\jre1.8.0_65\bin\fontmanager.dll
0x000000006f630000 - 0x000000006f64a000 	C:\Program Files\Java\jre1.8.0_65\bin\net.dll
0x000007fefcee0000 - 0x000007fefcf35000 	C:\Windows\system32\mswsock.dll
0x000007fefced0000 - 0x000007fefced7000 	C:\Windows\System32\wship6.dll
0x000000006f610000 - 0x000000006f621000 	C:\Program Files\Java\jre1.8.0_65\bin\nio.dll
0x000000006f570000 - 0x000000006f5b2000 	C:\Program Files\Java\jre1.8.0_65\bin\t2k.dll
0x000007feff690000 - 0x000007feff729000 	C:\Windows\system32\CLBCatQ.DLL
0x000007fefb710000 - 0x000007fefb871000 	C:\Windows\system32\WindowsCodecs.dll
0x000007fefd560000 - 0x000007fefd5b7000 	C:\Windows\system32\apphelp.dll
0x000007fef6f00000 - 0x000007fef6f3b000 	C:\Program Files (x86)\Dropbox\Client\DropboxExt64.28.dll
0x000007fef6ec0000 - 0x000007fef6ef5000 	C:\Windows\system32\EhStorShell.dll
0x000007fefe220000 - 0x000007fefe3f7000 	C:\Windows\system32\SETUPAPI.dll
0x000007fefd8a0000 - 0x000007fefd8d6000 	C:\Windows\system32\CFGMGR32.dll
0x000007fefda90000 - 0x000007fefdaaa000 	C:\Windows\system32\DEVOBJ.dll
0x000007fefbf90000 - 0x000007fefc0bc000 	C:\Windows\system32\PROPSYS.dll
0x000007fef6850000 - 0x000007fef6ebf000 	C:\PROGRA~1\MICROS~1\Office14\GROOVEEX.DLL
0x0000000070620000 - 0x00000000706c3000 	C:\Windows\WinSxS\amd64_microsoft.vc90.crt_1fc8b3b9a1e18e3b_9.0.30729.6161_none_08e61857a83bc251\MSVCR90.dll
0x0000000070540000 - 0x0000000070613000 	C:\Windows\WinSxS\amd64_microsoft.vc90.crt_1fc8b3b9a1e18e3b_9.0.30729.6161_none_08e61857a83bc251\MSVCP90.dll
0x0000000070510000 - 0x000000007053f000 	C:\Windows\WinSxS\amd64_microsoft.vc90.atl_1fc8b3b9a1e18e3b_9.0.30729.6161_none_0a1fd3a3a768b895\ATL90.DLL
0x000007fef55c0000 - 0x000007fef59da000 	C:\PROGRA~1\COMMON~1\MICROS~1\OFFICE14\Cultures\office.odf
0x000007fef4d40000 - 0x000007fef55c0000 	C:\PROGRA~1\MICROS~1\Office14\3082\GrooveIntlResource.dll

VM Arguments:
jvm_args: -Dfile.encoding=Cp1252 
java_command: frmPrincipal
java_class_path (initial): C:\Users\Alumno\workspace\Kenshi_Tienda\bin
Launcher Type: SUN_STANDARD

Environment Variables:
CLASSPATH=.;C:\Program Files (x86)\Java\jre7\lib\ext\QTJava.zip
PATH=C:\ProgramData\Oracle\Java\javapath;C:\Program Files (x86)\Intel\iCLS Client\;C:\Program Files\Intel\iCLS Client\;C:\Program Files\Common Files\Microsoft Shared\Windows Live;C:\Program Files (x86)\Common Files\Microsoft Shared\Windows Live;C:\Windows\system32;C:\Windows;C:\Windows\System32\Wbem;C:\Windows\System32\WindowsPowerShell\v1.0\;C:\Program Files (x86)\Windows Live\Shared;C:\Program Files\Intel\Intel(R) Management Engine Components\DAL;C:\Program Files\Intel\Intel(R) Management Engine Components\IPT;C:\Program Files (x86)\Intel\Intel(R) Management Engine Components\DAL;C:\Program Files (x86)\Intel\Intel(R) Management Engine Components\IPT; C:\Program Files\Java\jdk1.7.0_05bin;C:\Program Files (x86)\Intel\OpenCL SDK\2.0\bin\x86;C:\Program Files (x86)\Intel\OpenCL SDK\2.0\bin\x64;C:\Program Files (x86)\QuickTime\QTSystem\;C:\Program Files (x86)\Java\jdk1.7.0_25;C:\Program Files\Java\jdk1.7.0_25;C:\Program Files\Java\jdk1.7.0_05
USERNAME=Alumno
OS=Windows_NT
PROCESSOR_IDENTIFIER=Intel64 Family 6 Model 58 Stepping 9, GenuineIntel



---------------  S Y S T E M  ---------------

OS: Windows 7 , 64 bit Build 7601 (6.1.7601.18015)

CPU:total 4 (2 cores per cpu, 2 threads per core) family 6 model 58 stepping 9, cmov, cx8, fxsr, mmx, sse, sse2, sse3, ssse3, sse4.1, sse4.2, popcnt, avx, clmul, erms, ht, tsc, tscinvbit, tscinv

Memory: 4k page, physical 4008300k(106012k free), swap 16031340k(2408k free)

vm_info: Java HotSpot(TM) 64-Bit Server VM (25.65-b01) for windows-amd64 JRE (1.8.0_65-b17), built on Oct  6 2015 16:39:20 by "java_re" with MS VC++ 10.0 (VS2010)

time: Wed Nov 04 12:39:48 2015
elapsed time: 4091 seconds (0d 1h 8m 11s)

