#
# There is insufficient memory for the Java Runtime Environment to continue.
# Native memory allocation (malloc) failed to allocate 32744 bytes for ChunkPool::allocate
# Possible reasons:
#   The system is out of physical RAM or swap space
#   In 32 bit mode, the process size limit was hit
# Possible solutions:
#   Reduce memory load on the system
#   Increase physical memory or swap space
#   Check if swap backing store is full
#   Use 64 bit Java on a 64 bit OS
#   Decrease Java heap size (-Xmx/-Xms)
#   Decrease number of Java threads
#   Decrease Java thread stack sizes (-Xss)
#   Set larger code cache with -XX:ReservedCodeCacheSize=
# This output file may be truncated or incomplete.
#
#  Out of Memory Error (allocation.cpp:273), pid=11004, tid=12240
#
# JRE version: Java(TM) SE Runtime Environment (8.0_65-b17) (build 1.8.0_65-b17)
# Java VM: Java HotSpot(TM) 64-Bit Server VM (25.65-b01 mixed mode windows-amd64 compressed oops)
# Failed to write core dump. Minidumps are not enabled by default on client versions of Windows
#

---------------  T H R E A D  ---------------

Current thread (0x0000000054fc7000):  JavaThread "C2 CompilerThread0" daemon [_thread_in_native, id=12240, stack(0x0000000056510000,0x0000000056610000)]

Stack: [0x0000000056510000,0x0000000056610000]
[error occurred during error reporting (printing stack bounds), id 0xc0000005]

Native frames: (J=compiled Java code, j=interpreted, Vv=VM code, C=native code)


Current CompileTask:
C2:1681261 2120       4       javax.swing.text.FlowView::layout (163 bytes)


---------------  P R O C E S S  ---------------

Java Threads: ( => current thread )
  0x00000000587b1000 JavaThread "AWT-EventQueue-0" [_thread_in_vm, id=11532, stack(0x0000000057a40000,0x0000000057b40000)]
  0x00000000587b2800 JavaThread "AWT-Shutdown" [_thread_blocked, id=14828, stack(0x0000000057180000,0x0000000057280000)]
  0x0000000058082000 JavaThread "TimerQueue" daemon [_thread_blocked, id=7532, stack(0x0000000059f20000,0x000000005a020000)]
  0x00000000021ce000 JavaThread "DestroyJavaVM" [_thread_blocked, id=10340, stack(0x00000000024b0000,0x00000000025b0000)]
  0x0000000058070000 JavaThread "Thread-1" [_thread_blocked, id=9208, stack(0x0000000058a00000,0x0000000058b00000)]
  0x0000000056c00800 JavaThread "AWT-Windows" daemon [_thread_in_native, id=7644, stack(0x0000000057550000,0x0000000057650000)]
  0x0000000056bff000 JavaThread "Java2D Disposer" daemon [_thread_blocked, id=11840, stack(0x00000000572f0000,0x00000000573f0000)]
  0x0000000056919000 JavaThread "Service Thread" daemon [_thread_blocked, id=11132, stack(0x0000000056e90000,0x0000000056f90000)]
  0x0000000054fce000 JavaThread "C1 CompilerThread2" daemon [_thread_blocked, id=11528, stack(0x0000000056660000,0x0000000056760000)]
  0x0000000054fcd000 JavaThread "C2 CompilerThread1" daemon [_thread_blocked, id=10352, stack(0x00000000567a0000,0x00000000568a0000)]
=>0x0000000054fc7000 JavaThread "C2 CompilerThread0" daemon [_thread_in_native, id=12240, stack(0x0000000056510000,0x0000000056610000)]
  0x0000000054fc5000 JavaThread "Attach Listener" daemon [_thread_blocked, id=9124, stack(0x0000000056180000,0x0000000056280000)]
  0x0000000054fc2000 JavaThread "Signal Dispatcher" daemon [_thread_blocked, id=7124, stack(0x0000000056400000,0x0000000056500000)]
  0x0000000054f68800 JavaThread "Finalizer" daemon [_thread_blocked, id=4348, stack(0x00000000562f0000,0x00000000563f0000)]
  0x0000000054f61800 JavaThread "Reference Handler" daemon [_thread_blocked, id=11072, stack(0x0000000056000000,0x0000000056100000)]

Other Threads:
  0x0000000054f5c000 VMThread [stack: 0x0000000055e60000,0x0000000055f60000] [id=8024]
  0x0000000056929800 WatcherThread [stack: 0x0000000057020000,0x0000000057120000] [id=8364]

VM state:not at safepoint (normal execution)

VM Mutex/Monitor currently owned by a thread: None

Heap:
 PSYoungGen      total 18432K, used 1949K [0x00000000eb980000, 0x00000000ece00000, 0x0000000100000000)
  eden space 15872K, 11% used [0x00000000eb980000,0x00000000ebb47478,0x00000000ec900000)
  from space 2560K, 5% used [0x00000000ecb80000,0x00000000ecba0000,0x00000000ece00000)
  to   space 2560K, 0% used [0x00000000ec900000,0x00000000ec900000,0x00000000ecb80000)
 ParOldGen       total 42496K, used 4518K [0x00000000c2c00000, 0x00000000c5580000, 0x00000000eb980000)
  object space 42496K, 10% used [0x00000000c2c00000,0x00000000c3069a40,0x00000000c5580000)
 Metaspace       used 12756K, capacity 12976K, committed 13184K, reserved 1060864K
  class space    used 1556K, capacity 1655K, committed 1664K, reserved 1048576K

Card table byte_map: [0x0000000011c40000,0x0000000011e30000] byte_map_base: 0x000000001162a000

Marking Bits: (ParMarkBitMap*) 0x000000005e34a5b0
 Begin Bits: [0x0000000012540000, 0x0000000013490000)
 End Bits:   [0x0000000013490000, 0x00000000143e0000)

Polling page: 0x0000000000420000

CodeCache: size=245760Kb used=7215Kb max_used=7363Kb free=238544Kb
 bounds [0x0000000002880000, 0x0000000002fd0000, 0x0000000011880000]
 total_blobs=2374 nmethods=1878 adapters=408
 compilation: enabled

Compilation events (10 events):
Event: 1602.815 Thread 0x0000000054fc7000 nmethod 2115 0x0000000002d226d0 code [0x0000000002d228c0, 0x0000000002d23430]
Event: 1608.741 Thread 0x0000000054fcd000 2116       4       java.awt.EventQueue$3::run (5 bytes)
Event: 1609.324 Thread 0x0000000054fcd000 nmethod 2116 0x0000000002f89390 code [0x0000000002f89620, 0x0000000002f8a618]
Event: 1627.588 Thread 0x0000000054fc7000 2117       4       java.lang.String::equalsIgnoreCase (48 bytes)
Event: 1627.597 Thread 0x0000000054fc7000 nmethod 2117 0x0000000002c1e750 code [0x0000000002c1e8e0, 0x0000000002c1edf0]
Event: 1658.969 Thread 0x0000000054fce000 2118       1       java.util.IdentityHashMap$Values::size (8 bytes)
Event: 1659.248 Thread 0x0000000054fce000 nmethod 2118 0x0000000002c16690 code [0x0000000002c167e0, 0x0000000002c168f0]
Event: 1660.988 Thread 0x0000000054fcd000 2119   !   4       java.util.concurrent.locks.AbstractQueuedSynchronizer::acquireQueued (93 bytes)
Event: 1661.149 Thread 0x0000000054fcd000 nmethod 2119 0x0000000002bc6990 code [0x0000000002bc6b00, 0x0000000002bc6e28]
Event: 1677.962 Thread 0x0000000054fc7000 2120       4       javax.swing.text.FlowView::layout (163 bytes)

GC Heap History (10 events):
Event: 1485.860 GC heap before
{Heap before GC invocations=24 (full 0):
 PSYoungGen      total 16384K, used 15968K [0x00000000eb980000, 0x00000000ecf00000, 0x0000000100000000)
  eden space 15872K, 100% used [0x00000000eb980000,0x00000000ec900000,0x00000000ec900000)
  from space 512K, 18% used [0x00000000ec900000,0x00000000ec918000,0x00000000ec980000)
  to   space 3072K, 0% used [0x00000000ecc00000,0x00000000ecc00000,0x00000000ecf00000)
 ParOldGen       total 42496K, used 4494K [0x00000000c2c00000, 0x00000000c5580000, 0x00000000eb980000)
  object space 42496K, 10% used [0x00000000c2c00000,0x00000000c3063a40,0x00000000c5580000)
 Metaspace       used 12756K, capacity 12976K, committed 13184K, reserved 1060864K
  class space    used 1556K, capacity 1655K, committed 1664K, reserved 1048576K
Event: 1485.936 GC heap after
Heap after GC invocations=24 (full 0):
 PSYoungGen      total 18944K, used 160K [0x00000000eb980000, 0x00000000ecf00000, 0x0000000100000000)
  eden space 15872K, 0% used [0x00000000eb980000,0x00000000eb980000,0x00000000ec900000)
  from space 3072K, 5% used [0x00000000ecc00000,0x00000000ecc28000,0x00000000ecf00000)
  to   space 3072K, 0% used [0x00000000ec900000,0x00000000ec900000,0x00000000ecc00000)
 ParOldGen       total 42496K, used 4502K [0x00000000c2c00000, 0x00000000c5580000, 0x00000000eb980000)
  object space 42496K, 10% used [0x00000000c2c00000,0x00000000c3065a40,0x00000000c5580000)
 Metaspace       used 12756K, capacity 12976K, committed 13184K, reserved 1060864K
  class space    used 1556K, capacity 1655K, committed 1664K, reserved 1048576K
}
Event: 1537.345 GC heap before
{Heap before GC invocations=25 (full 0):
 PSYoungGen      total 18944K, used 16032K [0x00000000eb980000, 0x00000000ecf00000, 0x0000000100000000)
  eden space 15872K, 100% used [0x00000000eb980000,0x00000000ec900000,0x00000000ec900000)
  from space 3072K, 5% used [0x00000000ecc00000,0x00000000ecc28000,0x00000000ecf00000)
  to   space 3072K, 0% used [0x00000000ec900000,0x00000000ec900000,0x00000000ecc00000)
 ParOldGen       total 42496K, used 4502K [0x00000000c2c00000, 0x00000000c5580000, 0x00000000eb980000)
  object space 42496K, 10% used [0x00000000c2c00000,0x00000000c3065a40,0x00000000c5580000)
 Metaspace       used 12756K, capacity 12976K, committed 13184K, reserved 1060864K
  class space    used 1556K, capacity 1655K, committed 1664K, reserved 1048576K
Event: 1537.347 GC heap after
Heap after GC invocations=25 (full 0):
 PSYoungGen      total 18944K, used 96K [0x00000000eb980000, 0x00000000ecf00000, 0x0000000100000000)
  eden space 15872K, 0% used [0x00000000eb980000,0x00000000eb980000,0x00000000ec900000)
  from space 3072K, 3% used [0x00000000ec900000,0x00000000ec918000,0x00000000ecc00000)
  to   space 3072K, 0% used [0x00000000ecc00000,0x00000000ecc00000,0x00000000ecf00000)
 ParOldGen       total 42496K, used 4502K [0x00000000c2c00000, 0x00000000c5580000, 0x00000000eb980000)
  object space 42496K, 10% used [0x00000000c2c00000,0x00000000c3065a40,0x00000000c5580000)
 Metaspace       used 12756K, capacity 12976K, committed 13184K, reserved 1060864K
  class space    used 1556K, capacity 1655K, committed 1664K, reserved 1048576K
}
Event: 1588.712 GC heap before
{Heap before GC invocations=26 (full 0):
 PSYoungGen      total 18944K, used 15968K [0x00000000eb980000, 0x00000000ecf00000, 0x0000000100000000)
  eden space 15872K, 100% used [0x00000000eb980000,0x00000000ec900000,0x00000000ec900000)
  from space 3072K, 3% used [0x00000000ec900000,0x00000000ec918000,0x00000000ecc00000)
  to   space 3072K, 0% used [0x00000000ecc00000,0x00000000ecc00000,0x00000000ecf00000)
 ParOldGen       total 42496K, used 4502K [0x00000000c2c00000, 0x00000000c5580000, 0x00000000eb980000)
  object space 42496K, 10% used [0x00000000c2c00000,0x00000000c3065a40,0x00000000c5580000)
 Metaspace       used 12756K, capacity 12976K, committed 13184K, reserved 1060864K
  class space    used 1556K, capacity 1655K, committed 1664K, reserved 1048576K
Event: 1588.760 GC heap after
Heap after GC invocations=26 (full 0):
 PSYoungGen      total 17920K, used 128K [0x00000000eb980000, 0x00000000ece00000, 0x0000000100000000)
  eden space 15872K, 0% used [0x00000000eb980000,0x00000000eb980000,0x00000000ec900000)
  from space 2048K, 6% used [0x00000000ecc00000,0x00000000ecc20000,0x00000000ece00000)
  to   space 2560K, 0% used [0x00000000ec900000,0x00000000ec900000,0x00000000ecb80000)
 ParOldGen       total 42496K, used 4510K [0x00000000c2c00000, 0x00000000c5580000, 0x00000000eb980000)
  object space 42496K, 10% used [0x00000000c2c00000,0x00000000c3067a40,0x00000000c5580000)
 Metaspace       used 12756K, capacity 12976K, committed 13184K, reserved 1060864K
  class space    used 1556K, capacity 1655K, committed 1664K, reserved 1048576K
}
Event: 1646.912 GC heap before
{Heap before GC invocations=27 (full 0):
 PSYoungGen      total 17920K, used 16000K [0x00000000eb980000, 0x00000000ece00000, 0x0000000100000000)
  eden space 15872K, 100% used [0x00000000eb980000,0x00000000ec900000,0x00000000ec900000)
  from space 2048K, 6% used [0x00000000ecc00000,0x00000000ecc20000,0x00000000ece00000)
  to   space 2560K, 0% used [0x00000000ec900000,0x00000000ec900000,0x00000000ecb80000)
 ParOldGen       total 42496K, used 4510K [0x00000000c2c00000, 0x00000000c5580000, 0x00000000eb980000)
  object space 42496K, 10% used [0x00000000c2c00000,0x00000000c3067a40,0x00000000c5580000)
 Metaspace       used 12756K, capacity 12976K, committed 13184K, reserved 1060864K
  class space    used 1556K, capacity 1655K, committed 1664K, reserved 1048576K
Event: 1646.914 GC heap after
Heap after GC invocations=27 (full 0):
 PSYoungGen      total 18432K, used 64K [0x00000000eb980000, 0x00000000ece00000, 0x0000000100000000)
  eden space 15872K, 0% used [0x00000000eb980000,0x00000000eb980000,0x00000000ec900000)
  from space 2560K, 2% used [0x00000000ec900000,0x00000000ec910000,0x00000000ecb80000)
  to   space 2560K, 0% used [0x00000000ecb80000,0x00000000ecb80000,0x00000000ece00000)
 ParOldGen       total 42496K, used 4510K [0x00000000c2c00000, 0x00000000c5580000, 0x00000000eb980000)
  object space 42496K, 10% used [0x00000000c2c00000,0x00000000c3067a40,0x00000000c5580000)
 Metaspace       used 12756K, capacity 12976K, committed 13184K, reserved 1060864K
  class space    used 1556K, capacity 1655K, committed 1664K, reserved 1048576K
}
Event: 1672.524 GC heap before
{Heap before GC invocations=28 (full 0):
 PSYoungGen      total 18432K, used 15936K [0x00000000eb980000, 0x00000000ece00000, 0x0000000100000000)
  eden space 15872K, 100% used [0x00000000eb980000,0x00000000ec900000,0x00000000ec900000)
  from space 2560K, 2% used [0x00000000ec900000,0x00000000ec910000,0x00000000ecb80000)
  to   space 2560K, 0% used [0x00000000ecb80000,0x00000000ecb80000,0x00000000ece00000)
 ParOldGen       total 42496K, used 4510K [0x00000000c2c00000, 0x00000000c5580000, 0x00000000eb980000)
  object space 42496K, 10% used [0x00000000c2c00000,0x00000000c3067a40,0x00000000c5580000)
 Metaspace       used 12756K, capacity 12976K, committed 13184K, reserved 1060864K
  class space    used 1556K, capacity 1655K, committed 1664K, reserved 1048576K
Event: 1672.567 GC heap after
Heap after GC invocations=28 (full 0):
 PSYoungGen      total 18432K, used 128K [0x00000000eb980000, 0x00000000ece00000, 0x0000000100000000)
  eden space 15872K, 0% used [0x00000000eb980000,0x00000000eb980000,0x00000000ec900000)
  from space 2560K, 5% used [0x00000000ecb80000,0x00000000ecba0000,0x00000000ece00000)
  to   space 2560K, 0% used [0x00000000ec900000,0x00000000ec900000,0x00000000ecb80000)
 ParOldGen       total 42496K, used 4518K [0x00000000c2c00000, 0x00000000c5580000, 0x00000000eb980000)
  object space 42496K, 10% used [0x00000000c2c00000,0x00000000c3069a40,0x00000000c5580000)
 Metaspace       used 12756K, capacity 12976K, committed 13184K, reserved 1060864K
  class space    used 1556K, capacity 1655K, committed 1664K, reserved 1048576K
}

Deoptimization events (10 events):
Event: 0.728 Thread 0x0000000058070000 Uncommon trap: reason=class_check action=maybe_recompile pc=0x0000000002a01998 method=java.lang.String.equals(Ljava/lang/Object;)Z @ 8
Event: 0.729 Thread 0x0000000058070000 Uncommon trap: reason=class_check action=maybe_recompile pc=0x0000000002a01998 method=java.lang.String.equals(Ljava/lang/Object;)Z @ 8
Event: 0.731 Thread 0x0000000058070000 Uncommon trap: reason=class_check action=maybe_recompile pc=0x0000000002a01998 method=java.lang.String.equals(Ljava/lang/Object;)Z @ 8
Event: 1.756 Thread 0x0000000058070000 Uncommon trap: reason=class_check action=maybe_recompile pc=0x0000000002ac5950 method=java.util.HashMap.putVal(ILjava/lang/Object;Ljava/lang/Object;ZZ)Ljava/lang/Object; @ 253
Event: 2.767 Thread 0x0000000058070000 Uncommon trap: reason=class_check action=maybe_recompile pc=0x0000000002ac5950 method=java.util.HashMap.putVal(ILjava/lang/Object;Ljava/lang/Object;ZZ)Ljava/lang/Object; @ 253
Event: 3.776 Thread 0x0000000058070000 Uncommon trap: reason=class_check action=maybe_recompile pc=0x0000000002ac5950 method=java.util.HashMap.putVal(ILjava/lang/Object;Ljava/lang/Object;ZZ)Ljava/lang/Object; @ 253
Event: 273.595 Thread 0x0000000058070000 Uncommon trap: reason=null_check action=make_not_entrant pc=0x0000000002d24a30 method=javax.swing.text.StyleContext$SmallAttributeSet.equals(Ljava/lang/Object;)Z @ 1
Event: 1037.210 Thread 0x0000000058070000 Uncommon trap: reason=null_check action=make_not_entrant pc=0x0000000002d4563c method=javax.swing.text.StyleContext$SmallAttributeSet.equals(Ljava/lang/Object;)Z @ 1
Event: 1087.365 Thread 0x0000000058070000 Uncommon trap: reason=unstable_if action=reinterpret pc=0x0000000002f83dbc method=java.util.WeakHashMap.transfer([Ljava/util/WeakHashMap$Entry;[Ljava/util/WeakHashMap$Entry;)V @ 38
Event: 1196.874 Thread 0x0000000058070000 Uncommon trap: reason=unstable_if action=reinterpret pc=0x0000000002991234 method=java.util.WeakHashMap.transfer([Ljava/util/WeakHashMap$Entry;[Ljava/util/WeakHashMap$Entry;)V @ 38

Internal exceptions (10 events):
Event: 0.149 Thread 0x00000000021ce000 Exception <a 'java/security/PrivilegedActionException'> (0x00000000eba5f3c8) thrown at [C:\workspace\8-2-build-windows-amd64-cygwin\jdk8u65\4987\hotspot\src\share\vm\prims\jvm.cpp, line 1386]
Event: 0.150 Thread 0x00000000021ce000 Exception <a 'java/security/PrivilegedActionException'> (0x00000000eba62f70) thrown at [C:\workspace\8-2-build-windows-amd64-cygwin\jdk8u65\4987\hotspot\src\share\vm\prims\jvm.cpp, line 1386]
Event: 0.150 Thread 0x00000000021ce000 Exception <a 'java/security/PrivilegedActionException'> (0x00000000eba63180) thrown at [C:\workspace\8-2-build-windows-amd64-cygwin\jdk8u65\4987\hotspot\src\share\vm\prims\jvm.cpp, line 1386]
Event: 0.155 Thread 0x00000000021ce000 Exception <a 'java/io/FileNotFoundException'> (0x00000000eba665f0) thrown at [C:\workspace\8-2-build-windows-amd64-cygwin\jdk8u65\4987\hotspot\src\share\vm\prims\jni.cpp, line 709]
Event: 0.214 Thread 0x00000000021ce000 Exception <a 'java/lang/NoSuchFieldError': method resolution failed> (0x00000000ebb83f80) thrown at [C:\workspace\8-2-build-windows-amd64-cygwin\jdk8u65\4987\hotspot\src\share\vm\prims\methodHandles.cpp, line 1146]
Event: 0.217 Thread 0x00000000021ce000 Exception <a 'java/lang/NoSuchFieldError': method resolution failed> (0x00000000ebb91628) thrown at [C:\workspace\8-2-build-windows-amd64-cygwin\jdk8u65\4987\hotspot\src\share\vm\prims\methodHandles.cpp, line 1146]
Event: 0.270 Thread 0x00000000021ce000 Exception <a 'java/io/FileNotFoundException'> (0x00000000ebc26d50) thrown at [C:\workspace\8-2-build-windows-amd64-cygwin\jdk8u65\4987\hotspot\src\share\vm\prims\jni.cpp, line 709]
Event: 0.331 Thread 0x00000000021ce000 Implicit null exception at 0x00000000029e9ccb to 0x00000000029e9e7d
Event: 273.595 Thread 0x0000000058070000 Implicit null exception at 0x0000000002d226a1 to 0x0000000002d24a11
Event: 1037.210 Thread 0x0000000058070000 Implicit null exception at 0x0000000002d43da4 to 0x0000000002d45625

Events (10 events):
Event: 1673.649 Thread 0x00000000587b1000 Thread added: 0x00000000587b1000
Event: 1673.650 Thread 0x00000000587b2800 Thread added: 0x00000000587b2800
Event: 1675.666 Thread 0x00000000587b1000 Thread exited: 0x00000000587b1000
Event: 1675.666 Thread 0x00000000587b2800 Thread exited: 0x00000000587b2800
Event: 1675.667 Thread 0x00000000587b2800 Thread added: 0x00000000587b2800
Event: 1675.667 Thread 0x00000000587b1000 Thread added: 0x00000000587b1000
Event: 1676.668 Thread 0x00000000587b1000 Thread exited: 0x00000000587b1000
Event: 1676.668 Thread 0x00000000587b2800 Thread exited: 0x00000000587b2800
Event: 1676.788 Thread 0x00000000587b2800 Thread added: 0x00000000587b2800
Event: 1676.789 Thread 0x00000000587b1000 Thread added: 0x00000000587b1000


Dynamic libraries:
0x000000013fae0000 - 0x000000013fb17000 	C:\Program Files\Java\jre1.8.0_65\bin\javaw.exe
0x00000000778b0000 - 0x0000000077a59000 	C:\Windows\SYSTEM32\ntdll.dll
0x0000000077790000 - 0x00000000778af000 	C:\Windows\system32\kernel32.dll
0x000007fefd830000 - 0x000007fefd89b000 	C:\Windows\system32\KERNELBASE.dll
0x000007feffae0000 - 0x000007feffbbb000 	C:\Windows\system32\ADVAPI32.dll
0x000007feff240000 - 0x000007feff2df000 	C:\Windows\system32\msvcrt.dll
0x000007feffac0000 - 0x000007feffadf000 	C:\Windows\SYSTEM32\sechost.dll
0x000007feff450000 - 0x000007feff57d000 	C:\Windows\system32\RPCRT4.dll
0x0000000077690000 - 0x000000007778a000 	C:\Windows\system32\USER32.dll
0x000007feff580000 - 0x000007feff5e7000 	C:\Windows\system32\GDI32.dll
0x000007feff730000 - 0x000007feff73e000 	C:\Windows\system32\LPK.dll
0x000007feff9f0000 - 0x000007feffab9000 	C:\Windows\system32\USP10.dll
0x000007fefc110000 - 0x000007fefc304000 	C:\Windows\WinSxS\amd64_microsoft.windows.common-controls_6595b64144ccf1df_6.0.7601.17514_none_fa396087175ac9ac\COMCTL32.dll
0x000007fefe400000 - 0x000007fefe471000 	C:\Windows\system32\SHLWAPI.dll
0x000007fefe480000 - 0x000007fefe4ae000 	C:\Windows\system32\IMM32.DLL
0x000007feff2e0000 - 0x000007feff3e9000 	C:\Windows\system32\MSCTF.dll
0x000000005e3d0000 - 0x000000005e4a2000 	C:\Program Files\Java\jre1.8.0_65\bin\msvcr100.dll
0x000000005db40000 - 0x000000005e3c9000 	C:\Program Files\Java\jre1.8.0_65\bin\server\jvm.dll
0x000007fef9730000 - 0x000007fef9739000 	C:\Windows\system32\WSOCK32.dll
0x000007feff400000 - 0x000007feff44d000 	C:\Windows\system32\WS2_32.dll
0x000007feff3f0000 - 0x000007feff3f8000 	C:\Windows\system32\NSI.dll
0x000007fef9c80000 - 0x000007fef9cbb000 	C:\Windows\system32\WINMM.dll
0x000007fefc7a0000 - 0x000007fefc7ac000 	C:\Windows\system32\VERSION.dll
0x0000000077a80000 - 0x0000000077a87000 	C:\Windows\system32\PSAPI.DLL
0x000000006f6a0000 - 0x000000006f6af000 	C:\Program Files\Java\jre1.8.0_65\bin\verify.dll
0x000000006f670000 - 0x000000006f699000 	C:\Program Files\Java\jre1.8.0_65\bin\java.dll
0x000000006f650000 - 0x000000006f666000 	C:\Program Files\Java\jre1.8.0_65\bin\zip.dll
0x000007fefe4b0000 - 0x000007feff238000 	C:\Windows\system32\SHELL32.dll
0x000007fefdac0000 - 0x000007fefdcc3000 	C:\Windows\system32\ole32.dll
0x000007fefd690000 - 0x000007fefd69f000 	C:\Windows\system32\profapi.dll
0x000000005d790000 - 0x000000005d928000 	C:\Program Files\Java\jre1.8.0_65\bin\awt.dll
0x000007fefdf60000 - 0x000007fefe037000 	C:\Windows\system32\OLEAUT32.dll
0x000007fefbce0000 - 0x000007fefbcf8000 	C:\Windows\system32\DWMAPI.DLL
0x000007fefbf30000 - 0x000007fefbf86000 	C:\Windows\system32\uxtheme.dll
0x000007fefd5c0000 - 0x000007fefd5cf000 	C:\Windows\system32\CRYPTBASE.dll
0x0000000180000000 - 0x000000018004a000 	C:\Program Files\Acer\Acer ePower Management\SysHook.dll
0x000007fef8d50000 - 0x000007fef8dc1000 	C:\Windows\system32\WINSPOOL.DRV
0x000000006f5c0000 - 0x000000006f607000 	C:\Program Files\Java\jre1.8.0_65\bin\fontmanager.dll
0x000000006f630000 - 0x000000006f64a000 	C:\Program Files\Java\jre1.8.0_65\bin\net.dll
0x000007fefcee0000 - 0x000007fefcf35000 	C:\Windows\system32\mswsock.dll
0x000007fefced0000 - 0x000007fefced7000 	C:\Windows\System32\wship6.dll
0x000000006f610000 - 0x000000006f621000 	C:\Program Files\Java\jre1.8.0_65\bin\nio.dll
0x000000006f570000 - 0x000000006f5b2000 	C:\Program Files\Java\jre1.8.0_65\bin\t2k.dll
0x000007feff690000 - 0x000007feff729000 	C:\Windows\system32\CLBCatQ.DLL
0x000007fefb710000 - 0x000007fefb871000 	C:\Windows\system32\WindowsCodecs.dll
0x000007fefd560000 - 0x000007fefd5b7000 	C:\Windows\system32\apphelp.dll
0x000007fef6f00000 - 0x000007fef6f3b000 	C:\Program Files (x86)\Dropbox\Client\DropboxExt64.28.dll
0x000007fef6ec0000 - 0x000007fef6ef5000 	C:\Windows\system32\EhStorShell.dll
0x000007fefe220000 - 0x000007fefe3f7000 	C:\Windows\system32\SETUPAPI.dll
0x000007fefd8a0000 - 0x000007fefd8d6000 	C:\Windows\system32\CFGMGR32.dll
0x000007fefda90000 - 0x000007fefdaaa000 	C:\Windows\system32\DEVOBJ.dll
0x000007fefbf90000 - 0x000007fefc0bc000 	C:\Windows\system32\PROPSYS.dll
0x000007fef6850000 - 0x000007fef6ebf000 	C:\PROGRA~1\MICROS~1\Office14\GROOVEEX.DLL
0x0000000070620000 - 0x00000000706c3000 	C:\Windows\WinSxS\amd64_microsoft.vc90.crt_1fc8b3b9a1e18e3b_9.0.30729.6161_none_08e61857a83bc251\MSVCR90.dll
0x0000000070540000 - 0x0000000070613000 	C:\Windows\WinSxS\amd64_microsoft.vc90.crt_1fc8b3b9a1e18e3b_9.0.30729.6161_none_08e61857a83bc251\MSVCP90.dll
0x0000000070510000 - 0x000000007053f000 	C:\Windows\WinSxS\amd64_microsoft.vc90.atl_1fc8b3b9a1e18e3b_9.0.30729.6161_none_0a1fd3a3a768b895\ATL90.DLL
0x000007fef55c0000 - 0x000007fef59da000 	C:\PROGRA~1\COMMON~1\MICROS~1\OFFICE14\Cultures\office.odf
0x000007fef4d40000 - 0x000007fef55c0000 	C:\PROGRA~1\MICROS~1\Office14\3082\GrooveIntlResource.dll

VM Arguments:
jvm_args: -Dfile.encoding=Cp1252 
java_command: frmPrincipal
java_class_path (initial): C:\Users\Alumno\workspace\Kenshi_Tienda\bin
Launcher Type: SUN_STANDARD

Environment Variables:
CLASSPATH=.;C:\Program Files (x86)\Java\jre7\lib\ext\QTJava.zip
PATH=C:\ProgramData\Oracle\Java\javapath;C:\Program Files (x86)\Intel\iCLS Client\;C:\Program Files\Intel\iCLS Client\;C:\Program Files\Common Files\Microsoft Shared\Windows Live;C:\Program Files (x86)\Common Files\Microsoft Shared\Windows Live;C:\Windows\system32;C:\Windows;C:\Windows\System32\Wbem;C:\Windows\System32\WindowsPowerShell\v1.0\;C:\Program Files (x86)\Windows Live\Shared;C:\Program Files\Intel\Intel(R) Management Engine Components\DAL;C:\Program Files\Intel\Intel(R) Management Engine Components\IPT;C:\Program Files (x86)\Intel\Intel(R) Management Engine Components\DAL;C:\Program Files (x86)\Intel\Intel(R) Management Engine Components\IPT; C:\Program Files\Java\jdk1.7.0_05bin;C:\Program Files (x86)\Intel\OpenCL SDK\2.0\bin\x86;C:\Program Files (x86)\Intel\OpenCL SDK\2.0\bin\x64;C:\Program Files (x86)\QuickTime\QTSystem\;C:\Program Files (x86)\Java\jdk1.7.0_25;C:\Program Files\Java\jdk1.7.0_25;C:\Program Files\Java\jdk1.7.0_05
USERNAME=Alumno
OS=Windows_NT
PROCESSOR_IDENTIFIER=Intel64 Family 6 Model 58 Stepping 9, GenuineIntel



---------------  S Y S T E M  ---------------

OS: Windows 7 , 64 bit Build 7601 (6.1.7601.18015)

CPU:total 4 (2 cores per cpu, 2 threads per core) family 6 model 58 stepping 9, cmov, cx8, fxsr, mmx, sse, sse2, sse3, ssse3, sse4.1, sse4.2, popcnt, avx, clmul, erms, ht, tsc, tscinvbit, tscinv

Memory: 4k page, physical 4008300k(134892k free), swap 16031340k(3560k free)

vm_info: Java HotSpot(TM) 64-Bit Server VM (25.65-b01) for windows-amd64 JRE (1.8.0_65-b17), built on Oct  6 2015 16:39:20 by "java_re" with MS VC++ 10.0 (VS2010)

time: Wed Nov 04 12:39:15 2015
elapsed time: 1687 seconds (0d 0h 28m 7s)

