#
# There is insufficient memory for the Java Runtime Environment to continue.
# Native memory allocation (malloc) failed to allocate 32744 bytes for ChunkPool::allocate
# Possible reasons:
#   The system is out of physical RAM or swap space
#   In 32 bit mode, the process size limit was hit
# Possible solutions:
#   Reduce memory load on the system
#   Increase physical memory or swap space
#   Check if swap backing store is full
#   Use 64 bit Java on a 64 bit OS
#   Decrease Java heap size (-Xmx/-Xms)
#   Decrease number of Java threads
#   Decrease Java thread stack sizes (-Xss)
#   Set larger code cache with -XX:ReservedCodeCacheSize=
# This output file may be truncated or incomplete.
#
#  Out of Memory Error (allocation.cpp:273), pid=8840, tid=9268
#
# JRE version: Java(TM) SE Runtime Environment (8.0_65-b17) (build 1.8.0_65-b17)
# Java VM: Java HotSpot(TM) 64-Bit Server VM (25.65-b01 mixed mode windows-amd64 compressed oops)
# Failed to write core dump. Minidumps are not enabled by default on client versions of Windows
#

---------------  T H R E A D  ---------------

Current thread (0x000000005503d800):  JavaThread "C2 CompilerThread1" daemon [_thread_in_native, id=9268, stack(0x00000000569e0000,0x0000000056ae0000)]

Stack: [0x00000000569e0000,0x0000000056ae0000]
[error occurred during error reporting (printing stack bounds), id 0xc0000005]

Native frames: (J=compiled Java code, j=interpreted, Vv=VM code, C=native code)


Current CompileTask:
C2:1653155 2152       4       javax.swing.text.FlowView::layout (163 bytes)


---------------  P R O C E S S  ---------------

Java Threads: ( => current thread )
  0x00000000587a0800 JavaThread "AWT-EventQueue-0" [_thread_in_vm, id=14460, stack(0x0000000057700000,0x0000000057800000)]
  0x00000000587a2000 JavaThread "AWT-Shutdown" [_thread_blocked, id=14720, stack(0x0000000057c80000,0x0000000057d80000)]
  0x000000005847c800 JavaThread "TimerQueue" daemon [_thread_blocked, id=8776, stack(0x000000005a2a0000,0x000000005a3a0000)]
  0x00000000022ae000 JavaThread "DestroyJavaVM" [_thread_blocked, id=8152, stack(0x00000000022e0000,0x00000000023e0000)]
  0x000000005837e800 JavaThread "Thread-1" [_thread_blocked, id=8452, stack(0x0000000058c80000,0x0000000058d80000)]
  0x0000000056ebf000 JavaThread "AWT-Windows" daemon [_thread_in_native, id=4304, stack(0x00000000578d0000,0x00000000579d0000)]
  0x0000000056ebe000 JavaThread "Java2D Disposer" daemon [_thread_blocked, id=5048, stack(0x0000000057590000,0x0000000057690000)]
  0x0000000056b5a800 JavaThread "Service Thread" daemon [_thread_blocked, id=9444, stack(0x0000000057260000,0x0000000057360000)]
  0x000000005503f800 JavaThread "C1 CompilerThread2" daemon [_thread_blocked, id=10716, stack(0x0000000057050000,0x0000000057150000)]
=>0x000000005503d800 JavaThread "C2 CompilerThread1" daemon [_thread_in_native, id=9268, stack(0x00000000569e0000,0x0000000056ae0000)]
  0x0000000055036000 JavaThread "C2 CompilerThread0" daemon [_thread_blocked, id=11232, stack(0x0000000056790000,0x0000000056890000)]
  0x0000000055034000 JavaThread "Attach Listener" daemon [_thread_blocked, id=11484, stack(0x0000000056680000,0x0000000056780000)]
  0x0000000055030800 JavaThread "Signal Dispatcher" daemon [_thread_blocked, id=9968, stack(0x0000000056490000,0x0000000056590000)]
  0x0000000054fd8000 JavaThread "Finalizer" daemon [_thread_blocked, id=11820, stack(0x00000000561d0000,0x00000000562d0000)]
  0x0000000054fd1000 JavaThread "Reference Handler" daemon [_thread_blocked, id=12076, stack(0x0000000055f50000,0x0000000056050000)]

Other Threads:
  0x0000000054fcb800 VMThread [stack: 0x00000000560b0000,0x00000000561b0000] [id=4712]
  0x0000000056b6d800 WatcherThread [stack: 0x0000000057420000,0x0000000057520000] [id=11596]

VM state:not at safepoint (normal execution)

VM Mutex/Monitor currently owned by a thread: None

Heap:
 PSYoungGen      total 18944K, used 15858K [0x00000000eb980000, 0x00000000ecf00000, 0x0000000100000000)
  eden space 15872K, 99% used [0x00000000eb980000,0x00000000ec8e4878,0x00000000ec900000)
  from space 3072K, 3% used [0x00000000ec900000,0x00000000ec918000,0x00000000ecc00000)
  to   space 3072K, 0% used [0x00000000ecc00000,0x00000000ecc00000,0x00000000ecf00000)
 ParOldGen       total 42496K, used 6698K [0x00000000c2c00000, 0x00000000c5580000, 0x00000000eb980000)
  object space 42496K, 15% used [0x00000000c2c00000,0x00000000c328a928,0x00000000c5580000)
 Metaspace       used 12717K, capacity 12982K, committed 13184K, reserved 1060864K
  class space    used 1556K, capacity 1656K, committed 1664K, reserved 1048576K

Card table byte_map: [0x0000000011b80000,0x0000000011d70000] byte_map_base: 0x000000001156a000

Marking Bits: (ParMarkBitMap*) 0x000000005e34a5b0
 Begin Bits: [0x00000000125b0000, 0x0000000013500000)
 End Bits:   [0x0000000013500000, 0x0000000014450000)

Polling page: 0x00000000000b0000

CodeCache: size=245760Kb used=7021Kb max_used=7123Kb free=238738Kb
 bounds [0x00000000027c0000, 0x0000000002ee0000, 0x00000000117c0000]
 total_blobs=2388 nmethods=1893 adapters=407
 compilation: enabled

Compilation events (10 events):
Event: 1567.622 Thread 0x0000000055036000 nmethod 2147 0x0000000002af0e90 code [0x0000000002af0fc0, 0x0000000002af1018]
Event: 1574.679 Thread 0x000000005503f800 2148       1       java.util.IdentityHashMap$Values::size (8 bytes)
Event: 1574.829 Thread 0x000000005503f800 nmethod 2148 0x00000000028c3910 code [0x00000000028c3a60, 0x00000000028c3b70]
Event: 1596.554 Thread 0x0000000055036000 2149       4       javax.swing.text.html.parser.TagStack::excluded (30 bytes)
Event: 1596.949 Thread 0x0000000055036000 nmethod 2149 0x00000000028c36d0 code [0x00000000028c3800, 0x00000000028c3878]
Event: 1605.645 Thread 0x000000005503d800 2150       4       javax.swing.text.html.parser.DTD::getElement (52 bytes)
Event: 1606.053 Thread 0x000000005503d800 nmethod 2150 0x0000000002b68190 code [0x0000000002b68380, 0x0000000002b68ef0]
Event: 1634.055 Thread 0x0000000055036000 2151       4       java.lang.String::equalsIgnoreCase (48 bytes)
Event: 1634.273 Thread 0x0000000055036000 nmethod 2151 0x0000000002b719d0 code [0x0000000002b71b60, 0x0000000002b72070]
Event: 1645.212 Thread 0x000000005503d800 2152       4       javax.swing.text.FlowView::layout (163 bytes)

GC Heap History (10 events):
Event: 1352.725 GC heap before
{Heap before GC invocations=23 (full 0):
 PSYoungGen      total 19968K, used 16032K [0x00000000eb980000, 0x00000000ed100000, 0x0000000100000000)
  eden space 15872K, 100% used [0x00000000eb980000,0x00000000ec900000,0x00000000ec900000)
  from space 4096K, 3% used [0x00000000ecd00000,0x00000000ecd28000,0x00000000ed100000)
  to   space 4096K, 0% used [0x00000000ec900000,0x00000000ec900000,0x00000000ecd00000)
 ParOldGen       total 42496K, used 6674K [0x00000000c2c00000, 0x00000000c5580000, 0x00000000eb980000)
  object space 42496K, 15% used [0x00000000c2c00000,0x00000000c3284928,0x00000000c5580000)
 Metaspace       used 12717K, capacity 12982K, committed 13184K, reserved 1060864K
  class space    used 1556K, capacity 1656K, committed 1664K, reserved 1048576K
Event: 1352.727 GC heap after
Heap after GC invocations=23 (full 0):
 PSYoungGen      total 16384K, used 64K [0x00000000eb980000, 0x00000000ed000000, 0x0000000100000000)
  eden space 15872K, 0% used [0x00000000eb980000,0x00000000eb980000,0x00000000ec900000)
  from space 512K, 12% used [0x00000000ec900000,0x00000000ec910000,0x00000000ec980000)
  to   space 3584K, 0% used [0x00000000ecc80000,0x00000000ecc80000,0x00000000ed000000)
 ParOldGen       total 42496K, used 6674K [0x00000000c2c00000, 0x00000000c5580000, 0x00000000eb980000)
  object space 42496K, 15% used [0x00000000c2c00000,0x00000000c3284928,0x00000000c5580000)
 Metaspace       used 12717K, capacity 12982K, committed 13184K, reserved 1060864K
  class space    used 1556K, capacity 1656K, committed 1664K, reserved 1048576K
}
Event: 1400.889 GC heap before
{Heap before GC invocations=24 (full 0):
 PSYoungGen      total 16384K, used 15936K [0x00000000eb980000, 0x00000000ed000000, 0x0000000100000000)
  eden space 15872K, 100% used [0x00000000eb980000,0x00000000ec900000,0x00000000ec900000)
  from space 512K, 12% used [0x00000000ec900000,0x00000000ec910000,0x00000000ec980000)
  to   space 3584K, 0% used [0x00000000ecc80000,0x00000000ecc80000,0x00000000ed000000)
 ParOldGen       total 42496K, used 6674K [0x00000000c2c00000, 0x00000000c5580000, 0x00000000eb980000)
  object space 42496K, 15% used [0x00000000c2c00000,0x00000000c3284928,0x00000000c5580000)
 Metaspace       used 12717K, capacity 12982K, committed 13184K, reserved 1060864K
  class space    used 1556K, capacity 1656K, committed 1664K, reserved 1048576K
Event: 1400.945 GC heap after
Heap after GC invocations=24 (full 0):
 PSYoungGen      total 19456K, used 160K [0x00000000eb980000, 0x00000000ed000000, 0x0000000100000000)
  eden space 15872K, 0% used [0x00000000eb980000,0x00000000eb980000,0x00000000ec900000)
  from space 3584K, 4% used [0x00000000ecc80000,0x00000000ecca8000,0x00000000ed000000)
  to   space 3584K, 0% used [0x00000000ec900000,0x00000000ec900000,0x00000000ecc80000)
 ParOldGen       total 42496K, used 6682K [0x00000000c2c00000, 0x00000000c5580000, 0x00000000eb980000)
  object space 42496K, 15% used [0x00000000c2c00000,0x00000000c3286928,0x00000000c5580000)
 Metaspace       used 12717K, capacity 12982K, committed 13184K, reserved 1060864K
  class space    used 1556K, capacity 1656K, committed 1664K, reserved 1048576K
}
Event: 1452.796 GC heap before
{Heap before GC invocations=25 (full 0):
 PSYoungGen      total 19456K, used 16032K [0x00000000eb980000, 0x00000000ed000000, 0x0000000100000000)
  eden space 15872K, 100% used [0x00000000eb980000,0x00000000ec900000,0x00000000ec900000)
  from space 3584K, 4% used [0x00000000ecc80000,0x00000000ecca8000,0x00000000ed000000)
  to   space 3584K, 0% used [0x00000000ec900000,0x00000000ec900000,0x00000000ecc80000)
 ParOldGen       total 42496K, used 6682K [0x00000000c2c00000, 0x00000000c5580000, 0x00000000eb980000)
  object space 42496K, 15% used [0x00000000c2c00000,0x00000000c3286928,0x00000000c5580000)
 Metaspace       used 12717K, capacity 12982K, committed 13184K, reserved 1060864K
  class space    used 1556K, capacity 1656K, committed 1664K, reserved 1048576K
Event: 1452.798 GC heap after
Heap after GC invocations=25 (full 0):
 PSYoungGen      total 19456K, used 64K [0x00000000eb980000, 0x00000000ed000000, 0x0000000100000000)
  eden space 15872K, 0% used [0x00000000eb980000,0x00000000eb980000,0x00000000ec900000)
  from space 3584K, 1% used [0x00000000ec900000,0x00000000ec910000,0x00000000ecc80000)
  to   space 3584K, 0% used [0x00000000ecc80000,0x00000000ecc80000,0x00000000ed000000)
 ParOldGen       total 42496K, used 6690K [0x00000000c2c00000, 0x00000000c5580000, 0x00000000eb980000)
  object space 42496K, 15% used [0x00000000c2c00000,0x00000000c3288928,0x00000000c5580000)
 Metaspace       used 12717K, capacity 12982K, committed 13184K, reserved 1060864K
  class space    used 1556K, capacity 1656K, committed 1664K, reserved 1048576K
}
Event: 1504.215 GC heap before
{Heap before GC invocations=26 (full 0):
 PSYoungGen      total 19456K, used 15936K [0x00000000eb980000, 0x00000000ed000000, 0x0000000100000000)
  eden space 15872K, 100% used [0x00000000eb980000,0x00000000ec900000,0x00000000ec900000)
  from space 3584K, 1% used [0x00000000ec900000,0x00000000ec910000,0x00000000ecc80000)
  to   space 3584K, 0% used [0x00000000ecc80000,0x00000000ecc80000,0x00000000ed000000)
 ParOldGen       total 42496K, used 6690K [0x00000000c2c00000, 0x00000000c5580000, 0x00000000eb980000)
  object space 42496K, 15% used [0x00000000c2c00000,0x00000000c3288928,0x00000000c5580000)
 Metaspace       used 12717K, capacity 12982K, committed 13184K, reserved 1060864K
  class space    used 1556K, capacity 1656K, committed 1664K, reserved 1048576K
Event: 1504.262 GC heap after
Heap after GC invocations=26 (full 0):
 PSYoungGen      total 18432K, used 128K [0x00000000eb980000, 0x00000000ecf00000, 0x0000000100000000)
  eden space 15872K, 0% used [0x00000000eb980000,0x00000000eb980000,0x00000000ec900000)
  from space 2560K, 5% used [0x00000000ecc80000,0x00000000ecca0000,0x00000000ecf00000)
  to   space 3072K, 0% used [0x00000000ec900000,0x00000000ec900000,0x00000000ecc00000)
 ParOldGen       total 42496K, used 6690K [0x00000000c2c00000, 0x00000000c5580000, 0x00000000eb980000)
  object space 42496K, 15% used [0x00000000c2c00000,0x00000000c3288928,0x00000000c5580000)
 Metaspace       used 12717K, capacity 12982K, committed 13184K, reserved 1060864K
  class space    used 1556K, capacity 1656K, committed 1664K, reserved 1048576K
}
Event: 1575.729 GC heap before
{Heap before GC invocations=27 (full 0):
 PSYoungGen      total 18432K, used 16000K [0x00000000eb980000, 0x00000000ecf00000, 0x0000000100000000)
  eden space 15872K, 100% used [0x00000000eb980000,0x00000000ec900000,0x00000000ec900000)
  from space 2560K, 5% used [0x00000000ecc80000,0x00000000ecca0000,0x00000000ecf00000)
  to   space 3072K, 0% used [0x00000000ec900000,0x00000000ec900000,0x00000000ecc00000)
 ParOldGen       total 42496K, used 6690K [0x00000000c2c00000, 0x00000000c5580000, 0x00000000eb980000)
  object space 42496K, 15% used [0x00000000c2c00000,0x00000000c3288928,0x00000000c5580000)
 Metaspace       used 12717K, capacity 12982K, committed 13184K, reserved 1060864K
  class space    used 1556K, capacity 1656K, committed 1664K, reserved 1048576K
Event: 1575.731 GC heap after
Heap after GC invocations=27 (full 0):
 PSYoungGen      total 18944K, used 96K [0x00000000eb980000, 0x00000000ecf00000, 0x0000000100000000)
  eden space 15872K, 0% used [0x00000000eb980000,0x00000000eb980000,0x00000000ec900000)
  from space 3072K, 3% used [0x00000000ec900000,0x00000000ec918000,0x00000000ecc00000)
  to   space 3072K, 0% used [0x00000000ecc00000,0x00000000ecc00000,0x00000000ecf00000)
 ParOldGen       total 42496K, used 6698K [0x00000000c2c00000, 0x00000000c5580000, 0x00000000eb980000)
  object space 42496K, 15% used [0x00000000c2c00000,0x00000000c328a928,0x00000000c5580000)
 Metaspace       used 12717K, capacity 12982K, committed 13184K, reserved 1060864K
  class space    used 1556K, capacity 1656K, committed 1664K, reserved 1048576K
}

Deoptimization events (10 events):
Event: 0.959 Thread 0x000000005837e800 Uncommon trap: reason=class_check action=maybe_recompile pc=0x000000000294788c method=java.lang.String.equals(Ljava/lang/Object;)Z @ 8
Event: 0.960 Thread 0x000000005837e800 Uncommon trap: reason=class_check action=maybe_recompile pc=0x000000000294788c method=java.lang.String.equals(Ljava/lang/Object;)Z @ 8
Event: 1.980 Thread 0x000000005837e800 Uncommon trap: reason=class_check action=maybe_recompile pc=0x0000000002a0da0c method=java.util.HashMap.putVal(ILjava/lang/Object;Ljava/lang/Object;ZZ)Ljava/lang/Object; @ 253
Event: 2.993 Thread 0x000000005837e800 Uncommon trap: reason=class_check action=maybe_recompile pc=0x0000000002a0da0c method=java.util.HashMap.putVal(ILjava/lang/Object;Ljava/lang/Object;ZZ)Ljava/lang/Object; @ 253
Event: 3.999 Thread 0x000000005837e800 Uncommon trap: reason=class_check action=maybe_recompile pc=0x0000000002a0da0c method=java.util.HashMap.putVal(ILjava/lang/Object;Ljava/lang/Object;ZZ)Ljava/lang/Object; @ 253
Event: 154.063 Thread 0x000000005837e800 Uncommon trap: reason=class_check action=maybe_recompile pc=0x0000000002a07574 method=java.util.HashMap.putVal(ILjava/lang/Object;Ljava/lang/Object;ZZ)Ljava/lang/Object; @ 253
Event: 332.754 Thread 0x000000005837e800 Uncommon trap: reason=unstable_if action=reinterpret pc=0x0000000002c79024 method=java.lang.ref.ReferenceQueue.poll()Ljava/lang/ref/Reference; @ 4
Event: 398.023 Thread 0x000000005837e800 Uncommon trap: reason=unstable_if action=reinterpret pc=0x0000000002bca08c method=java.lang.ref.ReferenceQueue.poll()Ljava/lang/ref/Reference; @ 4
Event: 841.580 Thread 0x000000005837e800 Uncommon trap: reason=null_check action=make_not_entrant pc=0x0000000002de5aac method=javax.swing.text.StyleContext$SmallAttributeSet.equals(Ljava/lang/Object;)Z @ 1
Event: 841.580 Thread 0x000000005837e800 Uncommon trap: reason=unstable_if action=reinterpret pc=0x0000000002c91ac0 method=java.lang.ref.ReferenceQueue.poll()Ljava/lang/ref/Reference; @ 4

Internal exceptions (10 events):
Event: 0.142 Thread 0x00000000022ae000 Exception <a 'java/security/PrivilegedActionException'> (0x00000000eba5f498) thrown at [C:\workspace\8-2-build-windows-amd64-cygwin\jdk8u65\4987\hotspot\src\share\vm\prims\jvm.cpp, line 1386]
Event: 0.142 Thread 0x00000000022ae000 Exception <a 'java/security/PrivilegedActionException'> (0x00000000eba5f6a8) thrown at [C:\workspace\8-2-build-windows-amd64-cygwin\jdk8u65\4987\hotspot\src\share\vm\prims\jvm.cpp, line 1386]
Event: 0.143 Thread 0x00000000022ae000 Exception <a 'java/security/PrivilegedActionException'> (0x00000000eba63250) thrown at [C:\workspace\8-2-build-windows-amd64-cygwin\jdk8u65\4987\hotspot\src\share\vm\prims\jvm.cpp, line 1386]
Event: 0.143 Thread 0x00000000022ae000 Exception <a 'java/security/PrivilegedActionException'> (0x00000000eba63460) thrown at [C:\workspace\8-2-build-windows-amd64-cygwin\jdk8u65\4987\hotspot\src\share\vm\prims\jvm.cpp, line 1386]
Event: 0.149 Thread 0x00000000022ae000 Exception <a 'java/io/FileNotFoundException'> (0x00000000eba668d0) thrown at [C:\workspace\8-2-build-windows-amd64-cygwin\jdk8u65\4987\hotspot\src\share\vm\prims\jni.cpp, line 709]
Event: 0.209 Thread 0x00000000022ae000 Exception <a 'java/lang/NoSuchFieldError': method resolution failed> (0x00000000ebb84260) thrown at [C:\workspace\8-2-build-windows-amd64-cygwin\jdk8u65\4987\hotspot\src\share\vm\prims\methodHandles.cpp, line 1146]
Event: 0.212 Thread 0x00000000022ae000 Exception <a 'java/lang/NoSuchFieldError': method resolution failed> (0x00000000ebb91908) thrown at [C:\workspace\8-2-build-windows-amd64-cygwin\jdk8u65\4987\hotspot\src\share\vm\prims\methodHandles.cpp, line 1146]
Event: 0.272 Thread 0x00000000022ae000 Exception <a 'java/io/FileNotFoundException'> (0x00000000ebc27030) thrown at [C:\workspace\8-2-build-windows-amd64-cygwin\jdk8u65\4987\hotspot\src\share\vm\prims\jni.cpp, line 709]
Event: 0.573 Thread 0x00000000022ae000 Implicit null exception at 0x000000000293104b to 0x00000000029311fd
Event: 841.580 Thread 0x000000005837e800 Implicit null exception at 0x0000000002de41f4 to 0x0000000002de5a91

Events (10 events):
Event: 1641.078 Thread 0x00000000587a2000 Thread added: 0x00000000587a2000
Event: 1641.079 Thread 0x00000000587a0800 Thread added: 0x00000000587a0800
Event: 1642.080 Thread 0x00000000583da800 Thread added: 0x00000000583da800
Event: 1642.210 Thread 0x00000000587a2000 Thread exited: 0x00000000587a2000
Event: 1642.210 Thread 0x00000000587a0800 Thread exited: 0x00000000587a0800
Event: 1643.082 Thread 0x00000000587a0800 Thread added: 0x00000000587a0800
Event: 1645.137 Thread 0x00000000583da800 Thread exited: 0x00000000583da800
Event: 1645.137 Thread 0x00000000587a0800 Thread exited: 0x00000000587a0800
Event: 1645.138 Thread 0x00000000587a0800 Thread added: 0x00000000587a0800
Event: 1645.139 Thread 0x00000000587a2000 Thread added: 0x00000000587a2000


Dynamic libraries:
0x000000013fae0000 - 0x000000013fb17000 	C:\Program Files\Java\jre1.8.0_65\bin\javaw.exe
0x00000000778b0000 - 0x0000000077a59000 	C:\Windows\SYSTEM32\ntdll.dll
0x0000000077790000 - 0x00000000778af000 	C:\Windows\system32\kernel32.dll
0x000007fefd830000 - 0x000007fefd89b000 	C:\Windows\system32\KERNELBASE.dll
0x000007feffae0000 - 0x000007feffbbb000 	C:\Windows\system32\ADVAPI32.dll
0x000007feff240000 - 0x000007feff2df000 	C:\Windows\system32\msvcrt.dll
0x000007feffac0000 - 0x000007feffadf000 	C:\Windows\SYSTEM32\sechost.dll
0x000007feff450000 - 0x000007feff57d000 	C:\Windows\system32\RPCRT4.dll
0x0000000077690000 - 0x000000007778a000 	C:\Windows\system32\USER32.dll
0x000007feff580000 - 0x000007feff5e7000 	C:\Windows\system32\GDI32.dll
0x000007feff730000 - 0x000007feff73e000 	C:\Windows\system32\LPK.dll
0x000007feff9f0000 - 0x000007feffab9000 	C:\Windows\system32\USP10.dll
0x000007fefc110000 - 0x000007fefc304000 	C:\Windows\WinSxS\amd64_microsoft.windows.common-controls_6595b64144ccf1df_6.0.7601.17514_none_fa396087175ac9ac\COMCTL32.dll
0x000007fefe400000 - 0x000007fefe471000 	C:\Windows\system32\SHLWAPI.dll
0x000007fefe480000 - 0x000007fefe4ae000 	C:\Windows\system32\IMM32.DLL
0x000007feff2e0000 - 0x000007feff3e9000 	C:\Windows\system32\MSCTF.dll
0x000000005e3d0000 - 0x000000005e4a2000 	C:\Program Files\Java\jre1.8.0_65\bin\msvcr100.dll
0x000000005db40000 - 0x000000005e3c9000 	C:\Program Files\Java\jre1.8.0_65\bin\server\jvm.dll
0x000007fef9730000 - 0x000007fef9739000 	C:\Windows\system32\WSOCK32.dll
0x000007feff400000 - 0x000007feff44d000 	C:\Windows\system32\WS2_32.dll
0x000007feff3f0000 - 0x000007feff3f8000 	C:\Windows\system32\NSI.dll
0x000007fef9c80000 - 0x000007fef9cbb000 	C:\Windows\system32\WINMM.dll
0x000007fefc7a0000 - 0x000007fefc7ac000 	C:\Windows\system32\VERSION.dll
0x0000000077a80000 - 0x0000000077a87000 	C:\Windows\system32\PSAPI.DLL
0x000000006f6a0000 - 0x000000006f6af000 	C:\Program Files\Java\jre1.8.0_65\bin\verify.dll
0x000000006f670000 - 0x000000006f699000 	C:\Program Files\Java\jre1.8.0_65\bin\java.dll
0x000000006f650000 - 0x000000006f666000 	C:\Program Files\Java\jre1.8.0_65\bin\zip.dll
0x000007fefe4b0000 - 0x000007feff238000 	C:\Windows\system32\SHELL32.dll
0x000007fefdac0000 - 0x000007fefdcc3000 	C:\Windows\system32\ole32.dll
0x000007fefd690000 - 0x000007fefd69f000 	C:\Windows\system32\profapi.dll
0x000000005d790000 - 0x000000005d928000 	C:\Program Files\Java\jre1.8.0_65\bin\awt.dll
0x000007fefdf60000 - 0x000007fefe037000 	C:\Windows\system32\OLEAUT32.dll
0x000007fefbce0000 - 0x000007fefbcf8000 	C:\Windows\system32\DWMAPI.DLL
0x000007fefbf30000 - 0x000007fefbf86000 	C:\Windows\system32\uxtheme.dll
0x000007fefd5c0000 - 0x000007fefd5cf000 	C:\Windows\system32\CRYPTBASE.dll
0x0000000180000000 - 0x000000018004a000 	C:\Program Files\Acer\Acer ePower Management\SysHook.dll
0x000007fef8d50000 - 0x000007fef8dc1000 	C:\Windows\system32\WINSPOOL.DRV
0x000000006f5c0000 - 0x000000006f607000 	C:\Program Files\Java\jre1.8.0_65\bin\fontmanager.dll
0x000000006f630000 - 0x000000006f64a000 	C:\Program Files\Java\jre1.8.0_65\bin\net.dll
0x000007fefcee0000 - 0x000007fefcf35000 	C:\Windows\system32\mswsock.dll
0x000007fefced0000 - 0x000007fefced7000 	C:\Windows\System32\wship6.dll
0x000000006f610000 - 0x000000006f621000 	C:\Program Files\Java\jre1.8.0_65\bin\nio.dll
0x000000006f570000 - 0x000000006f5b2000 	C:\Program Files\Java\jre1.8.0_65\bin\t2k.dll
0x000007feff690000 - 0x000007feff729000 	C:\Windows\system32\CLBCatQ.DLL
0x000007fefb710000 - 0x000007fefb871000 	C:\Windows\system32\WindowsCodecs.dll
0x000007fefd560000 - 0x000007fefd5b7000 	C:\Windows\system32\apphelp.dll
0x000007fef6f00000 - 0x000007fef6f3b000 	C:\Program Files (x86)\Dropbox\Client\DropboxExt64.28.dll
0x000007fef6ec0000 - 0x000007fef6ef5000 	C:\Windows\system32\EhStorShell.dll
0x000007fefe220000 - 0x000007fefe3f7000 	C:\Windows\system32\SETUPAPI.dll
0x000007fefd8a0000 - 0x000007fefd8d6000 	C:\Windows\system32\CFGMGR32.dll
0x000007fefda90000 - 0x000007fefdaaa000 	C:\Windows\system32\DEVOBJ.dll
0x000007fefbf90000 - 0x000007fefc0bc000 	C:\Windows\system32\PROPSYS.dll
0x000007fef6850000 - 0x000007fef6ebf000 	C:\PROGRA~1\MICROS~1\Office14\GROOVEEX.DLL
0x0000000070620000 - 0x00000000706c3000 	C:\Windows\WinSxS\amd64_microsoft.vc90.crt_1fc8b3b9a1e18e3b_9.0.30729.6161_none_08e61857a83bc251\MSVCR90.dll
0x0000000070540000 - 0x0000000070613000 	C:\Windows\WinSxS\amd64_microsoft.vc90.crt_1fc8b3b9a1e18e3b_9.0.30729.6161_none_08e61857a83bc251\MSVCP90.dll
0x0000000070510000 - 0x000000007053f000 	C:\Windows\WinSxS\amd64_microsoft.vc90.atl_1fc8b3b9a1e18e3b_9.0.30729.6161_none_0a1fd3a3a768b895\ATL90.DLL
0x000007fef55c0000 - 0x000007fef59da000 	C:\PROGRA~1\COMMON~1\MICROS~1\OFFICE14\Cultures\office.odf
0x000007fef4d40000 - 0x000007fef55c0000 	C:\PROGRA~1\MICROS~1\Office14\3082\GrooveIntlResource.dll

VM Arguments:
jvm_args: -Dfile.encoding=Cp1252 
java_command: frmPrincipal
java_class_path (initial): C:\Users\Alumno\workspace\Kenshi_Tienda\bin
Launcher Type: SUN_STANDARD

Environment Variables:
CLASSPATH=.;C:\Program Files (x86)\Java\jre7\lib\ext\QTJava.zip
PATH=C:\ProgramData\Oracle\Java\javapath;C:\Program Files (x86)\Intel\iCLS Client\;C:\Program Files\Intel\iCLS Client\;C:\Program Files\Common Files\Microsoft Shared\Windows Live;C:\Program Files (x86)\Common Files\Microsoft Shared\Windows Live;C:\Windows\system32;C:\Windows;C:\Windows\System32\Wbem;C:\Windows\System32\WindowsPowerShell\v1.0\;C:\Program Files (x86)\Windows Live\Shared;C:\Program Files\Intel\Intel(R) Management Engine Components\DAL;C:\Program Files\Intel\Intel(R) Management Engine Components\IPT;C:\Program Files (x86)\Intel\Intel(R) Management Engine Components\DAL;C:\Program Files (x86)\Intel\Intel(R) Management Engine Components\IPT; C:\Program Files\Java\jdk1.7.0_05bin;C:\Program Files (x86)\Intel\OpenCL SDK\2.0\bin\x86;C:\Program Files (x86)\Intel\OpenCL SDK\2.0\bin\x64;C:\Program Files (x86)\QuickTime\QTSystem\;C:\Program Files (x86)\Java\jdk1.7.0_25;C:\Program Files\Java\jdk1.7.0_25;C:\Program Files\Java\jdk1.7.0_05
USERNAME=Alumno
OS=Windows_NT
PROCESSOR_IDENTIFIER=Intel64 Family 6 Model 58 Stepping 9, GenuineIntel



---------------  S Y S T E M  ---------------

OS: Windows 7 , 64 bit Build 7601 (6.1.7601.18015)

CPU:total 4 (2 cores per cpu, 2 threads per core) family 6 model 58 stepping 9, cmov, cx8, fxsr, mmx, sse, sse2, sse3, ssse3, sse4.1, sse4.2, popcnt, avx, clmul, erms, ht, tsc, tscinvbit, tscinv

Memory: 4k page, physical 4008300k(128132k free), swap 16031340k(4500k free)

vm_info: Java HotSpot(TM) 64-Bit Server VM (25.65-b01) for windows-amd64 JRE (1.8.0_65-b17), built on Oct  6 2015 16:39:20 by "java_re" with MS VC++ 10.0 (VS2010)

time: Wed Nov 04 12:39:25 2015
elapsed time: 1662 seconds (0d 0h 27m 42s)

