#
# There is insufficient memory for the Java Runtime Environment to continue.
# Native memory allocation (malloc) failed to allocate 32744 bytes for ChunkPool::allocate
# Possible reasons:
#   The system is out of physical RAM or swap space
#   In 32 bit mode, the process size limit was hit
# Possible solutions:
#   Reduce memory load on the system
#   Increase physical memory or swap space
#   Check if swap backing store is full
#   Use 64 bit Java on a 64 bit OS
#   Decrease Java heap size (-Xmx/-Xms)
#   Decrease number of Java threads
#   Decrease Java thread stack sizes (-Xss)
#   Set larger code cache with -XX:ReservedCodeCacheSize=
# This output file may be truncated or incomplete.
#
#  Out of Memory Error (allocation.cpp:273), pid=12184, tid=11036
#
# JRE version: Java(TM) SE Runtime Environment (8.0_65-b17) (build 1.8.0_65-b17)
# Java VM: Java HotSpot(TM) 64-Bit Server VM (25.65-b01 mixed mode windows-amd64 compressed oops)
# Failed to write core dump. Minidumps are not enabled by default on client versions of Windows
#

---------------  T H R E A D  ---------------

Current thread (0x00000000550d5800):  JavaThread "C2 CompilerThread0" daemon [_thread_in_native, id=11036, stack(0x00000000568f0000,0x00000000569f0000)]

Stack: [0x00000000568f0000,0x00000000569f0000]
[error occurred during error reporting (printing stack bounds), id 0xc0000005]

Native frames: (J=compiled Java code, j=interpreted, Vv=VM code, C=native code)


Current CompileTask:
C2: 705703 2038       4       javax.swing.JComponent::revalidate (53 bytes)


---------------  P R O C E S S  ---------------

Java Threads: ( => current thread )
  0x00000000580fa800 JavaThread "AWT-EventQueue-0" [_thread_in_vm, id=9380, stack(0x0000000058b40000,0x0000000058c40000)]
  0x00000000580f9800 JavaThread "AWT-Shutdown" [_thread_blocked, id=12912, stack(0x0000000057b70000,0x0000000057c70000)]
  0x0000000056c74000 JavaThread "TimerQueue" daemon [_thread_blocked, id=1476, stack(0x000000005b2a0000,0x000000005b3a0000)]
  0x000000000220e000 JavaThread "DestroyJavaVM" [_thread_blocked, id=12488, stack(0x0000000002430000,0x0000000002530000)]
  0x0000000058267800 JavaThread "Thread-1" [_thread_blocked, id=10100, stack(0x0000000058a30000,0x0000000058b30000)]
  0x0000000056f44000 JavaThread "AWT-Windows" daemon [_thread_in_native, id=9592, stack(0x0000000057710000,0x0000000057810000)]
  0x0000000056f42800 JavaThread "Java2D Disposer" daemon [_thread_blocked, id=10500, stack(0x0000000057280000,0x0000000057380000)]
  0x0000000056bdd000 JavaThread "Service Thread" daemon [_thread_blocked, id=7760, stack(0x0000000056fd0000,0x00000000570d0000)]
  0x0000000056b60800 JavaThread "C1 CompilerThread2" daemon [_thread_blocked, id=13304, stack(0x0000000056620000,0x0000000056720000)]
  0x00000000550de800 JavaThread "C2 CompilerThread1" daemon [_thread_blocked, id=12852, stack(0x0000000056a60000,0x0000000056b60000)]
=>0x00000000550d5800 JavaThread "C2 CompilerThread0" daemon [_thread_in_native, id=11036, stack(0x00000000568f0000,0x00000000569f0000)]
  0x00000000550d3000 JavaThread "Attach Listener" daemon [_thread_blocked, id=10880, stack(0x0000000056760000,0x0000000056860000)]
  0x00000000550cf800 JavaThread "Signal Dispatcher" daemon [_thread_blocked, id=10520, stack(0x0000000056490000,0x0000000056590000)]
  0x0000000055076800 JavaThread "Finalizer" daemon [_thread_blocked, id=12236, stack(0x00000000562e0000,0x00000000563e0000)]
  0x000000005506f800 JavaThread "Reference Handler" daemon [_thread_blocked, id=10668, stack(0x0000000056020000,0x0000000056120000)]

Other Threads:
  0x000000005506a000 VMThread [stack: 0x00000000561b0000,0x00000000562b0000] [id=12672]
  0x0000000056be5800 WatcherThread [stack: 0x0000000057160000,0x0000000057260000] [id=10472]

VM state:not at safepoint (normal execution)

VM Mutex/Monitor currently owned by a thread: None

Heap:
 PSYoungGen      total 21504K, used 8111K [0x00000000eb980000, 0x00000000ed400000, 0x0000000100000000)
  eden space 15872K, 50% used [0x00000000eb980000,0x00000000ec153fd0,0x00000000ec900000)
  from space 5632K, 1% used [0x00000000ec900000,0x00000000ec918000,0x00000000ece80000)
  to   space 5632K, 0% used [0x00000000ece80000,0x00000000ece80000,0x00000000ed400000)
 ParOldGen       total 42496K, used 5075K [0x00000000c2c00000, 0x00000000c5580000, 0x00000000eb980000)
  object space 42496K, 11% used [0x00000000c2c00000,0x00000000c30f4fd0,0x00000000c5580000)
 Metaspace       used 12784K, capacity 13040K, committed 13184K, reserved 1060864K
  class space    used 1561K, capacity 1655K, committed 1664K, reserved 1048576K

Card table byte_map: [0x0000000011bc0000,0x0000000011db0000] byte_map_base: 0x00000000115aa000

Marking Bits: (ParMarkBitMap*) 0x000000005e34a5b0
 Begin Bits: [0x0000000012650000, 0x00000000135a0000)
 End Bits:   [0x00000000135a0000, 0x00000000144f0000)

Polling page: 0x00000000000b0000

CodeCache: size=245760Kb used=6588Kb max_used=6596Kb free=239171Kb
 bounds [0x0000000002800000, 0x0000000002e90000, 0x0000000011800000]
 total_blobs=2359 nmethods=1863 adapters=408
 compilation: enabled

Compilation events (10 events):
Event: 681.098 Thread 0x00000000550d5800 nmethod 2033 0x0000000002a26c50 code [0x0000000002a26da0, 0x0000000002a26e58]
Event: 686.194 Thread 0x00000000550de800 2034       4       java.lang.String::substring (79 bytes)
Event: 686.200 Thread 0x00000000550de800 nmethod 2034 0x0000000002b08b90 code [0x0000000002b08d00, 0x0000000002b090d8]
Event: 693.233 Thread 0x00000000550d5800 2035       4       javax.swing.text.html.parser.TagStack::advance (94 bytes)
Event: 693.234 Thread 0x00000000550de800 2036       4       javax.swing.text.html.parser.Parser::handleText (269 bytes)
Event: 693.249 Thread 0x00000000550de800 nmethod 2036 0x0000000002acc9d0 code [0x0000000002accb40, 0x0000000002accfb8]
Event: 693.360 Thread 0x00000000550d5800 nmethod 2035 0x0000000002aa83d0 code [0x0000000002aa8540, 0x0000000002aa86f8]
Event: 694.441 Thread 0x00000000550de800 2037       4       javax.swing.text.html.BlockView::setParent (14 bytes)
Event: 694.572 Thread 0x00000000550de800 nmethod 2037 0x0000000002e82750 code [0x0000000002e82a80, 0x0000000002e83d68]
Event: 701.548 Thread 0x00000000550d5800 2038       4       javax.swing.JComponent::revalidate (53 bytes)

GC Heap History (10 events):
Event: 381.107 GC heap before
{Heap before GC invocations=5 (full 0):
 PSYoungGen      total 18432K, used 18431K [0x00000000eb980000, 0x00000000ece00000, 0x0000000100000000)
  eden space 15872K, 100% used [0x00000000eb980000,0x00000000ec900000,0x00000000ec900000)
  from space 2560K, 99% used [0x00000000ecb80000,0x00000000ecdffe60,0x00000000ece00000)
  to   space 2560K, 0% used [0x00000000ec900000,0x00000000ec900000,0x00000000ecb80000)
 ParOldGen       total 42496K, used 2526K [0x00000000c2c00000, 0x00000000c5580000, 0x00000000eb980000)
  object space 42496K, 5% used [0x00000000c2c00000,0x00000000c2e77ba0,0x00000000c5580000)
 Metaspace       used 12696K, capacity 12912K, committed 13184K, reserved 1060864K
  class space    used 1561K, capacity 1655K, committed 1664K, reserved 1048576K
Event: 381.119 GC heap after
Heap after GC invocations=5 (full 0):
 PSYoungGen      total 18432K, used 2559K [0x00000000eb980000, 0x00000000ed300000, 0x0000000100000000)
  eden space 15872K, 0% used [0x00000000eb980000,0x00000000eb980000,0x00000000ec900000)
  from space 2560K, 99% used [0x00000000ec900000,0x00000000ecb7fe60,0x00000000ecb80000)
  to   space 5120K, 0% used [0x00000000ece00000,0x00000000ece00000,0x00000000ed300000)
 ParOldGen       total 42496K, used 2534K [0x00000000c2c00000, 0x00000000c5580000, 0x00000000eb980000)
  object space 42496K, 5% used [0x00000000c2c00000,0x00000000c2e79ba0,0x00000000c5580000)
 Metaspace       used 12696K, capacity 12912K, committed 13184K, reserved 1060864K
  class space    used 1561K, capacity 1655K, committed 1664K, reserved 1048576K
}
Event: 450.342 GC heap before
{Heap before GC invocations=6 (full 0):
 PSYoungGen      total 18432K, used 18431K [0x00000000eb980000, 0x00000000ed300000, 0x0000000100000000)
  eden space 15872K, 100% used [0x00000000eb980000,0x00000000ec900000,0x00000000ec900000)
  from space 2560K, 99% used [0x00000000ec900000,0x00000000ecb7fe60,0x00000000ecb80000)
  to   space 5120K, 0% used [0x00000000ece00000,0x00000000ece00000,0x00000000ed300000)
 ParOldGen       total 42496K, used 2534K [0x00000000c2c00000, 0x00000000c5580000, 0x00000000eb980000)
  object space 42496K, 5% used [0x00000000c2c00000,0x00000000c2e79ba0,0x00000000c5580000)
 Metaspace       used 12727K, capacity 12976K, committed 13184K, reserved 1060864K
  class space    used 1561K, capacity 1655K, committed 1664K, reserved 1048576K
Event: 450.348 GC heap after
Heap after GC invocations=6 (full 0):
 PSYoungGen      total 20992K, used 2591K [0x00000000eb980000, 0x00000000ed300000, 0x0000000100000000)
  eden space 15872K, 0% used [0x00000000eb980000,0x00000000eb980000,0x00000000ec900000)
  from space 5120K, 50% used [0x00000000ece00000,0x00000000ed087e80,0x00000000ed300000)
  to   space 5120K, 0% used [0x00000000ec900000,0x00000000ec900000,0x00000000ece00000)
 ParOldGen       total 42496K, used 2542K [0x00000000c2c00000, 0x00000000c5580000, 0x00000000eb980000)
  object space 42496K, 5% used [0x00000000c2c00000,0x00000000c2e7bba0,0x00000000c5580000)
 Metaspace       used 12727K, capacity 12976K, committed 13184K, reserved 1060864K
  class space    used 1561K, capacity 1655K, committed 1664K, reserved 1048576K
}
Event: 522.603 GC heap before
{Heap before GC invocations=7 (full 0):
 PSYoungGen      total 20992K, used 18463K [0x00000000eb980000, 0x00000000ed300000, 0x0000000100000000)
  eden space 15872K, 100% used [0x00000000eb980000,0x00000000ec900000,0x00000000ec900000)
  from space 5120K, 50% used [0x00000000ece00000,0x00000000ed087e80,0x00000000ed300000)
  to   space 5120K, 0% used [0x00000000ec900000,0x00000000ec900000,0x00000000ece00000)
 ParOldGen       total 42496K, used 2542K [0x00000000c2c00000, 0x00000000c5580000, 0x00000000eb980000)
  object space 42496K, 5% used [0x00000000c2c00000,0x00000000c2e7bba0,0x00000000c5580000)
 Metaspace       used 12728K, capacity 12976K, committed 13184K, reserved 1060864K
  class space    used 1561K, capacity 1655K, committed 1664K, reserved 1048576K
Event: 522.666 GC heap after
Heap after GC invocations=7 (full 0):
 PSYoungGen      total 20992K, used 96K [0x00000000eb980000, 0x00000000ed400000, 0x0000000100000000)
  eden space 15872K, 0% used [0x00000000eb980000,0x00000000eb980000,0x00000000ec900000)
  from space 5120K, 1% used [0x00000000ec900000,0x00000000ec918000,0x00000000ece00000)
  to   space 5632K, 0% used [0x00000000ece80000,0x00000000ece80000,0x00000000ed400000)
 ParOldGen       total 42496K, used 5051K [0x00000000c2c00000, 0x00000000c5580000, 0x00000000eb980000)
  object space 42496K, 11% used [0x00000000c2c00000,0x00000000c30eefd0,0x00000000c5580000)
 Metaspace       used 12728K, capacity 12976K, committed 13184K, reserved 1060864K
  class space    used 1561K, capacity 1655K, committed 1664K, reserved 1048576K
}
Event: 594.883 GC heap before
{Heap before GC invocations=8 (full 0):
 PSYoungGen      total 20992K, used 15968K [0x00000000eb980000, 0x00000000ed400000, 0x0000000100000000)
  eden space 15872K, 100% used [0x00000000eb980000,0x00000000ec900000,0x00000000ec900000)
  from space 5120K, 1% used [0x00000000ec900000,0x00000000ec918000,0x00000000ece00000)
  to   space 5632K, 0% used [0x00000000ece80000,0x00000000ece80000,0x00000000ed400000)
 ParOldGen       total 42496K, used 5051K [0x00000000c2c00000, 0x00000000c5580000, 0x00000000eb980000)
  object space 42496K, 11% used [0x00000000c2c00000,0x00000000c30eefd0,0x00000000c5580000)
 Metaspace       used 12781K, capacity 13040K, committed 13184K, reserved 1060864K
  class space    used 1561K, capacity 1655K, committed 1664K, reserved 1048576K
Event: 594.899 GC heap after
Heap after GC invocations=8 (full 0):
 PSYoungGen      total 21504K, used 128K [0x00000000eb980000, 0x00000000ed400000, 0x0000000100000000)
  eden space 15872K, 0% used [0x00000000eb980000,0x00000000eb980000,0x00000000ec900000)
  from space 5632K, 2% used [0x00000000ece80000,0x00000000ecea0000,0x00000000ed400000)
  to   space 5632K, 0% used [0x00000000ec900000,0x00000000ec900000,0x00000000ece80000)
 ParOldGen       total 42496K, used 5067K [0x00000000c2c00000, 0x00000000c5580000, 0x00000000eb980000)
  object space 42496K, 11% used [0x00000000c2c00000,0x00000000c30f2fd0,0x00000000c5580000)
 Metaspace       used 12781K, capacity 13040K, committed 13184K, reserved 1060864K
  class space    used 1561K, capacity 1655K, committed 1664K, reserved 1048576K
}
Event: 675.084 GC heap before
{Heap before GC invocations=9 (full 0):
 PSYoungGen      total 21504K, used 16000K [0x00000000eb980000, 0x00000000ed400000, 0x0000000100000000)
  eden space 15872K, 100% used [0x00000000eb980000,0x00000000ec900000,0x00000000ec900000)
  from space 5632K, 2% used [0x00000000ece80000,0x00000000ecea0000,0x00000000ed400000)
  to   space 5632K, 0% used [0x00000000ec900000,0x00000000ec900000,0x00000000ece80000)
 ParOldGen       total 42496K, used 5067K [0x00000000c2c00000, 0x00000000c5580000, 0x00000000eb980000)
  object space 42496K, 11% used [0x00000000c2c00000,0x00000000c30f2fd0,0x00000000c5580000)
 Metaspace       used 12784K, capacity 13040K, committed 13184K, reserved 1060864K
  class space    used 1561K, capacity 1655K, committed 1664K, reserved 1048576K
Event: 675.086 GC heap after
Heap after GC invocations=9 (full 0):
 PSYoungGen      total 21504K, used 96K [0x00000000eb980000, 0x00000000ed400000, 0x0000000100000000)
  eden space 15872K, 0% used [0x00000000eb980000,0x00000000eb980000,0x00000000ec900000)
  from space 5632K, 1% used [0x00000000ec900000,0x00000000ec918000,0x00000000ece80000)
  to   space 5632K, 0% used [0x00000000ece80000,0x00000000ece80000,0x00000000ed400000)
 ParOldGen       total 42496K, used 5075K [0x00000000c2c00000, 0x00000000c5580000, 0x00000000eb980000)
  object space 42496K, 11% used [0x00000000c2c00000,0x00000000c30f4fd0,0x00000000c5580000)
 Metaspace       used 12784K, capacity 13040K, committed 13184K, reserved 1060864K
  class space    used 1561K, capacity 1655K, committed 1664K, reserved 1048576K
}

Deoptimization events (10 events):
Event: 13.884 Thread 0x0000000058267800 Uncommon trap: reason=class_check action=maybe_recompile pc=0x0000000002a914d4 method=java.util.HashMap.putVal(ILjava/lang/Object;Ljava/lang/Object;ZZ)Ljava/lang/Object; @ 253
Event: 13.887 Thread 0x0000000058267800 Uncommon trap: reason=class_check action=maybe_recompile pc=0x0000000002996718 method=java.lang.String.equals(Ljava/lang/Object;)Z @ 8
Event: 13.930 Thread 0x0000000058267800 Uncommon trap: reason=class_check action=maybe_recompile pc=0x0000000002996718 method=java.lang.String.equals(Ljava/lang/Object;)Z @ 8
Event: 13.932 Thread 0x0000000058267800 Uncommon trap: reason=class_check action=maybe_recompile pc=0x0000000002996718 method=java.lang.String.equals(Ljava/lang/Object;)Z @ 8
Event: 13.935 Thread 0x0000000058267800 Uncommon trap: reason=class_check action=maybe_recompile pc=0x0000000002996718 method=java.lang.String.equals(Ljava/lang/Object;)Z @ 8
Event: 15.038 Thread 0x0000000058267800 Uncommon trap: reason=class_check action=maybe_recompile pc=0x0000000002a914d4 method=java.util.HashMap.putVal(ILjava/lang/Object;Ljava/lang/Object;ZZ)Ljava/lang/Object; @ 253
Event: 16.051 Thread 0x0000000058267800 Uncommon trap: reason=class_check action=maybe_recompile pc=0x0000000002a914d4 method=java.util.HashMap.putVal(ILjava/lang/Object;Ljava/lang/Object;ZZ)Ljava/lang/Object; @ 253
Event: 17.059 Thread 0x0000000058267800 Uncommon trap: reason=class_check action=maybe_recompile pc=0x0000000002a914d4 method=java.util.HashMap.putVal(ILjava/lang/Object;Ljava/lang/Object;ZZ)Ljava/lang/Object; @ 253
Event: 31.732 Thread 0x0000000058c40800 Uncommon trap: reason=unstable_if action=reinterpret pc=0x0000000002b54d18 method=sun.font.CMap$CMapFormat4.getGlyph(I)C @ 181
Event: 309.753 Thread 0x0000000058267800 Uncommon trap: reason=unstable_if action=reinterpret pc=0x0000000002cd5e68 method=java.lang.ref.ReferenceQueue.poll()Ljava/lang/ref/Reference; @ 4

Internal exceptions (10 events):
Event: 0.123 Thread 0x000000000220e000 Exception <a 'java/lang/NoSuchMethodError': Method sun.misc.Unsafe.prefetchRead(Ljava/lang/Object;J)V name or signature does not match> (0x00000000eb98d938) thrown at [C:\workspace\8-2-build-windows-amd64-cygwin\jdk8u65\4987\hotspot\src\share\vm\prims\jni.mM-ÿ¢òì?
Event: 0.905 Thread 0x000000000220e000 Exception <a 'java/security/PrivilegedActionException'> (0x00000000eba5f5b8) thrown at [C:\workspace\8-2-build-windows-amd64-cygwin\jdk8u65\4987\hotspot\src\share\vm\prims\jvm.cpp, line 1386]
Event: 0.905 Thread 0x000000000220e000 Exception <a 'java/security/PrivilegedActionException'> (0x00000000eba5f7c8) thrown at [C:\workspace\8-2-build-windows-amd64-cygwin\jdk8u65\4987\hotspot\src\share\vm\prims\jvm.cpp, line 1386]
Event: 0.910 Thread 0x000000000220e000 Exception <a 'java/security/PrivilegedActionException'> (0x00000000eba63370) thrown at [C:\workspace\8-2-build-windows-amd64-cygwin\jdk8u65\4987\hotspot\src\share\vm\prims\jvm.cpp, line 1386]
Event: 0.910 Thread 0x000000000220e000 Exception <a 'java/security/PrivilegedActionException'> (0x00000000eba63580) thrown at [C:\workspace\8-2-build-windows-amd64-cygwin\jdk8u65\4987\hotspot\src\share\vm\prims\jvm.cpp, line 1386]
Event: 1.263 Thread 0x000000000220e000 Exception <a 'java/io/FileNotFoundException'> (0x00000000eba669f0) thrown at [C:\workspace\8-2-build-windows-amd64-cygwin\jdk8u65\4987\hotspot\src\share\vm\prims\jni.cpp, line 709]
Event: 1.362 Thread 0x000000000220e000 Exception <a 'java/lang/NoSuchFieldError': method resolution failed> (0x00000000ebb84380) thrown at [C:\workspace\8-2-build-windows-amd64-cygwin\jdk8u65\4987\hotspot\src\share\vm\prims\methodHandles.cpp, line 1146]
Event: 1.372 Thread 0x000000000220e000 Exception <a 'java/lang/NoSuchFieldError': method resolution failed> (0x00000000ebb91a28) thrown at [C:\workspace\8-2-build-windows-amd64-cygwin\jdk8u65\4987\hotspot\src\share\vm\prims\methodHandles.cpp, line 1146]
Event: 1.548 Thread 0x000000000220e000 Exception <a 'java/io/FileNotFoundException'> (0x00000000ebc27160) thrown at [C:\workspace\8-2-build-windows-amd64-cygwin\jdk8u65\4987\hotspot\src\share\vm\prims\jni.cpp, line 709]
Event: 1.632 Thread 0x000000000220e000 Implicit null exception at 0x000000000297e44b to 0x000000000297e5fd

Events (10 events):
Event: 700.482 Thread 0x00000000580f9800 Thread added: 0x00000000580f9800
Event: 700.483 Thread 0x00000000580fb000 Thread added: 0x00000000580fb000
Event: 701.512 Thread 0x00000000580f9800 Thread exited: 0x00000000580f9800
Event: 701.512 Thread 0x00000000580fb000 Thread exited: 0x00000000580fb000
Event: 701.547 Thread 0x00000000580fb000 Thread added: 0x00000000580fb000
Event: 701.547 Thread 0x00000000580f9800 Thread added: 0x00000000580f9800
Event: 702.658 Thread 0x00000000580fa800 Thread added: 0x00000000580fa800
Event: 702.720 Thread 0x00000000580fb000 Thread exited: 0x00000000580fb000
Event: 702.720 Thread 0x00000000580f9800 Thread exited: 0x00000000580f9800
Event: 703.657 Thread 0x00000000580f9800 Thread added: 0x00000000580f9800


Dynamic libraries:
0x000000013fae0000 - 0x000000013fb17000 	C:\Program Files\Java\jre1.8.0_65\bin\javaw.exe
0x00000000778b0000 - 0x0000000077a59000 	C:\Windows\SYSTEM32\ntdll.dll
0x0000000077790000 - 0x00000000778af000 	C:\Windows\system32\kernel32.dll
0x000007fefd830000 - 0x000007fefd89b000 	C:\Windows\system32\KERNELBASE.dll
0x000007feffae0000 - 0x000007feffbbb000 	C:\Windows\system32\ADVAPI32.dll
0x000007feff240000 - 0x000007feff2df000 	C:\Windows\system32\msvcrt.dll
0x000007feffac0000 - 0x000007feffadf000 	C:\Windows\SYSTEM32\sechost.dll
0x000007feff450000 - 0x000007feff57d000 	C:\Windows\system32\RPCRT4.dll
0x0000000077690000 - 0x000000007778a000 	C:\Windows\system32\USER32.dll
0x000007feff580000 - 0x000007feff5e7000 	C:\Windows\system32\GDI32.dll
0x000007feff730000 - 0x000007feff73e000 	C:\Windows\system32\LPK.dll
0x000007feff9f0000 - 0x000007feffab9000 	C:\Windows\system32\USP10.dll
0x000007fefc110000 - 0x000007fefc304000 	C:\Windows\WinSxS\amd64_microsoft.windows.common-controls_6595b64144ccf1df_6.0.7601.17514_none_fa396087175ac9ac\COMCTL32.dll
0x000007fefe400000 - 0x000007fefe471000 	C:\Windows\system32\SHLWAPI.dll
0x000007fefe480000 - 0x000007fefe4ae000 	C:\Windows\system32\IMM32.DLL
0x000007feff2e0000 - 0x000007feff3e9000 	C:\Windows\system32\MSCTF.dll
0x000000005e3d0000 - 0x000000005e4a2000 	C:\Program Files\Java\jre1.8.0_65\bin\msvcr100.dll
0x000000005db40000 - 0x000000005e3c9000 	C:\Program Files\Java\jre1.8.0_65\bin\server\jvm.dll
0x000007fef9730000 - 0x000007fef9739000 	C:\Windows\system32\WSOCK32.dll
0x000007feff400000 - 0x000007feff44d000 	C:\Windows\system32\WS2_32.dll
0x000007feff3f0000 - 0x000007feff3f8000 	C:\Windows\system32\NSI.dll
0x000007fef9c80000 - 0x000007fef9cbb000 	C:\Windows\system32\WINMM.dll
0x000007fefc7a0000 - 0x000007fefc7ac000 	C:\Windows\system32\VERSION.dll
0x0000000077a80000 - 0x0000000077a87000 	C:\Windows\system32\PSAPI.DLL
0x000000006f6a0000 - 0x000000006f6af000 	C:\Program Files\Java\jre1.8.0_65\bin\verify.dll
0x000000006f670000 - 0x000000006f699000 	C:\Program Files\Java\jre1.8.0_65\bin\java.dll
0x000000006f650000 - 0x000000006f666000 	C:\Program Files\Java\jre1.8.0_65\bin\zip.dll
0x000007fefe4b0000 - 0x000007feff238000 	C:\Windows\system32\SHELL32.dll
0x000007fefdac0000 - 0x000007fefdcc3000 	C:\Windows\system32\ole32.dll
0x000007fefd690000 - 0x000007fefd69f000 	C:\Windows\system32\profapi.dll
0x000000005d790000 - 0x000000005d928000 	C:\Program Files\Java\jre1.8.0_65\bin\awt.dll
0x000007fefdf60000 - 0x000007fefe037000 	C:\Windows\system32\OLEAUT32.dll
0x000007fefbce0000 - 0x000007fefbcf8000 	C:\Windows\system32\DWMAPI.DLL
0x000007fefbf30000 - 0x000007fefbf86000 	C:\Windows\system32\uxtheme.dll
0x000007fefd5c0000 - 0x000007fefd5cf000 	C:\Windows\system32\CRYPTBASE.dll
0x0000000180000000 - 0x000000018004a000 	C:\Program Files\Acer\Acer ePower Management\SysHook.dll
0x000007fef8d50000 - 0x000007fef8dc1000 	C:\Windows\system32\WINSPOOL.DRV
0x000000006f5c0000 - 0x000000006f607000 	C:\Program Files\Java\jre1.8.0_65\bin\fontmanager.dll
0x000000006f630000 - 0x000000006f64a000 	C:\Program Files\Java\jre1.8.0_65\bin\net.dll
0x000007fefcee0000 - 0x000007fefcf35000 	C:\Windows\system32\mswsock.dll
0x000007fefced0000 - 0x000007fefced7000 	C:\Windows\System32\wship6.dll
0x000000006f610000 - 0x000000006f621000 	C:\Program Files\Java\jre1.8.0_65\bin\nio.dll
0x000000006f570000 - 0x000000006f5b2000 	C:\Program Files\Java\jre1.8.0_65\bin\t2k.dll
0x000007feff690000 - 0x000007feff729000 	C:\Windows\system32\CLBCatQ.DLL
0x000007fefb710000 - 0x000007fefb871000 	C:\Windows\system32\WindowsCodecs.dll
0x000007fefd560000 - 0x000007fefd5b7000 	C:\Windows\system32\apphelp.dll
0x000007fef6f00000 - 0x000007fef6f3b000 	C:\Program Files (x86)\Dropbox\Client\DropboxExt64.28.dll
0x000007fef6ec0000 - 0x000007fef6ef5000 	C:\Windows\system32\EhStorShell.dll
0x000007fefe220000 - 0x000007fefe3f7000 	C:\Windows\system32\SETUPAPI.dll
0x000007fefd8a0000 - 0x000007fefd8d6000 	C:\Windows\system32\CFGMGR32.dll
0x000007fefda90000 - 0x000007fefdaaa000 	C:\Windows\system32\DEVOBJ.dll
0x000007fefbf90000 - 0x000007fefc0bc000 	C:\Windows\system32\PROPSYS.dll
0x000007fef6850000 - 0x000007fef6ebf000 	C:\PROGRA~1\MICROS~1\Office14\GROOVEEX.DLL
0x0000000070620000 - 0x00000000706c3000 	C:\Windows\WinSxS\amd64_microsoft.vc90.crt_1fc8b3b9a1e18e3b_9.0.30729.6161_none_08e61857a83bc251\MSVCR90.dll
0x0000000070540000 - 0x0000000070613000 	C:\Windows\WinSxS\amd64_microsoft.vc90.crt_1fc8b3b9a1e18e3b_9.0.30729.6161_none_08e61857a83bc251\MSVCP90.dll
0x0000000070510000 - 0x000000007053f000 	C:\Windows\WinSxS\amd64_microsoft.vc90.atl_1fc8b3b9a1e18e3b_9.0.30729.6161_none_0a1fd3a3a768b895\ATL90.DLL
0x000007fef55c0000 - 0x000007fef59da000 	C:\PROGRA~1\COMMON~1\MICROS~1\OFFICE14\Cultures\office.odf
0x000007fef4d40000 - 0x000007fef55c0000 	C:\PROGRA~1\MICROS~1\Office14\3082\GrooveIntlResource.dll

VM Arguments:
jvm_args: -Dfile.encoding=Cp1252 
java_command: frmPrincipal
java_class_path (initial): C:\Users\Alumno\workspace\Kenshi_Tienda\bin
Launcher Type: SUN_STANDARD

Environment Variables:
CLASSPATH=.;C:\Program Files (x86)\Java\jre7\lib\ext\QTJava.zip
PATH=C:\ProgramData\Oracle\Java\javapath;C:\Program Files (x86)\Intel\iCLS Client\;C:\Program Files\Intel\iCLS Client\;C:\Program Files\Common Files\Microsoft Shared\Windows Live;C:\Program Files (x86)\Common Files\Microsoft Shared\Windows Live;C:\Windows\system32;C:\Windows;C:\Windows\System32\Wbem;C:\Windows\System32\WindowsPowerShell\v1.0\;C:\Program Files (x86)\Windows Live\Shared;C:\Program Files\Intel\Intel(R) Management Engine Components\DAL;C:\Program Files\Intel\Intel(R) Management Engine Components\IPT;C:\Program Files (x86)\Intel\Intel(R) Management Engine Components\DAL;C:\Program Files (x86)\Intel\Intel(R) Management Engine Components\IPT; C:\Program Files\Java\jdk1.7.0_05bin;C:\Program Files (x86)\Intel\OpenCL SDK\2.0\bin\x86;C:\Program Files (x86)\Intel\OpenCL SDK\2.0\bin\x64;C:\Program Files (x86)\QuickTime\QTSystem\;C:\Program Files (x86)\Java\jdk1.7.0_25;C:\Program Files\Java\jdk1.7.0_25;C:\Program Files\Java\jdk1.7.0_05
USERNAME=Alumno
OS=Windows_NT
PROCESSOR_IDENTIFIER=Intel64 Family 6 Model 58 Stepping 9, GenuineIntel



---------------  S Y S T E M  ---------------

OS: Windows 7 , 64 bit Build 7601 (6.1.7601.18015)

CPU:total 4 (2 cores per cpu, 2 threads per core) family 6 model 58 stepping 9, cmov, cx8, fxsr, mmx, sse, sse2, sse3, ssse3, sse4.1, sse4.2, popcnt, avx, clmul, erms, ht, tsc, tscinvbit, tscinv

Memory: 4k page, physical 4008300k(136316k free), swap 16031340k(3428k free)

vm_info: Java HotSpot(TM) 64-Bit Server VM (25.65-b01) for windows-amd64 JRE (1.8.0_65-b17), built on Oct  6 2015 16:39:20 by "java_re" with MS VC++ 10.0 (VS2010)

time: Wed Nov 04 12:39:13 2015
elapsed time: 710 seconds (0d 0h 11m 50s)

