#
# A fatal error has been detected by the Java Runtime Environment:
#
#  EXCEPTION_STACK_OVERFLOW (0xc00000fd) at pc=0x000000005dd518b7, pid=7356, tid=13168
#
# JRE version: Java(TM) SE Runtime Environment (8.0_65-b17) (build 1.8.0_65-b17)
# Java VM: Java HotSpot(TM) 64-Bit Server VM (25.65-b01 mixed mode windows-amd64 compressed oops)
# Problematic frame:
# V  [jvm.dll+0x2118b7]
#
# Failed to write core dump. Minidumps are not enabled by default on client versions of Windows
#
# If you would like to submit a bug report, please visit:
#   http://bugreport.java.com/bugreport/crash.jsp
#

---------------  T H R E A D  ---------------

Current thread (0x0000000056af3000):  JavaThread "AWT-Shutdown" [_thread_in_vm, id=13168, stack(0x0000000057af0000,0x0000000057bf0000)]

siginfo: ExceptionCode=0xc00000fd, ExceptionInformation=0x0000000000000001 0x0000000057beb180 

Registers:
RAX=0x0000000057beb180, RBX=0x0000000000000005, RCX=0x0000000000004000, RDX=0x0000000000000006
RSP=0x0000000057bef180, RBP=0x0000000000000000, RSI=0x0000000057bef180, RDI=0x0000000000000005
R8 =0x0000000000000006, R9 =0x0000000056994c50, R10=0x000000005461b958, R11=0x0000000057afa148
R12=0x0000000056994c50, R13=0x0000000056af3000, R14=0x0000000057bef248, R15=0x000000005461b958
RIP=0x000000005dd518b7, EFLAGS=0x0000000000010202

Top of Stack: (sp=0x0000000057bef180)
0x0000000057bef180:   000000005692e6c0 000000005e424e7e
0x0000000057bef190:   0000000056af3000 0000000056994c50
0x0000000057bef1a0:   00000000ffffffff 000000005dd527e7
0x0000000057bef1b0:   0000000057bef2b0 000000005461b958
0x0000000057bef1c0:   0000000056af3000 000000005dbff333
0x0000000057bef1d0:   0000000057bef210 0000000056af3000
0x0000000057bef1e0:   0000000057bef2a0 0000000056af3000
0x0000000057bef1f0:   000000005461b958 0000000056af3000
0x0000000057bef200:   00000000027c6e60 0000000056af3000
0x0000000057bef210:   000000005461b958 0000000056af3000
0x0000000057bef220:   000000005461b958 0000000056af3000
0x0000000057bef230:   0000000000000001 000000005461b958
0x0000000057bef240:   0000000056af3000 000000005710f850
0x0000000057bef250:   0000000056af3000 000000005dc0081d
0x0000000057bef260:   0000000057bef568 00000000145f69a0
0x0000000057bef270:   00000000145f69a0 00000000ffffffff 

Instructions: (pc=0x000000005dd518b7)
0x000000005dd51897:   48 89 6c 24 30 33 ed 66 90 e8 ab 36 08 00 ff c3
0x000000005dd518a7:   48 63 c8 48 8b c6 48 0f af cf 48 ff c7 48 2b c1
0x000000005dd518b7:   89 28 48 63 c3 48 3b 05 cd 9d 58 00 7e db 48 8b
0x000000005dd518c7:   6c 24 30 48 8b 5c 24 38 48 8b 74 24 40 48 83 c4 


Register to memory mapping:

RAX=0x0000000057beb180 is pointing into the stack for thread: 0x0000000056af3000
RBX=0x0000000000000005 is an unknown value
RCX=0x0000000000004000 is an unknown value
RDX=0x0000000000000006 is an unknown value
RSP=0x0000000057bef180 is pointing into the stack for thread: 0x0000000056af3000
RBP=0x0000000000000000 is an unknown value
RSI=0x0000000057bef180 is pointing into the stack for thread: 0x0000000056af3000
RDI=0x0000000000000005 is an unknown value
R8 =0x0000000000000006 is an unknown value
R9 =0x0000000056994c50 is an unknown value
R10={method} {0x000000005461b960} 'run' '()V' in 'java/lang/Thread'
R11=0x0000000057afa148 is pointing into the stack for thread: 0x0000000056af3000
R12=0x0000000056994c50 is an unknown value
R13=0x0000000056af3000 is a thread
R14=0x0000000057bef248 is pointing into the stack for thread: 0x0000000056af3000
R15={method} {0x000000005461b960} 'run' '()V' in 'java/lang/Thread'


Stack: [0x0000000057af0000,0x0000000057bf0000],  sp=0x0000000057bef180,  free space=1020k
Native frames: (J=compiled Java code, j=interpreted, Vv=VM code, C=native code)


---------------  P R O C E S S  ---------------

Java Threads: ( => current thread )
=>0x0000000056af3000 JavaThread "AWT-Shutdown" [_thread_in_vm, id=13168, stack(0x0000000057af0000,0x0000000057bf0000)]
  0x000000000228e000 JavaThread "DestroyJavaVM" [_thread_blocked, id=5132, stack(0x00000000023b0000,0x00000000024b0000)]
  0x00000000570de000 JavaThread "Thread-1" [_thread_blocked, id=5328, stack(0x0000000058970000,0x0000000058a70000)]
  0x0000000056c3f000 JavaThread "AWT-Windows" daemon [_thread_in_native, id=3664, stack(0x0000000057ce0000,0x0000000057de0000)]
  0x0000000056c3d800 JavaThread "Java2D Disposer" daemon [_thread_blocked, id=7488, stack(0x0000000057980000,0x0000000057a80000)]
  0x000000005691c000 JavaThread "Service Thread" daemon [_thread_blocked, id=3276, stack(0x0000000056690000,0x0000000056790000)]
  0x00000000568a0800 JavaThread "C1 CompilerThread2" daemon [_thread_blocked, id=7988, stack(0x0000000056d90000,0x0000000056e90000)]
  0x0000000054fee800 JavaThread "C2 CompilerThread1" daemon [_thread_blocked, id=6468, stack(0x00000000567a0000,0x00000000568a0000)]
  0x0000000054fe5800 JavaThread "C2 CompilerThread0" daemon [_thread_blocked, id=7312, stack(0x0000000056550000,0x0000000056650000)]
  0x0000000054fe3000 JavaThread "Attach Listener" daemon [_thread_blocked, id=7440, stack(0x00000000561d0000,0x00000000562d0000)]
  0x0000000054fdf800 JavaThread "Signal Dispatcher" daemon [_thread_blocked, id=7412, stack(0x0000000056400000,0x0000000056500000)]
  0x0000000054f87800 JavaThread "Finalizer" daemon [_thread_blocked, id=5712, stack(0x00000000562f0000,0x00000000563f0000)]
  0x0000000054f80800 JavaThread "Reference Handler" daemon [_thread_blocked, id=6748, stack(0x0000000056000000,0x0000000056100000)]

Other Threads:
  0x0000000054f7b000 VMThread [stack: 0x0000000055ef0000,0x0000000055ff0000] [id=4936]
  0x000000005692d000 WatcherThread [stack: 0x0000000056ec0000,0x0000000056fc0000] [id=4644]

VM state:not at safepoint (normal execution)

VM Mutex/Monitor currently owned by a thread: None

Heap:
 PSYoungGen      total 16384K, used 13427K [0x00000000eb980000, 0x00000000ecd80000, 0x0000000100000000)
  eden space 15872K, 83% used [0x00000000eb980000,0x00000000ec67ccd0,0x00000000ec900000)
  from space 512K, 25% used [0x00000000ec900000,0x00000000ec920000,0x00000000ec980000)
  to   space 512K, 0% used [0x00000000ecd00000,0x00000000ecd00000,0x00000000ecd80000)
 ParOldGen       total 42496K, used 4642K [0x00000000c2c00000, 0x00000000c5580000, 0x00000000eb980000)
  object space 42496K, 10% used [0x00000000c2c00000,0x00000000c3088a50,0x00000000c5580000)
 Metaspace       used 12625K, capacity 12880K, committed 13184K, reserved 1060864K
  class space    used 1537K, capacity 1623K, committed 1664K, reserved 1048576K

Card table byte_map: [0x0000000011b40000,0x0000000011d30000] byte_map_base: 0x000000001152a000

Marking Bits: (ParMarkBitMap*) 0x000000005e34a5b0
 Begin Bits: [0x0000000012560000, 0x00000000134b0000)
 End Bits:   [0x00000000134b0000, 0x0000000014400000)

Polling page: 0x0000000000130000

CodeCache: size=245760Kb used=7440Kb max_used=7466Kb free=238319Kb
 bounds [0x0000000002780000, 0x0000000002f20000, 0x0000000011780000]
 total_blobs=2351 nmethods=1856 adapters=407
 compilation: enabled

Compilation events (10 events):
Event: 47436.481 Thread 0x0000000054fe5800 2245       4       java.util.concurrent.locks.AbstractQueuedSynchronizer::acquire (27 bytes)
Event: 47437.015 Thread 0x0000000054fe5800 nmethod 2245 0x0000000002b44890 code [0x0000000002b44a20, 0x0000000002b44f10]
Event: 51576.813 Thread 0x00000000568a0800 2246       3       java.util.WeakHashMap::resize (86 bytes)
Event: 51576.916 Thread 0x00000000568a0800 nmethod 2246 0x00000000029f3290 code [0x00000000029f3440, 0x00000000029f3938]
Event: 52277.200 Thread 0x0000000054fe5800 2247       4       java.util.concurrent.locks.AbstractQueuedSynchronizer::addWaiter (50 bytes)
Event: 52277.263 Thread 0x0000000054fe5800 nmethod 2247 0x00000000029c7b50 code [0x00000000029c7ca0, 0x00000000029c7e28]
Event: 61350.775 Thread 0x0000000054fe5800 2248       4       java.util.WeakHashMap::resize (86 bytes)
Event: 61351.175 Thread 0x0000000054fe5800 nmethod 2248 0x0000000002b21610 code [0x0000000002b21760, 0x0000000002b21a88]
Event: 129890.871 Thread 0x0000000054fe5800 2249   !   4       java.lang.ref.ReferenceQueue::enqueue (119 bytes)
Event: 129892.246 Thread 0x0000000054fe5800 nmethod 2249 0x000000000295a1d0 code [0x000000000295a320, 0x000000000295a7a8]

GC Heap History (10 events):
Event: 134624.091 GC heap before
{Heap before GC invocations=1061 (full 0):
 PSYoungGen      total 15872K, used 15424K [0x00000000eb980000, 0x00000000eca00000, 0x0000000100000000)
  eden space 15360K, 100% used [0x00000000eb980000,0x00000000ec880000,0x00000000ec880000)
  from space 512K, 12% used [0x00000000ec980000,0x00000000ec990000,0x00000000eca00000)
  to   space 512K, 0% used [0x00000000ec900000,0x00000000ec900000,0x00000000ec980000)
 ParOldGen       total 42496K, used 4642K [0x00000000c2c00000, 0x00000000c5580000, 0x00000000eb980000)
  object space 42496K, 10% used [0x00000000c2c00000,0x00000000c3088a50,0x00000000c5580000)
 Metaspace       used 12625K, capacity 12880K, committed 13184K, reserved 1060864K
  class space    used 1537K, capacity 1623K, committed 1664K, reserved 1048576K
Event: 134624.093 GC heap after
Heap after GC invocations=1061 (full 0):
 PSYoungGen      total 15872K, used 64K [0x00000000eb980000, 0x00000000eca00000, 0x0000000100000000)
  eden space 15360K, 0% used [0x00000000eb980000,0x00000000eb980000,0x00000000ec880000)
  from space 512K, 12% used [0x00000000ec900000,0x00000000ec910000,0x00000000ec980000)
  to   space 512K, 0% used [0x00000000ec980000,0x00000000ec980000,0x00000000eca00000)
 ParOldGen       total 42496K, used 4642K [0x00000000c2c00000, 0x00000000c5580000, 0x00000000eb980000)
  object space 42496K, 10% used [0x00000000c2c00000,0x00000000c3088a50,0x00000000c5580000)
 Metaspace       used 12625K, capacity 12880K, committed 13184K, reserved 1060864K
  class space    used 1537K, capacity 1623K, committed 1664K, reserved 1048576K
}
Event: 134653.641 GC heap before
{Heap before GC invocations=1062 (full 0):
 PSYoungGen      total 15872K, used 15424K [0x00000000eb980000, 0x00000000eca00000, 0x0000000100000000)
  eden space 15360K, 100% used [0x00000000eb980000,0x00000000ec880000,0x00000000ec880000)
  from space 512K, 12% used [0x00000000ec900000,0x00000000ec910000,0x00000000ec980000)
  to   space 512K, 0% used [0x00000000ec980000,0x00000000ec980000,0x00000000eca00000)
 ParOldGen       total 42496K, used 4642K [0x00000000c2c00000, 0x00000000c5580000, 0x00000000eb980000)
  object space 42496K, 10% used [0x00000000c2c00000,0x00000000c3088a50,0x00000000c5580000)
 Metaspace       used 12625K, capacity 12880K, committed 13184K, reserved 1060864K
  class space    used 1537K, capacity 1623K, committed 1664K, reserved 1048576K
Event: 134653.643 GC heap after
Heap after GC invocations=1062 (full 0):
 PSYoungGen      total 15872K, used 64K [0x00000000eb980000, 0x00000000eca00000, 0x0000000100000000)
  eden space 15360K, 0% used [0x00000000eb980000,0x00000000eb980000,0x00000000ec880000)
  from space 512K, 12% used [0x00000000ec980000,0x00000000ec990000,0x00000000eca00000)
  to   space 512K, 0% used [0x00000000ec900000,0x00000000ec900000,0x00000000ec980000)
 ParOldGen       total 42496K, used 4642K [0x00000000c2c00000, 0x00000000c5580000, 0x00000000eb980000)
  object space 42496K, 10% used [0x00000000c2c00000,0x00000000c3088a50,0x00000000c5580000)
 Metaspace       used 12625K, capacity 12880K, committed 13184K, reserved 1060864K
  class space    used 1537K, capacity 1623K, committed 1664K, reserved 1048576K
}
Event: 134706.874 GC heap before
{Heap before GC invocations=1063 (full 0):
 PSYoungGen      total 15872K, used 15424K [0x00000000eb980000, 0x00000000eca00000, 0x0000000100000000)
  eden space 15360K, 100% used [0x00000000eb980000,0x00000000ec880000,0x00000000ec880000)
  from space 512K, 12% used [0x00000000ec980000,0x00000000ec990000,0x00000000eca00000)
  to   space 512K, 0% used [0x00000000ec900000,0x00000000ec900000,0x00000000ec980000)
 ParOldGen       total 42496K, used 4642K [0x00000000c2c00000, 0x00000000c5580000, 0x00000000eb980000)
  object space 42496K, 10% used [0x00000000c2c00000,0x00000000c3088a50,0x00000000c5580000)
 Metaspace       used 12625K, capacity 12880K, committed 13184K, reserved 1060864K
  class space    used 1537K, capacity 1623K, committed 1664K, reserved 1048576K
Event: 134706.875 GC heap after
Heap after GC invocations=1063 (full 0):
 PSYoungGen      total 15872K, used 96K [0x00000000eb980000, 0x00000000eca00000, 0x0000000100000000)
  eden space 15360K, 0% used [0x00000000eb980000,0x00000000eb980000,0x00000000ec880000)
  from space 512K, 18% used [0x00000000ec900000,0x00000000ec918000,0x00000000ec980000)
  to   space 512K, 0% used [0x00000000ec980000,0x00000000ec980000,0x00000000eca00000)
 ParOldGen       total 42496K, used 4642K [0x00000000c2c00000, 0x00000000c5580000, 0x00000000eb980000)
  object space 42496K, 10% used [0x00000000c2c00000,0x00000000c3088a50,0x00000000c5580000)
 Metaspace       used 12625K, capacity 12880K, committed 13184K, reserved 1060864K
  class space    used 1537K, capacity 1623K, committed 1664K, reserved 1048576K
}
Event: 134737.088 GC heap before
{Heap before GC invocations=1064 (full 0):
 PSYoungGen      total 15872K, used 15456K [0x00000000eb980000, 0x00000000eca00000, 0x0000000100000000)
  eden space 15360K, 100% used [0x00000000eb980000,0x00000000ec880000,0x00000000ec880000)
  from space 512K, 18% used [0x00000000ec900000,0x00000000ec918000,0x00000000ec980000)
  to   space 512K, 0% used [0x00000000ec980000,0x00000000ec980000,0x00000000eca00000)
 ParOldGen       total 42496K, used 4642K [0x00000000c2c00000, 0x00000000c5580000, 0x00000000eb980000)
  object space 42496K, 10% used [0x00000000c2c00000,0x00000000c3088a50,0x00000000c5580000)
 Metaspace       used 12625K, capacity 12880K, committed 13184K, reserved 1060864K
  class space    used 1537K, capacity 1623K, committed 1664K, reserved 1048576K
Event: 134740.453 GC heap after
Heap after GC invocations=1064 (full 0):
 PSYoungGen      total 16384K, used 128K [0x00000000eb980000, 0x00000000ecc80000, 0x0000000100000000)
  eden space 15872K, 0% used [0x00000000eb980000,0x00000000eb980000,0x00000000ec900000)
  from space 512K, 25% used [0x00000000ec980000,0x00000000ec9a0000,0x00000000eca00000)
  to   space 512K, 0% used [0x00000000ec900000,0x00000000ec900000,0x00000000ec980000)
 ParOldGen       total 42496K, used 4642K [0x00000000c2c00000, 0x00000000c5580000, 0x00000000eb980000)
  object space 42496K, 10% used [0x00000000c2c00000,0x00000000c3088a50,0x00000000c5580000)
 Metaspace       used 12625K, capacity 12880K, committed 13184K, reserved 1060864K
  class space    used 1537K, capacity 1623K, committed 1664K, reserved 1048576K
}
Event: 134770.884 GC heap before
{Heap before GC invocations=1065 (full 0):
 PSYoungGen      total 16384K, used 16000K [0x00000000eb980000, 0x00000000ecc80000, 0x0000000100000000)
  eden space 15872K, 100% used [0x00000000eb980000,0x00000000ec900000,0x00000000ec900000)
  from space 512K, 25% used [0x00000000ec980000,0x00000000ec9a0000,0x00000000eca00000)
  to   space 512K, 0% used [0x00000000ec900000,0x00000000ec900000,0x00000000ec980000)
 ParOldGen       total 42496K, used 4642K [0x00000000c2c00000, 0x00000000c5580000, 0x00000000eb980000)
  object space 42496K, 10% used [0x00000000c2c00000,0x00000000c3088a50,0x00000000c5580000)
 Metaspace       used 12625K, capacity 12880K, committed 13184K, reserved 1060864K
  class space    used 1537K, capacity 1623K, committed 1664K, reserved 1048576K
Event: 134770.885 GC heap after
Heap after GC invocations=1065 (full 0):
 PSYoungGen      total 16384K, used 128K [0x00000000eb980000, 0x00000000ecd80000, 0x0000000100000000)
  eden space 15872K, 0% used [0x00000000eb980000,0x00000000eb980000,0x00000000ec900000)
  from space 512K, 25% used [0x00000000ec900000,0x00000000ec920000,0x00000000ec980000)
  to   space 512K, 0% used [0x00000000ecd00000,0x00000000ecd00000,0x00000000ecd80000)
 ParOldGen       total 42496K, used 4642K [0x00000000c2c00000, 0x00000000c5580000, 0x00000000eb980000)
  object space 42496K, 10% used [0x00000000c2c00000,0x00000000c3088a50,0x00000000c5580000)
 Metaspace       used 12625K, capacity 12880K, committed 13184K, reserved 1060864K
  class space    used 1537K, capacity 1623K, committed 1664K, reserved 1048576K
}

Deoptimization events (10 events):
Event: 0.775 Thread 0x00000000570de000 Uncommon trap: reason=class_check action=maybe_recompile pc=0x0000000002909518 method=java.lang.String.equals(Ljava/lang/Object;)Z @ 8
Event: 0.777 Thread 0x00000000570de000 Uncommon trap: reason=class_check action=maybe_recompile pc=0x0000000002909518 method=java.lang.String.equals(Ljava/lang/Object;)Z @ 8
Event: 0.808 Thread 0x0000000056c3f000 Uncommon trap: reason=bimorphic action=maybe_recompile pc=0x0000000002978e60 method=java.util.HashMap.getNode(ILjava/lang/Object;)Ljava/util/HashMap$Node; @ 126
Event: 0.808 Thread 0x0000000056c3f000 Uncommon trap: reason=bimorphic action=maybe_recompile pc=0x0000000002978e60 method=java.util.HashMap.getNode(ILjava/lang/Object;)Ljava/util/HashMap$Node; @ 126
Event: 0.808 Thread 0x0000000056c3f000 Uncommon trap: reason=bimorphic action=maybe_recompile pc=0x0000000002978e60 method=java.util.HashMap.getNode(ILjava/lang/Object;)Ljava/util/HashMap$Node; @ 126
Event: 101.592 Thread 0x00000000570de000 Uncommon trap: reason=unstable_if action=reinterpret pc=0x0000000002bc7d8c method=java.lang.ref.ReferenceQueue.poll()Ljava/lang/ref/Reference; @ 4
Event: 2006.966 Thread 0x0000000056b5f000 Uncommon trap: reason=unstable_if action=reinterpret pc=0x0000000002ea6c7c method=java.util.concurrent.locks.AbstractQueuedSynchronizer.findNodeFromTail(Ljava/util/concurrent/locks/AbstractQueuedSynchronizer$Node;)Z @ 7
Event: 39423.007 Thread 0x0000000056b62000 Uncommon trap: reason=unstable_if action=reinterpret pc=0x0000000002e47e08 method=sun.awt.AWTAutoShutdown.notifyThreadFree(Ljava/lang/Thread;)V @ 34
Event: 40812.411 Thread 0x00000000570de000 Uncommon trap: reason=unstable_if action=reinterpret pc=0x000000000289e514 method=java.util.concurrent.locks.AbstractQueuedSynchronizer.addWaiter(Ljava/util/concurrent/locks/AbstractQueuedSynchronizer$Node;)Ljava/util/concurrent/locks/AbstractQueuedSynchroÊöîz
é@
Event: 51448.328 Thread 0x00000000570de000 Uncommon trap: reason=unstable_if action=reinterpret pc=0x000000000297dd3c method=java.util.WeakHashMap.transfer([Ljava/util/WeakHashMap$Entry;[Ljava/util/WeakHashMap$Entry;)V @ 38

Internal exceptions (10 events):
Event: 0.053 Thread 0x000000000228e000 Exception <a 'java/lang/NoSuchMethodError': Method sun.misc.Unsafe.prefetchRead(Ljava/lang/Object;J)V name or signature does not match> (0x00000000eb98d938) thrown at [C:\workspace\8-2-build-windows-amd64-cygwin\jdk8u65\4987\hotspot\src\share\vm\prims\jni.žÊoX	Ä?
Event: 0.157 Thread 0x000000000228e000 Exception <a 'java/security/PrivilegedActionException'> (0x00000000eba5db38) thrown at [C:\workspace\8-2-build-windows-amd64-cygwin\jdk8u65\4987\hotspot\src\share\vm\prims\jvm.cpp, line 1386]
Event: 0.157 Thread 0x000000000228e000 Exception <a 'java/security/PrivilegedActionException'> (0x00000000eba5dd48) thrown at [C:\workspace\8-2-build-windows-amd64-cygwin\jdk8u65\4987\hotspot\src\share\vm\prims\jvm.cpp, line 1386]
Event: 0.158 Thread 0x000000000228e000 Exception <a 'java/security/PrivilegedActionException'> (0x00000000eba618f0) thrown at [C:\workspace\8-2-build-windows-amd64-cygwin\jdk8u65\4987\hotspot\src\share\vm\prims\jvm.cpp, line 1386]
Event: 0.158 Thread 0x000000000228e000 Exception <a 'java/security/PrivilegedActionException'> (0x00000000eba61b00) thrown at [C:\workspace\8-2-build-windows-amd64-cygwin\jdk8u65\4987\hotspot\src\share\vm\prims\jvm.cpp, line 1386]
Event: 0.165 Thread 0x000000000228e000 Exception <a 'java/io/FileNotFoundException'> (0x00000000eba64f70) thrown at [C:\workspace\8-2-build-windows-amd64-cygwin\jdk8u65\4987\hotspot\src\share\vm\prims\jni.cpp, line 709]
Event: 0.226 Thread 0x000000000228e000 Exception <a 'java/lang/NoSuchFieldError': method resolution failed> (0x00000000ebb82c58) thrown at [C:\workspace\8-2-build-windows-amd64-cygwin\jdk8u65\4987\hotspot\src\share\vm\prims\methodHandles.cpp, line 1146]
Event: 0.229 Thread 0x000000000228e000 Exception <a 'java/lang/NoSuchFieldError': method resolution failed> (0x00000000ebb90028) thrown at [C:\workspace\8-2-build-windows-amd64-cygwin\jdk8u65\4987\hotspot\src\share\vm\prims\methodHandles.cpp, line 1146]
Event: 0.300 Thread 0x000000000228e000 Exception <a 'java/io/FileNotFoundException'> (0x00000000ebc25a30) thrown at [C:\workspace\8-2-build-windows-amd64-cygwin\jdk8u65\4987\hotspot\src\share\vm\prims\jni.cpp, line 709]
Event: 0.345 Thread 0x000000000228e000 Implicit null exception at 0x00000000028ea3cb to 0x00000000028ea57d

Events (10 events):
Event: 134822.239 Thread 0x0000000056af5800 Thread exited: 0x0000000056af5800
Event: 134822.259 Thread 0x0000000056af5800 Thread added: 0x0000000056af5800
Event: 134822.259 Thread 0x0000000056af3000 Thread added: 0x0000000056af3000
Event: 134824.260 Thread 0x0000000056af5800 Thread exited: 0x0000000056af5800
Event: 134824.260 Thread 0x0000000056af3000 Thread exited: 0x0000000056af3000
Event: 134824.571 Thread 0x0000000056af3000 Thread added: 0x0000000056af3000
Event: 134824.571 Thread 0x0000000056af5800 Thread added: 0x0000000056af5800
Event: 134825.570 Thread 0x0000000056af5800 Thread exited: 0x0000000056af5800
Event: 134825.570 Thread 0x0000000056af3000 Thread exited: 0x0000000056af3000
Event: 134825.956 Thread 0x0000000056af3000 Thread added: 0x0000000056af3000


Dynamic libraries:
0x000000013fae0000 - 0x000000013fb17000 	C:\Program Files\Java\jre1.8.0_65\bin\javaw.exe
0x00000000778b0000 - 0x0000000077a59000 	C:\Windows\SYSTEM32\ntdll.dll
0x0000000077790000 - 0x00000000778af000 	C:\Windows\system32\kernel32.dll
0x000007fefd830000 - 0x000007fefd89b000 	C:\Windows\system32\KERNELBASE.dll
0x000007feffae0000 - 0x000007feffbbb000 	C:\Windows\system32\ADVAPI32.dll
0x000007feff240000 - 0x000007feff2df000 	C:\Windows\system32\msvcrt.dll
0x000007feffac0000 - 0x000007feffadf000 	C:\Windows\SYSTEM32\sechost.dll
0x000007feff450000 - 0x000007feff57d000 	C:\Windows\system32\RPCRT4.dll
0x0000000077690000 - 0x000000007778a000 	C:\Windows\system32\USER32.dll
0x000007feff580000 - 0x000007feff5e7000 	C:\Windows\system32\GDI32.dll
0x000007feff730000 - 0x000007feff73e000 	C:\Windows\system32\LPK.dll
0x000007feff9f0000 - 0x000007feffab9000 	C:\Windows\system32\USP10.dll
0x000007fefc110000 - 0x000007fefc304000 	C:\Windows\WinSxS\amd64_microsoft.windows.common-controls_6595b64144ccf1df_6.0.7601.17514_none_fa396087175ac9ac\COMCTL32.dll
0x000007fefe400000 - 0x000007fefe471000 	C:\Windows\system32\SHLWAPI.dll
0x000007fefe480000 - 0x000007fefe4ae000 	C:\Windows\system32\IMM32.DLL
0x000007feff2e0000 - 0x000007feff3e9000 	C:\Windows\system32\MSCTF.dll
0x000000005e3d0000 - 0x000000005e4a2000 	C:\Program Files\Java\jre1.8.0_65\bin\msvcr100.dll
0x000000005db40000 - 0x000000005e3c9000 	C:\Program Files\Java\jre1.8.0_65\bin\server\jvm.dll
0x000007fef9730000 - 0x000007fef9739000 	C:\Windows\system32\WSOCK32.dll
0x000007feff400000 - 0x000007feff44d000 	C:\Windows\system32\WS2_32.dll
0x000007feff3f0000 - 0x000007feff3f8000 	C:\Windows\system32\NSI.dll
0x000007fef9c80000 - 0x000007fef9cbb000 	C:\Windows\system32\WINMM.dll
0x000007fefc7a0000 - 0x000007fefc7ac000 	C:\Windows\system32\VERSION.dll
0x0000000077a80000 - 0x0000000077a87000 	C:\Windows\system32\PSAPI.DLL
0x000000006f6a0000 - 0x000000006f6af000 	C:\Program Files\Java\jre1.8.0_65\bin\verify.dll
0x000000006f670000 - 0x000000006f699000 	C:\Program Files\Java\jre1.8.0_65\bin\java.dll
0x000000006f650000 - 0x000000006f666000 	C:\Program Files\Java\jre1.8.0_65\bin\zip.dll
0x000007fefe4b0000 - 0x000007feff238000 	C:\Windows\system32\SHELL32.dll
0x000007fefdac0000 - 0x000007fefdcc3000 	C:\Windows\system32\ole32.dll
0x000007fefd690000 - 0x000007fefd69f000 	C:\Windows\system32\profapi.dll
0x000000005d790000 - 0x000000005d928000 	C:\Program Files\Java\jre1.8.0_65\bin\awt.dll
0x000007fefdf60000 - 0x000007fefe037000 	C:\Windows\system32\OLEAUT32.dll
0x000007fefbce0000 - 0x000007fefbcf8000 	C:\Windows\system32\DWMAPI.DLL
0x000007fefbf30000 - 0x000007fefbf86000 	C:\Windows\system32\uxtheme.dll
0x000007fefd5c0000 - 0x000007fefd5cf000 	C:\Windows\system32\CRYPTBASE.dll
0x0000000180000000 - 0x000000018004a000 	C:\Program Files\Acer\Acer ePower Management\SysHook.dll
0x000007fef8d50000 - 0x000007fef8dc1000 	C:\Windows\system32\WINSPOOL.DRV
0x000000006f5c0000 - 0x000000006f607000 	C:\Program Files\Java\jre1.8.0_65\bin\fontmanager.dll
0x000000006f630000 - 0x000000006f64a000 	C:\Program Files\Java\jre1.8.0_65\bin\net.dll
0x000007fefcee0000 - 0x000007fefcf35000 	C:\Windows\system32\mswsock.dll
0x000007fefced0000 - 0x000007fefced7000 	C:\Windows\System32\wship6.dll
0x000000006f610000 - 0x000000006f621000 	C:\Program Files\Java\jre1.8.0_65\bin\nio.dll
0x000000006f570000 - 0x000000006f5b2000 	C:\Program Files\Java\jre1.8.0_65\bin\t2k.dll
0x000007feff690000 - 0x000007feff729000 	C:\Windows\system32\CLBCatQ.DLL
0x000007fefb710000 - 0x000007fefb871000 	C:\Windows\system32\WindowsCodecs.dll
0x000007fefd560000 - 0x000007fefd5b7000 	C:\Windows\system32\apphelp.dll
0x000007fef6f00000 - 0x000007fef6f3b000 	C:\Program Files (x86)\Dropbox\Client\DropboxExt64.28.dll
0x000007fef6ec0000 - 0x000007fef6ef5000 	C:\Windows\system32\EhStorShell.dll
0x000007fefe220000 - 0x000007fefe3f7000 	C:\Windows\system32\SETUPAPI.dll
0x000007fefd8a0000 - 0x000007fefd8d6000 	C:\Windows\system32\CFGMGR32.dll
0x000007fefda90000 - 0x000007fefdaaa000 	C:\Windows\system32\DEVOBJ.dll
0x000007fefbf90000 - 0x000007fefc0bc000 	C:\Windows\system32\PROPSYS.dll
0x000007fef6850000 - 0x000007fef6ebf000 	C:\PROGRA~1\MICROS~1\Office14\GROOVEEX.DLL
0x0000000070620000 - 0x00000000706c3000 	C:\Windows\WinSxS\amd64_microsoft.vc90.crt_1fc8b3b9a1e18e3b_9.0.30729.6161_none_08e61857a83bc251\MSVCR90.dll
0x0000000070540000 - 0x0000000070613000 	C:\Windows\WinSxS\amd64_microsoft.vc90.crt_1fc8b3b9a1e18e3b_9.0.30729.6161_none_08e61857a83bc251\MSVCP90.dll
0x0000000070510000 - 0x000000007053f000 	C:\Windows\WinSxS\amd64_microsoft.vc90.atl_1fc8b3b9a1e18e3b_9.0.30729.6161_none_0a1fd3a3a768b895\ATL90.DLL
0x000007fef55c0000 - 0x000007fef59da000 	C:\PROGRA~1\COMMON~1\MICROS~1\OFFICE14\Cultures\office.odf
0x000007fef4d40000 - 0x000007fef55c0000 	C:\PROGRA~1\MICROS~1\Office14\3082\GrooveIntlResource.dll

VM Arguments:
jvm_args: -Dfile.encoding=Cp1252 
java_command: frmPrincipal
java_class_path (initial): C:\Users\Alumno\workspace\Kenshi_Tienda\bin
Launcher Type: SUN_STANDARD

Environment Variables:
CLASSPATH=.;C:\Program Files (x86)\Java\jre7\lib\ext\QTJava.zip
PATH=C:\ProgramData\Oracle\Java\javapath;C:\Program Files (x86)\Intel\iCLS Client\;C:\Program Files\Intel\iCLS Client\;C:\Program Files\Common Files\Microsoft Shared\Windows Live;C:\Program Files (x86)\Common Files\Microsoft Shared\Windows Live;C:\Windows\system32;C:\Windows;C:\Windows\System32\Wbem;C:\Windows\System32\WindowsPowerShell\v1.0\;C:\Program Files (x86)\Windows Live\Shared;C:\Program Files\Intel\Intel(R) Management Engine Components\DAL;C:\Program Files\Intel\Intel(R) Management Engine Components\IPT;C:\Program Files (x86)\Intel\Intel(R) Management Engine Components\DAL;C:\Program Files (x86)\Intel\Intel(R) Management Engine Components\IPT; C:\Program Files\Java\jdk1.7.0_05bin;C:\Program Files (x86)\Intel\OpenCL SDK\2.0\bin\x86;C:\Program Files (x86)\Intel\OpenCL SDK\2.0\bin\x64;C:\Program Files (x86)\QuickTime\QTSystem\;C:\Program Files (x86)\Java\jdk1.7.0_25;C:\Program Files\Java\jdk1.7.0_25;C:\Program Files\Java\jdk1.7.0_05
USERNAME=Alumno
OS=Windows_NT
PROCESSOR_IDENTIFIER=Intel64 Family 6 Model 58 Stepping 9, GenuineIntel



---------------  S Y S T E M  ---------------

OS: Windows 7 , 64 bit Build 7601 (6.1.7601.18015)

CPU:total 4 (2 cores per cpu, 2 threads per core) family 6 model 58 stepping 9, cmov, cx8, fxsr, mmx, sse, sse2, sse3, ssse3, sse4.1, sse4.2, popcnt, avx, clmul, erms, ht, tsc, tscinvbit, tscinv

Memory: 4k page, physical 4008300k(93408k free), swap 16031340k(4156k free)

vm_info: Java HotSpot(TM) 64-Bit Server VM (25.65-b01) for windows-amd64 JRE (1.8.0_65-b17), built on Oct  6 2015 16:39:20 by "java_re" with MS VC++ 10.0 (VS2010)

time: Wed Nov 04 12:40:11 2015
elapsed time: 134861 seconds (1d 13h 27m 41s)

