#
# A fatal error has been detected by the Java Runtime Environment:
#
#  EXCEPTION_ACCESS_VIOLATION (0xc0000005) at pc=0x000000005dd518b7, pid=12024, tid=15144
#
# JRE version: Java(TM) SE Runtime Environment (8.0_65-b17) (build 1.8.0_65-b17)
# Java VM: Java HotSpot(TM) 64-Bit Server VM (25.65-b01 mixed mode windows-amd64 compressed oops)
# Problematic frame:
# V  [jvm.dll+0x2118b7]
#
# Failed to write core dump. Minidumps are not enabled by default on client versions of Windows
#
# If you would like to submit a bug report, please visit:
#   http://bugreport.java.com/bugreport/crash.jsp
#

---------------  T H R E A D  ---------------

Current thread (0x0000000056847000):  JavaThread "AWT-Shutdown" [_thread_in_vm, id=15144, stack(0x0000000057d90000,0x0000000057e90000)]

siginfo: ExceptionCode=0xc0000005, writing address 0x0000000057e8a220

Registers:
RAX=0x0000000057e8a220, RBX=0x0000000000000006, RCX=0x0000000000005000, RDX=0x0000000000000006
RSP=0x0000000057e8f220, RBP=0x0000000000000000, RSI=0x0000000057e8f220, RDI=0x0000000000000006
R8 =0x0000000000000006, R9 =0x00000000573e7700, R10=0x000000005460b958, R11=0x0000000057d9a148
R12=0x00000000573e7700, R13=0x0000000056847000, R14=0x0000000057e8f2e8, R15=0x000000005460b958
RIP=0x000000005dd518b7, EFLAGS=0x0000000000010202

Top of Stack: (sp=0x0000000057e8f220)
0x0000000057e8f220:   00000000000002c8 00000000000002c8
0x0000000057e8f230:   0000000056847000 00000000573e7700
0x0000000057e8f240:   00000000ffffffff 000000005dd527e7
0x0000000057e8f250:   0000000057e8f350 000000005460b958
0x0000000057e8f260:   0000000056847000 000000005dbff333
0x0000000057e8f270:   0000000057e8f2b0 0000000056847000
0x0000000057e8f280:   0000000057e8f340 0000000056847000
0x0000000057e8f290:   000000005460b958 0000000056847000
0x0000000057e8f2a0:   00000000027a6e60 0000000056847000
0x0000000057e8f2b0:   000000005460b958 0000000056847000
0x0000000057e8f2c0:   000000005460b958 0000000056847000
0x0000000057e8f2d0:   0000000000000001 000000005460b958
0x0000000057e8f2e0:   0000000056847000 000000005759cb90
0x0000000057e8f2f0:   0000000056847000 000000005dc0081d
0x0000000057e8f300:   0000000057e8f608 00000000145e69a0
0x0000000057e8f310:   00000000145e69a0 0000000000000000 

Instructions: (pc=0x000000005dd518b7)
0x000000005dd51897:   48 89 6c 24 30 33 ed 66 90 e8 ab 36 08 00 ff c3
0x000000005dd518a7:   48 63 c8 48 8b c6 48 0f af cf 48 ff c7 48 2b c1
0x000000005dd518b7:   89 28 48 63 c3 48 3b 05 cd 9d 58 00 7e db 48 8b
0x000000005dd518c7:   6c 24 30 48 8b 5c 24 38 48 8b 74 24 40 48 83 c4 


Register to memory mapping:

RAX=0x0000000057e8a220 is pointing into the stack for thread: 0x0000000056847000
RBX=0x0000000000000006 is an unknown value
RCX=0x0000000000005000 is an unknown value
RDX=0x0000000000000006 is an unknown value
RSP=0x0000000057e8f220 is pointing into the stack for thread: 0x0000000056847000
RBP=0x0000000000000000 is an unknown value
RSI=0x0000000057e8f220 is pointing into the stack for thread: 0x0000000056847000
RDI=0x0000000000000006 is an unknown value
R8 =0x0000000000000006 is an unknown value
R9 =0x00000000573e7700 is an unknown value
R10={method} {0x000000005460b960} 'run' '()V' in 'java/lang/Thread'
R11=0x0000000057d9a148 is pointing into the stack for thread: 0x0000000056847000
R12=0x00000000573e7700 is an unknown value
R13=0x0000000056847000 is a thread
R14=0x0000000057e8f2e8 is pointing into the stack for thread: 0x0000000056847000
R15={method} {0x000000005460b960} 'run' '()V' in 'java/lang/Thread'


Stack: [0x0000000057d90000,0x0000000057e90000],  sp=0x0000000057e8f220,  free space=1020k
Native frames: (J=compiled Java code, j=interpreted, Vv=VM code, C=native code)


---------------  P R O C E S S  ---------------

Java Threads: ( => current thread )
=>0x0000000056847000 JavaThread "AWT-Shutdown" [_thread_in_vm, id=15144, stack(0x0000000057d90000,0x0000000057e90000)]
  0x0000000057572000 JavaThread "TimerQueue" daemon [_thread_blocked, id=11792, stack(0x000000005a130000,0x000000005a230000)]
  0x000000000224e000 JavaThread "DestroyJavaVM" [_thread_blocked, id=10468, stack(0x0000000002390000,0x0000000002490000)]
  0x0000000057546000 JavaThread "Thread-1" [_thread_blocked, id=11904, stack(0x0000000058e20000,0x0000000058f20000)]
  0x0000000057409800 JavaThread "AWT-Windows" daemon [_thread_in_native, id=12204, stack(0x0000000057f90000,0x0000000058090000)]
  0x0000000057408800 JavaThread "Java2D Disposer" daemon [_thread_blocked, id=12028, stack(0x0000000056e80000,0x0000000056f80000)]
  0x0000000056881000 JavaThread "Service Thread" daemon [_thread_blocked, id=7764, stack(0x0000000057160000,0x0000000057260000)]
  0x00000000567f6000 JavaThread "C1 CompilerThread2" daemon [_thread_blocked, id=9912, stack(0x0000000056fc0000,0x00000000570c0000)]
  0x00000000567f1000 JavaThread "C2 CompilerThread1" daemon [_thread_blocked, id=10396, stack(0x0000000056d50000,0x0000000056e50000)]
  0x0000000054fd7800 JavaThread "C2 CompilerThread0" daemon [_thread_blocked, id=9568, stack(0x00000000566f0000,0x00000000567f0000)]
  0x0000000054fd5000 JavaThread "Attach Listener" daemon [_thread_blocked, id=1252, stack(0x0000000056420000,0x0000000056520000)]
  0x0000000054fd2000 JavaThread "Signal Dispatcher" daemon [_thread_blocked, id=12004, stack(0x0000000056520000,0x0000000056620000)]
  0x0000000054f78800 JavaThread "Finalizer" daemon [_thread_blocked, id=9740, stack(0x0000000056010000,0x0000000056110000)]
  0x0000000054f6f800 JavaThread "Reference Handler" daemon [_thread_blocked, id=9736, stack(0x00000000561b0000,0x00000000562b0000)]

Other Threads:
  0x0000000054f6a000 VMThread [stack: 0x0000000055ed0000,0x0000000055fd0000] [id=11812]
  0x000000005688b000 WatcherThread [stack: 0x00000000572e0000,0x00000000573e0000] [id=8020]

VM state:not at safepoint (normal execution)

VM Mutex/Monitor currently owned by a thread: None

Heap:
 PSYoungGen      total 17408K, used 598K [0x00000000eb980000, 0x00000000ecc00000, 0x0000000100000000)
  eden space 15872K, 3% used [0x00000000eb980000,0x00000000eba05b90,0x00000000ec900000)
  from space 1536K, 4% used [0x00000000ec900000,0x00000000ec910000,0x00000000eca80000)
  to   space 1536K, 0% used [0x00000000eca80000,0x00000000eca80000,0x00000000ecc00000)
 ParOldGen       total 42496K, used 4543K [0x00000000c2c00000, 0x00000000c5580000, 0x00000000eb980000)
  object space 42496K, 10% used [0x00000000c2c00000,0x00000000c306fd78,0x00000000c5580000)
 Metaspace       used 12657K, capacity 12912K, committed 13184K, reserved 1060864K
  class space    used 1555K, capacity 1655K, committed 1664K, reserved 1048576K

Card table byte_map: [0x0000000011b20000,0x0000000011d10000] byte_map_base: 0x000000001150a000

Marking Bits: (ParMarkBitMap*) 0x000000005e34a5b0
 Begin Bits: [0x0000000012550000, 0x00000000134a0000)
 End Bits:   [0x00000000134a0000, 0x00000000143f0000)

Polling page: 0x0000000000220000

CodeCache: size=245760Kb used=6752Kb max_used=6925Kb free=239007Kb
 bounds [0x0000000002760000, 0x0000000002e40000, 0x0000000011760000]
 total_blobs=2287 nmethods=1791 adapters=408
 compilation: enabled

Compilation events (10 events):
Event: 2084.230 Thread 0x00000000567f1000 2039   !   4       sun.awt.AWTAutoShutdown::notifyThreadFree (74 bytes)
Event: 2084.308 Thread 0x00000000567f1000 nmethod 2039 0x0000000002a66810 code [0x0000000002a669c0, 0x0000000002a67598]
Event: 2103.599 Thread 0x0000000054fd7800 2040       4       java.lang.Integer::hashCode (8 bytes)
Event: 2103.600 Thread 0x0000000054fd7800 nmethod 2040 0x0000000002d90190 code [0x0000000002d902c0, 0x0000000002d90318]
Event: 2105.706 Thread 0x00000000567f1000 2041       4       javax.swing.text.View::getContainer (18 bytes)
Event: 2105.708 Thread 0x00000000567f1000 nmethod 2041 0x0000000002950790 code [0x00000000029508e0, 0x0000000002950978]
Event: 2132.998 Thread 0x0000000054fd7800 2042       4       javax.swing.text.StyleContext$NamedStyle::addAttribute (24 bytes)
Event: 2133.353 Thread 0x0000000054fd7800 nmethod 2042 0x0000000002952a50 code [0x0000000002952ba0, 0x0000000002952cc8]
Event: 2161.787 Thread 0x00000000567f1000 2043       4       javax.swing.text.html.HTMLDocument::fireUndoableEditUpdate (6 bytes)
Event: 2161.789 Thread 0x00000000567f1000 nmethod 2043 0x0000000002883c50 code [0x0000000002883d80, 0x0000000002883e18]

GC Heap History (10 events):
Event: 2039.029 GC heap before
{Heap before GC invocations=31 (full 0):
 PSYoungGen      total 17920K, used 16000K [0x00000000eb980000, 0x00000000ecd00000, 0x0000000100000000)
  eden space 15872K, 100% used [0x00000000eb980000,0x00000000ec900000,0x00000000ec900000)
  from space 2048K, 6% used [0x00000000ecb00000,0x00000000ecb20000,0x00000000ecd00000)
  to   space 2048K, 0% used [0x00000000ec900000,0x00000000ec900000,0x00000000ecb00000)
 ParOldGen       total 42496K, used 4535K [0x00000000c2c00000, 0x00000000c5580000, 0x00000000eb980000)
  object space 42496K, 10% used [0x00000000c2c00000,0x00000000c306dd78,0x00000000c5580000)
 Metaspace       used 12657K, capacity 12912K, committed 13184K, reserved 1060864K
  class space    used 1555K, capacity 1655K, committed 1664K, reserved 1048576K
Event: 2039.030 GC heap after
Heap after GC invocations=31 (full 0):
 PSYoungGen      total 17920K, used 64K [0x00000000eb980000, 0x00000000ecd00000, 0x0000000100000000)
  eden space 15872K, 0% used [0x00000000eb980000,0x00000000eb980000,0x00000000ec900000)
  from space 2048K, 3% used [0x00000000ec900000,0x00000000ec910000,0x00000000ecb00000)
  to   space 2048K, 0% used [0x00000000ecb00000,0x00000000ecb00000,0x00000000ecd00000)
 ParOldGen       total 42496K, used 4535K [0x00000000c2c00000, 0x00000000c5580000, 0x00000000eb980000)
  object space 42496K, 10% used [0x00000000c2c00000,0x00000000c306dd78,0x00000000c5580000)
 Metaspace       used 12657K, capacity 12912K, committed 13184K, reserved 1060864K
  class space    used 1555K, capacity 1655K, committed 1664K, reserved 1048576K
}
Event: 2087.237 GC heap before
{Heap before GC invocations=32 (full 0):
 PSYoungGen      total 17920K, used 15936K [0x00000000eb980000, 0x00000000ecd00000, 0x0000000100000000)
  eden space 15872K, 100% used [0x00000000eb980000,0x00000000ec900000,0x00000000ec900000)
  from space 2048K, 3% used [0x00000000ec900000,0x00000000ec910000,0x00000000ecb00000)
  to   space 2048K, 0% used [0x00000000ecb00000,0x00000000ecb00000,0x00000000ecd00000)
 ParOldGen       total 42496K, used 4535K [0x00000000c2c00000, 0x00000000c5580000, 0x00000000eb980000)
  object space 42496K, 10% used [0x00000000c2c00000,0x00000000c306dd78,0x00000000c5580000)
 Metaspace       used 12657K, capacity 12912K, committed 13184K, reserved 1060864K
  class space    used 1555K, capacity 1655K, committed 1664K, reserved 1048576K
Event: 2087.568 GC heap after
Heap after GC invocations=32 (full 0):
 PSYoungGen      total 17920K, used 128K [0x00000000eb980000, 0x00000000ecd00000, 0x0000000100000000)
  eden space 15872K, 0% used [0x00000000eb980000,0x00000000eb980000,0x00000000ec900000)
  from space 2048K, 6% used [0x00000000ecb00000,0x00000000ecb20000,0x00000000ecd00000)
  to   space 2048K, 0% used [0x00000000ec900000,0x00000000ec900000,0x00000000ecb00000)
 ParOldGen       total 42496K, used 4535K [0x00000000c2c00000, 0x00000000c5580000, 0x00000000eb980000)
  object space 42496K, 10% used [0x00000000c2c00000,0x00000000c306dd78,0x00000000c5580000)
 Metaspace       used 12657K, capacity 12912K, committed 13184K, reserved 1060864K
  class space    used 1555K, capacity 1655K, committed 1664K, reserved 1048576K
}
Event: 2137.007 GC heap before
{Heap before GC invocations=33 (full 0):
 PSYoungGen      total 17920K, used 16000K [0x00000000eb980000, 0x00000000ecd00000, 0x0000000100000000)
  eden space 15872K, 100% used [0x00000000eb980000,0x00000000ec900000,0x00000000ec900000)
  from space 2048K, 6% used [0x00000000ecb00000,0x00000000ecb20000,0x00000000ecd00000)
  to   space 2048K, 0% used [0x00000000ec900000,0x00000000ec900000,0x00000000ecb00000)
 ParOldGen       total 42496K, used 4535K [0x00000000c2c00000, 0x00000000c5580000, 0x00000000eb980000)
  object space 42496K, 10% used [0x00000000c2c00000,0x00000000c306dd78,0x00000000c5580000)
 Metaspace       used 12657K, capacity 12912K, committed 13184K, reserved 1060864K
  class space    used 1555K, capacity 1655K, committed 1664K, reserved 1048576K
Event: 2137.009 GC heap after
Heap after GC invocations=33 (full 0):
 PSYoungGen      total 17920K, used 64K [0x00000000eb980000, 0x00000000ecd00000, 0x0000000100000000)
  eden space 15872K, 0% used [0x00000000eb980000,0x00000000eb980000,0x00000000ec900000)
  from space 2048K, 3% used [0x00000000ec900000,0x00000000ec910000,0x00000000ecb00000)
  to   space 2048K, 0% used [0x00000000ecb00000,0x00000000ecb00000,0x00000000ecd00000)
 ParOldGen       total 42496K, used 4535K [0x00000000c2c00000, 0x00000000c5580000, 0x00000000eb980000)
  object space 42496K, 10% used [0x00000000c2c00000,0x00000000c306dd78,0x00000000c5580000)
 Metaspace       used 12657K, capacity 12912K, committed 13184K, reserved 1060864K
  class space    used 1555K, capacity 1655K, committed 1664K, reserved 1048576K
}
Event: 2187.572 GC heap before
{Heap before GC invocations=34 (full 0):
 PSYoungGen      total 17920K, used 15936K [0x00000000eb980000, 0x00000000ecd00000, 0x0000000100000000)
  eden space 15872K, 100% used [0x00000000eb980000,0x00000000ec900000,0x00000000ec900000)
  from space 2048K, 3% used [0x00000000ec900000,0x00000000ec910000,0x00000000ecb00000)
  to   space 2048K, 0% used [0x00000000ecb00000,0x00000000ecb00000,0x00000000ecd00000)
 ParOldGen       total 42496K, used 4535K [0x00000000c2c00000, 0x00000000c5580000, 0x00000000eb980000)
  object space 42496K, 10% used [0x00000000c2c00000,0x00000000c306dd78,0x00000000c5580000)
 Metaspace       used 12657K, capacity 12912K, committed 13184K, reserved 1060864K
  class space    used 1555K, capacity 1655K, committed 1664K, reserved 1048576K
Event: 2187.603 GC heap after
Heap after GC invocations=34 (full 0):
 PSYoungGen      total 16896K, used 128K [0x00000000eb980000, 0x00000000ecc00000, 0x0000000100000000)
  eden space 15872K, 0% used [0x00000000eb980000,0x00000000eb980000,0x00000000ec900000)
  from space 1024K, 12% used [0x00000000ecb00000,0x00000000ecb20000,0x00000000ecc00000)
  to   space 1536K, 0% used [0x00000000ec900000,0x00000000ec900000,0x00000000eca80000)
 ParOldGen       total 42496K, used 4535K [0x00000000c2c00000, 0x00000000c5580000, 0x00000000eb980000)
  object space 42496K, 10% used [0x00000000c2c00000,0x00000000c306dd78,0x00000000c5580000)
 Metaspace       used 12657K, capacity 12912K, committed 13184K, reserved 1060864K
  class space    used 1555K, capacity 1655K, committed 1664K, reserved 1048576K
}
Event: 2261.900 GC heap before
{Heap before GC invocations=35 (full 0):
 PSYoungGen      total 16896K, used 16000K [0x00000000eb980000, 0x00000000ecc00000, 0x0000000100000000)
  eden space 15872K, 100% used [0x00000000eb980000,0x00000000ec900000,0x00000000ec900000)
  from space 1024K, 12% used [0x00000000ecb00000,0x00000000ecb20000,0x00000000ecc00000)
  to   space 1536K, 0% used [0x00000000ec900000,0x00000000ec900000,0x00000000eca80000)
 ParOldGen       total 42496K, used 4535K [0x00000000c2c00000, 0x00000000c5580000, 0x00000000eb980000)
  object space 42496K, 10% used [0x00000000c2c00000,0x00000000c306dd78,0x00000000c5580000)
 Metaspace       used 12657K, capacity 12912K, committed 13184K, reserved 1060864K
  class space    used 1555K, capacity 1655K, committed 1664K, reserved 1048576K
Event: 2261.902 GC heap after
Heap after GC invocations=35 (full 0):
 PSYoungGen      total 17408K, used 64K [0x00000000eb980000, 0x00000000ecc00000, 0x0000000100000000)
  eden space 15872K, 0% used [0x00000000eb980000,0x00000000eb980000,0x00000000ec900000)
  from space 1536K, 4% used [0x00000000ec900000,0x00000000ec910000,0x00000000eca80000)
  to   space 1536K, 0% used [0x00000000eca80000,0x00000000eca80000,0x00000000ecc00000)
 ParOldGen       total 42496K, used 4543K [0x00000000c2c00000, 0x00000000c5580000, 0x00000000eb980000)
  object space 42496K, 10% used [0x00000000c2c00000,0x00000000c306fd78,0x00000000c5580000)
 Metaspace       used 12657K, capacity 12912K, committed 13184K, reserved 1060864K
  class space    used 1555K, capacity 1655K, committed 1664K, reserved 1048576K
}

Deoptimization events (10 events):
Event: 0.723 Thread 0x0000000057546000 Uncommon trap: reason=class_check action=maybe_recompile pc=0x00000000028e6ad8 method=java.lang.String.equals(Ljava/lang/Object;)Z @ 8
Event: 0.725 Thread 0x0000000057546000 Uncommon trap: reason=class_check action=maybe_recompile pc=0x00000000028e6ad8 method=java.lang.String.equals(Ljava/lang/Object;)Z @ 8
Event: 0.726 Thread 0x0000000057546000 Uncommon trap: reason=class_check action=maybe_recompile pc=0x00000000028e6ad8 method=java.lang.String.equals(Ljava/lang/Object;)Z @ 8
Event: 0.727 Thread 0x0000000057546000 Uncommon trap: reason=class_check action=maybe_recompile pc=0x00000000028e6ad8 method=java.lang.String.equals(Ljava/lang/Object;)Z @ 8
Event: 62.260 Thread 0x0000000057546000 Uncommon trap: reason=class_check action=maybe_recompile pc=0x00000000029a75c8 method=java.util.HashMap.putVal(ILjava/lang/Object;Ljava/lang/Object;ZZ)Ljava/lang/Object; @ 253
Event: 63.266 Thread 0x0000000057546000 Uncommon trap: reason=class_check action=maybe_recompile pc=0x00000000029a75c8 method=java.util.HashMap.putVal(ILjava/lang/Object;Ljava/lang/Object;ZZ)Ljava/lang/Object; @ 253
Event: 64.271 Thread 0x0000000057546000 Uncommon trap: reason=class_check action=maybe_recompile pc=0x00000000029a75c8 method=java.util.HashMap.putVal(ILjava/lang/Object;Ljava/lang/Object;ZZ)Ljava/lang/Object; @ 253
Event: 65.279 Thread 0x0000000057546000 Uncommon trap: reason=class_check action=maybe_recompile pc=0x00000000029a75c8 method=java.util.HashMap.putVal(ILjava/lang/Object;Ljava/lang/Object;ZZ)Ljava/lang/Object; @ 253
Event: 387.621 Thread 0x0000000057546000 Uncommon trap: reason=null_check action=make_not_entrant pc=0x0000000002bbe3e0 method=javax.swing.text.StyleContext$SmallAttributeSet.equals(Ljava/lang/Object;)Z @ 1
Event: 387.621 Thread 0x0000000057546000 Uncommon trap: reason=unstable_if action=reinterpret pc=0x0000000002bca744 method=java.lang.ref.ReferenceQueue.poll()Ljava/lang/ref/Reference; @ 4

Internal exceptions (10 events):
Event: 0.150 Thread 0x000000000224e000 Exception <a 'java/security/PrivilegedActionException'> (0x00000000eba5f1d8) thrown at [C:\workspace\8-2-build-windows-amd64-cygwin\jdk8u65\4987\hotspot\src\share\vm\prims\jvm.cpp, line 1386]
Event: 0.150 Thread 0x000000000224e000 Exception <a 'java/security/PrivilegedActionException'> (0x00000000eba5f3e8) thrown at [C:\workspace\8-2-build-windows-amd64-cygwin\jdk8u65\4987\hotspot\src\share\vm\prims\jvm.cpp, line 1386]
Event: 0.152 Thread 0x000000000224e000 Exception <a 'java/security/PrivilegedActionException'> (0x00000000eba62f90) thrown at [C:\workspace\8-2-build-windows-amd64-cygwin\jdk8u65\4987\hotspot\src\share\vm\prims\jvm.cpp, line 1386]
Event: 0.152 Thread 0x000000000224e000 Exception <a 'java/security/PrivilegedActionException'> (0x00000000eba631a0) thrown at [C:\workspace\8-2-build-windows-amd64-cygwin\jdk8u65\4987\hotspot\src\share\vm\prims\jvm.cpp, line 1386]
Event: 0.157 Thread 0x000000000224e000 Exception <a 'java/io/FileNotFoundException'> (0x00000000eba66610) thrown at [C:\workspace\8-2-build-windows-amd64-cygwin\jdk8u65\4987\hotspot\src\share\vm\prims\jni.cpp, line 709]
Event: 0.211 Thread 0x000000000224e000 Exception <a 'java/lang/NoSuchFieldError': method resolution failed> (0x00000000ebb83fa0) thrown at [C:\workspace\8-2-build-windows-amd64-cygwin\jdk8u65\4987\hotspot\src\share\vm\prims\methodHandles.cpp, line 1146]
Event: 0.214 Thread 0x000000000224e000 Exception <a 'java/lang/NoSuchFieldError': method resolution failed> (0x00000000ebb91648) thrown at [C:\workspace\8-2-build-windows-amd64-cygwin\jdk8u65\4987\hotspot\src\share\vm\prims\methodHandles.cpp, line 1146]
Event: 0.270 Thread 0x000000000224e000 Exception <a 'java/io/FileNotFoundException'> (0x00000000ebc26d70) thrown at [C:\workspace\8-2-build-windows-amd64-cygwin\jdk8u65\4987\hotspot\src\share\vm\prims\jni.cpp, line 709]
Event: 0.315 Thread 0x000000000224e000 Implicit null exception at 0x00000000028cbe0b to 0x00000000028cbfbd
Event: 387.620 Thread 0x0000000057546000 Implicit null exception at 0x0000000002bbd335 to 0x0000000002bbe3c1

Events (10 events):
Event: 2259.352 Thread 0x0000000056845000 Thread added: 0x0000000056845000
Event: 2261.376 Thread 0x0000000056847000 Thread exited: 0x0000000056847000
Event: 2261.376 Thread 0x0000000056845000 Thread exited: 0x0000000056845000
Event: 2261.413 Executing VM operation: ParallelGCFailedAllocation
Event: 2261.902 Executing VM operation: ParallelGCFailedAllocation done
Event: 2261.953 Thread 0x0000000056845000 Thread added: 0x0000000056845000
Event: 2261.954 Thread 0x0000000056847000 Thread added: 0x0000000056847000
Event: 2263.955 Thread 0x0000000056845000 Thread exited: 0x0000000056845000
Event: 2263.955 Thread 0x0000000056847000 Thread exited: 0x0000000056847000
Event: 2264.054 Thread 0x0000000056847000 Thread added: 0x0000000056847000


Dynamic libraries:
0x000000013fae0000 - 0x000000013fb17000 	C:\Program Files\Java\jre1.8.0_65\bin\javaw.exe
0x00000000778b0000 - 0x0000000077a59000 	C:\Windows\SYSTEM32\ntdll.dll
0x0000000077790000 - 0x00000000778af000 	C:\Windows\system32\kernel32.dll
0x000007fefd830000 - 0x000007fefd89b000 	C:\Windows\system32\KERNELBASE.dll
0x000007feffae0000 - 0x000007feffbbb000 	C:\Windows\system32\ADVAPI32.dll
0x000007feff240000 - 0x000007feff2df000 	C:\Windows\system32\msvcrt.dll
0x000007feffac0000 - 0x000007feffadf000 	C:\Windows\SYSTEM32\sechost.dll
0x000007feff450000 - 0x000007feff57d000 	C:\Windows\system32\RPCRT4.dll
0x0000000077690000 - 0x000000007778a000 	C:\Windows\system32\USER32.dll
0x000007feff580000 - 0x000007feff5e7000 	C:\Windows\system32\GDI32.dll
0x000007feff730000 - 0x000007feff73e000 	C:\Windows\system32\LPK.dll
0x000007feff9f0000 - 0x000007feffab9000 	C:\Windows\system32\USP10.dll
0x000007fefc110000 - 0x000007fefc304000 	C:\Windows\WinSxS\amd64_microsoft.windows.common-controls_6595b64144ccf1df_6.0.7601.17514_none_fa396087175ac9ac\COMCTL32.dll
0x000007fefe400000 - 0x000007fefe471000 	C:\Windows\system32\SHLWAPI.dll
0x000007fefe480000 - 0x000007fefe4ae000 	C:\Windows\system32\IMM32.DLL
0x000007feff2e0000 - 0x000007feff3e9000 	C:\Windows\system32\MSCTF.dll
0x000000005e3d0000 - 0x000000005e4a2000 	C:\Program Files\Java\jre1.8.0_65\bin\msvcr100.dll
0x000000005db40000 - 0x000000005e3c9000 	C:\Program Files\Java\jre1.8.0_65\bin\server\jvm.dll
0x000007fef9730000 - 0x000007fef9739000 	C:\Windows\system32\WSOCK32.dll
0x000007feff400000 - 0x000007feff44d000 	C:\Windows\system32\WS2_32.dll
0x000007feff3f0000 - 0x000007feff3f8000 	C:\Windows\system32\NSI.dll
0x000007fef9c80000 - 0x000007fef9cbb000 	C:\Windows\system32\WINMM.dll
0x000007fefc7a0000 - 0x000007fefc7ac000 	C:\Windows\system32\VERSION.dll
0x0000000077a80000 - 0x0000000077a87000 	C:\Windows\system32\PSAPI.DLL
0x000000006f6a0000 - 0x000000006f6af000 	C:\Program Files\Java\jre1.8.0_65\bin\verify.dll
0x000000006f670000 - 0x000000006f699000 	C:\Program Files\Java\jre1.8.0_65\bin\java.dll
0x000000006f650000 - 0x000000006f666000 	C:\Program Files\Java\jre1.8.0_65\bin\zip.dll
0x000007fefe4b0000 - 0x000007feff238000 	C:\Windows\system32\SHELL32.dll
0x000007fefdac0000 - 0x000007fefdcc3000 	C:\Windows\system32\ole32.dll
0x000007fefd690000 - 0x000007fefd69f000 	C:\Windows\system32\profapi.dll
0x000000005d790000 - 0x000000005d928000 	C:\Program Files\Java\jre1.8.0_65\bin\awt.dll
0x000007fefdf60000 - 0x000007fefe037000 	C:\Windows\system32\OLEAUT32.dll
0x000007fefbce0000 - 0x000007fefbcf8000 	C:\Windows\system32\DWMAPI.DLL
0x000007fefbf30000 - 0x000007fefbf86000 	C:\Windows\system32\uxtheme.dll
0x000007fefd5c0000 - 0x000007fefd5cf000 	C:\Windows\system32\CRYPTBASE.dll
0x0000000180000000 - 0x000000018004a000 	C:\Program Files\Acer\Acer ePower Management\SysHook.dll
0x000007fef8d50000 - 0x000007fef8dc1000 	C:\Windows\system32\WINSPOOL.DRV
0x000000006f5c0000 - 0x000000006f607000 	C:\Program Files\Java\jre1.8.0_65\bin\fontmanager.dll
0x000000006f630000 - 0x000000006f64a000 	C:\Program Files\Java\jre1.8.0_65\bin\net.dll
0x000007fefcee0000 - 0x000007fefcf35000 	C:\Windows\system32\mswsock.dll
0x000007fefced0000 - 0x000007fefced7000 	C:\Windows\System32\wship6.dll
0x000000006f610000 - 0x000000006f621000 	C:\Program Files\Java\jre1.8.0_65\bin\nio.dll
0x000000006f570000 - 0x000000006f5b2000 	C:\Program Files\Java\jre1.8.0_65\bin\t2k.dll
0x000007feff690000 - 0x000007feff729000 	C:\Windows\system32\CLBCatQ.DLL
0x000007fefb710000 - 0x000007fefb871000 	C:\Windows\system32\WindowsCodecs.dll
0x000007fefd560000 - 0x000007fefd5b7000 	C:\Windows\system32\apphelp.dll
0x000007fef6f00000 - 0x000007fef6f3b000 	C:\Program Files (x86)\Dropbox\Client\DropboxExt64.28.dll
0x000007fef6ec0000 - 0x000007fef6ef5000 	C:\Windows\system32\EhStorShell.dll
0x000007fefe220000 - 0x000007fefe3f7000 	C:\Windows\system32\SETUPAPI.dll
0x000007fefd8a0000 - 0x000007fefd8d6000 	C:\Windows\system32\CFGMGR32.dll
0x000007fefda90000 - 0x000007fefdaaa000 	C:\Windows\system32\DEVOBJ.dll
0x000007fefbf90000 - 0x000007fefc0bc000 	C:\Windows\system32\PROPSYS.dll
0x000007fef6850000 - 0x000007fef6ebf000 	C:\PROGRA~1\MICROS~1\Office14\GROOVEEX.DLL
0x0000000070620000 - 0x00000000706c3000 	C:\Windows\WinSxS\amd64_microsoft.vc90.crt_1fc8b3b9a1e18e3b_9.0.30729.6161_none_08e61857a83bc251\MSVCR90.dll
0x0000000070540000 - 0x0000000070613000 	C:\Windows\WinSxS\amd64_microsoft.vc90.crt_1fc8b3b9a1e18e3b_9.0.30729.6161_none_08e61857a83bc251\MSVCP90.dll
0x0000000070510000 - 0x000000007053f000 	C:\Windows\WinSxS\amd64_microsoft.vc90.atl_1fc8b3b9a1e18e3b_9.0.30729.6161_none_0a1fd3a3a768b895\ATL90.DLL
0x000007fef55c0000 - 0x000007fef59da000 	C:\PROGRA~1\COMMON~1\MICROS~1\OFFICE14\Cultures\office.odf
0x000007fef4d40000 - 0x000007fef55c0000 	C:\PROGRA~1\MICROS~1\Office14\3082\GrooveIntlResource.dll

VM Arguments:
jvm_args: -Dfile.encoding=Cp1252 
java_command: frmPrincipal
java_class_path (initial): C:\Users\Alumno\workspace\Kenshi_Tienda\bin
Launcher Type: SUN_STANDARD

Environment Variables:
CLASSPATH=.;C:\Program Files (x86)\Java\jre7\lib\ext\QTJava.zip
PATH=C:\ProgramData\Oracle\Java\javapath;C:\Program Files (x86)\Intel\iCLS Client\;C:\Program Files\Intel\iCLS Client\;C:\Program Files\Common Files\Microsoft Shared\Windows Live;C:\Program Files (x86)\Common Files\Microsoft Shared\Windows Live;C:\Windows\system32;C:\Windows;C:\Windows\System32\Wbem;C:\Windows\System32\WindowsPowerShell\v1.0\;C:\Program Files (x86)\Windows Live\Shared;C:\Program Files\Intel\Intel(R) Management Engine Components\DAL;C:\Program Files\Intel\Intel(R) Management Engine Components\IPT;C:\Program Files (x86)\Intel\Intel(R) Management Engine Components\DAL;C:\Program Files (x86)\Intel\Intel(R) Management Engine Components\IPT; C:\Program Files\Java\jdk1.7.0_05bin;C:\Program Files (x86)\Intel\OpenCL SDK\2.0\bin\x86;C:\Program Files (x86)\Intel\OpenCL SDK\2.0\bin\x64;C:\Program Files (x86)\QuickTime\QTSystem\;C:\Program Files (x86)\Java\jdk1.7.0_25;C:\Program Files\Java\jdk1.7.0_25;C:\Program Files\Java\jdk1.7.0_05
USERNAME=Alumno
OS=Windows_NT
PROCESSOR_IDENTIFIER=Intel64 Family 6 Model 58 Stepping 9, GenuineIntel



---------------  S Y S T E M  ---------------

OS: Windows 7 , 64 bit Build 7601 (6.1.7601.18015)

CPU:total 4 (2 cores per cpu, 2 threads per core) family 6 model 58 stepping 9, cmov, cx8, fxsr, mmx, sse, sse2, sse3, ssse3, sse4.1, sse4.2, popcnt, avx, clmul, erms, ht, tsc, tscinvbit, tscinv

Memory: 4k page, physical 4008300k(131536k free), swap 16031340k(4788k free)

vm_info: Java HotSpot(TM) 64-Bit Server VM (25.65-b01) for windows-amd64 JRE (1.8.0_65-b17), built on Oct  6 2015 16:39:20 by "java_re" with MS VC++ 10.0 (VS2010)

time: Wed Nov 04 12:39:21 2015
elapsed time: 2280 seconds (0d 0h 38m 0s)

