#
# A fatal error has been detected by the Java Runtime Environment:
#
#  EXCEPTION_ACCESS_VIOLATION (0xc0000005) at pc=0x000000005dd518b7, pid=9024, tid=13988
#
# JRE version: Java(TM) SE Runtime Environment (8.0_65-b17) (build 1.8.0_65-b17)
# Java VM: Java HotSpot(TM) 64-Bit Server VM (25.65-b01 mixed mode windows-amd64 compressed oops)
# Problematic frame:
# V  [jvm.dll+0x2118b7]
#
# Failed to write core dump. Minidumps are not enabled by default on client versions of Windows
#
# If you would like to submit a bug report, please visit:
#   http://bugreport.java.com/bugreport/crash.jsp
#

---------------  T H R E A D  ---------------

Current thread (0x000000005724b000):  JavaThread "AWT-EventQueue-0" [_thread_in_vm, id=13988, stack(0x00000000581f0000,0x00000000582f0000)]

siginfo: ExceptionCode=0xc0000005, writing address 0x00000000582e8700

Registers:
RAX=0x00000000582e8700, RBX=0x0000000000000007, RCX=0x0000000000006000, RDX=0x0000000000000009
RSP=0x00000000582ee700, RBP=0x0000000000000000, RSI=0x00000000582ee700, RDI=0x0000000000000007
R8 =0x0000000000000009, R9 =0x00000000572c5050, R10=0x0000000058b46290, R11=0x00000000581fa148
R12=0x00000000572c5050, R13=0x000000005724b000, R14=0x00000000582ee7c8, R15=0x0000000058b46290
RIP=0x000000005dd518b7, EFLAGS=0x0000000000010206

Top of Stack: (sp=0x00000000582ee700)
0x00000000582ee700:   000000005de6cda2 00000000582e9000
0x00000000582ee710:   000000005724b000 00000000572c5050
0x00000000582ee720:   00000000ffffffff 000000005dd527e7
0x00000000582ee730:   00000000582ee830 0000000058b46290
0x00000000582ee740:   000000005724b000 0000000077908956
0x00000000582ee750:   0000000000000000 00000000582ee798
0x00000000582ee760:   00000000582ef700 00000000582ee880
0x00000000582ee770:   0000000058b46290 000000005724b000
0x00000000582ee780:   0000000002716e60 00000000582f0000
0x00000000582ee790:   000000005e29ac38 00000000582e9000
0x00000000582ee7a0:   00000000582eecd0 000000005db40000
0x00000000582ee7b0:   000000005de6cda2 0000000058b46290
0x00000000582ee7c0:   000000005724b000 000000005670bbc0
0x00000000582ee7d0:   0000000000000002 00000000582ee800
0x00000000582ee7e0:   00000000582ee988 000000005e29ac38
0x00000000582ee7f0:   00000000582eecd0 0000000000000000 

Instructions: (pc=0x000000005dd518b7)
0x000000005dd51897:   48 89 6c 24 30 33 ed 66 90 e8 ab 36 08 00 ff c3
0x000000005dd518a7:   48 63 c8 48 8b c6 48 0f af cf 48 ff c7 48 2b c1
0x000000005dd518b7:   89 28 48 63 c3 48 3b 05 cd 9d 58 00 7e db 48 8b
0x000000005dd518c7:   6c 24 30 48 8b 5c 24 38 48 8b 74 24 40 48 83 c4 


Register to memory mapping:

RAX=0x00000000582e8700 is pointing into the stack for thread: 0x000000005724b000
RBX=0x0000000000000007 is an unknown value
RCX=0x0000000000006000 is an unknown value
RDX=0x0000000000000009 is an unknown value
RSP=0x00000000582ee700 is pointing into the stack for thread: 0x000000005724b000
RBP=0x0000000000000000 is an unknown value
RSI=0x00000000582ee700 is pointing into the stack for thread: 0x000000005724b000
RDI=0x0000000000000007 is an unknown value
R8 =0x0000000000000009 is an unknown value
R9 =0x00000000572c5050 is an unknown value
R10={method} {0x0000000058b46298} 'run' '()Ljava/lang/Object;' in 'java/awt/EventQueue$4'
R11=0x00000000581fa148 is pointing into the stack for thread: 0x000000005724b000
R12=0x00000000572c5050 is an unknown value
R13=0x000000005724b000 is a thread
R14=0x00000000582ee7c8 is pointing into the stack for thread: 0x000000005724b000
R15={method} {0x0000000058b46298} 'run' '()Ljava/lang/Object;' in 'java/awt/EventQueue$4'


Stack: [0x00000000581f0000,0x00000000582f0000],  sp=0x00000000582ee700,  free space=1017k
Native frames: (J=compiled Java code, j=interpreted, Vv=VM code, C=native code)

Java frames: (J=compiled Java code, j=interpreted, Vv=VM code)
J 762  java.security.AccessController.doPrivileged(Ljava/security/PrivilegedAction;Ljava/security/AccessControlContext;)Ljava/lang/Object; (0 bytes) @ 0x00000000029633e6 [0x0000000002963380+0x66]
J 2065 C2 java.awt.EventQueue.dispatchEvent(Ljava/awt/AWTEvent;)V (80 bytes) @ 0x0000000002dc6f6c [0x0000000002dc6a80+0x4ec]
J 2158 C2 java.awt.EventDispatchThread.pumpOneEventForFilters(I)V (295 bytes) @ 0x0000000002a913f8 [0x0000000002a908a0+0xb58]
J 1859 C1 java.awt.EventDispatchThread.pumpEventsForFilter(ILjava/awt/Conditional;Ljava/awt/EventFilter;)V (47 bytes) @ 0x0000000002cd320c [0x0000000002cd2f80+0x28c]
J 1777 C1 java.awt.EventDispatchThread.run()V (35 bytes) @ 0x0000000002c68ddc [0x0000000002c68a80+0x35c]
v  ~StubRoutines::call_stub

---------------  P R O C E S S  ---------------

Java Threads: ( => current thread )
=>0x000000005724b000 JavaThread "AWT-EventQueue-0" [_thread_in_vm, id=13988, stack(0x00000000581f0000,0x00000000582f0000)]
  0x000000005724d000 JavaThread "AWT-Shutdown" [_thread_blocked, id=14908, stack(0x0000000056e10000,0x0000000056f10000)]
  0x00000000001ae000 JavaThread "DestroyJavaVM" [_thread_blocked, id=11472, stack(0x0000000002300000,0x0000000002400000)]
  0x00000000572fd000 JavaThread "Thread-1" [_thread_blocked, id=9932, stack(0x0000000058780000,0x0000000058880000)]
  0x00000000569f6800 JavaThread "AWT-Windows" daemon [_thread_in_native, id=10332, stack(0x0000000057ca0000,0x0000000057da0000)]
  0x00000000571ea800 JavaThread "Java2D Disposer" daemon [_thread_blocked, id=10680, stack(0x0000000057b30000,0x0000000057c30000)]
  0x00000000566f6800 JavaThread "Service Thread" daemon [_thread_blocked, id=9184, stack(0x0000000056f70000,0x0000000057070000)]
  0x0000000056676000 JavaThread "C1 CompilerThread2" daemon [_thread_blocked, id=11540, stack(0x0000000056d10000,0x0000000056e10000)]
  0x0000000056671000 JavaThread "C2 CompilerThread1" daemon [_thread_blocked, id=8236, stack(0x0000000056ba0000,0x0000000056ca0000)]
  0x0000000054d25800 JavaThread "C2 CompilerThread0" daemon [_thread_blocked, id=9484, stack(0x0000000056570000,0x0000000056670000)]
  0x0000000054d23000 JavaThread "Attach Listener" daemon [_thread_blocked, id=11640, stack(0x00000000563c0000,0x00000000564c0000)]
  0x0000000054d1f800 JavaThread "Signal Dispatcher" daemon [_thread_blocked, id=7068, stack(0x0000000056290000,0x0000000056390000)]
  0x0000000054cc6800 JavaThread "Finalizer" daemon [_thread_blocked, id=11080, stack(0x0000000056160000,0x0000000056260000)]
  0x0000000054cbf800 JavaThread "Reference Handler" daemon [_thread_blocked, id=3216, stack(0x0000000055fe0000,0x00000000560e0000)]

Other Threads:
  0x0000000054cba000 VMThread [stack: 0x0000000055d50000,0x0000000055e50000] [id=4944]
  0x000000005670a800 WatcherThread [stack: 0x00000000570e0000,0x00000000571e0000] [id=10480]

VM state:not at safepoint (normal execution)

VM Mutex/Monitor currently owned by a thread: None

Heap:
 PSYoungGen      total 15872K, used 9426K [0x00000000eb980000, 0x00000000eca00000, 0x0000000100000000)
  eden space 15360K, 60% used [0x00000000eb980000,0x00000000ec29c968,0x00000000ec880000)
  from space 512K, 18% used [0x00000000ec900000,0x00000000ec918000,0x00000000ec980000)
  to   space 512K, 0% used [0x00000000ec980000,0x00000000ec980000,0x00000000eca00000)
 ParOldGen       total 42496K, used 4571K [0x00000000c2c00000, 0x00000000c5580000, 0x00000000eb980000)
  object space 42496K, 10% used [0x00000000c2c00000,0x00000000c3076d88,0x00000000c5580000)
 Metaspace       used 12646K, capacity 12880K, committed 13184K, reserved 1060864K
  class space    used 1543K, capacity 1623K, committed 1664K, reserved 1048576K

Card table byte_map: [0x0000000011a90000,0x0000000011c80000] byte_map_base: 0x000000001147a000

Marking Bits: (ParMarkBitMap*) 0x000000005e34a5b0
 Begin Bits: [0x00000000122a0000, 0x00000000131f0000)
 End Bits:   [0x00000000131f0000, 0x0000000014140000)

Polling page: 0x0000000000130000

CodeCache: size=245760Kb used=7235Kb max_used=7357Kb free=238524Kb
 bounds [0x00000000026d0000, 0x0000000002e40000, 0x00000000116d0000]
 total_blobs=2324 nmethods=1829 adapters=407
 compilation: enabled

Compilation events (10 events):
Event: 3530.173 Thread 0x0000000054d25800 2155   !   4       javax.swing.text.html.HTMLDocument$HTMLReader::addContent (176 bytes)
Event: 3530.679 Thread 0x0000000054d25800 nmethod 2155 0x0000000002a31090 code [0x0000000002a31280, 0x0000000002a32120]
Event: 3595.588 Thread 0x0000000054d25800 2156       4       javax.swing.text.html.HTMLDocument$HTMLReader::getPathTo (66 bytes)
Event: 3595.745 Thread 0x0000000054d25800 nmethod 2156 0x0000000002ac6090 code [0x0000000002ac6240, 0x0000000002ac6818]
Event: 3619.843 Thread 0x0000000056671000 2157   !   4       java.awt.Component::firePropertyChange (59 bytes)
Event: 3620.704 Thread 0x0000000056671000 nmethod 2157 0x0000000002b29c50 code [0x0000000002b29e40, 0x0000000002b2b038]
Event: 3768.389 Thread 0x0000000054d25800 2158   !   4       java.awt.EventDispatchThread::pumpOneEventForFilters (295 bytes)
Event: 3769.420 Thread 0x0000000056671000 2159   !   4       java.awt.EventQueue::getNextEvent (84 bytes)
Event: 3778.872 Thread 0x0000000056671000 nmethod 2159 0x0000000002a786d0 code [0x0000000002a78a20, 0x0000000002a7a640]
Event: 3778.980 Thread 0x0000000054d25800 nmethod 2158 0x0000000002a904d0 code [0x0000000002a908a0, 0x0000000002a92f90]

GC Heap History (10 events):
Event: 3705.626 GC heap before
{Heap before GC invocations=75 (full 0):
 PSYoungGen      total 15872K, used 15488K [0x00000000eb980000, 0x00000000eca00000, 0x0000000100000000)
  eden space 15360K, 100% used [0x00000000eb980000,0x00000000ec880000,0x00000000ec880000)
  from space 512K, 25% used [0x00000000ec980000,0x00000000ec9a0000,0x00000000eca00000)
  to   space 512K, 0% used [0x00000000ec900000,0x00000000ec900000,0x00000000ec980000)
 ParOldGen       total 42496K, used 4571K [0x00000000c2c00000, 0x00000000c5580000, 0x00000000eb980000)
  object space 42496K, 10% used [0x00000000c2c00000,0x00000000c3076d88,0x00000000c5580000)
 Metaspace       used 12646K, capacity 12880K, committed 13184K, reserved 1060864K
  class space    used 1543K, capacity 1623K, committed 1664K, reserved 1048576K
Event: 3705.627 GC heap after
Heap after GC invocations=75 (full 0):
 PSYoungGen      total 15872K, used 64K [0x00000000eb980000, 0x00000000eca00000, 0x0000000100000000)
  eden space 15360K, 0% used [0x00000000eb980000,0x00000000eb980000,0x00000000ec880000)
  from space 512K, 12% used [0x00000000ec900000,0x00000000ec910000,0x00000000ec980000)
  to   space 512K, 0% used [0x00000000ec980000,0x00000000ec980000,0x00000000eca00000)
 ParOldGen       total 42496K, used 4571K [0x00000000c2c00000, 0x00000000c5580000, 0x00000000eb980000)
  object space 42496K, 10% used [0x00000000c2c00000,0x00000000c3076d88,0x00000000c5580000)
 Metaspace       used 12646K, capacity 12880K, committed 13184K, reserved 1060864K
  class space    used 1543K, capacity 1623K, committed 1664K, reserved 1048576K
}
Event: 3758.237 GC heap before
{Heap before GC invocations=76 (full 0):
 PSYoungGen      total 15872K, used 15424K [0x00000000eb980000, 0x00000000eca00000, 0x0000000100000000)
  eden space 15360K, 100% used [0x00000000eb980000,0x00000000ec880000,0x00000000ec880000)
  from space 512K, 12% used [0x00000000ec900000,0x00000000ec910000,0x00000000ec980000)
  to   space 512K, 0% used [0x00000000ec980000,0x00000000ec980000,0x00000000eca00000)
 ParOldGen       total 42496K, used 4571K [0x00000000c2c00000, 0x00000000c5580000, 0x00000000eb980000)
  object space 42496K, 10% used [0x00000000c2c00000,0x00000000c3076d88,0x00000000c5580000)
 Metaspace       used 12646K, capacity 12880K, committed 13184K, reserved 1060864K
  class space    used 1543K, capacity 1623K, committed 1664K, reserved 1048576K
Event: 3758.239 GC heap after
Heap after GC invocations=76 (full 0):
 PSYoungGen      total 15872K, used 64K [0x00000000eb980000, 0x00000000eca00000, 0x0000000100000000)
  eden space 15360K, 0% used [0x00000000eb980000,0x00000000eb980000,0x00000000ec880000)
  from space 512K, 12% used [0x00000000ec980000,0x00000000ec990000,0x00000000eca00000)
  to   space 512K, 0% used [0x00000000ec900000,0x00000000ec900000,0x00000000ec980000)
 ParOldGen       total 42496K, used 4571K [0x00000000c2c00000, 0x00000000c5580000, 0x00000000eb980000)
  object space 42496K, 10% used [0x00000000c2c00000,0x00000000c3076d88,0x00000000c5580000)
 Metaspace       used 12646K, capacity 12880K, committed 13184K, reserved 1060864K
  class space    used 1543K, capacity 1623K, committed 1664K, reserved 1048576K
}
Event: 3813.057 GC heap before
{Heap before GC invocations=77 (full 0):
 PSYoungGen      total 15872K, used 15424K [0x00000000eb980000, 0x00000000eca00000, 0x0000000100000000)
  eden space 15360K, 100% used [0x00000000eb980000,0x00000000ec880000,0x00000000ec880000)
  from space 512K, 12% used [0x00000000ec980000,0x00000000ec990000,0x00000000eca00000)
  to   space 512K, 0% used [0x00000000ec900000,0x00000000ec900000,0x00000000ec980000)
 ParOldGen       total 42496K, used 4571K [0x00000000c2c00000, 0x00000000c5580000, 0x00000000eb980000)
  object space 42496K, 10% used [0x00000000c2c00000,0x00000000c3076d88,0x00000000c5580000)
 Metaspace       used 12646K, capacity 12880K, committed 13184K, reserved 1060864K
  class space    used 1543K, capacity 1623K, committed 1664K, reserved 1048576K
Event: 3813.059 GC heap after
Heap after GC invocations=77 (full 0):
 PSYoungGen      total 15872K, used 64K [0x00000000eb980000, 0x00000000eca00000, 0x0000000100000000)
  eden space 15360K, 0% used [0x00000000eb980000,0x00000000eb980000,0x00000000ec880000)
  from space 512K, 12% used [0x00000000ec900000,0x00000000ec910000,0x00000000ec980000)
  to   space 512K, 0% used [0x00000000ec980000,0x00000000ec980000,0x00000000eca00000)
 ParOldGen       total 42496K, used 4571K [0x00000000c2c00000, 0x00000000c5580000, 0x00000000eb980000)
  object space 42496K, 10% used [0x00000000c2c00000,0x00000000c3076d88,0x00000000c5580000)
 Metaspace       used 12646K, capacity 12880K, committed 13184K, reserved 1060864K
  class space    used 1543K, capacity 1623K, committed 1664K, reserved 1048576K
}
Event: 3864.542 GC heap before
{Heap before GC invocations=78 (full 0):
 PSYoungGen      total 15872K, used 15424K [0x00000000eb980000, 0x00000000eca00000, 0x0000000100000000)
  eden space 15360K, 100% used [0x00000000eb980000,0x00000000ec880000,0x00000000ec880000)
  from space 512K, 12% used [0x00000000ec900000,0x00000000ec910000,0x00000000ec980000)
  to   space 512K, 0% used [0x00000000ec980000,0x00000000ec980000,0x00000000eca00000)
 ParOldGen       total 42496K, used 4571K [0x00000000c2c00000, 0x00000000c5580000, 0x00000000eb980000)
  object space 42496K, 10% used [0x00000000c2c00000,0x00000000c3076d88,0x00000000c5580000)
 Metaspace       used 12646K, capacity 12880K, committed 13184K, reserved 1060864K
  class space    used 1543K, capacity 1623K, committed 1664K, reserved 1048576K
Event: 3865.992 GC heap after
Heap after GC invocations=78 (full 0):
 PSYoungGen      total 15872K, used 160K [0x00000000eb980000, 0x00000000eca00000, 0x0000000100000000)
  eden space 15360K, 0% used [0x00000000eb980000,0x00000000eb980000,0x00000000ec880000)
  from space 512K, 31% used [0x00000000ec980000,0x00000000ec9a8000,0x00000000eca00000)
  to   space 512K, 0% used [0x00000000ec900000,0x00000000ec900000,0x00000000ec980000)
 ParOldGen       total 42496K, used 4571K [0x00000000c2c00000, 0x00000000c5580000, 0x00000000eb980000)
  object space 42496K, 10% used [0x00000000c2c00000,0x00000000c3076d88,0x00000000c5580000)
 Metaspace       used 12646K, capacity 12880K, committed 13184K, reserved 1060864K
  class space    used 1543K, capacity 1623K, committed 1664K, reserved 1048576K
}
Event: 3901.852 GC heap before
{Heap before GC invocations=79 (full 0):
 PSYoungGen      total 15872K, used 15520K [0x00000000eb980000, 0x00000000eca00000, 0x0000000100000000)
  eden space 15360K, 100% used [0x00000000eb980000,0x00000000ec880000,0x00000000ec880000)
  from space 512K, 31% used [0x00000000ec980000,0x00000000ec9a8000,0x00000000eca00000)
  to   space 512K, 0% used [0x00000000ec900000,0x00000000ec900000,0x00000000ec980000)
 ParOldGen       total 42496K, used 4571K [0x00000000c2c00000, 0x00000000c5580000, 0x00000000eb980000)
  object space 42496K, 10% used [0x00000000c2c00000,0x00000000c3076d88,0x00000000c5580000)
 Metaspace       used 12646K, capacity 12880K, committed 13184K, reserved 1060864K
  class space    used 1543K, capacity 1623K, committed 1664K, reserved 1048576K
Event: 3901.853 GC heap after
Heap after GC invocations=79 (full 0):
 PSYoungGen      total 15872K, used 96K [0x00000000eb980000, 0x00000000eca00000, 0x0000000100000000)
  eden space 15360K, 0% used [0x00000000eb980000,0x00000000eb980000,0x00000000ec880000)
  from space 512K, 18% used [0x00000000ec900000,0x00000000ec918000,0x00000000ec980000)
  to   space 512K, 0% used [0x00000000ec980000,0x00000000ec980000,0x00000000eca00000)
 ParOldGen       total 42496K, used 4571K [0x00000000c2c00000, 0x00000000c5580000, 0x00000000eb980000)
  object space 42496K, 10% used [0x00000000c2c00000,0x00000000c3076d88,0x00000000c5580000)
 Metaspace       used 12646K, capacity 12880K, committed 13184K, reserved 1060864K
  class space    used 1543K, capacity 1623K, committed 1664K, reserved 1048576K
}

Deoptimization events (10 events):
Event: 0.702 Thread 0x00000000572fd000 Uncommon trap: reason=class_check action=maybe_recompile pc=0x00000000028547d8 method=java.lang.String.equals(Ljava/lang/Object;)Z @ 8
Event: 0.703 Thread 0x00000000572fd000 Uncommon trap: reason=class_check action=maybe_recompile pc=0x00000000028547d8 method=java.lang.String.equals(Ljava/lang/Object;)Z @ 8
Event: 0.704 Thread 0x00000000572fd000 Uncommon trap: reason=class_check action=maybe_recompile pc=0x00000000028547d8 method=java.lang.String.equals(Ljava/lang/Object;)Z @ 8
Event: 0.706 Thread 0x00000000572fd000 Uncommon trap: reason=class_check action=maybe_recompile pc=0x00000000028547d8 method=java.lang.String.equals(Ljava/lang/Object;)Z @ 8
Event: 1.727 Thread 0x00000000572fd000 Uncommon trap: reason=class_check action=maybe_recompile pc=0x00000000028c1114 method=java.util.HashMap.putVal(ILjava/lang/Object;Ljava/lang/Object;ZZ)Ljava/lang/Object; @ 253
Event: 181.872 Thread 0x00000000572fd000 Uncommon trap: reason=unstable_if action=reinterpret pc=0x0000000002b64c90 method=java.lang.ref.ReferenceQueue.poll()Ljava/lang/ref/Reference; @ 4
Event: 309.485 Thread 0x00000000572fd000 Uncommon trap: reason=unstable_if action=reinterpret pc=0x0000000002acc54c method=java.lang.ref.ReferenceQueue.poll()Ljava/lang/ref/Reference; @ 4
Event: 2050.798 Thread 0x00000000572fd000 Uncommon trap: reason=unstable_if action=reinterpret pc=0x00000000029b0074 method=java.util.WeakHashMap.transfer([Ljava/util/WeakHashMap$Entry;[Ljava/util/WeakHashMap$Entry;)V @ 38
Event: 2203.188 Thread 0x000000005724b000 Uncommon trap: reason=unstable_if action=reinterpret pc=0x0000000002dfa930 method=java.util.concurrent.locks.AbstractQueuedSynchronizer.findNodeFromTail(Ljava/util/concurrent/locks/AbstractQueuedSynchronizer$Node;)Z @ 7
Event: 2747.711 Thread 0x00000000572fd000 Uncommon trap: reason=unstable_if action=reinterpret pc=0x0000000002b786d0 method=java.lang.ref.ReferenceQueue.poll()Ljava/lang/ref/Reference; @ 4

Internal exceptions (10 events):
Event: 0.064 Thread 0x00000000001ae000 Exception <a 'java/lang/NoSuchMethodError': Method sun.misc.Unsafe.prefetchRead(Ljava/lang/Object;J)V name or signature does not match> (0x00000000eb98d938) thrown at [C:\workspace\8-2-build-windows-amd64-cygwin\jdk8u65\4987\hotspot\src\share\vm\prims\jni.r!Ã!çÅ?
Event: 0.164 Thread 0x00000000001ae000 Exception <a 'java/security/PrivilegedActionException'> (0x00000000eba5ed58) thrown at [C:\workspace\8-2-build-windows-amd64-cygwin\jdk8u65\4987\hotspot\src\share\vm\prims\jvm.cpp, line 1386]
Event: 0.164 Thread 0x00000000001ae000 Exception <a 'java/security/PrivilegedActionException'> (0x00000000eba5ef68) thrown at [C:\workspace\8-2-build-windows-amd64-cygwin\jdk8u65\4987\hotspot\src\share\vm\prims\jvm.cpp, line 1386]
Event: 0.166 Thread 0x00000000001ae000 Exception <a 'java/security/PrivilegedActionException'> (0x00000000eba62b10) thrown at [C:\workspace\8-2-build-windows-amd64-cygwin\jdk8u65\4987\hotspot\src\share\vm\prims\jvm.cpp, line 1386]
Event: 0.166 Thread 0x00000000001ae000 Exception <a 'java/security/PrivilegedActionException'> (0x00000000eba62d20) thrown at [C:\workspace\8-2-build-windows-amd64-cygwin\jdk8u65\4987\hotspot\src\share\vm\prims\jvm.cpp, line 1386]
Event: 0.171 Thread 0x00000000001ae000 Exception <a 'java/io/FileNotFoundException'> (0x00000000eba66190) thrown at [C:\workspace\8-2-build-windows-amd64-cygwin\jdk8u65\4987\hotspot\src\share\vm\prims\jni.cpp, line 709]
Event: 0.228 Thread 0x00000000001ae000 Exception <a 'java/lang/NoSuchFieldError': method resolution failed> (0x00000000ebb83b20) thrown at [C:\workspace\8-2-build-windows-amd64-cygwin\jdk8u65\4987\hotspot\src\share\vm\prims\methodHandles.cpp, line 1146]
Event: 0.231 Thread 0x00000000001ae000 Exception <a 'java/lang/NoSuchFieldError': method resolution failed> (0x00000000ebb911c8) thrown at [C:\workspace\8-2-build-windows-amd64-cygwin\jdk8u65\4987\hotspot\src\share\vm\prims\methodHandles.cpp, line 1146]
Event: 0.290 Thread 0x00000000001ae000 Exception <a 'java/io/FileNotFoundException'> (0x00000000ebc268f0) thrown at [C:\workspace\8-2-build-windows-amd64-cygwin\jdk8u65\4987\hotspot\src\share\vm\prims\jni.cpp, line 709]
Event: 0.329 Thread 0x00000000001ae000 Implicit null exception at 0x000000000283bd4b to 0x000000000283befd

Events (10 events):
Event: 3924.669 Thread 0x000000005724b000 Thread added: 0x000000005724b000
Event: 3924.670 Thread 0x000000005724d000 Thread added: 0x000000005724d000
Event: 3925.671 Thread 0x000000005724d000 Thread exited: 0x000000005724d000
Event: 3925.671 Thread 0x000000005724b000 Thread exited: 0x000000005724b000
Event: 3925.672 Thread 0x000000005724b000 Thread added: 0x000000005724b000
Event: 3925.673 Thread 0x000000005724d000 Thread added: 0x000000005724d000
Event: 3926.673 Thread 0x000000005724b000 Thread exited: 0x000000005724b000
Event: 3926.673 Thread 0x000000005724d000 Thread exited: 0x000000005724d000
Event: 3926.674 Thread 0x000000005724d000 Thread added: 0x000000005724d000
Event: 3926.675 Thread 0x000000005724b000 Thread added: 0x000000005724b000


Dynamic libraries:
0x000000013fae0000 - 0x000000013fb17000 	C:\Program Files\Java\jre1.8.0_65\bin\javaw.exe
0x00000000778b0000 - 0x0000000077a59000 	C:\Windows\SYSTEM32\ntdll.dll
0x0000000077790000 - 0x00000000778af000 	C:\Windows\system32\kernel32.dll
0x000007fefd830000 - 0x000007fefd89b000 	C:\Windows\system32\KERNELBASE.dll
0x000007feffae0000 - 0x000007feffbbb000 	C:\Windows\system32\ADVAPI32.dll
0x000007feff240000 - 0x000007feff2df000 	C:\Windows\system32\msvcrt.dll
0x000007feffac0000 - 0x000007feffadf000 	C:\Windows\SYSTEM32\sechost.dll
0x000007feff450000 - 0x000007feff57d000 	C:\Windows\system32\RPCRT4.dll
0x0000000077690000 - 0x000000007778a000 	C:\Windows\system32\USER32.dll
0x000007feff580000 - 0x000007feff5e7000 	C:\Windows\system32\GDI32.dll
0x000007feff730000 - 0x000007feff73e000 	C:\Windows\system32\LPK.dll
0x000007feff9f0000 - 0x000007feffab9000 	C:\Windows\system32\USP10.dll
0x000007fefc110000 - 0x000007fefc304000 	C:\Windows\WinSxS\amd64_microsoft.windows.common-controls_6595b64144ccf1df_6.0.7601.17514_none_fa396087175ac9ac\COMCTL32.dll
0x000007fefe400000 - 0x000007fefe471000 	C:\Windows\system32\SHLWAPI.dll
0x000007fefe480000 - 0x000007fefe4ae000 	C:\Windows\system32\IMM32.DLL
0x000007feff2e0000 - 0x000007feff3e9000 	C:\Windows\system32\MSCTF.dll
0x000000005e3d0000 - 0x000000005e4a2000 	C:\Program Files\Java\jre1.8.0_65\bin\msvcr100.dll
0x000000005db40000 - 0x000000005e3c9000 	C:\Program Files\Java\jre1.8.0_65\bin\server\jvm.dll
0x000007fef9730000 - 0x000007fef9739000 	C:\Windows\system32\WSOCK32.dll
0x000007feff400000 - 0x000007feff44d000 	C:\Windows\system32\WS2_32.dll
0x000007feff3f0000 - 0x000007feff3f8000 	C:\Windows\system32\NSI.dll
0x000007fef9c80000 - 0x000007fef9cbb000 	C:\Windows\system32\WINMM.dll
0x000007fefc7a0000 - 0x000007fefc7ac000 	C:\Windows\system32\VERSION.dll
0x0000000077a80000 - 0x0000000077a87000 	C:\Windows\system32\PSAPI.DLL
0x000000006f6a0000 - 0x000000006f6af000 	C:\Program Files\Java\jre1.8.0_65\bin\verify.dll
0x000000006f670000 - 0x000000006f699000 	C:\Program Files\Java\jre1.8.0_65\bin\java.dll
0x000000006f650000 - 0x000000006f666000 	C:\Program Files\Java\jre1.8.0_65\bin\zip.dll
0x000007fefe4b0000 - 0x000007feff238000 	C:\Windows\system32\SHELL32.dll
0x000007fefdac0000 - 0x000007fefdcc3000 	C:\Windows\system32\ole32.dll
0x000007fefd690000 - 0x000007fefd69f000 	C:\Windows\system32\profapi.dll
0x000000005d790000 - 0x000000005d928000 	C:\Program Files\Java\jre1.8.0_65\bin\awt.dll
0x000007fefdf60000 - 0x000007fefe037000 	C:\Windows\system32\OLEAUT32.dll
0x000007fefbce0000 - 0x000007fefbcf8000 	C:\Windows\system32\DWMAPI.DLL
0x000007fefbf30000 - 0x000007fefbf86000 	C:\Windows\system32\uxtheme.dll
0x000007fefd5c0000 - 0x000007fefd5cf000 	C:\Windows\system32\CRYPTBASE.dll
0x0000000180000000 - 0x000000018004a000 	C:\Program Files\Acer\Acer ePower Management\SysHook.dll
0x000007fef8d50000 - 0x000007fef8dc1000 	C:\Windows\system32\WINSPOOL.DRV
0x000000006f5c0000 - 0x000000006f607000 	C:\Program Files\Java\jre1.8.0_65\bin\fontmanager.dll
0x000000006f630000 - 0x000000006f64a000 	C:\Program Files\Java\jre1.8.0_65\bin\net.dll
0x000007fefcee0000 - 0x000007fefcf35000 	C:\Windows\system32\mswsock.dll
0x000007fefced0000 - 0x000007fefced7000 	C:\Windows\System32\wship6.dll
0x000000006f610000 - 0x000000006f621000 	C:\Program Files\Java\jre1.8.0_65\bin\nio.dll
0x000000006f570000 - 0x000000006f5b2000 	C:\Program Files\Java\jre1.8.0_65\bin\t2k.dll
0x000007feff690000 - 0x000007feff729000 	C:\Windows\system32\CLBCatQ.DLL
0x000007fefb710000 - 0x000007fefb871000 	C:\Windows\system32\WindowsCodecs.dll
0x000007fefd560000 - 0x000007fefd5b7000 	C:\Windows\system32\apphelp.dll
0x000007fef6f00000 - 0x000007fef6f3b000 	C:\Program Files (x86)\Dropbox\Client\DropboxExt64.28.dll
0x000007fef6ec0000 - 0x000007fef6ef5000 	C:\Windows\system32\EhStorShell.dll
0x000007fefe220000 - 0x000007fefe3f7000 	C:\Windows\system32\SETUPAPI.dll
0x000007fefd8a0000 - 0x000007fefd8d6000 	C:\Windows\system32\CFGMGR32.dll
0x000007fefda90000 - 0x000007fefdaaa000 	C:\Windows\system32\DEVOBJ.dll
0x000007fefbf90000 - 0x000007fefc0bc000 	C:\Windows\system32\PROPSYS.dll
0x000007fef6850000 - 0x000007fef6ebf000 	C:\PROGRA~1\MICROS~1\Office14\GROOVEEX.DLL
0x0000000070620000 - 0x00000000706c3000 	C:\Windows\WinSxS\amd64_microsoft.vc90.crt_1fc8b3b9a1e18e3b_9.0.30729.6161_none_08e61857a83bc251\MSVCR90.dll
0x0000000070540000 - 0x0000000070613000 	C:\Windows\WinSxS\amd64_microsoft.vc90.crt_1fc8b3b9a1e18e3b_9.0.30729.6161_none_08e61857a83bc251\MSVCP90.dll
0x0000000070510000 - 0x000000007053f000 	C:\Windows\WinSxS\amd64_microsoft.vc90.atl_1fc8b3b9a1e18e3b_9.0.30729.6161_none_0a1fd3a3a768b895\ATL90.DLL
0x000007fef55c0000 - 0x000007fef59da000 	C:\PROGRA~1\COMMON~1\MICROS~1\OFFICE14\Cultures\office.odf
0x000007fef4d40000 - 0x000007fef55c0000 	C:\PROGRA~1\MICROS~1\Office14\3082\GrooveIntlResource.dll

VM Arguments:
jvm_args: -Dfile.encoding=Cp1252 
java_command: frmPrincipal
java_class_path (initial): C:\Users\Alumno\workspace\Kenshi_Tienda\bin
Launcher Type: SUN_STANDARD

Environment Variables:
CLASSPATH=.;C:\Program Files (x86)\Java\jre7\lib\ext\QTJava.zip
PATH=C:\ProgramData\Oracle\Java\javapath;C:\Program Files (x86)\Intel\iCLS Client\;C:\Program Files\Intel\iCLS Client\;C:\Program Files\Common Files\Microsoft Shared\Windows Live;C:\Program Files (x86)\Common Files\Microsoft Shared\Windows Live;C:\Windows\system32;C:\Windows;C:\Windows\System32\Wbem;C:\Windows\System32\WindowsPowerShell\v1.0\;C:\Program Files (x86)\Windows Live\Shared;C:\Program Files\Intel\Intel(R) Management Engine Components\DAL;C:\Program Files\Intel\Intel(R) Management Engine Components\IPT;C:\Program Files (x86)\Intel\Intel(R) Management Engine Components\DAL;C:\Program Files (x86)\Intel\Intel(R) Management Engine Components\IPT; C:\Program Files\Java\jdk1.7.0_05bin;C:\Program Files (x86)\Intel\OpenCL SDK\2.0\bin\x86;C:\Program Files (x86)\Intel\OpenCL SDK\2.0\bin\x64;C:\Program Files (x86)\QuickTime\QTSystem\;C:\Program Files (x86)\Java\jdk1.7.0_25;C:\Program Files\Java\jdk1.7.0_25;C:\Program Files\Java\jdk1.7.0_05
USERNAME=Alumno
OS=Windows_NT
PROCESSOR_IDENTIFIER=Intel64 Family 6 Model 58 Stepping 9, GenuineIntel



---------------  S Y S T E M  ---------------

OS: Windows 7 , 64 bit Build 7601 (6.1.7601.18015)

CPU:total 4 (2 cores per cpu, 2 threads per core) family 6 model 58 stepping 9, cmov, cx8, fxsr, mmx, sse, sse2, sse3, ssse3, sse4.1, sse4.2, popcnt, avx, clmul, erms, ht, tsc, tscinvbit, tscinv

Memory: 4k page, physical 4008300k(125112k free), swap 16031340k(3968k free)

vm_info: Java HotSpot(TM) 64-Bit Server VM (25.65-b01) for windows-amd64 JRE (1.8.0_65-b17), built on Oct  6 2015 16:39:20 by "java_re" with MS VC++ 10.0 (VS2010)

time: Wed Nov 04 12:39:29 2015
elapsed time: 3948 seconds (0d 1h 5m 48s)

