#
# There is insufficient memory for the Java Runtime Environment to continue.
# Native memory allocation (malloc) failed to allocate 32744 bytes for ChunkPool::allocate
# Possible reasons:
#   The system is out of physical RAM or swap space
#   In 32 bit mode, the process size limit was hit
# Possible solutions:
#   Reduce memory load on the system
#   Increase physical memory or swap space
#   Check if swap backing store is full
#   Use 64 bit Java on a 64 bit OS
#   Decrease Java heap size (-Xmx/-Xms)
#   Decrease number of Java threads
#   Decrease Java thread stack sizes (-Xss)
#   Set larger code cache with -XX:ReservedCodeCacheSize=
# This output file may be truncated or incomplete.
#
#  Out of Memory Error (allocation.cpp:273), pid=10692, tid=12560
#
# JRE version: Java(TM) SE Runtime Environment (8.0_65-b17) (build 1.8.0_65-b17)
# Java VM: Java HotSpot(TM) 64-Bit Server VM (25.65-b01 mixed mode windows-amd64 compressed oops)
# Failed to write core dump. Minidumps are not enabled by default on client versions of Windows
#

---------------  T H R E A D  ---------------

Current thread (0x00000000567c5800):  JavaThread "C2 CompilerThread1" daemon [_thread_in_native, id=12560, stack(0x0000000056d80000,0x0000000056e80000)]

Stack: [0x0000000056d80000,0x0000000056e80000]
[error occurred during error reporting (printing stack bounds), id 0xc0000005]

Native frames: (J=compiled Java code, j=interpreted, Vv=VM code, C=native code)


Current CompileTask:
C2:1217138 2149       4       javax.swing.text.GapVector::replace (83 bytes)


---------------  P R O C E S S  ---------------

Java Threads: ( => current thread )
  0x00000000583e7800 JavaThread "AWT-Shutdown" [_thread_blocked, id=14156, stack(0x0000000057de0000,0x0000000057ee0000)]
  0x000000000211e000 JavaThread "DestroyJavaVM" [_thread_blocked, id=10904, stack(0x00000000024b0000,0x00000000025b0000)]
  0x000000005840b000 JavaThread "Thread-1" [_thread_blocked, id=12640, stack(0x0000000058ce0000,0x0000000058de0000)]
  0x0000000056b13800 JavaThread "AWT-Windows" daemon [_thread_in_native, id=13024, stack(0x0000000057810000,0x0000000057910000)]
  0x0000000056b2d800 JavaThread "Java2D Disposer" daemon [_thread_blocked, id=13212, stack(0x0000000057430000,0x0000000057530000)]
  0x000000005684c800 JavaThread "Service Thread" daemon [_thread_blocked, id=12340, stack(0x0000000056f80000,0x0000000057080000)]
  0x00000000567ce000 JavaThread "C1 CompilerThread2" daemon [_thread_blocked, id=13300, stack(0x0000000056bd0000,0x0000000056cd0000)]
=>0x00000000567c5800 JavaThread "C2 CompilerThread1" daemon [_thread_in_native, id=12560, stack(0x0000000056d80000,0x0000000056e80000)]
  0x0000000054dd8000 JavaThread "C2 CompilerThread0" daemon [_thread_blocked, id=12716, stack(0x0000000056310000,0x0000000056410000)]
  0x0000000054dd2800 JavaThread "Attach Listener" daemon [_thread_blocked, id=12528, stack(0x00000000566c0000,0x00000000567c0000)]
  0x0000000054dde800 JavaThread "Signal Dispatcher" daemon [_thread_blocked, id=3816, stack(0x00000000564a0000,0x00000000565a0000)]
  0x0000000054d7a000 JavaThread "Finalizer" daemon [_thread_blocked, id=12564, stack(0x0000000055fc0000,0x00000000560c0000)]
  0x0000000054d73800 JavaThread "Reference Handler" daemon [_thread_blocked, id=12524, stack(0x0000000056100000,0x0000000056200000)]

Other Threads:
  0x0000000054d6e000 VMThread [stack: 0x0000000055e50000,0x0000000055f50000] [id=12432]
  0x0000000056855800 WatcherThread [stack: 0x0000000057200000,0x0000000057300000] [id=12516]

VM state:not at safepoint (normal execution)

VM Mutex/Monitor currently owned by a thread: None

Heap:
 PSYoungGen      total 18944K, used 3328K [0x00000000eb980000, 0x00000000ed000000, 0x0000000100000000)
  eden space 15872K, 19% used [0x00000000eb980000,0x00000000ebc98018,0x00000000ec900000)
  from space 3072K, 5% used [0x00000000ecd00000,0x00000000ecd28000,0x00000000ed000000)
  to   space 3584K, 0% used [0x00000000ec900000,0x00000000ec900000,0x00000000ecc80000)
 ParOldGen       total 42496K, used 5270K [0x00000000c2c00000, 0x00000000c5580000, 0x00000000eb980000)
  object space 42496K, 12% used [0x00000000c2c00000,0x00000000c31258b0,0x00000000c5580000)
 Metaspace       used 12728K, capacity 12944K, committed 13184K, reserved 1060864K
  class space    used 1549K, capacity 1623K, committed 1664K, reserved 1048576K

Card table byte_map: [0x00000000022c0000,0x00000000024b0000] byte_map_base: 0x0000000001caa000

Marking Bits: (ParMarkBitMap*) 0x000000005e34a5b0
 Begin Bits: [0x0000000012350000, 0x00000000132a0000)
 End Bits:   [0x00000000132a0000, 0x00000000141f0000)

Polling page: 0x00000000001c0000

CodeCache: size=245760Kb used=7222Kb max_used=7260Kb free=238537Kb
 bounds [0x0000000002880000, 0x0000000002fc0000, 0x0000000011880000]
 total_blobs=2421 nmethods=1926 adapters=407
 compilation: enabled

Compilation events (10 events):
Event: 1122.065 Thread 0x0000000054dd8000 nmethod 2144 0x0000000002b90b50 code [0x0000000002b90d00, 0x0000000002b914c8]
Event: 1150.246 Thread 0x00000000567c5800 2145       4       java.util.concurrent.atomic.AtomicBoolean::compareAndSet (35 bytes)
Event: 1150.247 Thread 0x00000000567c5800 nmethod 2145 0x0000000002a8ad90 code [0x0000000002a8aec0, 0x0000000002a8af58]
Event: 1170.639 Thread 0x0000000054dd8000 2146   !   4       javax.swing.text.DefaultStyledDocument::create (204 bytes)
Event: 1170.982 Thread 0x0000000054dd8000 nmethod 2146 0x0000000002fb27d0 code [0x0000000002fb2a60, 0x0000000002fb4f80]
Event: 1171.644 Thread 0x00000000567c5800 2147       4       javax.swing.text.html.StyleSheet$BoxPainter::<init> (117 bytes)
Event: 1171.713 Thread 0x00000000567c5800 nmethod 2147 0x0000000002f8b510 code [0x0000000002f8b7a0, 0x0000000002f8c340]
Event: 1198.814 Thread 0x0000000054dd8000 2148       4       java.beans.PropertyChangeSupport::fire (39 bytes)
Event: 1198.955 Thread 0x0000000054dd8000 nmethod 2148 0x0000000002c5fc10 code [0x0000000002c5fd40, 0x0000000002c5fe18]
Event: 1213.662 Thread 0x00000000567c5800 2149       4       javax.swing.text.GapVector::replace (83 bytes)

GC Heap History (10 events):
Event: 1041.031 GC heap before
{Heap before GC invocations=18 (full 0):
 PSYoungGen      total 16384K, used 15936K [0x00000000eb980000, 0x00000000ed200000, 0x0000000100000000)
  eden space 15872K, 100% used [0x00000000eb980000,0x00000000ec900000,0x00000000ec900000)
  from space 512K, 12% used [0x00000000ec900000,0x00000000ec910000,0x00000000ec980000)
  to   space 4608K, 0% used [0x00000000ecd80000,0x00000000ecd80000,0x00000000ed200000)
 ParOldGen       total 42496K, used 5254K [0x00000000c2c00000, 0x00000000c5580000, 0x00000000eb980000)
  object space 42496K, 12% used [0x00000000c2c00000,0x00000000c31218b0,0x00000000c5580000)
 Metaspace       used 12728K, capacity 12944K, committed 13184K, reserved 1060864K
  class space    used 1549K, capacity 1623K, committed 1664K, reserved 1048576K
Event: 1041.155 GC heap after
Heap after GC invocations=18 (full 0):
 PSYoungGen      total 20480K, used 128K [0x00000000eb980000, 0x00000000ed200000, 0x0000000100000000)
  eden space 15872K, 0% used [0x00000000eb980000,0x00000000eb980000,0x00000000ec900000)
  from space 4608K, 2% used [0x00000000ecd80000,0x00000000ecda0000,0x00000000ed200000)
  to   space 4608K, 0% used [0x00000000ec900000,0x00000000ec900000,0x00000000ecd80000)
 ParOldGen       total 42496K, used 5262K [0x00000000c2c00000, 0x00000000c5580000, 0x00000000eb980000)
  object space 42496K, 12% used [0x00000000c2c00000,0x00000000c31238b0,0x00000000c5580000)
 Metaspace       used 12728K, capacity 12944K, committed 13184K, reserved 1060864K
  class space    used 1549K, capacity 1623K, committed 1664K, reserved 1048576K
}
Event: 1073.901 GC heap before
{Heap before GC invocations=19 (full 0):
 PSYoungGen      total 20480K, used 16000K [0x00000000eb980000, 0x00000000ed200000, 0x0000000100000000)
  eden space 15872K, 100% used [0x00000000eb980000,0x00000000ec900000,0x00000000ec900000)
  from space 4608K, 2% used [0x00000000ecd80000,0x00000000ecda0000,0x00000000ed200000)
  to   space 4608K, 0% used [0x00000000ec900000,0x00000000ec900000,0x00000000ecd80000)
 ParOldGen       total 42496K, used 5262K [0x00000000c2c00000, 0x00000000c5580000, 0x00000000eb980000)
  object space 42496K, 12% used [0x00000000c2c00000,0x00000000c31238b0,0x00000000c5580000)
 Metaspace       used 12728K, capacity 12944K, committed 13184K, reserved 1060864K
  class space    used 1549K, capacity 1623K, committed 1664K, reserved 1048576K
Event: 1073.902 GC heap after
Heap after GC invocations=19 (full 0):
 PSYoungGen      total 20480K, used 64K [0x00000000eb980000, 0x00000000ed200000, 0x0000000100000000)
  eden space 15872K, 0% used [0x00000000eb980000,0x00000000eb980000,0x00000000ec900000)
  from space 4608K, 1% used [0x00000000ec900000,0x00000000ec910000,0x00000000ecd80000)
  to   space 4608K, 0% used [0x00000000ecd80000,0x00000000ecd80000,0x00000000ed200000)
 ParOldGen       total 42496K, used 5270K [0x00000000c2c00000, 0x00000000c5580000, 0x00000000eb980000)
  object space 42496K, 12% used [0x00000000c2c00000,0x00000000c31258b0,0x00000000c5580000)
 Metaspace       used 12728K, capacity 12944K, committed 13184K, reserved 1060864K
  class space    used 1549K, capacity 1623K, committed 1664K, reserved 1048576K
}
Event: 1124.083 GC heap before
{Heap before GC invocations=20 (full 0):
 PSYoungGen      total 20480K, used 15936K [0x00000000eb980000, 0x00000000ed200000, 0x0000000100000000)
  eden space 15872K, 100% used [0x00000000eb980000,0x00000000ec900000,0x00000000ec900000)
  from space 4608K, 1% used [0x00000000ec900000,0x00000000ec910000,0x00000000ecd80000)
  to   space 4608K, 0% used [0x00000000ecd80000,0x00000000ecd80000,0x00000000ed200000)
 ParOldGen       total 42496K, used 5270K [0x00000000c2c00000, 0x00000000c5580000, 0x00000000eb980000)
  object space 42496K, 12% used [0x00000000c2c00000,0x00000000c31258b0,0x00000000c5580000)
 Metaspace       used 12728K, capacity 12944K, committed 13184K, reserved 1060864K
  class space    used 1549K, capacity 1623K, committed 1664K, reserved 1048576K
Event: 1124.106 GC heap after
Heap after GC invocations=20 (full 0):
 PSYoungGen      total 19456K, used 64K [0x00000000eb980000, 0x00000000ed100000, 0x0000000100000000)
  eden space 15872K, 0% used [0x00000000eb980000,0x00000000eb980000,0x00000000ec900000)
  from space 3584K, 1% used [0x00000000ecd80000,0x00000000ecd90000,0x00000000ed100000)
  to   space 4096K, 0% used [0x00000000ec900000,0x00000000ec900000,0x00000000ecd00000)
 ParOldGen       total 42496K, used 5270K [0x00000000c2c00000, 0x00000000c5580000, 0x00000000eb980000)
  object space 42496K, 12% used [0x00000000c2c00000,0x00000000c31258b0,0x00000000c5580000)
 Metaspace       used 12728K, capacity 12944K, committed 13184K, reserved 1060864K
  class space    used 1549K, capacity 1623K, committed 1664K, reserved 1048576K
}
Event: 1154.613 GC heap before
{Heap before GC invocations=21 (full 0):
 PSYoungGen      total 19456K, used 15936K [0x00000000eb980000, 0x00000000ed100000, 0x0000000100000000)
  eden space 15872K, 100% used [0x00000000eb980000,0x00000000ec900000,0x00000000ec900000)
  from space 3584K, 1% used [0x00000000ecd80000,0x00000000ecd90000,0x00000000ed100000)
  to   space 4096K, 0% used [0x00000000ec900000,0x00000000ec900000,0x00000000ecd00000)
 ParOldGen       total 42496K, used 5270K [0x00000000c2c00000, 0x00000000c5580000, 0x00000000eb980000)
  object space 42496K, 12% used [0x00000000c2c00000,0x00000000c31258b0,0x00000000c5580000)
 Metaspace       used 12728K, capacity 12944K, committed 13184K, reserved 1060864K
  class space    used 1549K, capacity 1623K, committed 1664K, reserved 1048576K
Event: 1154.615 GC heap after
Heap after GC invocations=21 (full 0):
 PSYoungGen      total 19968K, used 64K [0x00000000eb980000, 0x00000000ed100000, 0x0000000100000000)
  eden space 15872K, 0% used [0x00000000eb980000,0x00000000eb980000,0x00000000ec900000)
  from space 4096K, 1% used [0x00000000ec900000,0x00000000ec910000,0x00000000ecd00000)
  to   space 4096K, 0% used [0x00000000ecd00000,0x00000000ecd00000,0x00000000ed100000)
 ParOldGen       total 42496K, used 5270K [0x00000000c2c00000, 0x00000000c5580000, 0x00000000eb980000)
  object space 42496K, 12% used [0x00000000c2c00000,0x00000000c31258b0,0x00000000c5580000)
 Metaspace       used 12728K, capacity 12944K, committed 13184K, reserved 1060864K
  class space    used 1549K, capacity 1623K, committed 1664K, reserved 1048576K
}
Event: 1206.367 GC heap before
{Heap before GC invocations=22 (full 0):
 PSYoungGen      total 19968K, used 15936K [0x00000000eb980000, 0x00000000ed100000, 0x0000000100000000)
  eden space 15872K, 100% used [0x00000000eb980000,0x00000000ec900000,0x00000000ec900000)
  from space 4096K, 1% used [0x00000000ec900000,0x00000000ec910000,0x00000000ecd00000)
  to   space 4096K, 0% used [0x00000000ecd00000,0x00000000ecd00000,0x00000000ed100000)
 ParOldGen       total 42496K, used 5270K [0x00000000c2c00000, 0x00000000c5580000, 0x00000000eb980000)
  object space 42496K, 12% used [0x00000000c2c00000,0x00000000c31258b0,0x00000000c5580000)
 Metaspace       used 12728K, capacity 12944K, committed 13184K, reserved 1060864K
  class space    used 1549K, capacity 1623K, committed 1664K, reserved 1048576K
Event: 1206.650 GC heap after
Heap after GC invocations=22 (full 0):
 PSYoungGen      total 18944K, used 160K [0x00000000eb980000, 0x00000000ed000000, 0x0000000100000000)
  eden space 15872K, 0% used [0x00000000eb980000,0x00000000eb980000,0x00000000ec900000)
  from space 3072K, 5% used [0x00000000ecd00000,0x00000000ecd28000,0x00000000ed000000)
  to   space 3584K, 0% used [0x00000000ec900000,0x00000000ec900000,0x00000000ecc80000)
 ParOldGen       total 42496K, used 5270K [0x00000000c2c00000, 0x00000000c5580000, 0x00000000eb980000)
  object space 42496K, 12% used [0x00000000c2c00000,0x00000000c31258b0,0x00000000c5580000)
 Metaspace       used 12728K, capacity 12944K, committed 13184K, reserved 1060864K
  class space    used 1549K, capacity 1623K, committed 1664K, reserved 1048576K
}

Deoptimization events (10 events):
Event: 0.794 Thread 0x000000005840b000 Uncommon trap: reason=class_check action=maybe_recompile pc=0x0000000002a088d8 method=java.lang.String.equals(Ljava/lang/Object;)Z @ 8
Event: 0.796 Thread 0x000000005840b000 Uncommon trap: reason=class_check action=maybe_recompile pc=0x0000000002a088d8 method=java.lang.String.equals(Ljava/lang/Object;)Z @ 8
Event: 1.818 Thread 0x000000005840b000 Uncommon trap: reason=class_check action=maybe_recompile pc=0x0000000002afe914 method=java.util.HashMap.putVal(ILjava/lang/Object;Ljava/lang/Object;ZZ)Ljava/lang/Object; @ 253
Event: 2.830 Thread 0x000000005840b000 Uncommon trap: reason=class_check action=maybe_recompile pc=0x0000000002afe914 method=java.util.HashMap.putVal(ILjava/lang/Object;Ljava/lang/Object;ZZ)Ljava/lang/Object; @ 253
Event: 3.837 Thread 0x000000005840b000 Uncommon trap: reason=class_check action=maybe_recompile pc=0x0000000002afe914 method=java.util.HashMap.putVal(ILjava/lang/Object;Ljava/lang/Object;ZZ)Ljava/lang/Object; @ 253
Event: 408.903 Thread 0x000000005840b000 Uncommon trap: reason=unstable_if action=reinterpret pc=0x0000000002d50678 method=java.lang.ref.ReferenceQueue.poll()Ljava/lang/ref/Reference; @ 4
Event: 545.348 Thread 0x000000005840b000 Uncommon trap: reason=unstable_if action=reinterpret pc=0x0000000002c9a7cc method=java.lang.ref.ReferenceQueue.poll()Ljava/lang/ref/Reference; @ 4
Event: 799.295 Thread 0x000000005840b000 Uncommon trap: reason=unstable_if action=reinterpret pc=0x0000000002f165a4 method=java.util.concurrent.atomic.AtomicBoolean.getAndSet(Z)Z @ 11
Event: 919.908 Thread 0x000000005840b000 Uncommon trap: reason=null_check action=make_not_entrant pc=0x0000000002edf8b8 method=javax.swing.text.StyleContext$SmallAttributeSet.equals(Ljava/lang/Object;)Z @ 1
Event: 919.908 Thread 0x000000005840b000 Uncommon trap: reason=unstable_if action=reinterpret pc=0x0000000002d6c6fc method=java.lang.ref.ReferenceQueue.poll()Ljava/lang/ref/Reference; @ 4

Internal exceptions (10 events):
Event: 0.144 Thread 0x000000000211e000 Exception <a 'java/security/PrivilegedActionException'> (0x00000000eba5f5c8) thrown at [C:\workspace\8-2-build-windows-amd64-cygwin\jdk8u65\4987\hotspot\src\share\vm\prims\jvm.cpp, line 1386]
Event: 0.144 Thread 0x000000000211e000 Exception <a 'java/security/PrivilegedActionException'> (0x00000000eba5f7d8) thrown at [C:\workspace\8-2-build-windows-amd64-cygwin\jdk8u65\4987\hotspot\src\share\vm\prims\jvm.cpp, line 1386]
Event: 0.146 Thread 0x000000000211e000 Exception <a 'java/security/PrivilegedActionException'> (0x00000000eba63380) thrown at [C:\workspace\8-2-build-windows-amd64-cygwin\jdk8u65\4987\hotspot\src\share\vm\prims\jvm.cpp, line 1386]
Event: 0.146 Thread 0x000000000211e000 Exception <a 'java/security/PrivilegedActionException'> (0x00000000eba63590) thrown at [C:\workspace\8-2-build-windows-amd64-cygwin\jdk8u65\4987\hotspot\src\share\vm\prims\jvm.cpp, line 1386]
Event: 0.152 Thread 0x000000000211e000 Exception <a 'java/io/FileNotFoundException'> (0x00000000eba66a00) thrown at [C:\workspace\8-2-build-windows-amd64-cygwin\jdk8u65\4987\hotspot\src\share\vm\prims\jni.cpp, line 709]
Event: 0.209 Thread 0x000000000211e000 Exception <a 'java/lang/NoSuchFieldError': method resolution failed> (0x00000000ebb84390) thrown at [C:\workspace\8-2-build-windows-amd64-cygwin\jdk8u65\4987\hotspot\src\share\vm\prims\methodHandles.cpp, line 1146]
Event: 0.212 Thread 0x000000000211e000 Exception <a 'java/lang/NoSuchFieldError': method resolution failed> (0x00000000ebb91760) thrown at [C:\workspace\8-2-build-windows-amd64-cygwin\jdk8u65\4987\hotspot\src\share\vm\prims\methodHandles.cpp, line 1146]
Event: 0.270 Thread 0x000000000211e000 Exception <a 'java/io/FileNotFoundException'> (0x00000000ebc26ea0) thrown at [C:\workspace\8-2-build-windows-amd64-cygwin\jdk8u65\4987\hotspot\src\share\vm\prims\jni.cpp, line 709]
Event: 0.308 Thread 0x000000000211e000 Implicit null exception at 0x00000000029e8c8b to 0x00000000029e8e3d
Event: 919.907 Thread 0x000000005840b000 Implicit null exception at 0x0000000002ede995 to 0x0000000002edf895

Events (10 events):
Event: 1212.660 Thread 0x00000000583e7000 Thread exited: 0x00000000583e7000
Event: 1212.660 Thread 0x00000000583e6000 Thread exited: 0x00000000583e6000
Event: 1212.661 Thread 0x00000000583e6000 Thread added: 0x00000000583e6000
Event: 1212.661 Thread 0x00000000583e7000 Thread added: 0x00000000583e7000
Event: 1213.661 Thread 0x00000000583e7000 Thread exited: 0x00000000583e7000
Event: 1213.661 Thread 0x00000000583e6000 Thread exited: 0x00000000583e6000
Event: 1213.662 Thread 0x00000000583e6000 Thread added: 0x00000000583e6000
Event: 1213.663 Thread 0x00000000583e7000 Thread added: 0x00000000583e7000
Event: 1214.663 Thread 0x00000000583e6000 Thread exited: 0x00000000583e6000
Event: 1214.663 Thread 0x00000000583e7000 Thread exited: 0x00000000583e7000


Dynamic libraries:
0x000000013fae0000 - 0x000000013fb17000 	C:\Program Files\Java\jre1.8.0_65\bin\javaw.exe
0x00000000778b0000 - 0x0000000077a59000 	C:\Windows\SYSTEM32\ntdll.dll
0x0000000077790000 - 0x00000000778af000 	C:\Windows\system32\kernel32.dll
0x000007fefd830000 - 0x000007fefd89b000 	C:\Windows\system32\KERNELBASE.dll
0x000007feffae0000 - 0x000007feffbbb000 	C:\Windows\system32\ADVAPI32.dll
0x000007feff240000 - 0x000007feff2df000 	C:\Windows\system32\msvcrt.dll
0x000007feffac0000 - 0x000007feffadf000 	C:\Windows\SYSTEM32\sechost.dll
0x000007feff450000 - 0x000007feff57d000 	C:\Windows\system32\RPCRT4.dll
0x0000000077690000 - 0x000000007778a000 	C:\Windows\system32\USER32.dll
0x000007feff580000 - 0x000007feff5e7000 	C:\Windows\system32\GDI32.dll
0x000007feff730000 - 0x000007feff73e000 	C:\Windows\system32\LPK.dll
0x000007feff9f0000 - 0x000007feffab9000 	C:\Windows\system32\USP10.dll
0x000007fefc110000 - 0x000007fefc304000 	C:\Windows\WinSxS\amd64_microsoft.windows.common-controls_6595b64144ccf1df_6.0.7601.17514_none_fa396087175ac9ac\COMCTL32.dll
0x000007fefe400000 - 0x000007fefe471000 	C:\Windows\system32\SHLWAPI.dll
0x000007fefe480000 - 0x000007fefe4ae000 	C:\Windows\system32\IMM32.DLL
0x000007feff2e0000 - 0x000007feff3e9000 	C:\Windows\system32\MSCTF.dll
0x000000005e3d0000 - 0x000000005e4a2000 	C:\Program Files\Java\jre1.8.0_65\bin\msvcr100.dll
0x000000005db40000 - 0x000000005e3c9000 	C:\Program Files\Java\jre1.8.0_65\bin\server\jvm.dll
0x000007fef9730000 - 0x000007fef9739000 	C:\Windows\system32\WSOCK32.dll
0x000007feff400000 - 0x000007feff44d000 	C:\Windows\system32\WS2_32.dll
0x000007feff3f0000 - 0x000007feff3f8000 	C:\Windows\system32\NSI.dll
0x000007fef9c80000 - 0x000007fef9cbb000 	C:\Windows\system32\WINMM.dll
0x000007fefc7a0000 - 0x000007fefc7ac000 	C:\Windows\system32\VERSION.dll
0x0000000077a80000 - 0x0000000077a87000 	C:\Windows\system32\PSAPI.DLL
0x000000006f6a0000 - 0x000000006f6af000 	C:\Program Files\Java\jre1.8.0_65\bin\verify.dll
0x000000006f670000 - 0x000000006f699000 	C:\Program Files\Java\jre1.8.0_65\bin\java.dll
0x000000006f650000 - 0x000000006f666000 	C:\Program Files\Java\jre1.8.0_65\bin\zip.dll
0x000007fefe4b0000 - 0x000007feff238000 	C:\Windows\system32\SHELL32.dll
0x000007fefdac0000 - 0x000007fefdcc3000 	C:\Windows\system32\ole32.dll
0x000007fefd690000 - 0x000007fefd69f000 	C:\Windows\system32\profapi.dll
0x000000005d790000 - 0x000000005d928000 	C:\Program Files\Java\jre1.8.0_65\bin\awt.dll
0x000007fefdf60000 - 0x000007fefe037000 	C:\Windows\system32\OLEAUT32.dll
0x000007fefbce0000 - 0x000007fefbcf8000 	C:\Windows\system32\DWMAPI.DLL
0x000007fefbf30000 - 0x000007fefbf86000 	C:\Windows\system32\uxtheme.dll
0x000007fefd5c0000 - 0x000007fefd5cf000 	C:\Windows\system32\CRYPTBASE.dll
0x0000000180000000 - 0x000000018004a000 	C:\Program Files\Acer\Acer ePower Management\SysHook.dll
0x000007fef8d50000 - 0x000007fef8dc1000 	C:\Windows\system32\WINSPOOL.DRV
0x000000006f5c0000 - 0x000000006f607000 	C:\Program Files\Java\jre1.8.0_65\bin\fontmanager.dll
0x000000006f630000 - 0x000000006f64a000 	C:\Program Files\Java\jre1.8.0_65\bin\net.dll
0x000007fefcee0000 - 0x000007fefcf35000 	C:\Windows\system32\mswsock.dll
0x000007fefced0000 - 0x000007fefced7000 	C:\Windows\System32\wship6.dll
0x000000006f610000 - 0x000000006f621000 	C:\Program Files\Java\jre1.8.0_65\bin\nio.dll
0x000000006f570000 - 0x000000006f5b2000 	C:\Program Files\Java\jre1.8.0_65\bin\t2k.dll
0x000007feff690000 - 0x000007feff729000 	C:\Windows\system32\CLBCatQ.DLL
0x000007fefb710000 - 0x000007fefb871000 	C:\Windows\system32\WindowsCodecs.dll
0x000007fefd560000 - 0x000007fefd5b7000 	C:\Windows\system32\apphelp.dll
0x000007fef6f00000 - 0x000007fef6f3b000 	C:\Program Files (x86)\Dropbox\Client\DropboxExt64.28.dll
0x000007fef6ec0000 - 0x000007fef6ef5000 	C:\Windows\system32\EhStorShell.dll
0x000007fefe220000 - 0x000007fefe3f7000 	C:\Windows\system32\SETUPAPI.dll
0x000007fefd8a0000 - 0x000007fefd8d6000 	C:\Windows\system32\CFGMGR32.dll
0x000007fefda90000 - 0x000007fefdaaa000 	C:\Windows\system32\DEVOBJ.dll
0x000007fefbf90000 - 0x000007fefc0bc000 	C:\Windows\system32\PROPSYS.dll
0x000007fef6850000 - 0x000007fef6ebf000 	C:\PROGRA~1\MICROS~1\Office14\GROOVEEX.DLL
0x0000000070620000 - 0x00000000706c3000 	C:\Windows\WinSxS\amd64_microsoft.vc90.crt_1fc8b3b9a1e18e3b_9.0.30729.6161_none_08e61857a83bc251\MSVCR90.dll
0x0000000070540000 - 0x0000000070613000 	C:\Windows\WinSxS\amd64_microsoft.vc90.crt_1fc8b3b9a1e18e3b_9.0.30729.6161_none_08e61857a83bc251\MSVCP90.dll
0x0000000070510000 - 0x000000007053f000 	C:\Windows\WinSxS\amd64_microsoft.vc90.atl_1fc8b3b9a1e18e3b_9.0.30729.6161_none_0a1fd3a3a768b895\ATL90.DLL
0x000007fef55c0000 - 0x000007fef59da000 	C:\PROGRA~1\COMMON~1\MICROS~1\OFFICE14\Cultures\office.odf
0x000007fef4d40000 - 0x000007fef55c0000 	C:\PROGRA~1\MICROS~1\Office14\3082\GrooveIntlResource.dll

VM Arguments:
jvm_args: -Dfile.encoding=Cp1252 
java_command: frmPrincipal
java_class_path (initial): C:\Users\Alumno\workspace\Kenshi_Tienda\bin
Launcher Type: SUN_STANDARD

Environment Variables:
CLASSPATH=.;C:\Program Files (x86)\Java\jre7\lib\ext\QTJava.zip
PATH=C:\ProgramData\Oracle\Java\javapath;C:\Program Files (x86)\Intel\iCLS Client\;C:\Program Files\Intel\iCLS Client\;C:\Program Files\Common Files\Microsoft Shared\Windows Live;C:\Program Files (x86)\Common Files\Microsoft Shared\Windows Live;C:\Windows\system32;C:\Windows;C:\Windows\System32\Wbem;C:\Windows\System32\WindowsPowerShell\v1.0\;C:\Program Files (x86)\Windows Live\Shared;C:\Program Files\Intel\Intel(R) Management Engine Components\DAL;C:\Program Files\Intel\Intel(R) Management Engine Components\IPT;C:\Program Files (x86)\Intel\Intel(R) Management Engine Components\DAL;C:\Program Files (x86)\Intel\Intel(R) Management Engine Components\IPT; C:\Program Files\Java\jdk1.7.0_05bin;C:\Program Files (x86)\Intel\OpenCL SDK\2.0\bin\x86;C:\Program Files (x86)\Intel\OpenCL SDK\2.0\bin\x64;C:\Program Files (x86)\QuickTime\QTSystem\;C:\Program Files (x86)\Java\jdk1.7.0_25;C:\Program Files\Java\jdk1.7.0_25;C:\Program Files\Java\jdk1.7.0_05
USERNAME=Alumno
OS=Windows_NT
PROCESSOR_IDENTIFIER=Intel64 Family 6 Model 58 Stepping 9, GenuineIntel



---------------  S Y S T E M  ---------------

OS: Windows 7 , 64 bit Build 7601 (6.1.7601.18015)

CPU:total 4 (2 cores per cpu, 2 threads per core) family 6 model 58 stepping 9, cmov, cx8, fxsr, mmx, sse, sse2, sse3, ssse3, sse4.1, sse4.2, popcnt, avx, clmul, erms, ht, tsc, tscinvbit, tscinv

Memory: 4k page, physical 4008300k(135824k free), swap 16031340k(3240k free)

vm_info: Java HotSpot(TM) 64-Bit Server VM (25.65-b01) for windows-amd64 JRE (1.8.0_65-b17), built on Oct  6 2015 16:39:20 by "java_re" with MS VC++ 10.0 (VS2010)

time: Wed Nov 04 12:39:14 2015
elapsed time: 1223 seconds (0d 0h 20m 23s)

