#
# There is insufficient memory for the Java Runtime Environment to continue.
# Native memory allocation (malloc) failed to allocate 32744 bytes for ChunkPool::allocate
# Possible reasons:
#   The system is out of physical RAM or swap space
#   In 32 bit mode, the process size limit was hit
# Possible solutions:
#   Reduce memory load on the system
#   Increase physical memory or swap space
#   Check if swap backing store is full
#   Use 64 bit Java on a 64 bit OS
#   Decrease Java heap size (-Xmx/-Xms)
#   Decrease number of Java threads
#   Decrease Java thread stack sizes (-Xss)
#   Set larger code cache with -XX:ReservedCodeCacheSize=
# This output file may be truncated or incomplete.
#
#  Out of Memory Error (allocation.cpp:273), pid=12428, tid=13800
#
# JRE version: Java(TM) SE Runtime Environment (8.0_65-b17) (build 1.8.0_65-b17)
# Java VM: Java HotSpot(TM) 64-Bit Server VM (25.65-b01 mixed mode windows-amd64 compressed oops)
# Failed to write core dump. Minidumps are not enabled by default on client versions of Windows
#

---------------  T H R E A D  ---------------

Current thread (0x0000000056884800):  JavaThread "C1 CompilerThread2" daemon [_thread_in_native, id=13800, stack(0x0000000056460000,0x0000000056560000)]

Stack: [0x0000000056460000,0x0000000056560000]
[error occurred during error reporting (printing stack bounds), id 0xc0000005]

Native frames: (J=compiled Java code, j=interpreted, Vv=VM code, C=native code)


Current CompileTask:
C1: 114338  864       3       java.security.AccessControlContext::optimize (318 bytes)


---------------  P R O C E S S  ---------------

Java Threads: ( => current thread )
  0x00000000021ee000 JavaThread "DestroyJavaVM" [_thread_blocked, id=12760, stack(0x00000000023f0000,0x00000000024f0000)]
  0x0000000056a58800 JavaThread "AWT-EventQueue-0" [_thread_blocked, id=13944, stack(0x0000000057b30000,0x0000000057c30000)]
  0x00000000584f6800 JavaThread "AWT-Shutdown" [_thread_blocked, id=13400, stack(0x00000000579c0000,0x0000000057ac0000)]
  0x00000000584f6000 JavaThread "Thread-1" [_thread_blocked, id=14560, stack(0x00000000594f0000,0x00000000595f0000)]
  0x0000000056bce000 JavaThread "AWT-Windows" daemon [_thread_in_native, id=14080, stack(0x0000000056f40000,0x0000000057040000)]
  0x0000000056be6000 JavaThread "Java2D Disposer" daemon [_thread_blocked, id=12984, stack(0x0000000057240000,0x0000000057340000)]
  0x00000000568e7000 JavaThread "Service Thread" daemon [_thread_blocked, id=12596, stack(0x0000000056e40000,0x0000000056f40000)]
=>0x0000000056884800 JavaThread "C1 CompilerThread2" daemon [_thread_in_native, id=13800, stack(0x0000000056460000,0x0000000056560000)]
  0x0000000054eee800 JavaThread "C2 CompilerThread1" daemon [_thread_in_native, id=10436, stack(0x0000000056ce0000,0x0000000056de0000)]
  0x0000000054ee5800 JavaThread "C2 CompilerThread0" daemon [_thread_blocked, id=12864, stack(0x0000000056770000,0x0000000056870000)]
  0x0000000054ee3000 JavaThread "Attach Listener" daemon [_thread_blocked, id=14100, stack(0x0000000056600000,0x0000000056700000)]
  0x0000000054edf800 JavaThread "Signal Dispatcher" daemon [_thread_blocked, id=6172, stack(0x0000000055f20000,0x0000000056020000)]
  0x0000000054e86800 JavaThread "Finalizer" daemon [_thread_blocked, id=13860, stack(0x0000000056360000,0x0000000056460000)]
  0x0000000054e7f800 JavaThread "Reference Handler" daemon [_thread_blocked, id=14068, stack(0x0000000056260000,0x0000000056360000)]

Other Threads:
  0x0000000054e7a000 VMThread [stack: 0x0000000056050000,0x0000000056150000] [id=12572]
  0x00000000568ef800 WatcherThread [stack: 0x0000000057040000,0x0000000057140000] [id=11256]

VM state:not at safepoint (normal execution)

VM Mutex/Monitor currently owned by a thread: None

Heap:
 PSYoungGen      total 18432K, used 12879K [0x00000000eb980000, 0x00000000ece00000, 0x0000000100000000)
  eden space 15872K, 81% used [0x00000000eb980000,0x00000000ec613c80,0x00000000ec900000)
  from space 2560K, 0% used [0x00000000ecb80000,0x00000000ecb80000,0x00000000ece00000)
  to   space 2560K, 0% used [0x00000000ec900000,0x00000000ec900000,0x00000000ecb80000)
 ParOldGen       total 42496K, used 0K [0x00000000c2c00000, 0x00000000c5580000, 0x00000000eb980000)
  object space 42496K, 0% used [0x00000000c2c00000,0x00000000c2c00000,0x00000000c5580000)
 Metaspace       used 11862K, capacity 12100K, committed 12416K, reserved 1060864K
  class space    used 1539K, capacity 1623K, committed 1664K, reserved 1048576K

Card table byte_map: [0x0000000011b80000,0x0000000011d70000] byte_map_base: 0x000000001156a000

Marking Bits: (ParMarkBitMap*) 0x000000005e34a5b0
 Begin Bits: [0x0000000012460000, 0x00000000133b0000)
 End Bits:   [0x00000000133b0000, 0x0000000014300000)

Polling page: 0x0000000000330000

CodeCache: size=245760Kb used=2892Kb max_used=2976Kb free=242867Kb
 bounds [0x00000000027c0000, 0x0000000002ab0000, 0x00000000117c0000]
 total_blobs=1315 nmethods=824 adapters=404
 compilation: enabled

Compilation events (10 events):
Event: 111.748 Thread 0x0000000056884800 nmethod 859 0x00000000029f3990 code [0x00000000029f3b40, 0x00000000029f4348]
Event: 111.748 Thread 0x0000000056884800  860       3       javax.swing.text.Utilities::getTabbedTextOffset (449 bytes)
Event: 111.753 Thread 0x0000000056884800 nmethod 860 0x00000000029f1a10 code [0x00000000029f1c80, 0x00000000029f2ef8]
Event: 111.753 Thread 0x0000000056884800  861       1       java.awt.Component::isMinimumSizeSet (5 bytes)
Event: 111.753 Thread 0x0000000056884800 nmethod 861 0x00000000029f1750 code [0x00000000029f18a0, 0x00000000029f19b0]
Event: 111.753 Thread 0x0000000056884800  862       1       java.awt.Component::isMaximumSizeSet (5 bytes)
Event: 111.753 Thread 0x0000000056884800 nmethod 862 0x00000000029f1490 code [0x00000000029f15e0, 0x00000000029f16f0]
Event: 111.753 Thread 0x0000000056884800  863       1       javax.swing.plaf.basic.BasicHTML$Renderer::getAttributes (2 bytes)
Event: 111.754 Thread 0x0000000056884800 nmethod 863 0x00000000029f11d0 code [0x00000000029f1320, 0x00000000029f1430]
Event: 111.756 Thread 0x0000000056884800  864       3       java.security.AccessControlContext::optimize (318 bytes)

GC Heap History (0 events):
No events

Deoptimization events (10 events):
Event: 98.391 Thread 0x0000000056bce000 Uncommon trap: reason=bimorphic action=maybe_recompile pc=0x0000000002a2132c method=java.util.HashMap.getNode(ILjava/lang/Object;)Ljava/util/HashMap$Node; @ 126
Event: 98.391 Thread 0x0000000056bce000 Uncommon trap: reason=bimorphic action=maybe_recompile pc=0x0000000002a32f24 method=java.util.HashMap.getNode(ILjava/lang/Object;)Ljava/util/HashMap$Node; @ 126
Event: 102.500 Thread 0x00000000584f6000 Uncommon trap: reason=class_check action=maybe_recompile pc=0x0000000002a43c08 method=java.util.HashMap.putVal(ILjava/lang/Object;Ljava/lang/Object;ZZ)Ljava/lang/Object; @ 253
Event: 102.527 Thread 0x00000000584f6000 Uncommon trap: reason=class_check action=maybe_recompile pc=0x000000000294b818 method=java.lang.String.equals(Ljava/lang/Object;)Z @ 8
Event: 102.537 Thread 0x00000000584f6000 Uncommon trap: reason=class_check action=maybe_recompile pc=0x000000000294b818 method=java.lang.String.equals(Ljava/lang/Object;)Z @ 8
Event: 102.540 Thread 0x00000000584f6000 Uncommon trap: reason=class_check action=maybe_recompile pc=0x000000000294b818 method=java.lang.String.equals(Ljava/lang/Object;)Z @ 8
Event: 103.436 Thread 0x00000000584f6000 Uncommon trap: reason=class_check action=maybe_recompile pc=0x000000000294b818 method=java.lang.String.equals(Ljava/lang/Object;)Z @ 8
Event: 104.644 Thread 0x00000000584f6000 Uncommon trap: reason=class_check action=maybe_recompile pc=0x0000000002a43c08 method=java.util.HashMap.putVal(ILjava/lang/Object;Ljava/lang/Object;ZZ)Ljava/lang/Object; @ 253
Event: 105.654 Thread 0x00000000584f6000 Uncommon trap: reason=class_check action=maybe_recompile pc=0x0000000002a43c08 method=java.util.HashMap.putVal(ILjava/lang/Object;Ljava/lang/Object;ZZ)Ljava/lang/Object; @ 253
Event: 106.663 Thread 0x00000000584f6000 Uncommon trap: reason=class_check action=maybe_recompile pc=0x0000000002a43c08 method=java.util.HashMap.putVal(ILjava/lang/Object;Ljava/lang/Object;ZZ)Ljava/lang/Object; @ 253

Internal exceptions (10 events):
Event: 6.315 Thread 0x00000000021ee000 Exception <a 'java/lang/NoSuchMethodError': Method sun.misc.Unsafe.prefetchRead(Ljava/lang/Object;J)V name or signature does not match> (0x00000000eb98d938) thrown at [C:\workspace\8-2-build-windows-amd64-cygwin\jdk8u65\4987\hotspot\src\share\vm\prims\jni.5ùdiÖ-@
Event: 14.554 Thread 0x00000000021ee000 Exception <a 'java/security/PrivilegedActionException'> (0x00000000eba5f5e8) thrown at [C:\workspace\8-2-build-windows-amd64-cygwin\jdk8u65\4987\hotspot\src\share\vm\prims\jvm.cpp, line 1386]
Event: 14.554 Thread 0x00000000021ee000 Exception <a 'java/security/PrivilegedActionException'> (0x00000000eba5f7f8) thrown at [C:\workspace\8-2-build-windows-amd64-cygwin\jdk8u65\4987\hotspot\src\share\vm\prims\jvm.cpp, line 1386]
Event: 14.556 Thread 0x00000000021ee000 Exception <a 'java/security/PrivilegedActionException'> (0x00000000eba633a0) thrown at [C:\workspace\8-2-build-windows-amd64-cygwin\jdk8u65\4987\hotspot\src\share\vm\prims\jvm.cpp, line 1386]
Event: 14.556 Thread 0x00000000021ee000 Exception <a 'java/security/PrivilegedActionException'> (0x00000000eba635b0) thrown at [C:\workspace\8-2-build-windows-amd64-cygwin\jdk8u65\4987\hotspot\src\share\vm\prims\jvm.cpp, line 1386]
Event: 15.549 Thread 0x00000000021ee000 Exception <a 'java/io/FileNotFoundException'> (0x00000000eba66a20) thrown at [C:\workspace\8-2-build-windows-amd64-cygwin\jdk8u65\4987\hotspot\src\share\vm\prims\jni.cpp, line 709]
Event: 16.137 Thread 0x00000000021ee000 Exception <a 'java/lang/NoSuchFieldError': method resolution failed> (0x00000000ebb843b0) thrown at [C:\workspace\8-2-build-windows-amd64-cygwin\jdk8u65\4987\hotspot\src\share\vm\prims\methodHandles.cpp, line 1146]
Event: 16.142 Thread 0x00000000021ee000 Exception <a 'java/lang/NoSuchFieldError': method resolution failed> (0x00000000ebb91a58) thrown at [C:\workspace\8-2-build-windows-amd64-cygwin\jdk8u65\4987\hotspot\src\share\vm\prims\methodHandles.cpp, line 1146]
Event: 21.000 Thread 0x00000000021ee000 Exception <a 'java/io/FileNotFoundException'> (0x00000000ebc27190) thrown at [C:\workspace\8-2-build-windows-amd64-cygwin\jdk8u65\4987\hotspot\src\share\vm\prims\jni.cpp, line 709]
Event: 25.624 Thread 0x00000000021ee000 Implicit null exception at 0x000000000293094b to 0x0000000002930afd

Events (10 events):
Event: 111.754 Executing VM operation: RevokeBias
Event: 111.754 Executing VM operation: RevokeBias done
Event: 111.755 Executing VM operation: RevokeBias
Event: 111.755 Executing VM operation: RevokeBias done
Event: 111.755 Executing VM operation: RevokeBias
Event: 111.755 Executing VM operation: RevokeBias done
Event: 111.755 Executing VM operation: RevokeBias
Event: 111.755 Executing VM operation: RevokeBias done
Event: 111.755 Executing VM operation: BulkRevokeBias
Event: 111.755 Executing VM operation: BulkRevokeBias done


Dynamic libraries:
0x000000013fae0000 - 0x000000013fb17000 	C:\Program Files\Java\jre1.8.0_65\bin\javaw.exe
0x00000000778b0000 - 0x0000000077a59000 	C:\Windows\SYSTEM32\ntdll.dll
0x0000000077790000 - 0x00000000778af000 	C:\Windows\system32\kernel32.dll
0x000007fefd830000 - 0x000007fefd89b000 	C:\Windows\system32\KERNELBASE.dll
0x000007feffae0000 - 0x000007feffbbb000 	C:\Windows\system32\ADVAPI32.dll
0x000007feff240000 - 0x000007feff2df000 	C:\Windows\system32\msvcrt.dll
0x000007feffac0000 - 0x000007feffadf000 	C:\Windows\SYSTEM32\sechost.dll
0x000007feff450000 - 0x000007feff57d000 	C:\Windows\system32\RPCRT4.dll
0x0000000077690000 - 0x000000007778a000 	C:\Windows\system32\USER32.dll
0x000007feff580000 - 0x000007feff5e7000 	C:\Windows\system32\GDI32.dll
0x000007feff730000 - 0x000007feff73e000 	C:\Windows\system32\LPK.dll
0x000007feff9f0000 - 0x000007feffab9000 	C:\Windows\system32\USP10.dll
0x000007fefc110000 - 0x000007fefc304000 	C:\Windows\WinSxS\amd64_microsoft.windows.common-controls_6595b64144ccf1df_6.0.7601.17514_none_fa396087175ac9ac\COMCTL32.dll
0x000007fefe400000 - 0x000007fefe471000 	C:\Windows\system32\SHLWAPI.dll
0x000007fefe480000 - 0x000007fefe4ae000 	C:\Windows\system32\IMM32.DLL
0x000007feff2e0000 - 0x000007feff3e9000 	C:\Windows\system32\MSCTF.dll
0x000000005e3d0000 - 0x000000005e4a2000 	C:\Program Files\Java\jre1.8.0_65\bin\msvcr100.dll
0x000000005db40000 - 0x000000005e3c9000 	C:\Program Files\Java\jre1.8.0_65\bin\server\jvm.dll
0x000007fef9730000 - 0x000007fef9739000 	C:\Windows\system32\WSOCK32.dll
0x000007feff400000 - 0x000007feff44d000 	C:\Windows\system32\WS2_32.dll
0x000007feff3f0000 - 0x000007feff3f8000 	C:\Windows\system32\NSI.dll
0x000007fef9c80000 - 0x000007fef9cbb000 	C:\Windows\system32\WINMM.dll
0x000007fefc7a0000 - 0x000007fefc7ac000 	C:\Windows\system32\VERSION.dll
0x0000000077a80000 - 0x0000000077a87000 	C:\Windows\system32\PSAPI.DLL
0x000000006f6a0000 - 0x000000006f6af000 	C:\Program Files\Java\jre1.8.0_65\bin\verify.dll
0x000000006f670000 - 0x000000006f699000 	C:\Program Files\Java\jre1.8.0_65\bin\java.dll
0x000000006f650000 - 0x000000006f666000 	C:\Program Files\Java\jre1.8.0_65\bin\zip.dll
0x000007fefe4b0000 - 0x000007feff238000 	C:\Windows\system32\SHELL32.dll
0x000007fefdac0000 - 0x000007fefdcc3000 	C:\Windows\system32\ole32.dll
0x000007fefd690000 - 0x000007fefd69f000 	C:\Windows\system32\profapi.dll
0x000000005d790000 - 0x000000005d928000 	C:\Program Files\Java\jre1.8.0_65\bin\awt.dll
0x000007fefdf60000 - 0x000007fefe037000 	C:\Windows\system32\OLEAUT32.dll
0x000007fefbce0000 - 0x000007fefbcf8000 	C:\Windows\system32\DWMAPI.DLL
0x000007fefbf30000 - 0x000007fefbf86000 	C:\Windows\system32\uxtheme.dll
0x000007fefd5c0000 - 0x000007fefd5cf000 	C:\Windows\system32\CRYPTBASE.dll
0x0000000180000000 - 0x000000018004a000 	C:\Program Files\Acer\Acer ePower Management\SysHook.dll
0x000007fef8d50000 - 0x000007fef8dc1000 	C:\Windows\system32\WINSPOOL.DRV
0x000000006f5c0000 - 0x000000006f607000 	C:\Program Files\Java\jre1.8.0_65\bin\fontmanager.dll
0x000000006f630000 - 0x000000006f64a000 	C:\Program Files\Java\jre1.8.0_65\bin\net.dll
0x000007fefcee0000 - 0x000007fefcf35000 	C:\Windows\system32\mswsock.dll
0x000007fefced0000 - 0x000007fefced7000 	C:\Windows\System32\wship6.dll
0x000000006f610000 - 0x000000006f621000 	C:\Program Files\Java\jre1.8.0_65\bin\nio.dll
0x000000006f570000 - 0x000000006f5b2000 	C:\Program Files\Java\jre1.8.0_65\bin\t2k.dll
0x000007feff690000 - 0x000007feff729000 	C:\Windows\system32\CLBCatQ.DLL
0x000007fefb710000 - 0x000007fefb871000 	C:\Windows\system32\WindowsCodecs.dll
0x000007fefd560000 - 0x000007fefd5b7000 	C:\Windows\system32\apphelp.dll
0x000007fef6f00000 - 0x000007fef6f3b000 	C:\Program Files (x86)\Dropbox\Client\DropboxExt64.28.dll
0x000007fef6ec0000 - 0x000007fef6ef5000 	C:\Windows\system32\EhStorShell.dll
0x000007fefe220000 - 0x000007fefe3f7000 	C:\Windows\system32\SETUPAPI.dll
0x000007fefd8a0000 - 0x000007fefd8d6000 	C:\Windows\system32\CFGMGR32.dll
0x000007fefda90000 - 0x000007fefdaaa000 	C:\Windows\system32\DEVOBJ.dll
0x000007fefbf90000 - 0x000007fefc0bc000 	C:\Windows\system32\PROPSYS.dll
0x000007fef6850000 - 0x000007fef6ebf000 	C:\PROGRA~1\MICROS~1\Office14\GROOVEEX.DLL
0x0000000070620000 - 0x00000000706c3000 	C:\Windows\WinSxS\amd64_microsoft.vc90.crt_1fc8b3b9a1e18e3b_9.0.30729.6161_none_08e61857a83bc251\MSVCR90.dll
0x0000000070540000 - 0x0000000070613000 	C:\Windows\WinSxS\amd64_microsoft.vc90.crt_1fc8b3b9a1e18e3b_9.0.30729.6161_none_08e61857a83bc251\MSVCP90.dll
0x0000000070510000 - 0x000000007053f000 	C:\Windows\WinSxS\amd64_microsoft.vc90.atl_1fc8b3b9a1e18e3b_9.0.30729.6161_none_0a1fd3a3a768b895\ATL90.DLL
0x000007fef55c0000 - 0x000007fef59da000 	C:\PROGRA~1\COMMON~1\MICROS~1\OFFICE14\Cultures\office.odf
0x000007fef4d40000 - 0x000007fef55c0000 	C:\PROGRA~1\MICROS~1\Office14\3082\GrooveIntlResource.dll

VM Arguments:
jvm_args: -Dfile.encoding=Cp1252 
java_command: frmPrincipal
java_class_path (initial): C:\Users\Alumno\workspace\Kenshi_Tienda\bin
Launcher Type: SUN_STANDARD

Environment Variables:
CLASSPATH=.;C:\Program Files (x86)\Java\jre7\lib\ext\QTJava.zip
PATH=C:\ProgramData\Oracle\Java\javapath;C:\Program Files (x86)\Intel\iCLS Client\;C:\Program Files\Intel\iCLS Client\;C:\Program Files\Common Files\Microsoft Shared\Windows Live;C:\Program Files (x86)\Common Files\Microsoft Shared\Windows Live;C:\Windows\system32;C:\Windows;C:\Windows\System32\Wbem;C:\Windows\System32\WindowsPowerShell\v1.0\;C:\Program Files (x86)\Windows Live\Shared;C:\Program Files\Intel\Intel(R) Management Engine Components\DAL;C:\Program Files\Intel\Intel(R) Management Engine Components\IPT;C:\Program Files (x86)\Intel\Intel(R) Management Engine Components\DAL;C:\Program Files (x86)\Intel\Intel(R) Management Engine Components\IPT; C:\Program Files\Java\jdk1.7.0_05bin;C:\Program Files (x86)\Intel\OpenCL SDK\2.0\bin\x86;C:\Program Files (x86)\Intel\OpenCL SDK\2.0\bin\x64;C:\Program Files (x86)\QuickTime\QTSystem\;C:\Program Files (x86)\Java\jdk1.7.0_25;C:\Program Files\Java\jdk1.7.0_25;C:\Program Files\Java\jdk1.7.0_05
USERNAME=Alumno
OS=Windows_NT
PROCESSOR_IDENTIFIER=Intel64 Family 6 Model 58 Stepping 9, GenuineIntel



---------------  S Y S T E M  ---------------

OS: Windows 7 , 64 bit Build 7601 (6.1.7601.18015)

CPU:total 4 (2 cores per cpu, 2 threads per core) family 6 model 58 stepping 9, cmov, cx8, fxsr, mmx, sse, sse2, sse3, ssse3, sse4.1, sse4.2, popcnt, avx, clmul, erms, ht, tsc, tscinvbit, tscinv

Memory: 4k page, physical 4008300k(139468k free), swap 16031340k(3996k free)

vm_info: Java HotSpot(TM) 64-Bit Server VM (25.65-b01) for windows-amd64 JRE (1.8.0_65-b17), built on Oct  6 2015 16:39:20 by "java_re" with MS VC++ 10.0 (VS2010)

time: Wed Nov 04 12:39:11 2015
elapsed time: 118 seconds (0d 0h 1m 58s)

